<?xml version="1.0" encoding="UTF-8"?>
<testsuite xmlns:xsi="http://www.w3.org/2001/XMLSchema-instance" xsi:noNamespaceSchemaLocation="https://maven.apache.org/surefire/maven-surefire-plugin/xsd/surefire-test-report-3.0.xsd" version="3.0" name="org.folio.ncip.NcipTestSuite" time="14.764" tests="4" errors="0" skipped="0" failures="0">
  <properties>
    <property name="sun.desktop" value="windows"/>
    <property name="DozerTranslatorConfiguration.MappingFiles" value="ilsdiv1_0_bc_mappings.xml"/>
    <property name="awt.toolkit" value="sun.awt.windows.WToolkit"/>
    <property name="java.specification.version" value="11"/>
    <property name="AcceptItemService.class" value="org.folio.ncip.services.FolioAcceptItemService"/>
    <property name="sun.cpu.isalist" value="amd64"/>
    <property name="CoreConfiguration.AddedSVPClassesAllowNullScheme" value="org.extensiblecatalog.ncip.v2.service.RequestedActionType"/>
    <property name="sun.jnu.encoding" value="Cp1252"/>
    <property name="java.class.path" value="C:\Michelle\releases\ncip-03-02-23\mod-ncip\target\test-classes;C:\Michelle\releases\ncip-03-02-23\mod-ncip\target\classes;C:\Users\MSuranofsky\.m2\repository\org\apache\httpcomponents\httpclient\4.5.13\httpclient-4.5.13.jar;C:\Users\MSuranofsky\.m2\repository\org\apache\httpcomponents\httpcore\4.4.13\httpcore-4.4.13.jar;C:\Users\MSuranofsky\.m2\repository\commons-logging\commons-logging\1.2\commons-logging-1.2.jar;C:\Users\MSuranofsky\.m2\repository\commons-codec\commons-codec\1.11\commons-codec-1.11.jar;C:\Users\MSuranofsky\.m2\repository\net\sf\dozer\dozer\5.3.2\dozer-5.3.2.jar;C:\Users\MSuranofsky\.m2\repository\com\sun\xml\bind\jaxb-impl\2.3.1\jaxb-impl-2.3.1.jar;C:\Users\MSuranofsky\.m2\repository\org\extensiblecatalog\ncip\v2\binding-jar\3.0.0\binding-jar-3.0.0.jar;C:\Users\MSuranofsky\.m2\repository\com\sun\xml\bind\jaxb-xjc\2.3.0\jaxb-xjc-2.3.0.jar;C:\Users\MSuranofsky\.m2\repository\commons-beanutils\commons-beanutils\1.9.4\commons-beanutils-1.9.4.jar;C:\Users\MSuranofsky\.m2\repository\commons-collections\commons-collections\3.2.2\commons-collections-3.2.2.jar;C:\Users\MSuranofsky\.m2\repository\com\sun\xml\bind\jaxb-core\2.3.0.1\jaxb-core-2.3.0.1.jar;C:\Users\MSuranofsky\.m2\repository\javax\xml\bind\jaxb-api\2.3.1\jaxb-api-2.3.1.jar;C:\Users\MSuranofsky\.m2\repository\javax\activation\javax.activation-api\1.2.0\javax.activation-api-1.2.0.jar;C:\Users\MSuranofsky\.m2\repository\org\apache\xmlbeans\xmlbeans\3.1.0\xmlbeans-3.1.0.jar;C:\Users\MSuranofsky\.m2\repository\ch\qos\reload4j\reload4j\1.2.22\reload4j-1.2.22.jar;C:\Users\MSuranofsky\.m2\repository\jakarta\xml\bind\jakarta.xml.bind-api\3.0.0\jakarta.xml.bind-api-3.0.0.jar;C:\Users\MSuranofsky\.m2\repository\com\sun\activation\jakarta.activation\2.0.0\jakarta.activation-2.0.0.jar;C:\Users\MSuranofsky\.m2\repository\org\eclipse\persistence\org.eclipse.persistence.moxy\3.0.0\org.eclipse.persistence.moxy-3.0.0.jar;C:\Users\MSuranofsky\.m2\repository\org\eclipse\persistence\org.eclipse.persistence.asm\3.0.0\org.eclipse.persistence.asm-3.0.0.jar;C:\Users\MSuranofsky\.m2\repository\org\eclipse\persistence\org.eclipse.persistence.core\3.0.0\org.eclipse.persistence.core-3.0.0.jar;C:\Users\MSuranofsky\.m2\repository\com\sun\mail\jakarta.mail\2.0.0\jakarta.mail-2.0.0.jar;C:\Users\MSuranofsky\.m2\repository\org\extensiblecatalog\ncip\v2\binding-ilsdiv1_0_bc\3.0.0\binding-ilsdiv1_0_bc-3.0.0.jar;C:\Users\MSuranofsky\.m2\repository\org\extensiblecatalog\ncip\v2\binding-ncipv2_01\3.0.0\binding-ncipv2_01-3.0.0.jar;C:\Users\MSuranofsky\.m2\repository\javax\activation\activation\1.1.1\activation-1.1.1.jar;C:\Users\MSuranofsky\.m2\repository\org\extensiblecatalog\ncip\v2\binding-ilsdiv1_0\3.0.0\binding-ilsdiv1_0-3.0.0.jar;C:\Users\MSuranofsky\.m2\repository\org\extensiblecatalog\ncip\v2\binding-ncipv2_02\3.0.0\binding-ncipv2_02-3.0.0.jar;C:\Users\MSuranofsky\.m2\repository\org\extensiblecatalog\ncip\v2\binding-wclv1_0\3.0.0\binding-wclv1_0-3.0.0.jar;C:\Users\MSuranofsky\.m2\repository\org\extensiblecatalog\ncip\v2\common\3.0.0\common-3.0.0.jar;C:\Users\MSuranofsky\.m2\repository\javax\servlet\servlet-api\2.5\servlet-api-2.5.jar;C:\Users\MSuranofsky\.m2\repository\org\springframework\spring-aop\5.3.22\spring-aop-5.3.22.jar;C:\Users\MSuranofsky\.m2\repository\org\springframework\spring-beans\5.3.22\spring-beans-5.3.22.jar;C:\Users\MSuranofsky\.m2\repository\org\springframework\spring-context\5.3.22\spring-context-5.3.22.jar;C:\Users\MSuranofsky\.m2\repository\org\springframework\spring-expression\5.3.22\spring-expression-5.3.22.jar;C:\Users\MSuranofsky\.m2\repository\org\springframework\spring-context-support\5.3.22\spring-context-support-5.3.22.jar;C:\Users\MSuranofsky\.m2\repository\org\springframework\spring-core\5.3.22\spring-core-5.3.22.jar;C:\Users\MSuranofsky\.m2\repository\org\springframework\spring-jcl\5.3.22\spring-jcl-5.3.22.jar;C:\Users\MSuranofsky\.m2\repository\org\springframework\spring-test\5.3.22\spring-test-5.3.22.jar;C:\Users\MSuranofsky\.m2\repository\org\springframework\spring-tx\5.3.22\spring-tx-5.3.22.jar;C:\Users\MSuranofsky\.m2\repository\org\springframework\spring-web\5.3.22\spring-web-5.3.22.jar;C:\Users\MSuranofsky\.m2\repository\org\springframework\spring-webmvc\5.3.22\spring-webmvc-5.3.22.jar;C:\Users\MSuranofsky\.m2\repository\org\springframework\spring-agent\2.5.6\spring-agent-2.5.6.jar;C:\Users\MSuranofsky\.m2\repository\org\springframework\spring-aspects\5.3.22\spring-aspects-5.3.22.jar;C:\Users\MSuranofsky\.m2\repository\org\aspectj\aspectjweaver\1.9.7\aspectjweaver-1.9.7.jar;C:\Users\MSuranofsky\.m2\repository\org\extensiblecatalog\ncip\v2\service\3.0.0\service-3.0.0.jar;C:\Users\MSuranofsky\.m2\repository\commons-lang\commons-lang\2.6\commons-lang-2.6.jar;C:\Users\MSuranofsky\.m2\repository\io\vertx\vertx-web\4.3.8\vertx-web-4.3.8.jar;C:\Users\MSuranofsky\.m2\repository\io\vertx\vertx-web-common\4.3.8\vertx-web-common-4.3.8.jar;C:\Users\MSuranofsky\.m2\repository\io\vertx\vertx-auth-common\4.3.8\vertx-auth-common-4.3.8.jar;C:\Users\MSuranofsky\.m2\repository\io\vertx\vertx-bridge-common\4.3.8\vertx-bridge-common-4.3.8.jar;C:\Users\MSuranofsky\.m2\repository\io\vertx\vertx-core\4.3.8\vertx-core-4.3.8.jar;C:\Users\MSuranofsky\.m2\repository\io\netty\netty-common\4.1.87.Final\netty-common-4.1.87.Final.jar;C:\Users\MSuranofsky\.m2\repository\io\netty\netty-buffer\4.1.87.Final\netty-buffer-4.1.87.Final.jar;C:\Users\MSuranofsky\.m2\repository\io\netty\netty-transport\4.1.87.Final\netty-transport-4.1.87.Final.jar;C:\Users\MSuranofsky\.m2\repository\io\netty\netty-handler\4.1.87.Final\netty-handler-4.1.87.Final.jar;C:\Users\MSuranofsky\.m2\repository\io\netty\netty-transport-native-unix-common\4.1.87.Final\netty-transport-native-unix-common-4.1.87.Final.jar;C:\Users\MSuranofsky\.m2\repository\io\netty\netty-codec\4.1.87.Final\netty-codec-4.1.87.Final.jar;C:\Users\MSuranofsky\.m2\repository\io\netty\netty-handler-proxy\4.1.87.Final\netty-handler-proxy-4.1.87.Final.jar;C:\Users\MSuranofsky\.m2\repository\io\netty\netty-codec-socks\4.1.87.Final\netty-codec-socks-4.1.87.Final.jar;C:\Users\MSuranofsky\.m2\repository\io\netty\netty-codec-http\4.1.87.Final\netty-codec-http-4.1.87.Final.jar;C:\Users\MSuranofsky\.m2\repository\io\netty\netty-codec-http2\4.1.87.Final\netty-codec-http2-4.1.87.Final.jar;C:\Users\MSuranofsky\.m2\repository\io\netty\netty-resolver\4.1.87.Final\netty-resolver-4.1.87.Final.jar;C:\Users\MSuranofsky\.m2\repository\io\netty\netty-resolver-dns\4.1.87.Final\netty-resolver-dns-4.1.87.Final.jar;C:\Users\MSuranofsky\.m2\repository\io\netty\netty-codec-dns\4.1.87.Final\netty-codec-dns-4.1.87.Final.jar;C:\Users\MSuranofsky\.m2\repository\com\fasterxml\jackson\core\jackson-core\2.14.0\jackson-core-2.14.0.jar;C:\Users\MSuranofsky\.m2\repository\javax\ws\rs\javax.ws.rs-api\2.0.1\javax.ws.rs-api-2.0.1.jar;C:\Users\MSuranofsky\.m2\repository\com\googlecode\json-simple\json-simple\1.1.1\json-simple-1.1.1.jar;C:\Users\MSuranofsky\.m2\repository\org\slf4j\slf4j-api\1.7.36\slf4j-api-1.7.36.jar;C:\Users\MSuranofsky\.m2\repository\org\apache\logging\log4j\log4j-slf4j-impl\2.19.0\log4j-slf4j-impl-2.19.0.jar;C:\Users\MSuranofsky\.m2\repository\org\apache\logging\log4j\log4j-api\2.19.0\log4j-api-2.19.0.jar;C:\Users\MSuranofsky\.m2\repository\org\apache\logging\log4j\log4j-core\2.19.0\log4j-core-2.19.0.jar;C:\Users\MSuranofsky\.m2\repository\org\slf4j\jcl-over-slf4j\1.7.36\jcl-over-slf4j-1.7.36.jar;C:\Users\MSuranofsky\.m2\repository\org\folio\util\35.0.6\util-35.0.6.jar;C:\Users\MSuranofsky\.m2\repository\org\folio\okapi\okapi-common\5.0.0\okapi-common-5.0.0.jar;C:\Users\MSuranofsky\.m2\repository\org\hamcrest\hamcrest-core\1.3\hamcrest-core-1.3.jar;C:\Users\MSuranofsky\.m2\repository\org\mockito\mockito-core\3.1.0\mockito-core-3.1.0.jar;C:\Users\MSuranofsky\.m2\repository\net\bytebuddy\byte-buddy\1.9.10\byte-buddy-1.9.10.jar;C:\Users\MSuranofsky\.m2\repository\net\bytebuddy\byte-buddy-agent\1.9.10\byte-buddy-agent-1.9.10.jar;C:\Users\MSuranofsky\.m2\repository\org\objenesis\objenesis\2.6\objenesis-2.6.jar;C:\Users\MSuranofsky\.m2\repository\junit\junit\4.13.2\junit-4.13.2.jar;C:\Users\MSuranofsky\.m2\repository\io\vertx\vertx-unit\4.3.8\vertx-unit-4.3.8.jar;C:\Users\MSuranofsky\.m2\repository\io\rest-assured\rest-assured\4.4.0\rest-assured-4.4.0.jar;C:\Users\MSuranofsky\.m2\repository\org\codehaus\groovy\groovy\3.0.8\groovy-3.0.8.jar;C:\Users\MSuranofsky\.m2\repository\org\codehaus\groovy\groovy-xml\3.0.8\groovy-xml-3.0.8.jar;C:\Users\MSuranofsky\.m2\repository\org\apache\httpcomponents\httpmime\4.5.13\httpmime-4.5.13.jar;C:\Users\MSuranofsky\.m2\repository\org\hamcrest\hamcrest\2.1\hamcrest-2.1.jar;C:\Users\MSuranofsky\.m2\repository\org\ccil\cowan\tagsoup\tagsoup\1.2.1\tagsoup-1.2.1.jar;C:\Users\MSuranofsky\.m2\repository\io\rest-assured\json-path\4.4.0\json-path-4.4.0.jar;C:\Users\MSuranofsky\.m2\repository\org\codehaus\groovy\groovy-json\3.0.8\groovy-json-3.0.8.jar;C:\Users\MSuranofsky\.m2\repository\io\rest-assured\rest-assured-common\4.4.0\rest-assured-common-4.4.0.jar;C:\Users\MSuranofsky\.m2\repository\io\rest-assured\xml-path\4.4.0\xml-path-4.4.0.jar;C:\Users\MSuranofsky\.m2\repository\com\jayway\restassured\xml-path\2.9.0\xml-path-2.9.0.jar;C:\Users\MSuranofsky\.m2\repository\com\jayway\restassured\rest-assured-common\2.9.0\rest-assured-common-2.9.0.jar;C:\Users\MSuranofsky\.m2\repository\org\apache\commons\commons-lang3\3.3.2\commons-lang3-3.3.2.jar;"/>
    <property name="NCIPServiceValidatorConfiguration.AddDefaultNamespaceURI" value="true"/>
    <property name="java.vm.vendor" value="AdoptOpenJDK"/>
    <property name="sun.arch.data.model" value="64"/>
    <property name="user.variant" value=""/>
    <property name="java.vendor.url" value="https://adoptopenjdk.net/"/>
    <property name="user.timezone" value="America/New_York"/>
    <property name="java.vm.specification.version" value="11"/>
    <property name="os.name" value="Windows 10"/>
    <property name="sun.java.launcher" value="SUN_STANDARD"/>
    <property name="user.country" value="US"/>
    <property name="sun.boot.library.path" value="C:\Program Files\AdoptOpenJDK\jdk-11.0.11.9-hotspot\bin"/>
    <property name="sun.java.command" value="C:\Users\MSuranofsky\AppData\Local\Temp\1\surefire15945561497997903453\surefirebooter9375553931115287020.jar C:\Users\MSuranofsky\AppData\Local\Temp\1\surefire15945561497997903453 2023-03-02T09-31-01_563-jvmRun1 surefire13927244251553126806tmp surefire_06334003345173148414tmp"/>
    <property name="jdk.debug" value="release"/>
    <property name="surefire.test.class.path" value="C:\Michelle\releases\ncip-03-02-23\mod-ncip\target\test-classes;C:\Michelle\releases\ncip-03-02-23\mod-ncip\target\classes;C:\Users\MSuranofsky\.m2\repository\org\apache\httpcomponents\httpclient\4.5.13\httpclient-4.5.13.jar;C:\Users\MSuranofsky\.m2\repository\org\apache\httpcomponents\httpcore\4.4.13\httpcore-4.4.13.jar;C:\Users\MSuranofsky\.m2\repository\commons-logging\commons-logging\1.2\commons-logging-1.2.jar;C:\Users\MSuranofsky\.m2\repository\commons-codec\commons-codec\1.11\commons-codec-1.11.jar;C:\Users\MSuranofsky\.m2\repository\net\sf\dozer\dozer\5.3.2\dozer-5.3.2.jar;C:\Users\MSuranofsky\.m2\repository\com\sun\xml\bind\jaxb-impl\2.3.1\jaxb-impl-2.3.1.jar;C:\Users\MSuranofsky\.m2\repository\org\extensiblecatalog\ncip\v2\binding-jar\3.0.0\binding-jar-3.0.0.jar;C:\Users\MSuranofsky\.m2\repository\com\sun\xml\bind\jaxb-xjc\2.3.0\jaxb-xjc-2.3.0.jar;C:\Users\MSuranofsky\.m2\repository\commons-beanutils\commons-beanutils\1.9.4\commons-beanutils-1.9.4.jar;C:\Users\MSuranofsky\.m2\repository\commons-collections\commons-collections\3.2.2\commons-collections-3.2.2.jar;C:\Users\MSuranofsky\.m2\repository\com\sun\xml\bind\jaxb-core\2.3.0.1\jaxb-core-2.3.0.1.jar;C:\Users\MSuranofsky\.m2\repository\javax\xml\bind\jaxb-api\2.3.1\jaxb-api-2.3.1.jar;C:\Users\MSuranofsky\.m2\repository\javax\activation\javax.activation-api\1.2.0\javax.activation-api-1.2.0.jar;C:\Users\MSuranofsky\.m2\repository\org\apache\xmlbeans\xmlbeans\3.1.0\xmlbeans-3.1.0.jar;C:\Users\MSuranofsky\.m2\repository\ch\qos\reload4j\reload4j\1.2.22\reload4j-1.2.22.jar;C:\Users\MSuranofsky\.m2\repository\jakarta\xml\bind\jakarta.xml.bind-api\3.0.0\jakarta.xml.bind-api-3.0.0.jar;C:\Users\MSuranofsky\.m2\repository\com\sun\activation\jakarta.activation\2.0.0\jakarta.activation-2.0.0.jar;C:\Users\MSuranofsky\.m2\repository\org\eclipse\persistence\org.eclipse.persistence.moxy\3.0.0\org.eclipse.persistence.moxy-3.0.0.jar;C:\Users\MSuranofsky\.m2\repository\org\eclipse\persistence\org.eclipse.persistence.asm\3.0.0\org.eclipse.persistence.asm-3.0.0.jar;C:\Users\MSuranofsky\.m2\repository\org\eclipse\persistence\org.eclipse.persistence.core\3.0.0\org.eclipse.persistence.core-3.0.0.jar;C:\Users\MSuranofsky\.m2\repository\com\sun\mail\jakarta.mail\2.0.0\jakarta.mail-2.0.0.jar;C:\Users\MSuranofsky\.m2\repository\org\extensiblecatalog\ncip\v2\binding-ilsdiv1_0_bc\3.0.0\binding-ilsdiv1_0_bc-3.0.0.jar;C:\Users\MSuranofsky\.m2\repository\org\extensiblecatalog\ncip\v2\binding-ncipv2_01\3.0.0\binding-ncipv2_01-3.0.0.jar;C:\Users\MSuranofsky\.m2\repository\javax\activation\activation\1.1.1\activation-1.1.1.jar;C:\Users\MSuranofsky\.m2\repository\org\extensiblecatalog\ncip\v2\binding-ilsdiv1_0\3.0.0\binding-ilsdiv1_0-3.0.0.jar;C:\Users\MSuranofsky\.m2\repository\org\extensiblecatalog\ncip\v2\binding-ncipv2_02\3.0.0\binding-ncipv2_02-3.0.0.jar;C:\Users\MSuranofsky\.m2\repository\org\extensiblecatalog\ncip\v2\binding-wclv1_0\3.0.0\binding-wclv1_0-3.0.0.jar;C:\Users\MSuranofsky\.m2\repository\org\extensiblecatalog\ncip\v2\common\3.0.0\common-3.0.0.jar;C:\Users\MSuranofsky\.m2\repository\javax\servlet\servlet-api\2.5\servlet-api-2.5.jar;C:\Users\MSuranofsky\.m2\repository\org\springframework\spring-aop\5.3.22\spring-aop-5.3.22.jar;C:\Users\MSuranofsky\.m2\repository\org\springframework\spring-beans\5.3.22\spring-beans-5.3.22.jar;C:\Users\MSuranofsky\.m2\repository\org\springframework\spring-context\5.3.22\spring-context-5.3.22.jar;C:\Users\MSuranofsky\.m2\repository\org\springframework\spring-expression\5.3.22\spring-expression-5.3.22.jar;C:\Users\MSuranofsky\.m2\repository\org\springframework\spring-context-support\5.3.22\spring-context-support-5.3.22.jar;C:\Users\MSuranofsky\.m2\repository\org\springframework\spring-core\5.3.22\spring-core-5.3.22.jar;C:\Users\MSuranofsky\.m2\repository\org\springframework\spring-jcl\5.3.22\spring-jcl-5.3.22.jar;C:\Users\MSuranofsky\.m2\repository\org\springframework\spring-test\5.3.22\spring-test-5.3.22.jar;C:\Users\MSuranofsky\.m2\repository\org\springframework\spring-tx\5.3.22\spring-tx-5.3.22.jar;C:\Users\MSuranofsky\.m2\repository\org\springframework\spring-web\5.3.22\spring-web-5.3.22.jar;C:\Users\MSuranofsky\.m2\repository\org\springframework\spring-webmvc\5.3.22\spring-webmvc-5.3.22.jar;C:\Users\MSuranofsky\.m2\repository\org\springframework\spring-agent\2.5.6\spring-agent-2.5.6.jar;C:\Users\MSuranofsky\.m2\repository\org\springframework\spring-aspects\5.3.22\spring-aspects-5.3.22.jar;C:\Users\MSuranofsky\.m2\repository\org\aspectj\aspectjweaver\1.9.7\aspectjweaver-1.9.7.jar;C:\Users\MSuranofsky\.m2\repository\org\extensiblecatalog\ncip\v2\service\3.0.0\service-3.0.0.jar;C:\Users\MSuranofsky\.m2\repository\commons-lang\commons-lang\2.6\commons-lang-2.6.jar;C:\Users\MSuranofsky\.m2\repository\io\vertx\vertx-web\4.3.8\vertx-web-4.3.8.jar;C:\Users\MSuranofsky\.m2\repository\io\vertx\vertx-web-common\4.3.8\vertx-web-common-4.3.8.jar;C:\Users\MSuranofsky\.m2\repository\io\vertx\vertx-auth-common\4.3.8\vertx-auth-common-4.3.8.jar;C:\Users\MSuranofsky\.m2\repository\io\vertx\vertx-bridge-common\4.3.8\vertx-bridge-common-4.3.8.jar;C:\Users\MSuranofsky\.m2\repository\io\vertx\vertx-core\4.3.8\vertx-core-4.3.8.jar;C:\Users\MSuranofsky\.m2\repository\io\netty\netty-common\4.1.87.Final\netty-common-4.1.87.Final.jar;C:\Users\MSuranofsky\.m2\repository\io\netty\netty-buffer\4.1.87.Final\netty-buffer-4.1.87.Final.jar;C:\Users\MSuranofsky\.m2\repository\io\netty\netty-transport\4.1.87.Final\netty-transport-4.1.87.Final.jar;C:\Users\MSuranofsky\.m2\repository\io\netty\netty-handler\4.1.87.Final\netty-handler-4.1.87.Final.jar;C:\Users\MSuranofsky\.m2\repository\io\netty\netty-transport-native-unix-common\4.1.87.Final\netty-transport-native-unix-common-4.1.87.Final.jar;C:\Users\MSuranofsky\.m2\repository\io\netty\netty-codec\4.1.87.Final\netty-codec-4.1.87.Final.jar;C:\Users\MSuranofsky\.m2\repository\io\netty\netty-handler-proxy\4.1.87.Final\netty-handler-proxy-4.1.87.Final.jar;C:\Users\MSuranofsky\.m2\repository\io\netty\netty-codec-socks\4.1.87.Final\netty-codec-socks-4.1.87.Final.jar;C:\Users\MSuranofsky\.m2\repository\io\netty\netty-codec-http\4.1.87.Final\netty-codec-http-4.1.87.Final.jar;C:\Users\MSuranofsky\.m2\repository\io\netty\netty-codec-http2\4.1.87.Final\netty-codec-http2-4.1.87.Final.jar;C:\Users\MSuranofsky\.m2\repository\io\netty\netty-resolver\4.1.87.Final\netty-resolver-4.1.87.Final.jar;C:\Users\MSuranofsky\.m2\repository\io\netty\netty-resolver-dns\4.1.87.Final\netty-resolver-dns-4.1.87.Final.jar;C:\Users\MSuranofsky\.m2\repository\io\netty\netty-codec-dns\4.1.87.Final\netty-codec-dns-4.1.87.Final.jar;C:\Users\MSuranofsky\.m2\repository\com\fasterxml\jackson\core\jackson-core\2.14.0\jackson-core-2.14.0.jar;C:\Users\MSuranofsky\.m2\repository\javax\ws\rs\javax.ws.rs-api\2.0.1\javax.ws.rs-api-2.0.1.jar;C:\Users\MSuranofsky\.m2\repository\com\googlecode\json-simple\json-simple\1.1.1\json-simple-1.1.1.jar;C:\Users\MSuranofsky\.m2\repository\org\slf4j\slf4j-api\1.7.36\slf4j-api-1.7.36.jar;C:\Users\MSuranofsky\.m2\repository\org\apache\logging\log4j\log4j-slf4j-impl\2.19.0\log4j-slf4j-impl-2.19.0.jar;C:\Users\MSuranofsky\.m2\repository\org\apache\logging\log4j\log4j-api\2.19.0\log4j-api-2.19.0.jar;C:\Users\MSuranofsky\.m2\repository\org\apache\logging\log4j\log4j-core\2.19.0\log4j-core-2.19.0.jar;C:\Users\MSuranofsky\.m2\repository\org\slf4j\jcl-over-slf4j\1.7.36\jcl-over-slf4j-1.7.36.jar;C:\Users\MSuranofsky\.m2\repository\org\folio\util\35.0.6\util-35.0.6.jar;C:\Users\MSuranofsky\.m2\repository\org\folio\okapi\okapi-common\5.0.0\okapi-common-5.0.0.jar;C:\Users\MSuranofsky\.m2\repository\org\hamcrest\hamcrest-core\1.3\hamcrest-core-1.3.jar;C:\Users\MSuranofsky\.m2\repository\org\mockito\mockito-core\3.1.0\mockito-core-3.1.0.jar;C:\Users\MSuranofsky\.m2\repository\net\bytebuddy\byte-buddy\1.9.10\byte-buddy-1.9.10.jar;C:\Users\MSuranofsky\.m2\repository\net\bytebuddy\byte-buddy-agent\1.9.10\byte-buddy-agent-1.9.10.jar;C:\Users\MSuranofsky\.m2\repository\org\objenesis\objenesis\2.6\objenesis-2.6.jar;C:\Users\MSuranofsky\.m2\repository\junit\junit\4.13.2\junit-4.13.2.jar;C:\Users\MSuranofsky\.m2\repository\io\vertx\vertx-unit\4.3.8\vertx-unit-4.3.8.jar;C:\Users\MSuranofsky\.m2\repository\io\rest-assured\rest-assured\4.4.0\rest-assured-4.4.0.jar;C:\Users\MSuranofsky\.m2\repository\org\codehaus\groovy\groovy\3.0.8\groovy-3.0.8.jar;C:\Users\MSuranofsky\.m2\repository\org\codehaus\groovy\groovy-xml\3.0.8\groovy-xml-3.0.8.jar;C:\Users\MSuranofsky\.m2\repository\org\apache\httpcomponents\httpmime\4.5.13\httpmime-4.5.13.jar;C:\Users\MSuranofsky\.m2\repository\org\hamcrest\hamcrest\2.1\hamcrest-2.1.jar;C:\Users\MSuranofsky\.m2\repository\org\ccil\cowan\tagsoup\tagsoup\1.2.1\tagsoup-1.2.1.jar;C:\Users\MSuranofsky\.m2\repository\io\rest-assured\json-path\4.4.0\json-path-4.4.0.jar;C:\Users\MSuranofsky\.m2\repository\org\codehaus\groovy\groovy-json\3.0.8\groovy-json-3.0.8.jar;C:\Users\MSuranofsky\.m2\repository\io\rest-assured\rest-assured-common\4.4.0\rest-assured-common-4.4.0.jar;C:\Users\MSuranofsky\.m2\repository\io\rest-assured\xml-path\4.4.0\xml-path-4.4.0.jar;C:\Users\MSuranofsky\.m2\repository\com\jayway\restassured\xml-path\2.9.0\xml-path-2.9.0.jar;C:\Users\MSuranofsky\.m2\repository\com\jayway\restassured\rest-assured-common\2.9.0\rest-assured-common-2.9.0.jar;C:\Users\MSuranofsky\.m2\repository\org\apache\commons\commons-lang3\3.3.2\commons-lang3-3.3.2.jar;"/>
    <property name="sun.cpu.endian" value="little"/>
    <property name="user.home" value="C:\Users\MSuranofsky"/>
    <property name="user.language" value="en"/>
    <property name="java.specification.vendor" value="Oracle Corporation"/>
    <property name="RemoteServiceManager.Class" value="org.folio.ncip.FolioRemoteServiceManager"/>
    <property name="java.version.date" value="2021-04-20"/>
    <property name="java.home" value="C:\Program Files\AdoptOpenJDK\jdk-11.0.11.9-hotspot"/>
    <property name="file.separator" value="\"/>
    <property name="basedir" value="C:\Michelle\releases\ncip-03-02-23\mod-ncip"/>
    <property name="java.vm.compressedOopsMode" value="Zero based"/>
    <property name="line.separator" value="&#10;"/>
    <property name="CheckInItemService.class" value="org.folio.ncip.services.FolioCheckInItemService"/>
    <property name="java.specification.name" value="Java Platform API Specification"/>
    <property name="java.vm.specification.vendor" value="Oracle Corporation"/>
    <property name="java.awt.graphicsenv" value="sun.awt.Win32GraphicsEnvironment"/>
    <property name="NCIPServiceValidatorConfiguration.SupportedSchemaURLs" value="ncip_v2_01_ils-di_bc_extensions.xsd"/>
    <property name="surefire.real.class.path" value="C:\Users\MSuranofsky\AppData\Local\Temp\1\surefire15945561497997903453\surefirebooter9375553931115287020.jar"/>
    <property name="ToolkitConfiguration.PropertiesFileTitle" value="ExamplesMain"/>
    <property name="user.script" value=""/>
    <property name="sun.management.compiler" value="HotSpot 64-Bit Tiered Compilers"/>
    <property name="java.runtime.version" value="11.0.11+9"/>
    <property name="user.name" value="MSuranofsky"/>
    <property name="path.separator" value=";"/>
    <property name="os.version" value="10.0"/>
    <property name="java.runtime.name" value="OpenJDK Runtime Environment"/>
    <property name="TranslatorConfiguration.ClassName" value="org.extensiblecatalog.ncip.v2.binding.ilsdiv1_0_bc.jaxb.dozer.ILSDIv1_0_bc_JAXBDozerTranslator"/>
    <property name="file.encoding" value="Cp1252"/>
    <property name="CheckOutItemService.class" value="org.folio.ncip.services.FolioCheckOutItemService"/>
    <property name="java.vm.name" value="OpenJDK 64-Bit Server VM"/>
    <property name="java.vendor.version" value="AdoptOpenJDK-11.0.11+9"/>
    <property name="ToolkitConfiguration.AppName" value="FolioNcipResponder"/>
    <property name="localRepository" value="C:\Users\MSuranofsky\.m2\repository"/>
    <property name="java.vendor.url.bug" value="https://github.com/AdoptOpenJDK/openjdk-support/issues"/>
    <property name="java.io.tmpdir" value="C:\Users\MSURAN~1\AppData\Local\Temp\1\"/>
    <property name="java.version" value="11.0.11"/>
    <property name="user.dir" value="C:\Michelle\releases\ncip-03-02-23\mod-ncip"/>
    <property name="os.arch" value="amd64"/>
    <property name="TranslatorConfiguration.LogMessages" value="true"/>
    <property name="java.vm.specification.name" value="Java Virtual Machine Specification"/>
    <property name="java.awt.printerjob" value="sun.awt.windows.WPrinterJob"/>
    <property name="sun.os.patch.level" value=""/>
    <property name="java.library.path" value="C:\Program Files\AdoptOpenJDK\jdk-11.0.11.9-hotspot\bin;C:\WINDOWS\Sun\Java\bin;C:\WINDOWS\system32;C:\WINDOWS;C:\Program Files\Python39\Scripts\;C:\Program Files\Python39\;C:\Windows;C:\Windows\System32\Wbem;C:\Program Files\YAZ\bin;C:\Program Files\apache-maven-3.8.1\bin;C:\Windows\System32\OpenSSH;C:\Program Files\010 Editor;C:\ProgramData\ComposerSetup\bin;C:\WINDOWS\system32\config\systemprofile\AppData\Local\Microsoft\WindowsApps;C:\WINDOWS\system32\config\systemprofile\AppData\Roaming\npm;C:\Program Files (x86)\Adaptiva\AdaptivaClient\bin\x32;C:\Program Files (x86)\Adaptiva\AdaptivaClient\bin\x64;C:\Program Files\PuTTY\;C:\Program Files\Docker\Docker\resources\bin;C:\Program Files\Git\cmd;C:\Program Files\Git\mingw64\bin;C:\Program Files\Git\usr\bin;C:\Program Files\nodejs\;C:\Users\MSuranofsky\AppData\Local\Microsoft\WindowsApps;C:\Program Files\PostgreSQL\10\bin;C:\Users\MSuranofsky\AppData\Roaming\npm;C:\Users\MSuranofsky\AppData\Local\Yarn\bin;C:\Users\MSuranofsky\AppData\Local\GitHubDesktop\bin;C:\xampp\php;C:\Users\MSuranofsky\AppData\Roaming\Composer\vendor\bin;C:\Program Files\AdoptOpenJDK\jdk-11.0.11.9-hotspot\bin;;."/>
    <property name="java.vm.info" value="mixed mode"/>
    <property name="java.vendor" value="AdoptOpenJDK"/>
    <property name="java.vm.version" value="11.0.11+9"/>
    <property name="NCIPServiceValidatorConfiguration.ValidateMessagesAgainstSchema" value="false"/>
    <property name="NCIP2TranslatorConfiguration.SchemaURLsToPackageMap" value="ncip_v2_01.xsd=org.extensiblecatalog.ncip.v2.binding.ilsdiv1_0_bc.jaxb.elements,ncip_v2_01_ils-di_bc_extensions.xsd=org.extensiblecatalog.ncip.v2.binding.ilsdiv1_0_bc.jaxb.elements"/>
    <property name="sun.io.unicode.encoding" value="UnicodeLittle"/>
    <property name="LookupUserService.class" value="org.folio.ncip.services.FolioLookupUserService"/>
    <property name="NCIPServiceValidatorConfiguration.SchemaURLs" value=""/>
    <property name="java.class.version" value="55.0"/>
  </properties>
  <testcase name="callLookupUserAutomatedBlock" classname="org.folio.ncip.LookupUser" time="4.467">
    <system-out><![CDATA[09:31:12 [] [] [] [] INFO  FolioNcipHelper      initializing the XC NCIP Toolkit default properties...
09:31:12 [] [] [] [] INFO  DozerBeanMapper      Initializing a new instance of dozer bean mapper.
09:31:12 [] [lu] [] [mod-ncip] INFO  FolioNcipHelper      ncip process called...
09:31:12 [] [lu] [] [mod-ncip] INFO  FolioNcipHelper      ==========BODY===============
09:31:12 [] [lu] [] [mod-ncip] INFO  FolioNcipHelper      <?xml version="1.0" encoding="UTF-8"?>
<NCIPMessage version="http://www.niso.org/schemas/ncip/v2_0/ncip_v2_0.xsd"
   xmlns="http://www.niso.org/2008/ncip">
  <LookupUser>
  <InitiationHeader>
				<FromAgencyId>
					<AgencyId>Relais</AgencyId>
				</FromAgencyId>
				<ToAgencyId>
					<AgencyId>Lehigh University</AgencyId>
				</ToAgencyId>
   		  </InitiationHeader> 
    <UserId>
      <AgencyId>Relais</AgencyId>
      <UserIdentifierValue>5551214</UserIdentifierValue>
    </UserId>
    <UserElementType>Name Information</UserElementType>
    <UserElementType>User Address Information</UserElementType>
    <UserElementType>User Privilege</UserElementType>
    <UserElementType>User Id</UserElementType>
  </LookupUser>
</NCIPMessage>

09:31:12 [] [lu] [] [mod-ncip] INFO  FolioNcipHelper      Using timeout: 30000
09:31:12 [] [] [] [] ERROR ?                    Unhandled exception in router
java.lang.IllegalStateException: Response head already sent
	at io.vertx.core.http.impl.Http1xServerResponse.checkHeadWritten(Http1xServerResponse.java:687) ~[vertx-core-4.3.8.jar:4.3.8]
	at io.vertx.core.http.impl.Http1xServerResponse.setStatusCode(Http1xServerResponse.java:149) ~[vertx-core-4.3.8.jar:4.3.8]
	at org.folio.ncip.MockServer.serverResponse(MockServer.java:178) ~[test-classes/:?]
	at org.folio.ncip.MockServer.getNcipConfigs(MockServer.java:126) ~[test-classes/:?]
	at io.vertx.ext.web.impl.RouteState.handleContext(RouteState.java:1284) ~[vertx-web-4.3.8.jar:4.3.8]
	at io.vertx.ext.web.impl.RoutingContextImplBase.iterateNext(RoutingContextImplBase.java:177) ~[vertx-web-4.3.8.jar:4.3.8]
	at io.vertx.ext.web.impl.RoutingContextImpl.next(RoutingContextImpl.java:141) ~[vertx-web-4.3.8.jar:4.3.8]
	at io.vertx.ext.web.handler.impl.BodyHandlerImpl.handle(BodyHandlerImpl.java:96) ~[vertx-web-4.3.8.jar:4.3.8]
	at io.vertx.ext.web.handler.impl.BodyHandlerImpl.handle(BodyHandlerImpl.java:46) ~[vertx-web-4.3.8.jar:4.3.8]
	at io.vertx.ext.web.impl.RouteState.handleContext(RouteState.java:1284) ~[vertx-web-4.3.8.jar:4.3.8]
	at io.vertx.ext.web.impl.RoutingContextImplBase.iterateNext(RoutingContextImplBase.java:177) ~[vertx-web-4.3.8.jar:4.3.8]
	at io.vertx.ext.web.impl.RoutingContextImpl.next(RoutingContextImpl.java:141) ~[vertx-web-4.3.8.jar:4.3.8]
	at io.vertx.ext.web.impl.RouterImpl.handle(RouterImpl.java:68) ~[vertx-web-4.3.8.jar:4.3.8]
	at io.vertx.ext.web.impl.RouterImpl.handle(RouterImpl.java:37) ~[vertx-web-4.3.8.jar:4.3.8]
	at io.vertx.core.http.impl.Http1xServerRequestHandler.handle(Http1xServerRequestHandler.java:67) ~[vertx-core-4.3.8.jar:4.3.8]
	at io.vertx.core.http.impl.Http1xServerRequestHandler.handle(Http1xServerRequestHandler.java:30) ~[vertx-core-4.3.8.jar:4.3.8]
	at io.vertx.core.impl.EventLoopContext.emit(EventLoopContext.java:55) ~[vertx-core-4.3.8.jar:4.3.8]
	at io.vertx.core.impl.DuplicatedContext.emit(DuplicatedContext.java:158) ~[vertx-core-4.3.8.jar:4.3.8]
	at io.vertx.core.http.impl.Http1xServerConnection.handleMessage(Http1xServerConnection.java:145) ~[vertx-core-4.3.8.jar:4.3.8]
	at io.vertx.core.net.impl.ConnectionBase.read(ConnectionBase.java:157) ~[vertx-core-4.3.8.jar:4.3.8]
	at io.vertx.core.net.impl.VertxHandler.channelRead(VertxHandler.java:153) ~[vertx-core-4.3.8.jar:4.3.8]
	at io.netty.channel.AbstractChannelHandlerContext.invokeChannelRead(AbstractChannelHandlerContext.java:442) ~[netty-transport-4.1.87.Final.jar:4.1.87.Final]
	at io.netty.channel.AbstractChannelHandlerContext.invokeChannelRead(AbstractChannelHandlerContext.java:420) ~[netty-transport-4.1.87.Final.jar:4.1.87.Final]
	at io.netty.channel.AbstractChannelHandlerContext.fireChannelRead(AbstractChannelHandlerContext.java:412) ~[netty-transport-4.1.87.Final.jar:4.1.87.Final]
	at io.netty.channel.ChannelInboundHandlerAdapter.channelRead(ChannelInboundHandlerAdapter.java:93) ~[netty-transport-4.1.87.Final.jar:4.1.87.Final]
	at io.netty.handler.codec.http.websocketx.extensions.WebSocketServerExtensionHandler.channelRead(WebSocketServerExtensionHandler.java:99) ~[netty-codec-http-4.1.87.Final.jar:4.1.87.Final]
	at io.netty.channel.AbstractChannelHandlerContext.invokeChannelRead(AbstractChannelHandlerContext.java:442) ~[netty-transport-4.1.87.Final.jar:4.1.87.Final]
	at io.netty.channel.AbstractChannelHandlerContext.invokeChannelRead(AbstractChannelHandlerContext.java:420) ~[netty-transport-4.1.87.Final.jar:4.1.87.Final]
	at io.netty.channel.AbstractChannelHandlerContext.fireChannelRead(AbstractChannelHandlerContext.java:412) ~[netty-transport-4.1.87.Final.jar:4.1.87.Final]
	at io.vertx.core.http.impl.Http1xUpgradeToH2CHandler.channelRead(Http1xUpgradeToH2CHandler.java:120) ~[vertx-core-4.3.8.jar:4.3.8]
	at io.netty.channel.AbstractChannelHandlerContext.invokeChannelRead(AbstractChannelHandlerContext.java:444) ~[netty-transport-4.1.87.Final.jar:4.1.87.Final]
	at io.netty.channel.AbstractChannelHandlerContext.invokeChannelRead(AbstractChannelHandlerContext.java:420) ~[netty-transport-4.1.87.Final.jar:4.1.87.Final]
	at io.netty.channel.AbstractChannelHandlerContext.fireChannelRead(AbstractChannelHandlerContext.java:412) ~[netty-transport-4.1.87.Final.jar:4.1.87.Final]
	at io.netty.handler.codec.ByteToMessageDecoder.fireChannelRead(ByteToMessageDecoder.java:346) ~[netty-codec-4.1.87.Final.jar:4.1.87.Final]
	at io.netty.handler.codec.ByteToMessageDecoder.channelRead(ByteToMessageDecoder.java:318) ~[netty-codec-4.1.87.Final.jar:4.1.87.Final]
	at io.netty.channel.AbstractChannelHandlerContext.invokeChannelRead(AbstractChannelHandlerContext.java:444) ~[netty-transport-4.1.87.Final.jar:4.1.87.Final]
	at io.netty.channel.AbstractChannelHandlerContext.invokeChannelRead(AbstractChannelHandlerContext.java:420) ~[netty-transport-4.1.87.Final.jar:4.1.87.Final]
	at io.netty.channel.AbstractChannelHandlerContext.fireChannelRead(AbstractChannelHandlerContext.java:412) ~[netty-transport-4.1.87.Final.jar:4.1.87.Final]
	at io.vertx.core.http.impl.Http1xOrH2CHandler.end(Http1xOrH2CHandler.java:61) ~[vertx-core-4.3.8.jar:4.3.8]
	at io.vertx.core.http.impl.Http1xOrH2CHandler.channelRead(Http1xOrH2CHandler.java:38) ~[vertx-core-4.3.8.jar:4.3.8]
	at io.netty.channel.AbstractChannelHandlerContext.invokeChannelRead(AbstractChannelHandlerContext.java:444) ~[netty-transport-4.1.87.Final.jar:4.1.87.Final]
	at io.netty.channel.AbstractChannelHandlerContext.invokeChannelRead(AbstractChannelHandlerContext.java:420) ~[netty-transport-4.1.87.Final.jar:4.1.87.Final]
	at io.netty.channel.AbstractChannelHandlerContext.fireChannelRead(AbstractChannelHandlerContext.java:412) ~[netty-transport-4.1.87.Final.jar:4.1.87.Final]
	at io.netty.channel.DefaultChannelPipeline$HeadContext.channelRead(DefaultChannelPipeline.java:1410) ~[netty-transport-4.1.87.Final.jar:4.1.87.Final]
	at io.netty.channel.AbstractChannelHandlerContext.invokeChannelRead(AbstractChannelHandlerContext.java:440) ~[netty-transport-4.1.87.Final.jar:4.1.87.Final]
	at io.netty.channel.AbstractChannelHandlerContext.invokeChannelRead(AbstractChannelHandlerContext.java:420) ~[netty-transport-4.1.87.Final.jar:4.1.87.Final]
	at io.netty.channel.DefaultChannelPipeline.fireChannelRead(DefaultChannelPipeline.java:919) ~[netty-transport-4.1.87.Final.jar:4.1.87.Final]
	at io.netty.channel.nio.AbstractNioByteChannel$NioByteUnsafe.read(AbstractNioByteChannel.java:166) ~[netty-transport-4.1.87.Final.jar:4.1.87.Final]
	at io.netty.channel.nio.NioEventLoop.processSelectedKey(NioEventLoop.java:788) ~[netty-transport-4.1.87.Final.jar:4.1.87.Final]
	at io.netty.channel.nio.NioEventLoop.processSelectedKeysOptimized(NioEventLoop.java:724) ~[netty-transport-4.1.87.Final.jar:4.1.87.Final]
	at io.netty.channel.nio.NioEventLoop.processSelectedKeys(NioEventLoop.java:650) ~[netty-transport-4.1.87.Final.jar:4.1.87.Final]
	at io.netty.channel.nio.NioEventLoop.run(NioEventLoop.java:562) ~[netty-transport-4.1.87.Final.jar:4.1.87.Final]
	at io.netty.util.concurrent.SingleThreadEventExecutor$4.run(SingleThreadEventExecutor.java:997) ~[netty-common-4.1.87.Final.jar:4.1.87.Final]
	at io.netty.util.internal.ThreadExecutorMap$2.run(ThreadExecutorMap.java:74) ~[netty-common-4.1.87.Final.jar:4.1.87.Final]
	at io.netty.util.concurrent.FastThreadLocalRunnable.run(FastThreadLocalRunnable.java:30) ~[netty-common-4.1.87.Final.jar:4.1.87.Final]
	at java.lang.Thread.run(Thread.java:829) ~[?:?]
09:31:12 [] [lu] [] [mod-ncip] INFO  FolioNcipHelper      GET:
09:31:12 [] [lu] [] [mod-ncip] INFO  FolioNcipHelper      http://localhost:54452/configurations/entries?query=configName%3Dtoolkit&limit=200
09:31:12 [] [lu] [] [mod-ncip] INFO  FolioNcipHelper      200
09:31:12 [] [lu] [] [mod-ncip] INFO  FolioNcipHelper      {
  "configs": [],
  "totalRecords": 0,
  "resultInfo": {
    "totalRecords": 0,
    "facets": [],
    "diagnostics": []
  }
}

09:31:12 [] [lu] [] [mod-ncip] INFO  FolioNcipHelper      No toolkit configurations found.  Using defaults.  QUERY:http://localhost:54452/configurations/entries?query=configName%3Dtoolkit&limit=200
09:31:12 [] [lu] [] [mod-ncip] INFO  FolioNcipHelper      #accept item
09:31:12 [] [lu] [] [mod-ncip] INFO  FolioNcipHelper      instance.type.name
09:31:12 [] [lu] [] [mod-ncip] INFO  FolioNcipHelper      Using timeout: 30000
09:31:12 [] [lu] [] [mod-ncip] INFO  FolioNcipHelper      GET:
09:31:12 [] [lu] [] [mod-ncip] INFO  FolioNcipHelper      http://localhost:54452/configurations/entries?query=code%3D%3D%22instance.type.name%22&limit=200
09:31:12 [] [lu] [] [mod-ncip] INFO  FolioNcipHelper      200
09:31:12 [] [lu] [] [mod-ncip] INFO  FolioNcipHelper      {
  "configs": [
    {
      "id": "ecb9cf87-adcb-4be7-9253-e8caf8828ee6",
      "module": "NCIP",
      "configName": "Relais",
      "code": "instance.type.name",
      "enabled": true,
      "value": "PALCI",
      "metadata": {
        "createdDate": "2020-03-06T20:24:55.251+0000",
        "createdByUserId": "99999999-9999-1999-8999-999999999901",
        "updatedDate": "2020-03-06T20:24:55.251+0000",
        "updatedByUserId": "99999999-9999-1999-8999-999999999901"
      }
    },
    {
      "id": "ccf38c47-2614-43fa-9da5-82aeb32b6e11",
      "module": "NCIP",
      "configName": "Relais",
      "code": "instance.source",
      "enabled": true,
      "value": "PALCI",
      "metadata": {
        "createdDate": "2020-03-06T20:24:55.279+0000",
        "createdByUserId": "99999999-9999-1999-8999-999999999901",
        "updatedDate": "2020-03-06T20:24:55.279+0000",
        "updatedByUserId": "99999999-9999-1999-8999-999999999901"
      }
    },
    {
      "id": "c41a901e-ce08-4125-acc5-a5ed234f2c5c",
      "module": "NCIP",
      "configName": "Relais",
      "code": "item.material.type.name",
      "enabled": true,
      "value": "PALCI",
      "metadata": {
        "createdDate": "2020-03-06T20:24:55.304+0000",
        "createdByUserId": "99999999-9999-1999-8999-999999999901",
        "updatedDate": "2020-03-06T20:24:55.304+0000",
        "updatedByUserId": "99999999-9999-1999-8999-999999999901"
      }
    },
    {
      "id": "14b4f295-e9d0-4578-aeed-e1df25ce1022",
      "module": "NCIP",
      "configName": "Relais",
      "code": "item.perm.loan.type.name",
      "enabled": true,
      "value": "PALCI",
      "metadata": {
        "createdDate": "2020-03-06T20:24:55.329+0000",
        "createdByUserId": "99999999-9999-1999-8999-999999999901",
        "updatedDate": "2020-03-06T20:24:55.329+0000",
        "updatedByUserId": "99999999-9999-1999-8999-999999999901"
      }
    },
    {
      "id": "17d6ae7f-db78-41d0-827b-37f4e8113696",
      "module": "NCIP",
      "configName": "Relais",
      "code": "item.status.name",
      "enabled": true,
      "value": "Available",
      "metadata": {
        "createdDate": "2020-03-06T20:24:55.353+0000",
        "createdByUserId": "99999999-9999-1999-8999-999999999901",
        "updatedDate": "2020-03-06T20:24:55.353+0000",
        "updatedByUserId": "99999999-9999-1999-8999-999999999901"
      }
    },
    {
      "id": "ab333eac-823a-45bc-b5d8-71b694b1bb62",
      "module": "NCIP",
      "configName": "Relais",
      "code": "item.perm.location.code",
      "enabled": true,
      "value": "PALCI_LEHIGH",
      "metadata": {
        "createdDate": "2020-03-06T20:24:55.380+0000",
        "createdByUserId": "99999999-9999-1999-8999-999999999901",
        "updatedDate": "2020-03-06T20:24:55.380+0000",
        "updatedByUserId": "99999999-9999-1999-8999-999999999901"
      }
    },
    {
      "id": "f5bb149a-8ace-49ce-a2f9-8d3461e58faf",
      "module": "NCIP",
      "configName": "Relais",
      "code": "holdings.perm.location.code",
      "enabled": true,
      "value": "PALCI_LEHIGH",
      "metadata": {
        "createdDate": "2020-03-06T20:24:55.401+0000",
        "createdByUserId": "99999999-9999-1999-8999-999999999901",
        "updatedDate": "2020-03-06T20:24:55.401+0000",
        "updatedByUserId": "99999999-9999-1999-8999-999999999901"
      }
    },
    {
      "id": "ca6f52e1-5b7d-4a63-82f3-3d9b4b965766",
      "module": "NCIP",
      "configName": "Relais",
      "code": "instance.custom.identifier.name",
      "enabled": true,
      "value": "PALCI Request ID",
      "metadata": {
        "createdDate": "2020-03-06T20:24:55.426+0000",
        "createdByUserId": "99999999-9999-1999-8999-999999999901",
        "updatedDate": "2020-03-06T20:24:55.426+0000",
        "updatedByUserId": "99999999-9999-1999-8999-999999999901"
      }
    },
    {
      "id": "f6435c0a-d640-4c3e-b5ea-0b6f857c74f0",
      "module": "NCIP",
      "configName": "Relais",
      "code": "checkout.service.point.code",
      "enabled": true,
      "value": "FAIRCHILD",
      "metadata": {
        "createdDate": "2020-03-06T20:24:55.456+0000",
        "createdByUserId": "99999999-9999-1999-8999-999999999901",
        "updatedDate": "2020-03-06T20:24:55.456+0000",
        "updatedByUserId": "99999999-9999-1999-8999-999999999901"
      }
    },
    {
      "id": "a07bc5a3-7e26-485d-a09a-e72ea4dbdbe3",
      "module": "NCIP",
      "configName": "Relais",
      "code": "checkin.service.point.code",
      "enabled": true,
      "value": "FAIRCHILD",
      "metadata": {
        "createdDate": "2020-03-06T20:24:55.479+0000",
        "createdByUserId": "99999999-9999-1999-8999-999999999901",
        "updatedDate": "2020-03-06T20:24:55.479+0000",
        "updatedByUserId": "99999999-9999-1999-8999-999999999901"
      }
    }
  ],
  "totalRecords": 12,
  "resultInfo": {
    "totalRecords": 12,
    "facets": [],
    "diagnostics": []
  }
}

09:31:12 [] [lu] [] [mod-ncip] INFO  FolioNcipHelper      instance.source
09:31:12 [] [lu] [] [mod-ncip] INFO  FolioNcipHelper      Using timeout: 30000
09:31:12 [] [lu] [] [mod-ncip] INFO  FolioNcipHelper      GET:
09:31:12 [] [lu] [] [mod-ncip] INFO  FolioNcipHelper      http://localhost:54452/configurations/entries?query=code%3D%3D%22instance.source%22&limit=200
09:31:12 [] [lu] [] [mod-ncip] INFO  FolioNcipHelper      200
09:31:12 [] [lu] [] [mod-ncip] INFO  FolioNcipHelper      {
  "configs": [
    {
      "id": "ecb9cf87-adcb-4be7-9253-e8caf8828ee6",
      "module": "NCIP",
      "configName": "Relais",
      "code": "instance.type.name",
      "enabled": true,
      "value": "PALCI",
      "metadata": {
        "createdDate": "2020-03-06T20:24:55.251+0000",
        "createdByUserId": "99999999-9999-1999-8999-999999999901",
        "updatedDate": "2020-03-06T20:24:55.251+0000",
        "updatedByUserId": "99999999-9999-1999-8999-999999999901"
      }
    },
    {
      "id": "ccf38c47-2614-43fa-9da5-82aeb32b6e11",
      "module": "NCIP",
      "configName": "Relais",
      "code": "instance.source",
      "enabled": true,
      "value": "PALCI",
      "metadata": {
        "createdDate": "2020-03-06T20:24:55.279+0000",
        "createdByUserId": "99999999-9999-1999-8999-999999999901",
        "updatedDate": "2020-03-06T20:24:55.279+0000",
        "updatedByUserId": "99999999-9999-1999-8999-999999999901"
      }
    },
    {
      "id": "c41a901e-ce08-4125-acc5-a5ed234f2c5c",
      "module": "NCIP",
      "configName": "Relais",
      "code": "item.material.type.name",
      "enabled": true,
      "value": "PALCI",
      "metadata": {
        "createdDate": "2020-03-06T20:24:55.304+0000",
        "createdByUserId": "99999999-9999-1999-8999-999999999901",
        "updatedDate": "2020-03-06T20:24:55.304+0000",
        "updatedByUserId": "99999999-9999-1999-8999-999999999901"
      }
    },
    {
      "id": "14b4f295-e9d0-4578-aeed-e1df25ce1022",
      "module": "NCIP",
      "configName": "Relais",
      "code": "item.perm.loan.type.name",
      "enabled": true,
      "value": "PALCI",
      "metadata": {
        "createdDate": "2020-03-06T20:24:55.329+0000",
        "createdByUserId": "99999999-9999-1999-8999-999999999901",
        "updatedDate": "2020-03-06T20:24:55.329+0000",
        "updatedByUserId": "99999999-9999-1999-8999-999999999901"
      }
    },
    {
      "id": "17d6ae7f-db78-41d0-827b-37f4e8113696",
      "module": "NCIP",
      "configName": "Relais",
      "code": "item.status.name",
      "enabled": true,
      "value": "Available",
      "metadata": {
        "createdDate": "2020-03-06T20:24:55.353+0000",
        "createdByUserId": "99999999-9999-1999-8999-999999999901",
        "updatedDate": "2020-03-06T20:24:55.353+0000",
        "updatedByUserId": "99999999-9999-1999-8999-999999999901"
      }
    },
    {
      "id": "ab333eac-823a-45bc-b5d8-71b694b1bb62",
      "module": "NCIP",
      "configName": "Relais",
      "code": "item.perm.location.code",
      "enabled": true,
      "value": "PALCI_LEHIGH",
      "metadata": {
        "createdDate": "2020-03-06T20:24:55.380+0000",
        "createdByUserId": "99999999-9999-1999-8999-999999999901",
        "updatedDate": "2020-03-06T20:24:55.380+0000",
        "updatedByUserId": "99999999-9999-1999-8999-999999999901"
      }
    },
    {
      "id": "f5bb149a-8ace-49ce-a2f9-8d3461e58faf",
      "module": "NCIP",
      "configName": "Relais",
      "code": "holdings.perm.location.code",
      "enabled": true,
      "value": "PALCI_LEHIGH",
      "metadata": {
        "createdDate": "2020-03-06T20:24:55.401+0000",
        "createdByUserId": "99999999-9999-1999-8999-999999999901",
        "updatedDate": "2020-03-06T20:24:55.401+0000",
        "updatedByUserId": "99999999-9999-1999-8999-999999999901"
      }
    },
    {
      "id": "ca6f52e1-5b7d-4a63-82f3-3d9b4b965766",
      "module": "NCIP",
      "configName": "Relais",
      "code": "instance.custom.identifier.name",
      "enabled": true,
      "value": "PALCI Request ID",
      "metadata": {
        "createdDate": "2020-03-06T20:24:55.426+0000",
        "createdByUserId": "99999999-9999-1999-8999-999999999901",
        "updatedDate": "2020-03-06T20:24:55.426+0000",
        "updatedByUserId": "99999999-9999-1999-8999-999999999901"
      }
    },
    {
      "id": "f6435c0a-d640-4c3e-b5ea-0b6f857c74f0",
      "module": "NCIP",
      "configName": "Relais",
      "code": "checkout.service.point.code",
      "enabled": true,
      "value": "FAIRCHILD",
      "metadata": {
        "createdDate": "2020-03-06T20:24:55.456+0000",
        "createdByUserId": "99999999-9999-1999-8999-999999999901",
        "updatedDate": "2020-03-06T20:24:55.456+0000",
        "updatedByUserId": "99999999-9999-1999-8999-999999999901"
      }
    },
    {
      "id": "a07bc5a3-7e26-485d-a09a-e72ea4dbdbe3",
      "module": "NCIP",
      "configName": "Relais",
      "code": "checkin.service.point.code",
      "enabled": true,
      "value": "FAIRCHILD",
      "metadata": {
        "createdDate": "2020-03-06T20:24:55.479+0000",
        "createdByUserId": "99999999-9999-1999-8999-999999999901",
        "updatedDate": "2020-03-06T20:24:55.479+0000",
        "updatedByUserId": "99999999-9999-1999-8999-999999999901"
      }
    }
  ],
  "totalRecords": 12,
  "resultInfo": {
    "totalRecords": 12,
    "facets": [],
    "diagnostics": []
  }
}

09:31:12 [] [lu] [] [mod-ncip] INFO  FolioNcipHelper      holdings.source.name=FOLIO
09:31:12 [] [lu] [] [mod-ncip] INFO  FolioNcipHelper      Using timeout: 30000
09:31:12 [] [lu] [] [mod-ncip] INFO  FolioNcipHelper      GET:
09:31:12 [] [lu] [] [mod-ncip] INFO  FolioNcipHelper      http://localhost:54452/configurations/entries?query=code%3D%3D%22holdings.source.name%22&limit=200
09:31:12 [] [lu] [] [mod-ncip] INFO  FolioNcipHelper      200
09:31:12 [] [lu] [] [mod-ncip] INFO  FolioNcipHelper      {
  "configs": [
    {
      "id": "ecb9cf87-adcb-4be7-9253-e8caf8828ee6",
      "module": "NCIP",
      "configName": "Relais",
      "code": "instance.type.name",
      "enabled": true,
      "value": "PALCI",
      "metadata": {
        "createdDate": "2020-03-06T20:24:55.251+0000",
        "createdByUserId": "99999999-9999-1999-8999-999999999901",
        "updatedDate": "2020-03-06T20:24:55.251+0000",
        "updatedByUserId": "99999999-9999-1999-8999-999999999901"
      }
    },
    {
      "id": "ccf38c47-2614-43fa-9da5-82aeb32b6e11",
      "module": "NCIP",
      "configName": "Relais",
      "code": "instance.source",
      "enabled": true,
      "value": "PALCI",
      "metadata": {
        "createdDate": "2020-03-06T20:24:55.279+0000",
        "createdByUserId": "99999999-9999-1999-8999-999999999901",
        "updatedDate": "2020-03-06T20:24:55.279+0000",
        "updatedByUserId": "99999999-9999-1999-8999-999999999901"
      }
    },
    {
      "id": "c41a901e-ce08-4125-acc5-a5ed234f2c5c",
      "module": "NCIP",
      "configName": "Relais",
      "code": "item.material.type.name",
      "enabled": true,
      "value": "PALCI",
      "metadata": {
        "createdDate": "2020-03-06T20:24:55.304+0000",
        "createdByUserId": "99999999-9999-1999-8999-999999999901",
        "updatedDate": "2020-03-06T20:24:55.304+0000",
        "updatedByUserId": "99999999-9999-1999-8999-999999999901"
      }
    },
    {
      "id": "14b4f295-e9d0-4578-aeed-e1df25ce1022",
      "module": "NCIP",
      "configName": "Relais",
      "code": "item.perm.loan.type.name",
      "enabled": true,
      "value": "PALCI",
      "metadata": {
        "createdDate": "2020-03-06T20:24:55.329+0000",
        "createdByUserId": "99999999-9999-1999-8999-999999999901",
        "updatedDate": "2020-03-06T20:24:55.329+0000",
        "updatedByUserId": "99999999-9999-1999-8999-999999999901"
      }
    },
    {
      "id": "17d6ae7f-db78-41d0-827b-37f4e8113696",
      "module": "NCIP",
      "configName": "Relais",
      "code": "item.status.name",
      "enabled": true,
      "value": "Available",
      "metadata": {
        "createdDate": "2020-03-06T20:24:55.353+0000",
        "createdByUserId": "99999999-9999-1999-8999-999999999901",
        "updatedDate": "2020-03-06T20:24:55.353+0000",
        "updatedByUserId": "99999999-9999-1999-8999-999999999901"
      }
    },
    {
      "id": "ab333eac-823a-45bc-b5d8-71b694b1bb62",
      "module": "NCIP",
      "configName": "Relais",
      "code": "item.perm.location.code",
      "enabled": true,
      "value": "PALCI_LEHIGH",
      "metadata": {
        "createdDate": "2020-03-06T20:24:55.380+0000",
        "createdByUserId": "99999999-9999-1999-8999-999999999901",
        "updatedDate": "2020-03-06T20:24:55.380+0000",
        "updatedByUserId": "99999999-9999-1999-8999-999999999901"
      }
    },
    {
      "id": "f5bb149a-8ace-49ce-a2f9-8d3461e58faf",
      "module": "NCIP",
      "configName": "Relais",
      "code": "holdings.perm.location.code",
      "enabled": true,
      "value": "PALCI_LEHIGH",
      "metadata": {
        "createdDate": "2020-03-06T20:24:55.401+0000",
        "createdByUserId": "99999999-9999-1999-8999-999999999901",
        "updatedDate": "2020-03-06T20:24:55.401+0000",
        "updatedByUserId": "99999999-9999-1999-8999-999999999901"
      }
    },
    {
      "id": "ca6f52e1-5b7d-4a63-82f3-3d9b4b965766",
      "module": "NCIP",
      "configName": "Relais",
      "code": "instance.custom.identifier.name",
      "enabled": true,
      "value": "PALCI Request ID",
      "metadata": {
        "createdDate": "2020-03-06T20:24:55.426+0000",
        "createdByUserId": "99999999-9999-1999-8999-999999999901",
        "updatedDate": "2020-03-06T20:24:55.426+0000",
        "updatedByUserId": "99999999-9999-1999-8999-999999999901"
      }
    },
    {
      "id": "f6435c0a-d640-4c3e-b5ea-0b6f857c74f0",
      "module": "NCIP",
      "configName": "Relais",
      "code": "checkout.service.point.code",
      "enabled": true,
      "value": "FAIRCHILD",
      "metadata": {
        "createdDate": "2020-03-06T20:24:55.456+0000",
        "createdByUserId": "99999999-9999-1999-8999-999999999901",
        "updatedDate": "2020-03-06T20:24:55.456+0000",
        "updatedByUserId": "99999999-9999-1999-8999-999999999901"
      }
    },
    {
      "id": "a07bc5a3-7e26-485d-a09a-e72ea4dbdbe3",
      "module": "NCIP",
      "configName": "Relais",
      "code": "checkin.service.point.code",
      "enabled": true,
      "value": "FAIRCHILD",
      "metadata": {
        "createdDate": "2020-03-06T20:24:55.479+0000",
        "createdByUserId": "99999999-9999-1999-8999-999999999901",
        "updatedDate": "2020-03-06T20:24:55.479+0000",
        "updatedByUserId": "99999999-9999-1999-8999-999999999901"
      }
    }
  ],
  "totalRecords": 12,
  "resultInfo": {
    "totalRecords": 12,
    "facets": [],
    "diagnostics": []
  }
}

09:31:12 [] [lu] [] [mod-ncip] INFO  FolioNcipHelper      item.material.type.name
09:31:12 [] [lu] [] [mod-ncip] INFO  FolioNcipHelper      Using timeout: 30000
09:31:12 [] [lu] [] [mod-ncip] INFO  FolioNcipHelper      GET:
09:31:12 [] [lu] [] [mod-ncip] INFO  FolioNcipHelper      http://localhost:54452/configurations/entries?query=code%3D%3D%22item.material.type.name%22&limit=200
09:31:12 [] [lu] [] [mod-ncip] INFO  FolioNcipHelper      200
09:31:12 [] [lu] [] [mod-ncip] INFO  FolioNcipHelper      {
  "configs": [
    {
      "id": "ecb9cf87-adcb-4be7-9253-e8caf8828ee6",
      "module": "NCIP",
      "configName": "Relais",
      "code": "instance.type.name",
      "enabled": true,
      "value": "PALCI",
      "metadata": {
        "createdDate": "2020-03-06T20:24:55.251+0000",
        "createdByUserId": "99999999-9999-1999-8999-999999999901",
        "updatedDate": "2020-03-06T20:24:55.251+0000",
        "updatedByUserId": "99999999-9999-1999-8999-999999999901"
      }
    },
    {
      "id": "ccf38c47-2614-43fa-9da5-82aeb32b6e11",
      "module": "NCIP",
      "configName": "Relais",
      "code": "instance.source",
      "enabled": true,
      "value": "PALCI",
      "metadata": {
        "createdDate": "2020-03-06T20:24:55.279+0000",
        "createdByUserId": "99999999-9999-1999-8999-999999999901",
        "updatedDate": "2020-03-06T20:24:55.279+0000",
        "updatedByUserId": "99999999-9999-1999-8999-999999999901"
      }
    },
    {
      "id": "c41a901e-ce08-4125-acc5-a5ed234f2c5c",
      "module": "NCIP",
      "configName": "Relais",
      "code": "item.material.type.name",
      "enabled": true,
      "value": "PALCI",
      "metadata": {
        "createdDate": "2020-03-06T20:24:55.304+0000",
        "createdByUserId": "99999999-9999-1999-8999-999999999901",
        "updatedDate": "2020-03-06T20:24:55.304+0000",
        "updatedByUserId": "99999999-9999-1999-8999-999999999901"
      }
    },
    {
      "id": "14b4f295-e9d0-4578-aeed-e1df25ce1022",
      "module": "NCIP",
      "configName": "Relais",
      "code": "item.perm.loan.type.name",
      "enabled": true,
      "value": "PALCI",
      "metadata": {
        "createdDate": "2020-03-06T20:24:55.329+0000",
        "createdByUserId": "99999999-9999-1999-8999-999999999901",
        "updatedDate": "2020-03-06T20:24:55.329+0000",
        "updatedByUserId": "99999999-9999-1999-8999-999999999901"
      }
    },
    {
      "id": "17d6ae7f-db78-41d0-827b-37f4e8113696",
      "module": "NCIP",
      "configName": "Relais",
      "code": "item.status.name",
      "enabled": true,
      "value": "Available",
      "metadata": {
        "createdDate": "2020-03-06T20:24:55.353+0000",
        "createdByUserId": "99999999-9999-1999-8999-999999999901",
        "updatedDate": "2020-03-06T20:24:55.353+0000",
        "updatedByUserId": "99999999-9999-1999-8999-999999999901"
      }
    },
    {
      "id": "ab333eac-823a-45bc-b5d8-71b694b1bb62",
      "module": "NCIP",
      "configName": "Relais",
      "code": "item.perm.location.code",
      "enabled": true,
      "value": "PALCI_LEHIGH",
      "metadata": {
        "createdDate": "2020-03-06T20:24:55.380+0000",
        "createdByUserId": "99999999-9999-1999-8999-999999999901",
        "updatedDate": "2020-03-06T20:24:55.380+0000",
        "updatedByUserId": "99999999-9999-1999-8999-999999999901"
      }
    },
    {
      "id": "f5bb149a-8ace-49ce-a2f9-8d3461e58faf",
      "module": "NCIP",
      "configName": "Relais",
      "code": "holdings.perm.location.code",
      "enabled": true,
      "value": "PALCI_LEHIGH",
      "metadata": {
        "createdDate": "2020-03-06T20:24:55.401+0000",
        "createdByUserId": "99999999-9999-1999-8999-999999999901",
        "updatedDate": "2020-03-06T20:24:55.401+0000",
        "updatedByUserId": "99999999-9999-1999-8999-999999999901"
      }
    },
    {
      "id": "ca6f52e1-5b7d-4a63-82f3-3d9b4b965766",
      "module": "NCIP",
      "configName": "Relais",
      "code": "instance.custom.identifier.name",
      "enabled": true,
      "value": "PALCI Request ID",
      "metadata": {
        "createdDate": "2020-03-06T20:24:55.426+0000",
        "createdByUserId": "99999999-9999-1999-8999-999999999901",
        "updatedDate": "2020-03-06T20:24:55.426+0000",
        "updatedByUserId": "99999999-9999-1999-8999-999999999901"
      }
    },
    {
      "id": "f6435c0a-d640-4c3e-b5ea-0b6f857c74f0",
      "module": "NCIP",
      "configName": "Relais",
      "code": "checkout.service.point.code",
      "enabled": true,
      "value": "FAIRCHILD",
      "metadata": {
        "createdDate": "2020-03-06T20:24:55.456+0000",
        "createdByUserId": "99999999-9999-1999-8999-999999999901",
        "updatedDate": "2020-03-06T20:24:55.456+0000",
        "updatedByUserId": "99999999-9999-1999-8999-999999999901"
      }
    },
    {
      "id": "a07bc5a3-7e26-485d-a09a-e72ea4dbdbe3",
      "module": "NCIP",
      "configName": "Relais",
      "code": "checkin.service.point.code",
      "enabled": true,
      "value": "FAIRCHILD",
      "metadata": {
        "createdDate": "2020-03-06T20:24:55.479+0000",
        "createdByUserId": "99999999-9999-1999-8999-999999999901",
        "updatedDate": "2020-03-06T20:24:55.479+0000",
        "updatedByUserId": "99999999-9999-1999-8999-999999999901"
      }
    }
  ],
  "totalRecords": 12,
  "resultInfo": {
    "totalRecords": 12,
    "facets": [],
    "diagnostics": []
  }
}

09:31:12 [] [lu] [] [mod-ncip] INFO  FolioNcipHelper      item.perm.loan.type.name
09:31:12 [] [lu] [] [mod-ncip] INFO  FolioNcipHelper      Using timeout: 30000
09:31:12 [] [lu] [] [mod-ncip] INFO  FolioNcipHelper      GET:
09:31:12 [] [lu] [] [mod-ncip] INFO  FolioNcipHelper      http://localhost:54452/configurations/entries?query=code%3D%3D%22item.perm.loan.type.name%22&limit=200
09:31:12 [] [lu] [] [mod-ncip] INFO  FolioNcipHelper      200
09:31:12 [] [lu] [] [mod-ncip] INFO  FolioNcipHelper      {
  "configs": [
    {
      "id": "ecb9cf87-adcb-4be7-9253-e8caf8828ee6",
      "module": "NCIP",
      "configName": "Relais",
      "code": "instance.type.name",
      "enabled": true,
      "value": "PALCI",
      "metadata": {
        "createdDate": "2020-03-06T20:24:55.251+0000",
        "createdByUserId": "99999999-9999-1999-8999-999999999901",
        "updatedDate": "2020-03-06T20:24:55.251+0000",
        "updatedByUserId": "99999999-9999-1999-8999-999999999901"
      }
    },
    {
      "id": "ccf38c47-2614-43fa-9da5-82aeb32b6e11",
      "module": "NCIP",
      "configName": "Relais",
      "code": "instance.source",
      "enabled": true,
      "value": "PALCI",
      "metadata": {
        "createdDate": "2020-03-06T20:24:55.279+0000",
        "createdByUserId": "99999999-9999-1999-8999-999999999901",
        "updatedDate": "2020-03-06T20:24:55.279+0000",
        "updatedByUserId": "99999999-9999-1999-8999-999999999901"
      }
    },
    {
      "id": "c41a901e-ce08-4125-acc5-a5ed234f2c5c",
      "module": "NCIP",
      "configName": "Relais",
      "code": "item.material.type.name",
      "enabled": true,
      "value": "PALCI",
      "metadata": {
        "createdDate": "2020-03-06T20:24:55.304+0000",
        "createdByUserId": "99999999-9999-1999-8999-999999999901",
        "updatedDate": "2020-03-06T20:24:55.304+0000",
        "updatedByUserId": "99999999-9999-1999-8999-999999999901"
      }
    },
    {
      "id": "14b4f295-e9d0-4578-aeed-e1df25ce1022",
      "module": "NCIP",
      "configName": "Relais",
      "code": "item.perm.loan.type.name",
      "enabled": true,
      "value": "PALCI",
      "metadata": {
        "createdDate": "2020-03-06T20:24:55.329+0000",
        "createdByUserId": "99999999-9999-1999-8999-999999999901",
        "updatedDate": "2020-03-06T20:24:55.329+0000",
        "updatedByUserId": "99999999-9999-1999-8999-999999999901"
      }
    },
    {
      "id": "17d6ae7f-db78-41d0-827b-37f4e8113696",
      "module": "NCIP",
      "configName": "Relais",
      "code": "item.status.name",
      "enabled": true,
      "value": "Available",
      "metadata": {
        "createdDate": "2020-03-06T20:24:55.353+0000",
        "createdByUserId": "99999999-9999-1999-8999-999999999901",
        "updatedDate": "2020-03-06T20:24:55.353+0000",
        "updatedByUserId": "99999999-9999-1999-8999-999999999901"
      }
    },
    {
      "id": "ab333eac-823a-45bc-b5d8-71b694b1bb62",
      "module": "NCIP",
      "configName": "Relais",
      "code": "item.perm.location.code",
      "enabled": true,
      "value": "PALCI_LEHIGH",
      "metadata": {
        "createdDate": "2020-03-06T20:24:55.380+0000",
        "createdByUserId": "99999999-9999-1999-8999-999999999901",
        "updatedDate": "2020-03-06T20:24:55.380+0000",
        "updatedByUserId": "99999999-9999-1999-8999-999999999901"
      }
    },
    {
      "id": "f5bb149a-8ace-49ce-a2f9-8d3461e58faf",
      "module": "NCIP",
      "configName": "Relais",
      "code": "holdings.perm.location.code",
      "enabled": true,
      "value": "PALCI_LEHIGH",
      "metadata": {
        "createdDate": "2020-03-06T20:24:55.401+0000",
        "createdByUserId": "99999999-9999-1999-8999-999999999901",
        "updatedDate": "2020-03-06T20:24:55.401+0000",
        "updatedByUserId": "99999999-9999-1999-8999-999999999901"
      }
    },
    {
      "id": "ca6f52e1-5b7d-4a63-82f3-3d9b4b965766",
      "module": "NCIP",
      "configName": "Relais",
      "code": "instance.custom.identifier.name",
      "enabled": true,
      "value": "PALCI Request ID",
      "metadata": {
        "createdDate": "2020-03-06T20:24:55.426+0000",
        "createdByUserId": "99999999-9999-1999-8999-999999999901",
        "updatedDate": "2020-03-06T20:24:55.426+0000",
        "updatedByUserId": "99999999-9999-1999-8999-999999999901"
      }
    },
    {
      "id": "f6435c0a-d640-4c3e-b5ea-0b6f857c74f0",
      "module": "NCIP",
      "configName": "Relais",
      "code": "checkout.service.point.code",
      "enabled": true,
      "value": "FAIRCHILD",
      "metadata": {
        "createdDate": "2020-03-06T20:24:55.456+0000",
        "createdByUserId": "99999999-9999-1999-8999-999999999901",
        "updatedDate": "2020-03-06T20:24:55.456+0000",
        "updatedByUserId": "99999999-9999-1999-8999-999999999901"
      }
    },
    {
      "id": "a07bc5a3-7e26-485d-a09a-e72ea4dbdbe3",
      "module": "NCIP",
      "configName": "Relais",
      "code": "checkin.service.point.code",
      "enabled": true,
      "value": "FAIRCHILD",
      "metadata": {
        "createdDate": "2020-03-06T20:24:55.479+0000",
        "createdByUserId": "99999999-9999-1999-8999-999999999901",
        "updatedDate": "2020-03-06T20:24:55.479+0000",
        "updatedByUserId": "99999999-9999-1999-8999-999999999901"
      }
    }
  ],
  "totalRecords": 12,
  "resultInfo": {
    "totalRecords": 12,
    "facets": [],
    "diagnostics": []
  }
}

09:31:12 [] [lu] [] [mod-ncip] INFO  FolioNcipHelper      item.status.name
09:31:12 [] [lu] [] [mod-ncip] INFO  FolioNcipHelper      Using timeout: 30000
09:31:12 [] [lu] [] [mod-ncip] INFO  FolioNcipHelper      GET:
09:31:12 [] [lu] [] [mod-ncip] INFO  FolioNcipHelper      http://localhost:54452/configurations/entries?query=code%3D%3D%22item.status.name%22&limit=200
09:31:12 [] [lu] [] [mod-ncip] INFO  FolioNcipHelper      200
09:31:12 [] [lu] [] [mod-ncip] INFO  FolioNcipHelper      {
  "configs": [
    {
      "id": "ecb9cf87-adcb-4be7-9253-e8caf8828ee6",
      "module": "NCIP",
      "configName": "Relais",
      "code": "instance.type.name",
      "enabled": true,
      "value": "PALCI",
      "metadata": {
        "createdDate": "2020-03-06T20:24:55.251+0000",
        "createdByUserId": "99999999-9999-1999-8999-999999999901",
        "updatedDate": "2020-03-06T20:24:55.251+0000",
        "updatedByUserId": "99999999-9999-1999-8999-999999999901"
      }
    },
    {
      "id": "ccf38c47-2614-43fa-9da5-82aeb32b6e11",
      "module": "NCIP",
      "configName": "Relais",
      "code": "instance.source",
      "enabled": true,
      "value": "PALCI",
      "metadata": {
        "createdDate": "2020-03-06T20:24:55.279+0000",
        "createdByUserId": "99999999-9999-1999-8999-999999999901",
        "updatedDate": "2020-03-06T20:24:55.279+0000",
        "updatedByUserId": "99999999-9999-1999-8999-999999999901"
      }
    },
    {
      "id": "c41a901e-ce08-4125-acc5-a5ed234f2c5c",
      "module": "NCIP",
      "configName": "Relais",
      "code": "item.material.type.name",
      "enabled": true,
      "value": "PALCI",
      "metadata": {
        "createdDate": "2020-03-06T20:24:55.304+0000",
        "createdByUserId": "99999999-9999-1999-8999-999999999901",
        "updatedDate": "2020-03-06T20:24:55.304+0000",
        "updatedByUserId": "99999999-9999-1999-8999-999999999901"
      }
    },
    {
      "id": "14b4f295-e9d0-4578-aeed-e1df25ce1022",
      "module": "NCIP",
      "configName": "Relais",
      "code": "item.perm.loan.type.name",
      "enabled": true,
      "value": "PALCI",
      "metadata": {
        "createdDate": "2020-03-06T20:24:55.329+0000",
        "createdByUserId": "99999999-9999-1999-8999-999999999901",
        "updatedDate": "2020-03-06T20:24:55.329+0000",
        "updatedByUserId": "99999999-9999-1999-8999-999999999901"
      }
    },
    {
      "id": "17d6ae7f-db78-41d0-827b-37f4e8113696",
      "module": "NCIP",
      "configName": "Relais",
      "code": "item.status.name",
      "enabled": true,
      "value": "Available",
      "metadata": {
        "createdDate": "2020-03-06T20:24:55.353+0000",
        "createdByUserId": "99999999-9999-1999-8999-999999999901",
        "updatedDate": "2020-03-06T20:24:55.353+0000",
        "updatedByUserId": "99999999-9999-1999-8999-999999999901"
      }
    },
    {
      "id": "ab333eac-823a-45bc-b5d8-71b694b1bb62",
      "module": "NCIP",
      "configName": "Relais",
      "code": "item.perm.location.code",
      "enabled": true,
      "value": "PALCI_LEHIGH",
      "metadata": {
        "createdDate": "2020-03-06T20:24:55.380+0000",
        "createdByUserId": "99999999-9999-1999-8999-999999999901",
        "updatedDate": "2020-03-06T20:24:55.380+0000",
        "updatedByUserId": "99999999-9999-1999-8999-999999999901"
      }
    },
    {
      "id": "f5bb149a-8ace-49ce-a2f9-8d3461e58faf",
      "module": "NCIP",
      "configName": "Relais",
      "code": "holdings.perm.location.code",
      "enabled": true,
      "value": "PALCI_LEHIGH",
      "metadata": {
        "createdDate": "2020-03-06T20:24:55.401+0000",
        "createdByUserId": "99999999-9999-1999-8999-999999999901",
        "updatedDate": "2020-03-06T20:24:55.401+0000",
        "updatedByUserId": "99999999-9999-1999-8999-999999999901"
      }
    },
    {
      "id": "ca6f52e1-5b7d-4a63-82f3-3d9b4b965766",
      "module": "NCIP",
      "configName": "Relais",
      "code": "instance.custom.identifier.name",
      "enabled": true,
      "value": "PALCI Request ID",
      "metadata": {
        "createdDate": "2020-03-06T20:24:55.426+0000",
        "createdByUserId": "99999999-9999-1999-8999-999999999901",
        "updatedDate": "2020-03-06T20:24:55.426+0000",
        "updatedByUserId": "99999999-9999-1999-8999-999999999901"
      }
    },
    {
      "id": "f6435c0a-d640-4c3e-b5ea-0b6f857c74f0",
      "module": "NCIP",
      "configName": "Relais",
      "code": "checkout.service.point.code",
      "enabled": true,
      "value": "FAIRCHILD",
      "metadata": {
        "createdDate": "2020-03-06T20:24:55.456+0000",
        "createdByUserId": "99999999-9999-1999-8999-999999999901",
        "updatedDate": "2020-03-06T20:24:55.456+0000",
        "updatedByUserId": "99999999-9999-1999-8999-999999999901"
      }
    },
    {
      "id": "a07bc5a3-7e26-485d-a09a-e72ea4dbdbe3",
      "module": "NCIP",
      "configName": "Relais",
      "code": "checkin.service.point.code",
      "enabled": true,
      "value": "FAIRCHILD",
      "metadata": {
        "createdDate": "2020-03-06T20:24:55.479+0000",
        "createdByUserId": "99999999-9999-1999-8999-999999999901",
        "updatedDate": "2020-03-06T20:24:55.479+0000",
        "updatedByUserId": "99999999-9999-1999-8999-999999999901"
      }
    }
  ],
  "totalRecords": 12,
  "resultInfo": {
    "totalRecords": 12,
    "facets": [],
    "diagnostics": []
  }
}

09:31:12 [] [lu] [] [mod-ncip] INFO  FolioNcipHelper      item.perm.location.code
09:31:12 [] [lu] [] [mod-ncip] INFO  FolioNcipHelper      Using timeout: 30000
09:31:12 [] [lu] [] [mod-ncip] INFO  FolioNcipHelper      GET:
09:31:12 [] [lu] [] [mod-ncip] INFO  FolioNcipHelper      http://localhost:54452/configurations/entries?query=code%3D%3D%22item.perm.location.code%22&limit=200
09:31:12 [] [lu] [] [mod-ncip] INFO  FolioNcipHelper      200
09:31:12 [] [lu] [] [mod-ncip] INFO  FolioNcipHelper      {
  "configs": [
    {
      "id": "ecb9cf87-adcb-4be7-9253-e8caf8828ee6",
      "module": "NCIP",
      "configName": "Relais",
      "code": "instance.type.name",
      "enabled": true,
      "value": "PALCI",
      "metadata": {
        "createdDate": "2020-03-06T20:24:55.251+0000",
        "createdByUserId": "99999999-9999-1999-8999-999999999901",
        "updatedDate": "2020-03-06T20:24:55.251+0000",
        "updatedByUserId": "99999999-9999-1999-8999-999999999901"
      }
    },
    {
      "id": "ccf38c47-2614-43fa-9da5-82aeb32b6e11",
      "module": "NCIP",
      "configName": "Relais",
      "code": "instance.source",
      "enabled": true,
      "value": "PALCI",
      "metadata": {
        "createdDate": "2020-03-06T20:24:55.279+0000",
        "createdByUserId": "99999999-9999-1999-8999-999999999901",
        "updatedDate": "2020-03-06T20:24:55.279+0000",
        "updatedByUserId": "99999999-9999-1999-8999-999999999901"
      }
    },
    {
      "id": "c41a901e-ce08-4125-acc5-a5ed234f2c5c",
      "module": "NCIP",
      "configName": "Relais",
      "code": "item.material.type.name",
      "enabled": true,
      "value": "PALCI",
      "metadata": {
        "createdDate": "2020-03-06T20:24:55.304+0000",
        "createdByUserId": "99999999-9999-1999-8999-999999999901",
        "updatedDate": "2020-03-06T20:24:55.304+0000",
        "updatedByUserId": "99999999-9999-1999-8999-999999999901"
      }
    },
    {
      "id": "14b4f295-e9d0-4578-aeed-e1df25ce1022",
      "module": "NCIP",
      "configName": "Relais",
      "code": "item.perm.loan.type.name",
      "enabled": true,
      "value": "PALCI",
      "metadata": {
        "createdDate": "2020-03-06T20:24:55.329+0000",
        "createdByUserId": "99999999-9999-1999-8999-999999999901",
        "updatedDate": "2020-03-06T20:24:55.329+0000",
        "updatedByUserId": "99999999-9999-1999-8999-999999999901"
      }
    },
    {
      "id": "17d6ae7f-db78-41d0-827b-37f4e8113696",
      "module": "NCIP",
      "configName": "Relais",
      "code": "item.status.name",
      "enabled": true,
      "value": "Available",
      "metadata": {
        "createdDate": "2020-03-06T20:24:55.353+0000",
        "createdByUserId": "99999999-9999-1999-8999-999999999901",
        "updatedDate": "2020-03-06T20:24:55.353+0000",
        "updatedByUserId": "99999999-9999-1999-8999-999999999901"
      }
    },
    {
      "id": "ab333eac-823a-45bc-b5d8-71b694b1bb62",
      "module": "NCIP",
      "configName": "Relais",
      "code": "item.perm.location.code",
      "enabled": true,
      "value": "PALCI_LEHIGH",
      "metadata": {
        "createdDate": "2020-03-06T20:24:55.380+0000",
        "createdByUserId": "99999999-9999-1999-8999-999999999901",
        "updatedDate": "2020-03-06T20:24:55.380+0000",
        "updatedByUserId": "99999999-9999-1999-8999-999999999901"
      }
    },
    {
      "id": "f5bb149a-8ace-49ce-a2f9-8d3461e58faf",
      "module": "NCIP",
      "configName": "Relais",
      "code": "holdings.perm.location.code",
      "enabled": true,
      "value": "PALCI_LEHIGH",
      "metadata": {
        "createdDate": "2020-03-06T20:24:55.401+0000",
        "createdByUserId": "99999999-9999-1999-8999-999999999901",
        "updatedDate": "2020-03-06T20:24:55.401+0000",
        "updatedByUserId": "99999999-9999-1999-8999-999999999901"
      }
    },
    {
      "id": "ca6f52e1-5b7d-4a63-82f3-3d9b4b965766",
      "module": "NCIP",
      "configName": "Relais",
      "code": "instance.custom.identifier.name",
      "enabled": true,
      "value": "PALCI Request ID",
      "metadata": {
        "createdDate": "2020-03-06T20:24:55.426+0000",
        "createdByUserId": "99999999-9999-1999-8999-999999999901",
        "updatedDate": "2020-03-06T20:24:55.426+0000",
        "updatedByUserId": "99999999-9999-1999-8999-999999999901"
      }
    },
    {
      "id": "f6435c0a-d640-4c3e-b5ea-0b6f857c74f0",
      "module": "NCIP",
      "configName": "Relais",
      "code": "checkout.service.point.code",
      "enabled": true,
      "value": "FAIRCHILD",
      "metadata": {
        "createdDate": "2020-03-06T20:24:55.456+0000",
        "createdByUserId": "99999999-9999-1999-8999-999999999901",
        "updatedDate": "2020-03-06T20:24:55.456+0000",
        "updatedByUserId": "99999999-9999-1999-8999-999999999901"
      }
    },
    {
      "id": "a07bc5a3-7e26-485d-a09a-e72ea4dbdbe3",
      "module": "NCIP",
      "configName": "Relais",
      "code": "checkin.service.point.code",
      "enabled": true,
      "value": "FAIRCHILD",
      "metadata": {
        "createdDate": "2020-03-06T20:24:55.479+0000",
        "createdByUserId": "99999999-9999-1999-8999-999999999901",
        "updatedDate": "2020-03-06T20:24:55.479+0000",
        "updatedByUserId": "99999999-9999-1999-8999-999999999901"
      }
    }
  ],
  "totalRecords": 12,
  "resultInfo": {
    "totalRecords": 12,
    "facets": [],
    "diagnostics": []
  }
}

09:31:12 [] [lu] [] [mod-ncip] INFO  FolioNcipHelper      holdings.perm.location.code
09:31:12 [] [lu] [] [mod-ncip] INFO  FolioNcipHelper      Using timeout: 30000
09:31:12 [] [lu] [] [mod-ncip] INFO  FolioNcipHelper      GET:
09:31:12 [] [lu] [] [mod-ncip] INFO  FolioNcipHelper      http://localhost:54452/configurations/entries?query=code%3D%3D%22holdings.perm.location.code%22&limit=200
09:31:12 [] [lu] [] [mod-ncip] INFO  FolioNcipHelper      200
09:31:12 [] [lu] [] [mod-ncip] INFO  FolioNcipHelper      {
  "configs": [
    {
      "id": "ecb9cf87-adcb-4be7-9253-e8caf8828ee6",
      "module": "NCIP",
      "configName": "Relais",
      "code": "instance.type.name",
      "enabled": true,
      "value": "PALCI",
      "metadata": {
        "createdDate": "2020-03-06T20:24:55.251+0000",
        "createdByUserId": "99999999-9999-1999-8999-999999999901",
        "updatedDate": "2020-03-06T20:24:55.251+0000",
        "updatedByUserId": "99999999-9999-1999-8999-999999999901"
      }
    },
    {
      "id": "ccf38c47-2614-43fa-9da5-82aeb32b6e11",
      "module": "NCIP",
      "configName": "Relais",
      "code": "instance.source",
      "enabled": true,
      "value": "PALCI",
      "metadata": {
        "createdDate": "2020-03-06T20:24:55.279+0000",
        "createdByUserId": "99999999-9999-1999-8999-999999999901",
        "updatedDate": "2020-03-06T20:24:55.279+0000",
        "updatedByUserId": "99999999-9999-1999-8999-999999999901"
      }
    },
    {
      "id": "c41a901e-ce08-4125-acc5-a5ed234f2c5c",
      "module": "NCIP",
      "configName": "Relais",
      "code": "item.material.type.name",
      "enabled": true,
      "value": "PALCI",
      "metadata": {
        "createdDate": "2020-03-06T20:24:55.304+0000",
        "createdByUserId": "99999999-9999-1999-8999-999999999901",
        "updatedDate": "2020-03-06T20:24:55.304+0000",
        "updatedByUserId": "99999999-9999-1999-8999-999999999901"
      }
    },
    {
      "id": "14b4f295-e9d0-4578-aeed-e1df25ce1022",
      "module": "NCIP",
      "configName": "Relais",
      "code": "item.perm.loan.type.name",
      "enabled": true,
      "value": "PALCI",
      "metadata": {
        "createdDate": "2020-03-06T20:24:55.329+0000",
        "createdByUserId": "99999999-9999-1999-8999-999999999901",
        "updatedDate": "2020-03-06T20:24:55.329+0000",
        "updatedByUserId": "99999999-9999-1999-8999-999999999901"
      }
    },
    {
      "id": "17d6ae7f-db78-41d0-827b-37f4e8113696",
      "module": "NCIP",
      "configName": "Relais",
      "code": "item.status.name",
      "enabled": true,
      "value": "Available",
      "metadata": {
        "createdDate": "2020-03-06T20:24:55.353+0000",
        "createdByUserId": "99999999-9999-1999-8999-999999999901",
        "updatedDate": "2020-03-06T20:24:55.353+0000",
        "updatedByUserId": "99999999-9999-1999-8999-999999999901"
      }
    },
    {
      "id": "ab333eac-823a-45bc-b5d8-71b694b1bb62",
      "module": "NCIP",
      "configName": "Relais",
      "code": "item.perm.location.code",
      "enabled": true,
      "value": "PALCI_LEHIGH",
      "metadata": {
        "createdDate": "2020-03-06T20:24:55.380+0000",
        "createdByUserId": "99999999-9999-1999-8999-999999999901",
        "updatedDate": "2020-03-06T20:24:55.380+0000",
        "updatedByUserId": "99999999-9999-1999-8999-999999999901"
      }
    },
    {
      "id": "f5bb149a-8ace-49ce-a2f9-8d3461e58faf",
      "module": "NCIP",
      "configName": "Relais",
      "code": "holdings.perm.location.code",
      "enabled": true,
      "value": "PALCI_LEHIGH",
      "metadata": {
        "createdDate": "2020-03-06T20:24:55.401+0000",
        "createdByUserId": "99999999-9999-1999-8999-999999999901",
        "updatedDate": "2020-03-06T20:24:55.401+0000",
        "updatedByUserId": "99999999-9999-1999-8999-999999999901"
      }
    },
    {
      "id": "ca6f52e1-5b7d-4a63-82f3-3d9b4b965766",
      "module": "NCIP",
      "configName": "Relais",
      "code": "instance.custom.identifier.name",
      "enabled": true,
      "value": "PALCI Request ID",
      "metadata": {
        "createdDate": "2020-03-06T20:24:55.426+0000",
        "createdByUserId": "99999999-9999-1999-8999-999999999901",
        "updatedDate": "2020-03-06T20:24:55.426+0000",
        "updatedByUserId": "99999999-9999-1999-8999-999999999901"
      }
    },
    {
      "id": "f6435c0a-d640-4c3e-b5ea-0b6f857c74f0",
      "module": "NCIP",
      "configName": "Relais",
      "code": "checkout.service.point.code",
      "enabled": true,
      "value": "FAIRCHILD",
      "metadata": {
        "createdDate": "2020-03-06T20:24:55.456+0000",
        "createdByUserId": "99999999-9999-1999-8999-999999999901",
        "updatedDate": "2020-03-06T20:24:55.456+0000",
        "updatedByUserId": "99999999-9999-1999-8999-999999999901"
      }
    },
    {
      "id": "a07bc5a3-7e26-485d-a09a-e72ea4dbdbe3",
      "module": "NCIP",
      "configName": "Relais",
      "code": "checkin.service.point.code",
      "enabled": true,
      "value": "FAIRCHILD",
      "metadata": {
        "createdDate": "2020-03-06T20:24:55.479+0000",
        "createdByUserId": "99999999-9999-1999-8999-999999999901",
        "updatedDate": "2020-03-06T20:24:55.479+0000",
        "updatedByUserId": "99999999-9999-1999-8999-999999999901"
      }
    }
  ],
  "totalRecords": 12,
  "resultInfo": {
    "totalRecords": 12,
    "facets": [],
    "diagnostics": []
  }
}

09:31:12 [] [lu] [] [mod-ncip] INFO  FolioNcipHelper      instance.custom.identifier.name
09:31:12 [] [lu] [] [mod-ncip] INFO  FolioNcipHelper      Using timeout: 30000
09:31:12 [] [lu] [] [mod-ncip] INFO  FolioNcipHelper      GET:
09:31:12 [] [lu] [] [mod-ncip] INFO  FolioNcipHelper      http://localhost:54452/configurations/entries?query=code%3D%3D%22instance.custom.identifier.name%22&limit=200
09:31:12 [] [lu] [] [mod-ncip] INFO  FolioNcipHelper      200
09:31:12 [] [lu] [] [mod-ncip] INFO  FolioNcipHelper      {
  "configs": [
    {
      "id": "ecb9cf87-adcb-4be7-9253-e8caf8828ee6",
      "module": "NCIP",
      "configName": "Relais",
      "code": "instance.type.name",
      "enabled": true,
      "value": "PALCI",
      "metadata": {
        "createdDate": "2020-03-06T20:24:55.251+0000",
        "createdByUserId": "99999999-9999-1999-8999-999999999901",
        "updatedDate": "2020-03-06T20:24:55.251+0000",
        "updatedByUserId": "99999999-9999-1999-8999-999999999901"
      }
    },
    {
      "id": "ccf38c47-2614-43fa-9da5-82aeb32b6e11",
      "module": "NCIP",
      "configName": "Relais",
      "code": "instance.source",
      "enabled": true,
      "value": "PALCI",
      "metadata": {
        "createdDate": "2020-03-06T20:24:55.279+0000",
        "createdByUserId": "99999999-9999-1999-8999-999999999901",
        "updatedDate": "2020-03-06T20:24:55.279+0000",
        "updatedByUserId": "99999999-9999-1999-8999-999999999901"
      }
    },
    {
      "id": "c41a901e-ce08-4125-acc5-a5ed234f2c5c",
      "module": "NCIP",
      "configName": "Relais",
      "code": "item.material.type.name",
      "enabled": true,
      "value": "PALCI",
      "metadata": {
        "createdDate": "2020-03-06T20:24:55.304+0000",
        "createdByUserId": "99999999-9999-1999-8999-999999999901",
        "updatedDate": "2020-03-06T20:24:55.304+0000",
        "updatedByUserId": "99999999-9999-1999-8999-999999999901"
      }
    },
    {
      "id": "14b4f295-e9d0-4578-aeed-e1df25ce1022",
      "module": "NCIP",
      "configName": "Relais",
      "code": "item.perm.loan.type.name",
      "enabled": true,
      "value": "PALCI",
      "metadata": {
        "createdDate": "2020-03-06T20:24:55.329+0000",
        "createdByUserId": "99999999-9999-1999-8999-999999999901",
        "updatedDate": "2020-03-06T20:24:55.329+0000",
        "updatedByUserId": "99999999-9999-1999-8999-999999999901"
      }
    },
    {
      "id": "17d6ae7f-db78-41d0-827b-37f4e8113696",
      "module": "NCIP",
      "configName": "Relais",
      "code": "item.status.name",
      "enabled": true,
      "value": "Available",
      "metadata": {
        "createdDate": "2020-03-06T20:24:55.353+0000",
        "createdByUserId": "99999999-9999-1999-8999-999999999901",
        "updatedDate": "2020-03-06T20:24:55.353+0000",
        "updatedByUserId": "99999999-9999-1999-8999-999999999901"
      }
    },
    {
      "id": "ab333eac-823a-45bc-b5d8-71b694b1bb62",
      "module": "NCIP",
      "configName": "Relais",
      "code": "item.perm.location.code",
      "enabled": true,
      "value": "PALCI_LEHIGH",
      "metadata": {
        "createdDate": "2020-03-06T20:24:55.380+0000",
        "createdByUserId": "99999999-9999-1999-8999-999999999901",
        "updatedDate": "2020-03-06T20:24:55.380+0000",
        "updatedByUserId": "99999999-9999-1999-8999-999999999901"
      }
    },
    {
      "id": "f5bb149a-8ace-49ce-a2f9-8d3461e58faf",
      "module": "NCIP",
      "configName": "Relais",
      "code": "holdings.perm.location.code",
      "enabled": true,
      "value": "PALCI_LEHIGH",
      "metadata": {
        "createdDate": "2020-03-06T20:24:55.401+0000",
        "createdByUserId": "99999999-9999-1999-8999-999999999901",
        "updatedDate": "2020-03-06T20:24:55.401+0000",
        "updatedByUserId": "99999999-9999-1999-8999-999999999901"
      }
    },
    {
      "id": "ca6f52e1-5b7d-4a63-82f3-3d9b4b965766",
      "module": "NCIP",
      "configName": "Relais",
      "code": "instance.custom.identifier.name",
      "enabled": true,
      "value": "PALCI Request ID",
      "metadata": {
        "createdDate": "2020-03-06T20:24:55.426+0000",
        "createdByUserId": "99999999-9999-1999-8999-999999999901",
        "updatedDate": "2020-03-06T20:24:55.426+0000",
        "updatedByUserId": "99999999-9999-1999-8999-999999999901"
      }
    },
    {
      "id": "f6435c0a-d640-4c3e-b5ea-0b6f857c74f0",
      "module": "NCIP",
      "configName": "Relais",
      "code": "checkout.service.point.code",
      "enabled": true,
      "value": "FAIRCHILD",
      "metadata": {
        "createdDate": "2020-03-06T20:24:55.456+0000",
        "createdByUserId": "99999999-9999-1999-8999-999999999901",
        "updatedDate": "2020-03-06T20:24:55.456+0000",
        "updatedByUserId": "99999999-9999-1999-8999-999999999901"
      }
    },
    {
      "id": "a07bc5a3-7e26-485d-a09a-e72ea4dbdbe3",
      "module": "NCIP",
      "configName": "Relais",
      "code": "checkin.service.point.code",
      "enabled": true,
      "value": "FAIRCHILD",
      "metadata": {
        "createdDate": "2020-03-06T20:24:55.479+0000",
        "createdByUserId": "99999999-9999-1999-8999-999999999901",
        "updatedDate": "2020-03-06T20:24:55.479+0000",
        "updatedByUserId": "99999999-9999-1999-8999-999999999901"
      }
    }
  ],
  "totalRecords": 12,
  "resultInfo": {
    "totalRecords": 12,
    "facets": [],
    "diagnostics": []
  }
}

09:31:12 [] [lu] [] [mod-ncip] INFO  FolioNcipHelper      #check out
09:31:12 [] [lu] [] [mod-ncip] INFO  FolioNcipHelper      checkout.service.point.code
09:31:12 [] [lu] [] [mod-ncip] INFO  FolioNcipHelper      Using timeout: 30000
09:31:12 [] [lu] [] [mod-ncip] INFO  FolioNcipHelper      GET:
09:31:12 [] [lu] [] [mod-ncip] INFO  FolioNcipHelper      http://localhost:54452/configurations/entries?query=code%3D%3D%22checkout.service.point.code%22&limit=200
09:31:12 [] [lu] [] [mod-ncip] INFO  FolioNcipHelper      200
09:31:12 [] [lu] [] [mod-ncip] INFO  FolioNcipHelper      {
  "configs": [
    {
      "id": "ecb9cf87-adcb-4be7-9253-e8caf8828ee6",
      "module": "NCIP",
      "configName": "Relais",
      "code": "instance.type.name",
      "enabled": true,
      "value": "PALCI",
      "metadata": {
        "createdDate": "2020-03-06T20:24:55.251+0000",
        "createdByUserId": "99999999-9999-1999-8999-999999999901",
        "updatedDate": "2020-03-06T20:24:55.251+0000",
        "updatedByUserId": "99999999-9999-1999-8999-999999999901"
      }
    },
    {
      "id": "ccf38c47-2614-43fa-9da5-82aeb32b6e11",
      "module": "NCIP",
      "configName": "Relais",
      "code": "instance.source",
      "enabled": true,
      "value": "PALCI",
      "metadata": {
        "createdDate": "2020-03-06T20:24:55.279+0000",
        "createdByUserId": "99999999-9999-1999-8999-999999999901",
        "updatedDate": "2020-03-06T20:24:55.279+0000",
        "updatedByUserId": "99999999-9999-1999-8999-999999999901"
      }
    },
    {
      "id": "c41a901e-ce08-4125-acc5-a5ed234f2c5c",
      "module": "NCIP",
      "configName": "Relais",
      "code": "item.material.type.name",
      "enabled": true,
      "value": "PALCI",
      "metadata": {
        "createdDate": "2020-03-06T20:24:55.304+0000",
        "createdByUserId": "99999999-9999-1999-8999-999999999901",
        "updatedDate": "2020-03-06T20:24:55.304+0000",
        "updatedByUserId": "99999999-9999-1999-8999-999999999901"
      }
    },
    {
      "id": "14b4f295-e9d0-4578-aeed-e1df25ce1022",
      "module": "NCIP",
      "configName": "Relais",
      "code": "item.perm.loan.type.name",
      "enabled": true,
      "value": "PALCI",
      "metadata": {
        "createdDate": "2020-03-06T20:24:55.329+0000",
        "createdByUserId": "99999999-9999-1999-8999-999999999901",
        "updatedDate": "2020-03-06T20:24:55.329+0000",
        "updatedByUserId": "99999999-9999-1999-8999-999999999901"
      }
    },
    {
      "id": "17d6ae7f-db78-41d0-827b-37f4e8113696",
      "module": "NCIP",
      "configName": "Relais",
      "code": "item.status.name",
      "enabled": true,
      "value": "Available",
      "metadata": {
        "createdDate": "2020-03-06T20:24:55.353+0000",
        "createdByUserId": "99999999-9999-1999-8999-999999999901",
        "updatedDate": "2020-03-06T20:24:55.353+0000",
        "updatedByUserId": "99999999-9999-1999-8999-999999999901"
      }
    },
    {
      "id": "ab333eac-823a-45bc-b5d8-71b694b1bb62",
      "module": "NCIP",
      "configName": "Relais",
      "code": "item.perm.location.code",
      "enabled": true,
      "value": "PALCI_LEHIGH",
      "metadata": {
        "createdDate": "2020-03-06T20:24:55.380+0000",
        "createdByUserId": "99999999-9999-1999-8999-999999999901",
        "updatedDate": "2020-03-06T20:24:55.380+0000",
        "updatedByUserId": "99999999-9999-1999-8999-999999999901"
      }
    },
    {
      "id": "f5bb149a-8ace-49ce-a2f9-8d3461e58faf",
      "module": "NCIP",
      "configName": "Relais",
      "code": "holdings.perm.location.code",
      "enabled": true,
      "value": "PALCI_LEHIGH",
      "metadata": {
        "createdDate": "2020-03-06T20:24:55.401+0000",
        "createdByUserId": "99999999-9999-1999-8999-999999999901",
        "updatedDate": "2020-03-06T20:24:55.401+0000",
        "updatedByUserId": "99999999-9999-1999-8999-999999999901"
      }
    },
    {
      "id": "ca6f52e1-5b7d-4a63-82f3-3d9b4b965766",
      "module": "NCIP",
      "configName": "Relais",
      "code": "instance.custom.identifier.name",
      "enabled": true,
      "value": "PALCI Request ID",
      "metadata": {
        "createdDate": "2020-03-06T20:24:55.426+0000",
        "createdByUserId": "99999999-9999-1999-8999-999999999901",
        "updatedDate": "2020-03-06T20:24:55.426+0000",
        "updatedByUserId": "99999999-9999-1999-8999-999999999901"
      }
    },
    {
      "id": "f6435c0a-d640-4c3e-b5ea-0b6f857c74f0",
      "module": "NCIP",
      "configName": "Relais",
      "code": "checkout.service.point.code",
      "enabled": true,
      "value": "FAIRCHILD",
      "metadata": {
        "createdDate": "2020-03-06T20:24:55.456+0000",
        "createdByUserId": "99999999-9999-1999-8999-999999999901",
        "updatedDate": "2020-03-06T20:24:55.456+0000",
        "updatedByUserId": "99999999-9999-1999-8999-999999999901"
      }
    },
    {
      "id": "a07bc5a3-7e26-485d-a09a-e72ea4dbdbe3",
      "module": "NCIP",
      "configName": "Relais",
      "code": "checkin.service.point.code",
      "enabled": true,
      "value": "FAIRCHILD",
      "metadata": {
        "createdDate": "2020-03-06T20:24:55.479+0000",
        "createdByUserId": "99999999-9999-1999-8999-999999999901",
        "updatedDate": "2020-03-06T20:24:55.479+0000",
        "updatedByUserId": "99999999-9999-1999-8999-999999999901"
      }
    }
  ],
  "totalRecords": 12,
  "resultInfo": {
    "totalRecords": 12,
    "facets": [],
    "diagnostics": []
  }
}

09:31:12 [] [lu] [] [mod-ncip] INFO  FolioNcipHelper      #check in
09:31:12 [] [lu] [] [mod-ncip] INFO  FolioNcipHelper      checkin.service.point.code
09:31:12 [] [lu] [] [mod-ncip] INFO  FolioNcipHelper      Using timeout: 30000
09:31:12 [] [lu] [] [mod-ncip] INFO  FolioNcipHelper      GET:
09:31:12 [] [lu] [] [mod-ncip] INFO  FolioNcipHelper      http://localhost:54452/configurations/entries?query=code%3D%3D%22checkin.service.point.code%22&limit=200
09:31:12 [] [lu] [] [mod-ncip] INFO  FolioNcipHelper      200
09:31:12 [] [lu] [] [mod-ncip] INFO  FolioNcipHelper      {
  "configs": [
    {
      "id": "ecb9cf87-adcb-4be7-9253-e8caf8828ee6",
      "module": "NCIP",
      "configName": "Relais",
      "code": "instance.type.name",
      "enabled": true,
      "value": "PALCI",
      "metadata": {
        "createdDate": "2020-03-06T20:24:55.251+0000",
        "createdByUserId": "99999999-9999-1999-8999-999999999901",
        "updatedDate": "2020-03-06T20:24:55.251+0000",
        "updatedByUserId": "99999999-9999-1999-8999-999999999901"
      }
    },
    {
      "id": "ccf38c47-2614-43fa-9da5-82aeb32b6e11",
      "module": "NCIP",
      "configName": "Relais",
      "code": "instance.source",
      "enabled": true,
      "value": "PALCI",
      "metadata": {
        "createdDate": "2020-03-06T20:24:55.279+0000",
        "createdByUserId": "99999999-9999-1999-8999-999999999901",
        "updatedDate": "2020-03-06T20:24:55.279+0000",
        "updatedByUserId": "99999999-9999-1999-8999-999999999901"
      }
    },
    {
      "id": "c41a901e-ce08-4125-acc5-a5ed234f2c5c",
      "module": "NCIP",
      "configName": "Relais",
      "code": "item.material.type.name",
      "enabled": true,
      "value": "PALCI",
      "metadata": {
        "createdDate": "2020-03-06T20:24:55.304+0000",
        "createdByUserId": "99999999-9999-1999-8999-999999999901",
        "updatedDate": "2020-03-06T20:24:55.304+0000",
        "updatedByUserId": "99999999-9999-1999-8999-999999999901"
      }
    },
    {
      "id": "14b4f295-e9d0-4578-aeed-e1df25ce1022",
      "module": "NCIP",
      "configName": "Relais",
      "code": "item.perm.loan.type.name",
      "enabled": true,
      "value": "PALCI",
      "metadata": {
        "createdDate": "2020-03-06T20:24:55.329+0000",
        "createdByUserId": "99999999-9999-1999-8999-999999999901",
        "updatedDate": "2020-03-06T20:24:55.329+0000",
        "updatedByUserId": "99999999-9999-1999-8999-999999999901"
      }
    },
    {
      "id": "17d6ae7f-db78-41d0-827b-37f4e8113696",
      "module": "NCIP",
      "configName": "Relais",
      "code": "item.status.name",
      "enabled": true,
      "value": "Available",
      "metadata": {
        "createdDate": "2020-03-06T20:24:55.353+0000",
        "createdByUserId": "99999999-9999-1999-8999-999999999901",
        "updatedDate": "2020-03-06T20:24:55.353+0000",
        "updatedByUserId": "99999999-9999-1999-8999-999999999901"
      }
    },
    {
      "id": "ab333eac-823a-45bc-b5d8-71b694b1bb62",
      "module": "NCIP",
      "configName": "Relais",
      "code": "item.perm.location.code",
      "enabled": true,
      "value": "PALCI_LEHIGH",
      "metadata": {
        "createdDate": "2020-03-06T20:24:55.380+0000",
        "createdByUserId": "99999999-9999-1999-8999-999999999901",
        "updatedDate": "2020-03-06T20:24:55.380+0000",
        "updatedByUserId": "99999999-9999-1999-8999-999999999901"
      }
    },
    {
      "id": "f5bb149a-8ace-49ce-a2f9-8d3461e58faf",
      "module": "NCIP",
      "configName": "Relais",
      "code": "holdings.perm.location.code",
      "enabled": true,
      "value": "PALCI_LEHIGH",
      "metadata": {
        "createdDate": "2020-03-06T20:24:55.401+0000",
        "createdByUserId": "99999999-9999-1999-8999-999999999901",
        "updatedDate": "2020-03-06T20:24:55.401+0000",
        "updatedByUserId": "99999999-9999-1999-8999-999999999901"
      }
    },
    {
      "id": "ca6f52e1-5b7d-4a63-82f3-3d9b4b965766",
      "module": "NCIP",
      "configName": "Relais",
      "code": "instance.custom.identifier.name",
      "enabled": true,
      "value": "PALCI Request ID",
      "metadata": {
        "createdDate": "2020-03-06T20:24:55.426+0000",
        "createdByUserId": "99999999-9999-1999-8999-999999999901",
        "updatedDate": "2020-03-06T20:24:55.426+0000",
        "updatedByUserId": "99999999-9999-1999-8999-999999999901"
      }
    },
    {
      "id": "f6435c0a-d640-4c3e-b5ea-0b6f857c74f0",
      "module": "NCIP",
      "configName": "Relais",
      "code": "checkout.service.point.code",
      "enabled": true,
      "value": "FAIRCHILD",
      "metadata": {
        "createdDate": "2020-03-06T20:24:55.456+0000",
        "createdByUserId": "99999999-9999-1999-8999-999999999901",
        "updatedDate": "2020-03-06T20:24:55.456+0000",
        "updatedByUserId": "99999999-9999-1999-8999-999999999901"
      }
    },
    {
      "id": "a07bc5a3-7e26-485d-a09a-e72ea4dbdbe3",
      "module": "NCIP",
      "configName": "Relais",
      "code": "checkin.service.point.code",
      "enabled": true,
      "value": "FAIRCHILD",
      "metadata": {
        "createdDate": "2020-03-06T20:24:55.479+0000",
        "createdByUserId": "99999999-9999-1999-8999-999999999901",
        "updatedDate": "2020-03-06T20:24:55.479+0000",
        "updatedByUserId": "99999999-9999-1999-8999-999999999901"
      }
    }
  ],
  "totalRecords": 12,
  "resultInfo": {
    "totalRecords": 12,
    "facets": [],
    "diagnostics": []
  }
}

09:31:12 [] [lu] [] [mod-ncip] INFO  FolioNcipHelper      #lookup user
09:31:12 [] [lu] [] [mod-ncip] INFO  FolioNcipHelper      response.includes.physical.address=false
09:31:12 [] [lu] [] [mod-ncip] INFO  FolioNcipHelper      Using timeout: 30000
09:31:12 [] [lu] [] [mod-ncip] INFO  FolioNcipHelper      GET:
09:31:12 [] [lu] [] [mod-ncip] INFO  FolioNcipHelper      http://localhost:54452/configurations/entries?query=code%3D%3D%22response.includes.physical.address%22&limit=200
09:31:12 [] [lu] [] [mod-ncip] INFO  FolioNcipHelper      200
09:31:12 [] [lu] [] [mod-ncip] INFO  FolioNcipHelper      {
  "configs": [
    {
      "id": "ecb9cf87-adcb-4be7-9253-e8caf8828ee6",
      "module": "NCIP",
      "configName": "Relais",
      "code": "instance.type.name",
      "enabled": true,
      "value": "PALCI",
      "metadata": {
        "createdDate": "2020-03-06T20:24:55.251+0000",
        "createdByUserId": "99999999-9999-1999-8999-999999999901",
        "updatedDate": "2020-03-06T20:24:55.251+0000",
        "updatedByUserId": "99999999-9999-1999-8999-999999999901"
      }
    },
    {
      "id": "ccf38c47-2614-43fa-9da5-82aeb32b6e11",
      "module": "NCIP",
      "configName": "Relais",
      "code": "instance.source",
      "enabled": true,
      "value": "PALCI",
      "metadata": {
        "createdDate": "2020-03-06T20:24:55.279+0000",
        "createdByUserId": "99999999-9999-1999-8999-999999999901",
        "updatedDate": "2020-03-06T20:24:55.279+0000",
        "updatedByUserId": "99999999-9999-1999-8999-999999999901"
      }
    },
    {
      "id": "c41a901e-ce08-4125-acc5-a5ed234f2c5c",
      "module": "NCIP",
      "configName": "Relais",
      "code": "item.material.type.name",
      "enabled": true,
      "value": "PALCI",
      "metadata": {
        "createdDate": "2020-03-06T20:24:55.304+0000",
        "createdByUserId": "99999999-9999-1999-8999-999999999901",
        "updatedDate": "2020-03-06T20:24:55.304+0000",
        "updatedByUserId": "99999999-9999-1999-8999-999999999901"
      }
    },
    {
      "id": "14b4f295-e9d0-4578-aeed-e1df25ce1022",
      "module": "NCIP",
      "configName": "Relais",
      "code": "item.perm.loan.type.name",
      "enabled": true,
      "value": "PALCI",
      "metadata": {
        "createdDate": "2020-03-06T20:24:55.329+0000",
        "createdByUserId": "99999999-9999-1999-8999-999999999901",
        "updatedDate": "2020-03-06T20:24:55.329+0000",
        "updatedByUserId": "99999999-9999-1999-8999-999999999901"
      }
    },
    {
      "id": "17d6ae7f-db78-41d0-827b-37f4e8113696",
      "module": "NCIP",
      "configName": "Relais",
      "code": "item.status.name",
      "enabled": true,
      "value": "Available",
      "metadata": {
        "createdDate": "2020-03-06T20:24:55.353+0000",
        "createdByUserId": "99999999-9999-1999-8999-999999999901",
        "updatedDate": "2020-03-06T20:24:55.353+0000",
        "updatedByUserId": "99999999-9999-1999-8999-999999999901"
      }
    },
    {
      "id": "ab333eac-823a-45bc-b5d8-71b694b1bb62",
      "module": "NCIP",
      "configName": "Relais",
      "code": "item.perm.location.code",
      "enabled": true,
      "value": "PALCI_LEHIGH",
      "metadata": {
        "createdDate": "2020-03-06T20:24:55.380+0000",
        "createdByUserId": "99999999-9999-1999-8999-999999999901",
        "updatedDate": "2020-03-06T20:24:55.380+0000",
        "updatedByUserId": "99999999-9999-1999-8999-999999999901"
      }
    },
    {
      "id": "f5bb149a-8ace-49ce-a2f9-8d3461e58faf",
      "module": "NCIP",
      "configName": "Relais",
      "code": "holdings.perm.location.code",
      "enabled": true,
      "value": "PALCI_LEHIGH",
      "metadata": {
        "createdDate": "2020-03-06T20:24:55.401+0000",
        "createdByUserId": "99999999-9999-1999-8999-999999999901",
        "updatedDate": "2020-03-06T20:24:55.401+0000",
        "updatedByUserId": "99999999-9999-1999-8999-999999999901"
      }
    },
    {
      "id": "ca6f52e1-5b7d-4a63-82f3-3d9b4b965766",
      "module": "NCIP",
      "configName": "Relais",
      "code": "instance.custom.identifier.name",
      "enabled": true,
      "value": "PALCI Request ID",
      "metadata": {
        "createdDate": "2020-03-06T20:24:55.426+0000",
        "createdByUserId": "99999999-9999-1999-8999-999999999901",
        "updatedDate": "2020-03-06T20:24:55.426+0000",
        "updatedByUserId": "99999999-9999-1999-8999-999999999901"
      }
    },
    {
      "id": "f6435c0a-d640-4c3e-b5ea-0b6f857c74f0",
      "module": "NCIP",
      "configName": "Relais",
      "code": "checkout.service.point.code",
      "enabled": true,
      "value": "FAIRCHILD",
      "metadata": {
        "createdDate": "2020-03-06T20:24:55.456+0000",
        "createdByUserId": "99999999-9999-1999-8999-999999999901",
        "updatedDate": "2020-03-06T20:24:55.456+0000",
        "updatedByUserId": "99999999-9999-1999-8999-999999999901"
      }
    },
    {
      "id": "a07bc5a3-7e26-485d-a09a-e72ea4dbdbe3",
      "module": "NCIP",
      "configName": "Relais",
      "code": "checkin.service.point.code",
      "enabled": true,
      "value": "FAIRCHILD",
      "metadata": {
        "createdDate": "2020-03-06T20:24:55.479+0000",
        "createdByUserId": "99999999-9999-1999-8999-999999999901",
        "updatedDate": "2020-03-06T20:24:55.479+0000",
        "updatedByUserId": "99999999-9999-1999-8999-999999999901"
      }
    }
  ],
  "totalRecords": 12,
  "resultInfo": {
    "totalRecords": 12,
    "facets": [],
    "diagnostics": []
  }
}

09:31:12 [] [lu] [] [mod-ncip] INFO  FolioNcipHelper      user.priv.ok.status=ACTIVE
09:31:12 [] [lu] [] [mod-ncip] INFO  FolioNcipHelper      Using timeout: 30000
09:31:12 [] [lu] [] [mod-ncip] INFO  FolioNcipHelper      GET:
09:31:12 [] [lu] [] [mod-ncip] INFO  FolioNcipHelper      http://localhost:54452/configurations/entries?query=code%3D%3D%22user.priv.ok.status%22&limit=200
09:31:12 [] [lu] [] [mod-ncip] INFO  FolioNcipHelper      200
09:31:12 [] [lu] [] [mod-ncip] INFO  FolioNcipHelper      {
  "configs": [
    {
      "id": "ecb9cf87-adcb-4be7-9253-e8caf8828ee6",
      "module": "NCIP",
      "configName": "Relais",
      "code": "instance.type.name",
      "enabled": true,
      "value": "PALCI",
      "metadata": {
        "createdDate": "2020-03-06T20:24:55.251+0000",
        "createdByUserId": "99999999-9999-1999-8999-999999999901",
        "updatedDate": "2020-03-06T20:24:55.251+0000",
        "updatedByUserId": "99999999-9999-1999-8999-999999999901"
      }
    },
    {
      "id": "ccf38c47-2614-43fa-9da5-82aeb32b6e11",
      "module": "NCIP",
      "configName": "Relais",
      "code": "instance.source",
      "enabled": true,
      "value": "PALCI",
      "metadata": {
        "createdDate": "2020-03-06T20:24:55.279+0000",
        "createdByUserId": "99999999-9999-1999-8999-999999999901",
        "updatedDate": "2020-03-06T20:24:55.279+0000",
        "updatedByUserId": "99999999-9999-1999-8999-999999999901"
      }
    },
    {
      "id": "c41a901e-ce08-4125-acc5-a5ed234f2c5c",
      "module": "NCIP",
      "configName": "Relais",
      "code": "item.material.type.name",
      "enabled": true,
      "value": "PALCI",
      "metadata": {
        "createdDate": "2020-03-06T20:24:55.304+0000",
        "createdByUserId": "99999999-9999-1999-8999-999999999901",
        "updatedDate": "2020-03-06T20:24:55.304+0000",
        "updatedByUserId": "99999999-9999-1999-8999-999999999901"
      }
    },
    {
      "id": "14b4f295-e9d0-4578-aeed-e1df25ce1022",
      "module": "NCIP",
      "configName": "Relais",
      "code": "item.perm.loan.type.name",
      "enabled": true,
      "value": "PALCI",
      "metadata": {
        "createdDate": "2020-03-06T20:24:55.329+0000",
        "createdByUserId": "99999999-9999-1999-8999-999999999901",
        "updatedDate": "2020-03-06T20:24:55.329+0000",
        "updatedByUserId": "99999999-9999-1999-8999-999999999901"
      }
    },
    {
      "id": "17d6ae7f-db78-41d0-827b-37f4e8113696",
      "module": "NCIP",
      "configName": "Relais",
      "code": "item.status.name",
      "enabled": true,
      "value": "Available",
      "metadata": {
        "createdDate": "2020-03-06T20:24:55.353+0000",
        "createdByUserId": "99999999-9999-1999-8999-999999999901",
        "updatedDate": "2020-03-06T20:24:55.353+0000",
        "updatedByUserId": "99999999-9999-1999-8999-999999999901"
      }
    },
    {
      "id": "ab333eac-823a-45bc-b5d8-71b694b1bb62",
      "module": "NCIP",
      "configName": "Relais",
      "code": "item.perm.location.code",
      "enabled": true,
      "value": "PALCI_LEHIGH",
      "metadata": {
        "createdDate": "2020-03-06T20:24:55.380+0000",
        "createdByUserId": "99999999-9999-1999-8999-999999999901",
        "updatedDate": "2020-03-06T20:24:55.380+0000",
        "updatedByUserId": "99999999-9999-1999-8999-999999999901"
      }
    },
    {
      "id": "f5bb149a-8ace-49ce-a2f9-8d3461e58faf",
      "module": "NCIP",
      "configName": "Relais",
      "code": "holdings.perm.location.code",
      "enabled": true,
      "value": "PALCI_LEHIGH",
      "metadata": {
        "createdDate": "2020-03-06T20:24:55.401+0000",
        "createdByUserId": "99999999-9999-1999-8999-999999999901",
        "updatedDate": "2020-03-06T20:24:55.401+0000",
        "updatedByUserId": "99999999-9999-1999-8999-999999999901"
      }
    },
    {
      "id": "ca6f52e1-5b7d-4a63-82f3-3d9b4b965766",
      "module": "NCIP",
      "configName": "Relais",
      "code": "instance.custom.identifier.name",
      "enabled": true,
      "value": "PALCI Request ID",
      "metadata": {
        "createdDate": "2020-03-06T20:24:55.426+0000",
        "createdByUserId": "99999999-9999-1999-8999-999999999901",
        "updatedDate": "2020-03-06T20:24:55.426+0000",
        "updatedByUserId": "99999999-9999-1999-8999-999999999901"
      }
    },
    {
      "id": "f6435c0a-d640-4c3e-b5ea-0b6f857c74f0",
      "module": "NCIP",
      "configName": "Relais",
      "code": "checkout.service.point.code",
      "enabled": true,
      "value": "FAIRCHILD",
      "metadata": {
        "createdDate": "2020-03-06T20:24:55.456+0000",
        "createdByUserId": "99999999-9999-1999-8999-999999999901",
        "updatedDate": "2020-03-06T20:24:55.456+0000",
        "updatedByUserId": "99999999-9999-1999-8999-999999999901"
      }
    },
    {
      "id": "a07bc5a3-7e26-485d-a09a-e72ea4dbdbe3",
      "module": "NCIP",
      "configName": "Relais",
      "code": "checkin.service.point.code",
      "enabled": true,
      "value": "FAIRCHILD",
      "metadata": {
        "createdDate": "2020-03-06T20:24:55.479+0000",
        "createdByUserId": "99999999-9999-1999-8999-999999999901",
        "updatedDate": "2020-03-06T20:24:55.479+0000",
        "updatedByUserId": "99999999-9999-1999-8999-999999999901"
      }
    }
  ],
  "totalRecords": 12,
  "resultInfo": {
    "totalRecords": 12,
    "facets": [],
    "diagnostics": []
  }
}

09:31:12 [] [lu] [] [mod-ncip] INFO  FolioNcipHelper      user.priv.blocked.status=BLOCKED
09:31:12 [] [lu] [] [mod-ncip] INFO  FolioNcipHelper      Using timeout: 30000
09:31:12 [] [lu] [] [mod-ncip] INFO  FolioNcipHelper      GET:
09:31:12 [] [lu] [] [mod-ncip] INFO  FolioNcipHelper      http://localhost:54452/configurations/entries?query=code%3D%3D%22user.priv.blocked.status%22&limit=200
09:31:12 [] [lu] [] [mod-ncip] INFO  FolioNcipHelper      200
09:31:12 [] [lu] [] [mod-ncip] INFO  FolioNcipHelper      {
  "configs": [
    {
      "id": "ecb9cf87-adcb-4be7-9253-e8caf8828ee6",
      "module": "NCIP",
      "configName": "Relais",
      "code": "instance.type.name",
      "enabled": true,
      "value": "PALCI",
      "metadata": {
        "createdDate": "2020-03-06T20:24:55.251+0000",
        "createdByUserId": "99999999-9999-1999-8999-999999999901",
        "updatedDate": "2020-03-06T20:24:55.251+0000",
        "updatedByUserId": "99999999-9999-1999-8999-999999999901"
      }
    },
    {
      "id": "ccf38c47-2614-43fa-9da5-82aeb32b6e11",
      "module": "NCIP",
      "configName": "Relais",
      "code": "instance.source",
      "enabled": true,
      "value": "PALCI",
      "metadata": {
        "createdDate": "2020-03-06T20:24:55.279+0000",
        "createdByUserId": "99999999-9999-1999-8999-999999999901",
        "updatedDate": "2020-03-06T20:24:55.279+0000",
        "updatedByUserId": "99999999-9999-1999-8999-999999999901"
      }
    },
    {
      "id": "c41a901e-ce08-4125-acc5-a5ed234f2c5c",
      "module": "NCIP",
      "configName": "Relais",
      "code": "item.material.type.name",
      "enabled": true,
      "value": "PALCI",
      "metadata": {
        "createdDate": "2020-03-06T20:24:55.304+0000",
        "createdByUserId": "99999999-9999-1999-8999-999999999901",
        "updatedDate": "2020-03-06T20:24:55.304+0000",
        "updatedByUserId": "99999999-9999-1999-8999-999999999901"
      }
    },
    {
      "id": "14b4f295-e9d0-4578-aeed-e1df25ce1022",
      "module": "NCIP",
      "configName": "Relais",
      "code": "item.perm.loan.type.name",
      "enabled": true,
      "value": "PALCI",
      "metadata": {
        "createdDate": "2020-03-06T20:24:55.329+0000",
        "createdByUserId": "99999999-9999-1999-8999-999999999901",
        "updatedDate": "2020-03-06T20:24:55.329+0000",
        "updatedByUserId": "99999999-9999-1999-8999-999999999901"
      }
    },
    {
      "id": "17d6ae7f-db78-41d0-827b-37f4e8113696",
      "module": "NCIP",
      "configName": "Relais",
      "code": "item.status.name",
      "enabled": true,
      "value": "Available",
      "metadata": {
        "createdDate": "2020-03-06T20:24:55.353+0000",
        "createdByUserId": "99999999-9999-1999-8999-999999999901",
        "updatedDate": "2020-03-06T20:24:55.353+0000",
        "updatedByUserId": "99999999-9999-1999-8999-999999999901"
      }
    },
    {
      "id": "ab333eac-823a-45bc-b5d8-71b694b1bb62",
      "module": "NCIP",
      "configName": "Relais",
      "code": "item.perm.location.code",
      "enabled": true,
      "value": "PALCI_LEHIGH",
      "metadata": {
        "createdDate": "2020-03-06T20:24:55.380+0000",
        "createdByUserId": "99999999-9999-1999-8999-999999999901",
        "updatedDate": "2020-03-06T20:24:55.380+0000",
        "updatedByUserId": "99999999-9999-1999-8999-999999999901"
      }
    },
    {
      "id": "f5bb149a-8ace-49ce-a2f9-8d3461e58faf",
      "module": "NCIP",
      "configName": "Relais",
      "code": "holdings.perm.location.code",
      "enabled": true,
      "value": "PALCI_LEHIGH",
      "metadata": {
        "createdDate": "2020-03-06T20:24:55.401+0000",
        "createdByUserId": "99999999-9999-1999-8999-999999999901",
        "updatedDate": "2020-03-06T20:24:55.401+0000",
        "updatedByUserId": "99999999-9999-1999-8999-999999999901"
      }
    },
    {
      "id": "ca6f52e1-5b7d-4a63-82f3-3d9b4b965766",
      "module": "NCIP",
      "configName": "Relais",
      "code": "instance.custom.identifier.name",
      "enabled": true,
      "value": "PALCI Request ID",
      "metadata": {
        "createdDate": "2020-03-06T20:24:55.426+0000",
        "createdByUserId": "99999999-9999-1999-8999-999999999901",
        "updatedDate": "2020-03-06T20:24:55.426+0000",
        "updatedByUserId": "99999999-9999-1999-8999-999999999901"
      }
    },
    {
      "id": "f6435c0a-d640-4c3e-b5ea-0b6f857c74f0",
      "module": "NCIP",
      "configName": "Relais",
      "code": "checkout.service.point.code",
      "enabled": true,
      "value": "FAIRCHILD",
      "metadata": {
        "createdDate": "2020-03-06T20:24:55.456+0000",
        "createdByUserId": "99999999-9999-1999-8999-999999999901",
        "updatedDate": "2020-03-06T20:24:55.456+0000",
        "updatedByUserId": "99999999-9999-1999-8999-999999999901"
      }
    },
    {
      "id": "a07bc5a3-7e26-485d-a09a-e72ea4dbdbe3",
      "module": "NCIP",
      "configName": "Relais",
      "code": "checkin.service.point.code",
      "enabled": true,
      "value": "FAIRCHILD",
      "metadata": {
        "createdDate": "2020-03-06T20:24:55.479+0000",
        "createdByUserId": "99999999-9999-1999-8999-999999999901",
        "updatedDate": "2020-03-06T20:24:55.479+0000",
        "updatedByUserId": "99999999-9999-1999-8999-999999999901"
      }
    }
  ],
  "totalRecords": 12,
  "resultInfo": {
    "totalRecords": 12,
    "facets": [],
    "diagnostics": []
  }
}

09:31:12 [] [lu] [] [mod-ncip] INFO  FolioNcipHelper      =======> initializing address types
09:31:12 [] [lu] [] [mod-ncip] INFO  FolioNcipHelper      Using timeout: 30000
09:31:12 [] [lu] [] [mod-ncip] INFO  FolioNcipHelper      GET:
09:31:12 [] [lu] [] [mod-ncip] INFO  FolioNcipHelper      http://localhost:54452/addresstypes
09:31:12 [] [lu] [] [mod-ncip] INFO  FolioNcipHelper      404
09:31:12 [] [lu] [] [mod-ncip] INFO  FolioNcipHelper      <html><body><h1>Resource not found</h1></body></html>
09:31:12 [] [lu] [] [mod-ncip] FATAL FolioNcipHelper      callApiGet failed
09:31:12 [] [lu] [] [mod-ncip] FATAL FolioNcipHelper      http://localhost:54452/addresstypes
09:31:12 [] [lu] [] [mod-ncip] FATAL FolioNcipHelper      Unable to initialize address types.
09:31:12 [] [lu] [] [mod-ncip] FATAL FolioNcipHelper      
09:31:13 [] [lu] [] [mod-ncip] INFO  CustomMappingsLoader Using the following xml files to load custom mappings for the bean mapper instance: [ilsdiv1_0_bc_mappings.xml]
09:31:13 [] [lu] [] [mod-ncip] INFO  CustomMappingsLoader Trying to find xml mapping file: ilsdiv1_0_bc_mappings.xml
09:31:13 [] [lu] [] [mod-ncip] INFO  CustomMappingsLoader Using URL [jar:file:/C:/Users/MSuranofsky/.m2/repository/org/extensiblecatalog/ncip/v2/binding-ilsdiv1_0_bc/3.0.0/binding-ilsdiv1_0_bc-3.0.0.jar!/ilsdiv1_0_bc_mappings.xml] to load custom xml mappings
09:31:13 [] [lu] [] [mod-ncip] INFO  CustomMappingsLoader Successfully loaded custom xml mappings from URL: [jar:file:/C:/Users/MSuranofsky/.m2/repository/org/extensiblecatalog/ncip/v2/binding-ilsdiv1_0_bc/3.0.0/binding-ilsdiv1_0_bc-3.0.0.jar!/ilsdiv1_0_bc_mappings.xml]
09:31:14 [] [lu] [] [mod-ncip] INFO  RemoteServiceManager Using timeout: 30000
09:31:14 [] [lu] [] [mod-ncip] INFO  RemoteServiceManager GET:
09:31:14 [] [lu] [] [mod-ncip] INFO  RemoteServiceManager http://localhost:54452/users?query=%28barcode%3D%3D%225551214%22%20or%20externalSystemId%3D%3D%225551214%22%20or%20username%3D%3D%225551214%22%29
09:31:14 [] [lu] [] [mod-ncip] INFO  RemoteServiceManager 200
09:31:14 [] [lu] [] [mod-ncip] INFO  RemoteServiceManager {
  "users" : [ {
    "username" : "jsmith",
    "id" : "99999999-9999-1999-8999-999999999903",
    "barcode" : "5551214",
    "active" : true,
    "type" : "patron",
    "patronGroup" : "dac3aab4-7a86-422b-b5fc-6fbf7afd7aeb",
    "meta" : {
      "creation_date" : "2016-11-05T0723",
      "last_login_date" : ""
    },
    "proxyFor" : [ ],
    "personal" : {
      "lastName" : "Jane",
      "firstName" : "Smith",
      "email" : "mis306@lehigh.edu",
      "phone" : "594.555.1212",
      "addresses" : [ ]
    },
    "createdDate" : "2019-09-18T15:23:06.191+0000",
    "updatedDate" : "2019-09-18T15:23:06.191+0000"
  } ],
  "totalRecords" : 1,
  "resultInfo" : {
    "totalRecords" : 1,
    "facets" : [ ],
    "diagnostics" : [ ]
  }
}

09:31:14 [] [] [] [] INFO  RemoteServiceManager Using timeout: 30000
09:31:14 [] [] [] [] INFO  RemoteServiceManager Using timeout: 30000
09:31:14 [] [] [] [] INFO  RemoteServiceManager Using timeout: 30000
09:31:14 [] [] [] [] INFO  RemoteServiceManager Using timeout: 30000
09:31:14 [] [] [] [] INFO  RemoteServiceManager GET:
09:31:14 [] [] [] [] INFO  RemoteServiceManager http://localhost:54452/manualblocks?query=query=(userId%3D%3D%2299999999-9999-1999-8999-999999999903%22%29&limit=100
09:31:14 [] [] [] [] INFO  RemoteServiceManager 200
09:31:14 [] [] [] [] INFO  RemoteServiceManager {
  "manualblocks" : [ ],
  "totalRecords" : 0
}

09:31:14 [] [] [] [] INFO  RemoteServiceManager GET:
09:31:14 [] [] [] [] INFO  RemoteServiceManager http://localhost:54452/groups/dac3aab4-7a86-422b-b5fc-6fbf7afd7aeb
09:31:14 [] [] [] [] INFO  RemoteServiceManager 200
09:31:14 [] [] [] [] INFO  RemoteServiceManager {
  "group" : "GRAD",
  "desc" : "GRAD",
  "id" : "dac3aab4-7a86-422b-b5fc-6fbf7afd7aeb"
}

09:31:14 [] [] [] [] INFO  RemoteServiceManager GET:
09:31:14 [] [] [] [] INFO  RemoteServiceManager http://localhost:54452/automated-patron-blocks/99999999-9999-1999-8999-999999999903
09:31:14 [] [] [] [] INFO  RemoteServiceManager 200
09:31:14 [] [] [] [] INFO  RemoteServiceManager {
  "automatedPatronBlocks" : [ {
    "patronBlockConditionId" : "3d7c52dc-c732-4223-8bf8-e5917801386f",
    "blockBorrowing" : true,
    "blockRenewals" : true,
    "blockRequests" : true,
    "message" : "too many items checked out"
  } ]
}

09:31:14 [] [] [] [] INFO  RemoteServiceManager GET:
09:31:14 [] [] [] [] INFO  RemoteServiceManager http://localhost:54452/service-points-users?query=query=(userId%3D%3D%2299999999-9999-1999-8999-999999999903%22%29&limit=700
09:31:14 [] [] [] [] INFO  RemoteServiceManager 200
09:31:14 [] [] [] [] INFO  RemoteServiceManager {
  "servicepoints" : [ {
    "id" : "29faacf1-4ba4-42c7-8b2a-566b259e4641",
    "name" : "Fairchild Martindale",
    "code" : "FAIRCHILD",
    "discoveryDisplayName" : "Fairchild Martindale",
    "shelvingLagTime" : 10,
    "pickupLocation" : true,
    "holdShelfExpiryPeriod" : {
      "duration" : 5,
      "intervalId" : "Days"
    },
    "staffSlips" : [ ]
  } ],
  "totalRecords" : 1
}

09:31:14 [] [lu] [] [mod-ncip] INFO  RemoteServiceManager patron does not have a preferred service point assigned
The result is: <?xml version="1.0" encoding="UTF-8" standalone="yes"?><ns1:NCIPMessage xmlns:ns1="http://www.niso.org/2008/ncip" ns1:version="http://www.niso.org/schemas/ncip/v2_0/imp1/xsd/ncip_v2_0.xsd"><ns1:LookupUserResponse><ns1:UserId><ns1:AgencyId>Relais</ns1:AgencyId><ns1:UserIdentifierType>barcode</ns1:UserIdentifierType><ns1:UserIdentifierValue>5551214</ns1:UserIdentifierValue></ns1:UserId><ns1:UserOptionalFields><ns1:NameInformation><ns1:PersonalNameInformation><ns1:StructuredPersonalUserName><ns1:GivenName>Smith</ns1:GivenName><ns1:Surname>Jane</ns1:Surname></ns1:StructuredPersonalUserName><ns1:UnstructuredPersonalUserName>Smith Jane</ns1:UnstructuredPersonalUserName></ns1:PersonalNameInformation></ns1:NameInformation><ns1:UserAddressInformation><ns1:UserAddressRoleType>OTH</ns1:UserAddressRoleType><ns1:ElectronicAddress><ns1:ElectronicAddressType>electronic mail address</ns1:ElectronicAddressType><ns1:ElectronicAddressData>mis306@lehigh.edu</ns1:ElectronicAddressData></ns1:ElectronicAddress></ns1:UserAddressInformation><ns1:UserAddressInformation><ns1:UserAddressRoleType>OTH</ns1:UserAddressRoleType><ns1:ElectronicAddress><ns1:ElectronicAddressType>TEL</ns1:ElectronicAddressType><ns1:ElectronicAddressData>594.555.1212</ns1:ElectronicAddressData></ns1:ElectronicAddress></ns1:UserAddressInformation><ns1:UserPrivilege><ns1:AgencyId>Relais</ns1:AgencyId><ns1:AgencyUserPrivilegeType ns1:Scheme="">PROFILE</ns1:AgencyUserPrivilegeType><ns1:UserPrivilegeStatus><ns1:UserPrivilegeStatusType ns1:Scheme="">GRAD</ns1:UserPrivilegeStatusType></ns1:UserPrivilegeStatus><ns1:UserPrivilegeDescription>User Profile</ns1:UserPrivilegeDescription></ns1:UserPrivilege><ns1:UserPrivilege><ns1:AgencyId>Relais</ns1:AgencyId><ns1:AgencyUserPrivilegeType ns1:Scheme="">LIBRARY</ns1:AgencyUserPrivilegeType><ns1:UserPrivilegeStatus><ns1:UserPrivilegeStatusType ns1:Scheme=""/></ns1:UserPrivilegeStatus><ns1:UserPrivilegeDescription>User Library</ns1:UserPrivilegeDescription></ns1:UserPrivilege><ns1:UserPrivilege><ns1:AgencyId>Relais</ns1:AgencyId><ns1:AgencyUserPrivilegeType ns1:Scheme="">STATUS</ns1:AgencyUserPrivilegeType><ns1:UserPrivilegeStatus><ns1:UserPrivilegeStatusType ns1:Scheme="">BLOCKED</ns1:UserPrivilegeStatusType></ns1:UserPrivilegeStatus><ns1:UserPrivilegeDescription>User Status</ns1:UserPrivilegeDescription></ns1:UserPrivilege></ns1:UserOptionalFields></ns1:LookupUserResponse></ns1:NCIPMessage>
<ns1:NCIPMessage xmlns:ns1="http://www.niso.org/2008/ncip" ns1:version="http://www.niso.org/schemas/ncip/v2_0/imp1/xsd/ncip_v2_0.xsd">
  <ns1:LookupUserResponse>
    <ns1:UserId>
      <ns1:AgencyId>Relais</ns1:AgencyId>
      <ns1:UserIdentifierType>barcode</ns1:UserIdentifierType>
      <ns1:UserIdentifierValue>5551214</ns1:UserIdentifierValue>
    </ns1:UserId>
    <ns1:UserOptionalFields>
      <ns1:NameInformation>
        <ns1:PersonalNameInformation>
          <ns1:StructuredPersonalUserName>
            <ns1:GivenName>Smith</ns1:GivenName>
            <ns1:Surname>Jane</ns1:Surname>
          </ns1:StructuredPersonalUserName>
          <ns1:UnstructuredPersonalUserName>Smith Jane</ns1:UnstructuredPersonalUserName>
        </ns1:PersonalNameInformation>
      </ns1:NameInformation>
      <ns1:UserAddressInformation>
        <ns1:UserAddressRoleType>OTH</ns1:UserAddressRoleType>
        <ns1:ElectronicAddress>
          <ns1:ElectronicAddressType>electronic mail address</ns1:ElectronicAddressType>
          <ns1:ElectronicAddressData>mis306@lehigh.edu</ns1:ElectronicAddressData>
        </ns1:ElectronicAddress>
      </ns1:UserAddressInformation>
      <ns1:UserAddressInformation>
        <ns1:UserAddressRoleType>OTH</ns1:UserAddressRoleType>
        <ns1:ElectronicAddress>
          <ns1:ElectronicAddressType>TEL</ns1:ElectronicAddressType>
          <ns1:ElectronicAddressData>594.555.1212</ns1:ElectronicAddressData>
        </ns1:ElectronicAddress>
      </ns1:UserAddressInformation>
      <ns1:UserPrivilege>
        <ns1:AgencyId>Relais</ns1:AgencyId>
        <ns1:AgencyUserPrivilegeType ns1:Scheme="">PROFILE</ns1:AgencyUserPrivilegeType>
        <ns1:UserPrivilegeStatus>
          <ns1:UserPrivilegeStatusType ns1:Scheme="">GRAD</ns1:UserPrivilegeStatusType>
        </ns1:UserPrivilegeStatus>
        <ns1:UserPrivilegeDescription>User Profile</ns1:UserPrivilegeDescription>
      </ns1:UserPrivilege>
      <ns1:UserPrivilege>
        <ns1:AgencyId>Relais</ns1:AgencyId>
        <ns1:AgencyUserPrivilegeType ns1:Scheme="">LIBRARY</ns1:AgencyUserPrivilegeType>
        <ns1:UserPrivilegeStatus>
          <ns1:UserPrivilegeStatusType ns1:Scheme=""/>
        </ns1:UserPrivilegeStatus>
        <ns1:UserPrivilegeDescription>User Library</ns1:UserPrivilegeDescription>
      </ns1:UserPrivilege>
      <ns1:UserPrivilege>
        <ns1:AgencyId>Relais</ns1:AgencyId>
        <ns1:AgencyUserPrivilegeType ns1:Scheme="">STATUS</ns1:AgencyUserPrivilegeType>
        <ns1:UserPrivilegeStatus>
          <ns1:UserPrivilegeStatusType ns1:Scheme="">BLOCKED</ns1:UserPrivilegeStatusType>
        </ns1:UserPrivilegeStatus>
        <ns1:UserPrivilegeDescription>User Status</ns1:UserPrivilegeDescription>
      </ns1:UserPrivilege>
    </ns1:UserOptionalFields>
  </ns1:LookupUserResponse>
</ns1:NCIPMessage>
<ns1:NCIPMessage xmlns:ns1="http://www.niso.org/2008/ncip" ns1:version="http://www.niso.org/schemas/ncip/v2_0/imp1/xsd/ncip_v2_0.xsd">
  <ns1:LookupUserResponse>
    <ns1:UserId>
      <ns1:AgencyId>Relais</ns1:AgencyId>
      <ns1:UserIdentifierType>barcode</ns1:UserIdentifierType>
      <ns1:UserIdentifierValue>5551214</ns1:UserIdentifierValue>
    </ns1:UserId>
    <ns1:UserOptionalFields>
      <ns1:NameInformation>
        <ns1:PersonalNameInformation>
          <ns1:StructuredPersonalUserName>
            <ns1:GivenName>Smith</ns1:GivenName>
            <ns1:Surname>Jane</ns1:Surname>
          </ns1:StructuredPersonalUserName>
          <ns1:UnstructuredPersonalUserName>Smith Jane</ns1:UnstructuredPersonalUserName>
        </ns1:PersonalNameInformation>
      </ns1:NameInformation>
      <ns1:UserAddressInformation>
        <ns1:UserAddressRoleType>OTH</ns1:UserAddressRoleType>
        <ns1:ElectronicAddress>
          <ns1:ElectronicAddressType>electronic mail address</ns1:ElectronicAddressType>
          <ns1:ElectronicAddressData>mis306@lehigh.edu</ns1:ElectronicAddressData>
        </ns1:ElectronicAddress>
      </ns1:UserAddressInformation>
      <ns1:UserAddressInformation>
        <ns1:UserAddressRoleType>OTH</ns1:UserAddressRoleType>
        <ns1:ElectronicAddress>
          <ns1:ElectronicAddressType>TEL</ns1:ElectronicAddressType>
          <ns1:ElectronicAddressData>594.555.1212</ns1:ElectronicAddressData>
        </ns1:ElectronicAddress>
      </ns1:UserAddressInformation>
      <ns1:UserPrivilege>
        <ns1:AgencyId>Relais</ns1:AgencyId>
        <ns1:AgencyUserPrivilegeType ns1:Scheme="">PROFILE</ns1:AgencyUserPrivilegeType>
        <ns1:UserPrivilegeStatus>
          <ns1:UserPrivilegeStatusType ns1:Scheme="">GRAD</ns1:UserPrivilegeStatusType>
        </ns1:UserPrivilegeStatus>
        <ns1:UserPrivilegeDescription>User Profile</ns1:UserPrivilegeDescription>
      </ns1:UserPrivilege>
      <ns1:UserPrivilege>
        <ns1:AgencyId>Relais</ns1:AgencyId>
        <ns1:AgencyUserPrivilegeType ns1:Scheme="">LIBRARY</ns1:AgencyUserPrivilegeType>
        <ns1:UserPrivilegeStatus>
          <ns1:UserPrivilegeStatusType ns1:Scheme=""/>
        </ns1:UserPrivilegeStatus>
        <ns1:UserPrivilegeDescription>User Library</ns1:UserPrivilegeDescription>
      </ns1:UserPrivilege>
      <ns1:UserPrivilege>
        <ns1:AgencyId>Relais</ns1:AgencyId>
        <ns1:AgencyUserPrivilegeType ns1:Scheme="">STATUS</ns1:AgencyUserPrivilegeType>
        <ns1:UserPrivilegeStatus>
          <ns1:UserPrivilegeStatusType ns1:Scheme="">BLOCKED</ns1:UserPrivilegeStatusType>
        </ns1:UserPrivilegeStatus>
        <ns1:UserPrivilegeDescription>User Status</ns1:UserPrivilegeDescription>
      </ns1:UserPrivilege>
    </ns1:UserOptionalFields>
  </ns1:LookupUserResponse>
</ns1:NCIPMessage>
]]></system-out>
  </testcase>
  <testcase name="callLookupUserSuccess" classname="org.folio.ncip.LookupUser" time="3.5">
    <system-out><![CDATA[09:31:15 [] [lu] [] [mod-ncip] INFO  FolioNcipHelper      ncip process called...
09:31:15 [] [lu] [] [mod-ncip] INFO  FolioNcipHelper      ==========BODY===============
09:31:15 [] [lu] [] [mod-ncip] INFO  FolioNcipHelper      <?xml version="1.0" encoding="UTF-8"?>
<NCIPMessage version="http://www.niso.org/schemas/ncip/v2_0/ncip_v2_0.xsd"
   xmlns="http://www.niso.org/2008/ncip">
  <LookupUser>
  <InitiationHeader>
				<FromAgencyId>
					<AgencyId>Relais</AgencyId>
				</FromAgencyId>
				<ToAgencyId>
					<AgencyId>Lehigh University</AgencyId>
				</ToAgencyId>
   		  </InitiationHeader> 
    <UserId>
      <AgencyId>Relais</AgencyId>
      <UserIdentifierValue>8377630</UserIdentifierValue>
    </UserId>
    <UserElementType>Name Information</UserElementType>
    <UserElementType>User Address Information</UserElementType>
    <UserElementType>User Privilege</UserElementType>
    <UserElementType>User Id</UserElementType>
  </LookupUser>
</NCIPMessage>

09:31:15 [] [lu] [] [mod-ncip] INFO  FolioNcipHelper      Using timeout: 30000
09:31:15 [] [] [] [] ERROR ?                    Unhandled exception in router
java.lang.IllegalStateException: Response head already sent
	at io.vertx.core.http.impl.Http1xServerResponse.checkHeadWritten(Http1xServerResponse.java:687) ~[vertx-core-4.3.8.jar:4.3.8]
	at io.vertx.core.http.impl.Http1xServerResponse.setStatusCode(Http1xServerResponse.java:149) ~[vertx-core-4.3.8.jar:4.3.8]
	at org.folio.ncip.MockServer.serverResponse(MockServer.java:178) ~[test-classes/:?]
	at org.folio.ncip.MockServer.getNcipConfigs(MockServer.java:126) ~[test-classes/:?]
	at io.vertx.ext.web.impl.RouteState.handleContext(RouteState.java:1284) ~[vertx-web-4.3.8.jar:4.3.8]
	at io.vertx.ext.web.impl.RoutingContextImplBase.iterateNext(RoutingContextImplBase.java:177) ~[vertx-web-4.3.8.jar:4.3.8]
	at io.vertx.ext.web.impl.RoutingContextImpl.next(RoutingContextImpl.java:141) ~[vertx-web-4.3.8.jar:4.3.8]
	at io.vertx.ext.web.handler.impl.BodyHandlerImpl.handle(BodyHandlerImpl.java:96) ~[vertx-web-4.3.8.jar:4.3.8]
	at io.vertx.ext.web.handler.impl.BodyHandlerImpl.handle(BodyHandlerImpl.java:46) ~[vertx-web-4.3.8.jar:4.3.8]
	at io.vertx.ext.web.impl.RouteState.handleContext(RouteState.java:1284) ~[vertx-web-4.3.8.jar:4.3.8]
	at io.vertx.ext.web.impl.RoutingContextImplBase.iterateNext(RoutingContextImplBase.java:177) ~[vertx-web-4.3.8.jar:4.3.8]
	at io.vertx.ext.web.impl.RoutingContextImpl.next(RoutingContextImpl.java:141) ~[vertx-web-4.3.8.jar:4.3.8]
	at io.vertx.ext.web.impl.RouterImpl.handle(RouterImpl.java:68) ~[vertx-web-4.3.8.jar:4.3.8]
	at io.vertx.ext.web.impl.RouterImpl.handle(RouterImpl.java:37) ~[vertx-web-4.3.8.jar:4.3.8]
	at io.vertx.core.http.impl.Http1xServerRequestHandler.handle(Http1xServerRequestHandler.java:67) ~[vertx-core-4.3.8.jar:4.3.8]
	at io.vertx.core.http.impl.Http1xServerRequestHandler.handle(Http1xServerRequestHandler.java:30) ~[vertx-core-4.3.8.jar:4.3.8]
	at io.vertx.core.impl.EventLoopContext.emit(EventLoopContext.java:55) ~[vertx-core-4.3.8.jar:4.3.8]
	at io.vertx.core.impl.DuplicatedContext.emit(DuplicatedContext.java:158) ~[vertx-core-4.3.8.jar:4.3.8]
	at io.vertx.core.http.impl.Http1xServerConnection.handleMessage(Http1xServerConnection.java:145) ~[vertx-core-4.3.8.jar:4.3.8]
	at io.vertx.core.net.impl.ConnectionBase.read(ConnectionBase.java:157) ~[vertx-core-4.3.8.jar:4.3.8]
	at io.vertx.core.net.impl.VertxHandler.channelRead(VertxHandler.java:153) ~[vertx-core-4.3.8.jar:4.3.8]
	at io.netty.channel.AbstractChannelHandlerContext.invokeChannelRead(AbstractChannelHandlerContext.java:442) ~[netty-transport-4.1.87.Final.jar:4.1.87.Final]
	at io.netty.channel.AbstractChannelHandlerContext.invokeChannelRead(AbstractChannelHandlerContext.java:420) ~[netty-transport-4.1.87.Final.jar:4.1.87.Final]
	at io.netty.channel.AbstractChannelHandlerContext.fireChannelRead(AbstractChannelHandlerContext.java:412) ~[netty-transport-4.1.87.Final.jar:4.1.87.Final]
	at io.netty.channel.ChannelInboundHandlerAdapter.channelRead(ChannelInboundHandlerAdapter.java:93) ~[netty-transport-4.1.87.Final.jar:4.1.87.Final]
	at io.netty.handler.codec.http.websocketx.extensions.WebSocketServerExtensionHandler.channelRead(WebSocketServerExtensionHandler.java:99) ~[netty-codec-http-4.1.87.Final.jar:4.1.87.Final]
	at io.netty.channel.AbstractChannelHandlerContext.invokeChannelRead(AbstractChannelHandlerContext.java:442) ~[netty-transport-4.1.87.Final.jar:4.1.87.Final]
	at io.netty.channel.AbstractChannelHandlerContext.invokeChannelRead(AbstractChannelHandlerContext.java:420) ~[netty-transport-4.1.87.Final.jar:4.1.87.Final]
	at io.netty.channel.AbstractChannelHandlerContext.fireChannelRead(AbstractChannelHandlerContext.java:412) ~[netty-transport-4.1.87.Final.jar:4.1.87.Final]
	at io.vertx.core.http.impl.Http1xUpgradeToH2CHandler.channelRead(Http1xUpgradeToH2CHandler.java:120) ~[vertx-core-4.3.8.jar:4.3.8]
	at io.netty.channel.AbstractChannelHandlerContext.invokeChannelRead(AbstractChannelHandlerContext.java:444) ~[netty-transport-4.1.87.Final.jar:4.1.87.Final]
	at io.netty.channel.AbstractChannelHandlerContext.invokeChannelRead(AbstractChannelHandlerContext.java:420) ~[netty-transport-4.1.87.Final.jar:4.1.87.Final]
	at io.netty.channel.AbstractChannelHandlerContext.fireChannelRead(AbstractChannelHandlerContext.java:412) ~[netty-transport-4.1.87.Final.jar:4.1.87.Final]
	at io.netty.handler.codec.ByteToMessageDecoder.fireChannelRead(ByteToMessageDecoder.java:346) ~[netty-codec-4.1.87.Final.jar:4.1.87.Final]
	at io.netty.handler.codec.ByteToMessageDecoder.channelRead(ByteToMessageDecoder.java:318) ~[netty-codec-4.1.87.Final.jar:4.1.87.Final]
	at io.netty.channel.AbstractChannelHandlerContext.invokeChannelRead(AbstractChannelHandlerContext.java:444) ~[netty-transport-4.1.87.Final.jar:4.1.87.Final]
	at io.netty.channel.AbstractChannelHandlerContext.invokeChannelRead(AbstractChannelHandlerContext.java:420) ~[netty-transport-4.1.87.Final.jar:4.1.87.Final]
	at io.netty.channel.AbstractChannelHandlerContext.fireChannelRead(AbstractChannelHandlerContext.java:412) ~[netty-transport-4.1.87.Final.jar:4.1.87.Final]
	at io.vertx.core.http.impl.Http1xOrH2CHandler.end(Http1xOrH2CHandler.java:61) ~[vertx-core-4.3.8.jar:4.3.8]
	at io.vertx.core.http.impl.Http1xOrH2CHandler.channelRead(Http1xOrH2CHandler.java:38) ~[vertx-core-4.3.8.jar:4.3.8]
	at io.netty.channel.AbstractChannelHandlerContext.invokeChannelRead(AbstractChannelHandlerContext.java:444) ~[netty-transport-4.1.87.Final.jar:4.1.87.Final]
	at io.netty.channel.AbstractChannelHandlerContext.invokeChannelRead(AbstractChannelHandlerContext.java:420) ~[netty-transport-4.1.87.Final.jar:4.1.87.Final]
	at io.netty.channel.AbstractChannelHandlerContext.fireChannelRead(AbstractChannelHandlerContext.java:412) ~[netty-transport-4.1.87.Final.jar:4.1.87.Final]
	at io.netty.channel.DefaultChannelPipeline$HeadContext.channelRead(DefaultChannelPipeline.java:1410) ~[netty-transport-4.1.87.Final.jar:4.1.87.Final]
	at io.netty.channel.AbstractChannelHandlerContext.invokeChannelRead(AbstractChannelHandlerContext.java:440) ~[netty-transport-4.1.87.Final.jar:4.1.87.Final]
	at io.netty.channel.AbstractChannelHandlerContext.invokeChannelRead(AbstractChannelHandlerContext.java:420) ~[netty-transport-4.1.87.Final.jar:4.1.87.Final]
	at io.netty.channel.DefaultChannelPipeline.fireChannelRead(DefaultChannelPipeline.java:919) ~[netty-transport-4.1.87.Final.jar:4.1.87.Final]
	at io.netty.channel.nio.AbstractNioByteChannel$NioByteUnsafe.read(AbstractNioByteChannel.java:166) ~[netty-transport-4.1.87.Final.jar:4.1.87.Final]
	at io.netty.channel.nio.NioEventLoop.processSelectedKey(NioEventLoop.java:788) ~[netty-transport-4.1.87.Final.jar:4.1.87.Final]
	at io.netty.channel.nio.NioEventLoop.processSelectedKeysOptimized(NioEventLoop.java:724) ~[netty-transport-4.1.87.Final.jar:4.1.87.Final]
	at io.netty.channel.nio.NioEventLoop.processSelectedKeys(NioEventLoop.java:650) ~[netty-transport-4.1.87.Final.jar:4.1.87.Final]
	at io.netty.channel.nio.NioEventLoop.run(NioEventLoop.java:562) ~[netty-transport-4.1.87.Final.jar:4.1.87.Final]
	at io.netty.util.concurrent.SingleThreadEventExecutor$4.run(SingleThreadEventExecutor.java:997) ~[netty-common-4.1.87.Final.jar:4.1.87.Final]
	at io.netty.util.internal.ThreadExecutorMap$2.run(ThreadExecutorMap.java:74) ~[netty-common-4.1.87.Final.jar:4.1.87.Final]
	at io.netty.util.concurrent.FastThreadLocalRunnable.run(FastThreadLocalRunnable.java:30) ~[netty-common-4.1.87.Final.jar:4.1.87.Final]
	at java.lang.Thread.run(Thread.java:829) ~[?:?]
09:31:15 [] [lu] [] [mod-ncip] INFO  FolioNcipHelper      GET:
09:31:15 [] [lu] [] [mod-ncip] INFO  FolioNcipHelper      http://localhost:54452/configurations/entries?query=configName%3Dtoolkit&limit=200
09:31:15 [] [lu] [] [mod-ncip] INFO  FolioNcipHelper      200
09:31:15 [] [lu] [] [mod-ncip] INFO  FolioNcipHelper      {
  "configs": [],
  "totalRecords": 0,
  "resultInfo": {
    "totalRecords": 0,
    "facets": [],
    "diagnostics": []
  }
}

09:31:15 [] [lu] [] [mod-ncip] INFO  FolioNcipHelper      No toolkit configurations found.  Using defaults.  QUERY:http://localhost:54452/configurations/entries?query=configName%3Dtoolkit&limit=200
09:31:15 [] [lu] [] [mod-ncip] INFO  FolioNcipHelper      #accept item
09:31:15 [] [lu] [] [mod-ncip] INFO  FolioNcipHelper      instance.type.name
09:31:15 [] [lu] [] [mod-ncip] INFO  FolioNcipHelper      Using timeout: 30000
09:31:15 [] [lu] [] [mod-ncip] INFO  FolioNcipHelper      GET:
09:31:15 [] [lu] [] [mod-ncip] INFO  FolioNcipHelper      http://localhost:54452/configurations/entries?query=code%3D%3D%22instance.type.name%22&limit=200
09:31:15 [] [lu] [] [mod-ncip] INFO  FolioNcipHelper      200
09:31:15 [] [lu] [] [mod-ncip] INFO  FolioNcipHelper      {
  "configs": [
    {
      "id": "ecb9cf87-adcb-4be7-9253-e8caf8828ee6",
      "module": "NCIP",
      "configName": "Relais",
      "code": "instance.type.name",
      "enabled": true,
      "value": "PALCI",
      "metadata": {
        "createdDate": "2020-03-06T20:24:55.251+0000",
        "createdByUserId": "99999999-9999-1999-8999-999999999901",
        "updatedDate": "2020-03-06T20:24:55.251+0000",
        "updatedByUserId": "99999999-9999-1999-8999-999999999901"
      }
    },
    {
      "id": "ccf38c47-2614-43fa-9da5-82aeb32b6e11",
      "module": "NCIP",
      "configName": "Relais",
      "code": "instance.source",
      "enabled": true,
      "value": "PALCI",
      "metadata": {
        "createdDate": "2020-03-06T20:24:55.279+0000",
        "createdByUserId": "99999999-9999-1999-8999-999999999901",
        "updatedDate": "2020-03-06T20:24:55.279+0000",
        "updatedByUserId": "99999999-9999-1999-8999-999999999901"
      }
    },
    {
      "id": "c41a901e-ce08-4125-acc5-a5ed234f2c5c",
      "module": "NCIP",
      "configName": "Relais",
      "code": "item.material.type.name",
      "enabled": true,
      "value": "PALCI",
      "metadata": {
        "createdDate": "2020-03-06T20:24:55.304+0000",
        "createdByUserId": "99999999-9999-1999-8999-999999999901",
        "updatedDate": "2020-03-06T20:24:55.304+0000",
        "updatedByUserId": "99999999-9999-1999-8999-999999999901"
      }
    },
    {
      "id": "14b4f295-e9d0-4578-aeed-e1df25ce1022",
      "module": "NCIP",
      "configName": "Relais",
      "code": "item.perm.loan.type.name",
      "enabled": true,
      "value": "PALCI",
      "metadata": {
        "createdDate": "2020-03-06T20:24:55.329+0000",
        "createdByUserId": "99999999-9999-1999-8999-999999999901",
        "updatedDate": "2020-03-06T20:24:55.329+0000",
        "updatedByUserId": "99999999-9999-1999-8999-999999999901"
      }
    },
    {
      "id": "17d6ae7f-db78-41d0-827b-37f4e8113696",
      "module": "NCIP",
      "configName": "Relais",
      "code": "item.status.name",
      "enabled": true,
      "value": "Available",
      "metadata": {
        "createdDate": "2020-03-06T20:24:55.353+0000",
        "createdByUserId": "99999999-9999-1999-8999-999999999901",
        "updatedDate": "2020-03-06T20:24:55.353+0000",
        "updatedByUserId": "99999999-9999-1999-8999-999999999901"
      }
    },
    {
      "id": "ab333eac-823a-45bc-b5d8-71b694b1bb62",
      "module": "NCIP",
      "configName": "Relais",
      "code": "item.perm.location.code",
      "enabled": true,
      "value": "PALCI_LEHIGH",
      "metadata": {
        "createdDate": "2020-03-06T20:24:55.380+0000",
        "createdByUserId": "99999999-9999-1999-8999-999999999901",
        "updatedDate": "2020-03-06T20:24:55.380+0000",
        "updatedByUserId": "99999999-9999-1999-8999-999999999901"
      }
    },
    {
      "id": "f5bb149a-8ace-49ce-a2f9-8d3461e58faf",
      "module": "NCIP",
      "configName": "Relais",
      "code": "holdings.perm.location.code",
      "enabled": true,
      "value": "PALCI_LEHIGH",
      "metadata": {
        "createdDate": "2020-03-06T20:24:55.401+0000",
        "createdByUserId": "99999999-9999-1999-8999-999999999901",
        "updatedDate": "2020-03-06T20:24:55.401+0000",
        "updatedByUserId": "99999999-9999-1999-8999-999999999901"
      }
    },
    {
      "id": "ca6f52e1-5b7d-4a63-82f3-3d9b4b965766",
      "module": "NCIP",
      "configName": "Relais",
      "code": "instance.custom.identifier.name",
      "enabled": true,
      "value": "PALCI Request ID",
      "metadata": {
        "createdDate": "2020-03-06T20:24:55.426+0000",
        "createdByUserId": "99999999-9999-1999-8999-999999999901",
        "updatedDate": "2020-03-06T20:24:55.426+0000",
        "updatedByUserId": "99999999-9999-1999-8999-999999999901"
      }
    },
    {
      "id": "f6435c0a-d640-4c3e-b5ea-0b6f857c74f0",
      "module": "NCIP",
      "configName": "Relais",
      "code": "checkout.service.point.code",
      "enabled": true,
      "value": "FAIRCHILD",
      "metadata": {
        "createdDate": "2020-03-06T20:24:55.456+0000",
        "createdByUserId": "99999999-9999-1999-8999-999999999901",
        "updatedDate": "2020-03-06T20:24:55.456+0000",
        "updatedByUserId": "99999999-9999-1999-8999-999999999901"
      }
    },
    {
      "id": "a07bc5a3-7e26-485d-a09a-e72ea4dbdbe3",
      "module": "NCIP",
      "configName": "Relais",
      "code": "checkin.service.point.code",
      "enabled": true,
      "value": "FAIRCHILD",
      "metadata": {
        "createdDate": "2020-03-06T20:24:55.479+0000",
        "createdByUserId": "99999999-9999-1999-8999-999999999901",
        "updatedDate": "2020-03-06T20:24:55.479+0000",
        "updatedByUserId": "99999999-9999-1999-8999-999999999901"
      }
    }
  ],
  "totalRecords": 12,
  "resultInfo": {
    "totalRecords": 12,
    "facets": [],
    "diagnostics": []
  }
}

09:31:15 [] [lu] [] [mod-ncip] INFO  FolioNcipHelper      instance.source
09:31:15 [] [lu] [] [mod-ncip] INFO  FolioNcipHelper      Using timeout: 30000
09:31:15 [] [lu] [] [mod-ncip] INFO  FolioNcipHelper      GET:
09:31:15 [] [lu] [] [mod-ncip] INFO  FolioNcipHelper      http://localhost:54452/configurations/entries?query=code%3D%3D%22instance.source%22&limit=200
09:31:15 [] [lu] [] [mod-ncip] INFO  FolioNcipHelper      200
09:31:15 [] [lu] [] [mod-ncip] INFO  FolioNcipHelper      {
  "configs": [
    {
      "id": "ecb9cf87-adcb-4be7-9253-e8caf8828ee6",
      "module": "NCIP",
      "configName": "Relais",
      "code": "instance.type.name",
      "enabled": true,
      "value": "PALCI",
      "metadata": {
        "createdDate": "2020-03-06T20:24:55.251+0000",
        "createdByUserId": "99999999-9999-1999-8999-999999999901",
        "updatedDate": "2020-03-06T20:24:55.251+0000",
        "updatedByUserId": "99999999-9999-1999-8999-999999999901"
      }
    },
    {
      "id": "ccf38c47-2614-43fa-9da5-82aeb32b6e11",
      "module": "NCIP",
      "configName": "Relais",
      "code": "instance.source",
      "enabled": true,
      "value": "PALCI",
      "metadata": {
        "createdDate": "2020-03-06T20:24:55.279+0000",
        "createdByUserId": "99999999-9999-1999-8999-999999999901",
        "updatedDate": "2020-03-06T20:24:55.279+0000",
        "updatedByUserId": "99999999-9999-1999-8999-999999999901"
      }
    },
    {
      "id": "c41a901e-ce08-4125-acc5-a5ed234f2c5c",
      "module": "NCIP",
      "configName": "Relais",
      "code": "item.material.type.name",
      "enabled": true,
      "value": "PALCI",
      "metadata": {
        "createdDate": "2020-03-06T20:24:55.304+0000",
        "createdByUserId": "99999999-9999-1999-8999-999999999901",
        "updatedDate": "2020-03-06T20:24:55.304+0000",
        "updatedByUserId": "99999999-9999-1999-8999-999999999901"
      }
    },
    {
      "id": "14b4f295-e9d0-4578-aeed-e1df25ce1022",
      "module": "NCIP",
      "configName": "Relais",
      "code": "item.perm.loan.type.name",
      "enabled": true,
      "value": "PALCI",
      "metadata": {
        "createdDate": "2020-03-06T20:24:55.329+0000",
        "createdByUserId": "99999999-9999-1999-8999-999999999901",
        "updatedDate": "2020-03-06T20:24:55.329+0000",
        "updatedByUserId": "99999999-9999-1999-8999-999999999901"
      }
    },
    {
      "id": "17d6ae7f-db78-41d0-827b-37f4e8113696",
      "module": "NCIP",
      "configName": "Relais",
      "code": "item.status.name",
      "enabled": true,
      "value": "Available",
      "metadata": {
        "createdDate": "2020-03-06T20:24:55.353+0000",
        "createdByUserId": "99999999-9999-1999-8999-999999999901",
        "updatedDate": "2020-03-06T20:24:55.353+0000",
        "updatedByUserId": "99999999-9999-1999-8999-999999999901"
      }
    },
    {
      "id": "ab333eac-823a-45bc-b5d8-71b694b1bb62",
      "module": "NCIP",
      "configName": "Relais",
      "code": "item.perm.location.code",
      "enabled": true,
      "value": "PALCI_LEHIGH",
      "metadata": {
        "createdDate": "2020-03-06T20:24:55.380+0000",
        "createdByUserId": "99999999-9999-1999-8999-999999999901",
        "updatedDate": "2020-03-06T20:24:55.380+0000",
        "updatedByUserId": "99999999-9999-1999-8999-999999999901"
      }
    },
    {
      "id": "f5bb149a-8ace-49ce-a2f9-8d3461e58faf",
      "module": "NCIP",
      "configName": "Relais",
      "code": "holdings.perm.location.code",
      "enabled": true,
      "value": "PALCI_LEHIGH",
      "metadata": {
        "createdDate": "2020-03-06T20:24:55.401+0000",
        "createdByUserId": "99999999-9999-1999-8999-999999999901",
        "updatedDate": "2020-03-06T20:24:55.401+0000",
        "updatedByUserId": "99999999-9999-1999-8999-999999999901"
      }
    },
    {
      "id": "ca6f52e1-5b7d-4a63-82f3-3d9b4b965766",
      "module": "NCIP",
      "configName": "Relais",
      "code": "instance.custom.identifier.name",
      "enabled": true,
      "value": "PALCI Request ID",
      "metadata": {
        "createdDate": "2020-03-06T20:24:55.426+0000",
        "createdByUserId": "99999999-9999-1999-8999-999999999901",
        "updatedDate": "2020-03-06T20:24:55.426+0000",
        "updatedByUserId": "99999999-9999-1999-8999-999999999901"
      }
    },
    {
      "id": "f6435c0a-d640-4c3e-b5ea-0b6f857c74f0",
      "module": "NCIP",
      "configName": "Relais",
      "code": "checkout.service.point.code",
      "enabled": true,
      "value": "FAIRCHILD",
      "metadata": {
        "createdDate": "2020-03-06T20:24:55.456+0000",
        "createdByUserId": "99999999-9999-1999-8999-999999999901",
        "updatedDate": "2020-03-06T20:24:55.456+0000",
        "updatedByUserId": "99999999-9999-1999-8999-999999999901"
      }
    },
    {
      "id": "a07bc5a3-7e26-485d-a09a-e72ea4dbdbe3",
      "module": "NCIP",
      "configName": "Relais",
      "code": "checkin.service.point.code",
      "enabled": true,
      "value": "FAIRCHILD",
      "metadata": {
        "createdDate": "2020-03-06T20:24:55.479+0000",
        "createdByUserId": "99999999-9999-1999-8999-999999999901",
        "updatedDate": "2020-03-06T20:24:55.479+0000",
        "updatedByUserId": "99999999-9999-1999-8999-999999999901"
      }
    }
  ],
  "totalRecords": 12,
  "resultInfo": {
    "totalRecords": 12,
    "facets": [],
    "diagnostics": []
  }
}

09:31:15 [] [lu] [] [mod-ncip] INFO  FolioNcipHelper      holdings.source.name=FOLIO
09:31:15 [] [lu] [] [mod-ncip] INFO  FolioNcipHelper      Using timeout: 30000
09:31:15 [] [lu] [] [mod-ncip] INFO  FolioNcipHelper      GET:
09:31:15 [] [lu] [] [mod-ncip] INFO  FolioNcipHelper      http://localhost:54452/configurations/entries?query=code%3D%3D%22holdings.source.name%22&limit=200
09:31:15 [] [lu] [] [mod-ncip] INFO  FolioNcipHelper      200
09:31:15 [] [lu] [] [mod-ncip] INFO  FolioNcipHelper      {
  "configs": [
    {
      "id": "ecb9cf87-adcb-4be7-9253-e8caf8828ee6",
      "module": "NCIP",
      "configName": "Relais",
      "code": "instance.type.name",
      "enabled": true,
      "value": "PALCI",
      "metadata": {
        "createdDate": "2020-03-06T20:24:55.251+0000",
        "createdByUserId": "99999999-9999-1999-8999-999999999901",
        "updatedDate": "2020-03-06T20:24:55.251+0000",
        "updatedByUserId": "99999999-9999-1999-8999-999999999901"
      }
    },
    {
      "id": "ccf38c47-2614-43fa-9da5-82aeb32b6e11",
      "module": "NCIP",
      "configName": "Relais",
      "code": "instance.source",
      "enabled": true,
      "value": "PALCI",
      "metadata": {
        "createdDate": "2020-03-06T20:24:55.279+0000",
        "createdByUserId": "99999999-9999-1999-8999-999999999901",
        "updatedDate": "2020-03-06T20:24:55.279+0000",
        "updatedByUserId": "99999999-9999-1999-8999-999999999901"
      }
    },
    {
      "id": "c41a901e-ce08-4125-acc5-a5ed234f2c5c",
      "module": "NCIP",
      "configName": "Relais",
      "code": "item.material.type.name",
      "enabled": true,
      "value": "PALCI",
      "metadata": {
        "createdDate": "2020-03-06T20:24:55.304+0000",
        "createdByUserId": "99999999-9999-1999-8999-999999999901",
        "updatedDate": "2020-03-06T20:24:55.304+0000",
        "updatedByUserId": "99999999-9999-1999-8999-999999999901"
      }
    },
    {
      "id": "14b4f295-e9d0-4578-aeed-e1df25ce1022",
      "module": "NCIP",
      "configName": "Relais",
      "code": "item.perm.loan.type.name",
      "enabled": true,
      "value": "PALCI",
      "metadata": {
        "createdDate": "2020-03-06T20:24:55.329+0000",
        "createdByUserId": "99999999-9999-1999-8999-999999999901",
        "updatedDate": "2020-03-06T20:24:55.329+0000",
        "updatedByUserId": "99999999-9999-1999-8999-999999999901"
      }
    },
    {
      "id": "17d6ae7f-db78-41d0-827b-37f4e8113696",
      "module": "NCIP",
      "configName": "Relais",
      "code": "item.status.name",
      "enabled": true,
      "value": "Available",
      "metadata": {
        "createdDate": "2020-03-06T20:24:55.353+0000",
        "createdByUserId": "99999999-9999-1999-8999-999999999901",
        "updatedDate": "2020-03-06T20:24:55.353+0000",
        "updatedByUserId": "99999999-9999-1999-8999-999999999901"
      }
    },
    {
      "id": "ab333eac-823a-45bc-b5d8-71b694b1bb62",
      "module": "NCIP",
      "configName": "Relais",
      "code": "item.perm.location.code",
      "enabled": true,
      "value": "PALCI_LEHIGH",
      "metadata": {
        "createdDate": "2020-03-06T20:24:55.380+0000",
        "createdByUserId": "99999999-9999-1999-8999-999999999901",
        "updatedDate": "2020-03-06T20:24:55.380+0000",
        "updatedByUserId": "99999999-9999-1999-8999-999999999901"
      }
    },
    {
      "id": "f5bb149a-8ace-49ce-a2f9-8d3461e58faf",
      "module": "NCIP",
      "configName": "Relais",
      "code": "holdings.perm.location.code",
      "enabled": true,
      "value": "PALCI_LEHIGH",
      "metadata": {
        "createdDate": "2020-03-06T20:24:55.401+0000",
        "createdByUserId": "99999999-9999-1999-8999-999999999901",
        "updatedDate": "2020-03-06T20:24:55.401+0000",
        "updatedByUserId": "99999999-9999-1999-8999-999999999901"
      }
    },
    {
      "id": "ca6f52e1-5b7d-4a63-82f3-3d9b4b965766",
      "module": "NCIP",
      "configName": "Relais",
      "code": "instance.custom.identifier.name",
      "enabled": true,
      "value": "PALCI Request ID",
      "metadata": {
        "createdDate": "2020-03-06T20:24:55.426+0000",
        "createdByUserId": "99999999-9999-1999-8999-999999999901",
        "updatedDate": "2020-03-06T20:24:55.426+0000",
        "updatedByUserId": "99999999-9999-1999-8999-999999999901"
      }
    },
    {
      "id": "f6435c0a-d640-4c3e-b5ea-0b6f857c74f0",
      "module": "NCIP",
      "configName": "Relais",
      "code": "checkout.service.point.code",
      "enabled": true,
      "value": "FAIRCHILD",
      "metadata": {
        "createdDate": "2020-03-06T20:24:55.456+0000",
        "createdByUserId": "99999999-9999-1999-8999-999999999901",
        "updatedDate": "2020-03-06T20:24:55.456+0000",
        "updatedByUserId": "99999999-9999-1999-8999-999999999901"
      }
    },
    {
      "id": "a07bc5a3-7e26-485d-a09a-e72ea4dbdbe3",
      "module": "NCIP",
      "configName": "Relais",
      "code": "checkin.service.point.code",
      "enabled": true,
      "value": "FAIRCHILD",
      "metadata": {
        "createdDate": "2020-03-06T20:24:55.479+0000",
        "createdByUserId": "99999999-9999-1999-8999-999999999901",
        "updatedDate": "2020-03-06T20:24:55.479+0000",
        "updatedByUserId": "99999999-9999-1999-8999-999999999901"
      }
    }
  ],
  "totalRecords": 12,
  "resultInfo": {
    "totalRecords": 12,
    "facets": [],
    "diagnostics": []
  }
}

09:31:15 [] [lu] [] [mod-ncip] INFO  FolioNcipHelper      item.material.type.name
09:31:15 [] [lu] [] [mod-ncip] INFO  FolioNcipHelper      Using timeout: 30000
09:31:15 [] [lu] [] [mod-ncip] INFO  FolioNcipHelper      GET:
09:31:15 [] [lu] [] [mod-ncip] INFO  FolioNcipHelper      http://localhost:54452/configurations/entries?query=code%3D%3D%22item.material.type.name%22&limit=200
09:31:15 [] [lu] [] [mod-ncip] INFO  FolioNcipHelper      200
09:31:15 [] [lu] [] [mod-ncip] INFO  FolioNcipHelper      {
  "configs": [
    {
      "id": "ecb9cf87-adcb-4be7-9253-e8caf8828ee6",
      "module": "NCIP",
      "configName": "Relais",
      "code": "instance.type.name",
      "enabled": true,
      "value": "PALCI",
      "metadata": {
        "createdDate": "2020-03-06T20:24:55.251+0000",
        "createdByUserId": "99999999-9999-1999-8999-999999999901",
        "updatedDate": "2020-03-06T20:24:55.251+0000",
        "updatedByUserId": "99999999-9999-1999-8999-999999999901"
      }
    },
    {
      "id": "ccf38c47-2614-43fa-9da5-82aeb32b6e11",
      "module": "NCIP",
      "configName": "Relais",
      "code": "instance.source",
      "enabled": true,
      "value": "PALCI",
      "metadata": {
        "createdDate": "2020-03-06T20:24:55.279+0000",
        "createdByUserId": "99999999-9999-1999-8999-999999999901",
        "updatedDate": "2020-03-06T20:24:55.279+0000",
        "updatedByUserId": "99999999-9999-1999-8999-999999999901"
      }
    },
    {
      "id": "c41a901e-ce08-4125-acc5-a5ed234f2c5c",
      "module": "NCIP",
      "configName": "Relais",
      "code": "item.material.type.name",
      "enabled": true,
      "value": "PALCI",
      "metadata": {
        "createdDate": "2020-03-06T20:24:55.304+0000",
        "createdByUserId": "99999999-9999-1999-8999-999999999901",
        "updatedDate": "2020-03-06T20:24:55.304+0000",
        "updatedByUserId": "99999999-9999-1999-8999-999999999901"
      }
    },
    {
      "id": "14b4f295-e9d0-4578-aeed-e1df25ce1022",
      "module": "NCIP",
      "configName": "Relais",
      "code": "item.perm.loan.type.name",
      "enabled": true,
      "value": "PALCI",
      "metadata": {
        "createdDate": "2020-03-06T20:24:55.329+0000",
        "createdByUserId": "99999999-9999-1999-8999-999999999901",
        "updatedDate": "2020-03-06T20:24:55.329+0000",
        "updatedByUserId": "99999999-9999-1999-8999-999999999901"
      }
    },
    {
      "id": "17d6ae7f-db78-41d0-827b-37f4e8113696",
      "module": "NCIP",
      "configName": "Relais",
      "code": "item.status.name",
      "enabled": true,
      "value": "Available",
      "metadata": {
        "createdDate": "2020-03-06T20:24:55.353+0000",
        "createdByUserId": "99999999-9999-1999-8999-999999999901",
        "updatedDate": "2020-03-06T20:24:55.353+0000",
        "updatedByUserId": "99999999-9999-1999-8999-999999999901"
      }
    },
    {
      "id": "ab333eac-823a-45bc-b5d8-71b694b1bb62",
      "module": "NCIP",
      "configName": "Relais",
      "code": "item.perm.location.code",
      "enabled": true,
      "value": "PALCI_LEHIGH",
      "metadata": {
        "createdDate": "2020-03-06T20:24:55.380+0000",
        "createdByUserId": "99999999-9999-1999-8999-999999999901",
        "updatedDate": "2020-03-06T20:24:55.380+0000",
        "updatedByUserId": "99999999-9999-1999-8999-999999999901"
      }
    },
    {
      "id": "f5bb149a-8ace-49ce-a2f9-8d3461e58faf",
      "module": "NCIP",
      "configName": "Relais",
      "code": "holdings.perm.location.code",
      "enabled": true,
      "value": "PALCI_LEHIGH",
      "metadata": {
        "createdDate": "2020-03-06T20:24:55.401+0000",
        "createdByUserId": "99999999-9999-1999-8999-999999999901",
        "updatedDate": "2020-03-06T20:24:55.401+0000",
        "updatedByUserId": "99999999-9999-1999-8999-999999999901"
      }
    },
    {
      "id": "ca6f52e1-5b7d-4a63-82f3-3d9b4b965766",
      "module": "NCIP",
      "configName": "Relais",
      "code": "instance.custom.identifier.name",
      "enabled": true,
      "value": "PALCI Request ID",
      "metadata": {
        "createdDate": "2020-03-06T20:24:55.426+0000",
        "createdByUserId": "99999999-9999-1999-8999-999999999901",
        "updatedDate": "2020-03-06T20:24:55.426+0000",
        "updatedByUserId": "99999999-9999-1999-8999-999999999901"
      }
    },
    {
      "id": "f6435c0a-d640-4c3e-b5ea-0b6f857c74f0",
      "module": "NCIP",
      "configName": "Relais",
      "code": "checkout.service.point.code",
      "enabled": true,
      "value": "FAIRCHILD",
      "metadata": {
        "createdDate": "2020-03-06T20:24:55.456+0000",
        "createdByUserId": "99999999-9999-1999-8999-999999999901",
        "updatedDate": "2020-03-06T20:24:55.456+0000",
        "updatedByUserId": "99999999-9999-1999-8999-999999999901"
      }
    },
    {
      "id": "a07bc5a3-7e26-485d-a09a-e72ea4dbdbe3",
      "module": "NCIP",
      "configName": "Relais",
      "code": "checkin.service.point.code",
      "enabled": true,
      "value": "FAIRCHILD",
      "metadata": {
        "createdDate": "2020-03-06T20:24:55.479+0000",
        "createdByUserId": "99999999-9999-1999-8999-999999999901",
        "updatedDate": "2020-03-06T20:24:55.479+0000",
        "updatedByUserId": "99999999-9999-1999-8999-999999999901"
      }
    }
  ],
  "totalRecords": 12,
  "resultInfo": {
    "totalRecords": 12,
    "facets": [],
    "diagnostics": []
  }
}

09:31:15 [] [lu] [] [mod-ncip] INFO  FolioNcipHelper      item.perm.loan.type.name
09:31:15 [] [lu] [] [mod-ncip] INFO  FolioNcipHelper      Using timeout: 30000
09:31:15 [] [lu] [] [mod-ncip] INFO  FolioNcipHelper      GET:
09:31:15 [] [lu] [] [mod-ncip] INFO  FolioNcipHelper      http://localhost:54452/configurations/entries?query=code%3D%3D%22item.perm.loan.type.name%22&limit=200
09:31:15 [] [lu] [] [mod-ncip] INFO  FolioNcipHelper      200
09:31:15 [] [lu] [] [mod-ncip] INFO  FolioNcipHelper      {
  "configs": [
    {
      "id": "ecb9cf87-adcb-4be7-9253-e8caf8828ee6",
      "module": "NCIP",
      "configName": "Relais",
      "code": "instance.type.name",
      "enabled": true,
      "value": "PALCI",
      "metadata": {
        "createdDate": "2020-03-06T20:24:55.251+0000",
        "createdByUserId": "99999999-9999-1999-8999-999999999901",
        "updatedDate": "2020-03-06T20:24:55.251+0000",
        "updatedByUserId": "99999999-9999-1999-8999-999999999901"
      }
    },
    {
      "id": "ccf38c47-2614-43fa-9da5-82aeb32b6e11",
      "module": "NCIP",
      "configName": "Relais",
      "code": "instance.source",
      "enabled": true,
      "value": "PALCI",
      "metadata": {
        "createdDate": "2020-03-06T20:24:55.279+0000",
        "createdByUserId": "99999999-9999-1999-8999-999999999901",
        "updatedDate": "2020-03-06T20:24:55.279+0000",
        "updatedByUserId": "99999999-9999-1999-8999-999999999901"
      }
    },
    {
      "id": "c41a901e-ce08-4125-acc5-a5ed234f2c5c",
      "module": "NCIP",
      "configName": "Relais",
      "code": "item.material.type.name",
      "enabled": true,
      "value": "PALCI",
      "metadata": {
        "createdDate": "2020-03-06T20:24:55.304+0000",
        "createdByUserId": "99999999-9999-1999-8999-999999999901",
        "updatedDate": "2020-03-06T20:24:55.304+0000",
        "updatedByUserId": "99999999-9999-1999-8999-999999999901"
      }
    },
    {
      "id": "14b4f295-e9d0-4578-aeed-e1df25ce1022",
      "module": "NCIP",
      "configName": "Relais",
      "code": "item.perm.loan.type.name",
      "enabled": true,
      "value": "PALCI",
      "metadata": {
        "createdDate": "2020-03-06T20:24:55.329+0000",
        "createdByUserId": "99999999-9999-1999-8999-999999999901",
        "updatedDate": "2020-03-06T20:24:55.329+0000",
        "updatedByUserId": "99999999-9999-1999-8999-999999999901"
      }
    },
    {
      "id": "17d6ae7f-db78-41d0-827b-37f4e8113696",
      "module": "NCIP",
      "configName": "Relais",
      "code": "item.status.name",
      "enabled": true,
      "value": "Available",
      "metadata": {
        "createdDate": "2020-03-06T20:24:55.353+0000",
        "createdByUserId": "99999999-9999-1999-8999-999999999901",
        "updatedDate": "2020-03-06T20:24:55.353+0000",
        "updatedByUserId": "99999999-9999-1999-8999-999999999901"
      }
    },
    {
      "id": "ab333eac-823a-45bc-b5d8-71b694b1bb62",
      "module": "NCIP",
      "configName": "Relais",
      "code": "item.perm.location.code",
      "enabled": true,
      "value": "PALCI_LEHIGH",
      "metadata": {
        "createdDate": "2020-03-06T20:24:55.380+0000",
        "createdByUserId": "99999999-9999-1999-8999-999999999901",
        "updatedDate": "2020-03-06T20:24:55.380+0000",
        "updatedByUserId": "99999999-9999-1999-8999-999999999901"
      }
    },
    {
      "id": "f5bb149a-8ace-49ce-a2f9-8d3461e58faf",
      "module": "NCIP",
      "configName": "Relais",
      "code": "holdings.perm.location.code",
      "enabled": true,
      "value": "PALCI_LEHIGH",
      "metadata": {
        "createdDate": "2020-03-06T20:24:55.401+0000",
        "createdByUserId": "99999999-9999-1999-8999-999999999901",
        "updatedDate": "2020-03-06T20:24:55.401+0000",
        "updatedByUserId": "99999999-9999-1999-8999-999999999901"
      }
    },
    {
      "id": "ca6f52e1-5b7d-4a63-82f3-3d9b4b965766",
      "module": "NCIP",
      "configName": "Relais",
      "code": "instance.custom.identifier.name",
      "enabled": true,
      "value": "PALCI Request ID",
      "metadata": {
        "createdDate": "2020-03-06T20:24:55.426+0000",
        "createdByUserId": "99999999-9999-1999-8999-999999999901",
        "updatedDate": "2020-03-06T20:24:55.426+0000",
        "updatedByUserId": "99999999-9999-1999-8999-999999999901"
      }
    },
    {
      "id": "f6435c0a-d640-4c3e-b5ea-0b6f857c74f0",
      "module": "NCIP",
      "configName": "Relais",
      "code": "checkout.service.point.code",
      "enabled": true,
      "value": "FAIRCHILD",
      "metadata": {
        "createdDate": "2020-03-06T20:24:55.456+0000",
        "createdByUserId": "99999999-9999-1999-8999-999999999901",
        "updatedDate": "2020-03-06T20:24:55.456+0000",
        "updatedByUserId": "99999999-9999-1999-8999-999999999901"
      }
    },
    {
      "id": "a07bc5a3-7e26-485d-a09a-e72ea4dbdbe3",
      "module": "NCIP",
      "configName": "Relais",
      "code": "checkin.service.point.code",
      "enabled": true,
      "value": "FAIRCHILD",
      "metadata": {
        "createdDate": "2020-03-06T20:24:55.479+0000",
        "createdByUserId": "99999999-9999-1999-8999-999999999901",
        "updatedDate": "2020-03-06T20:24:55.479+0000",
        "updatedByUserId": "99999999-9999-1999-8999-999999999901"
      }
    }
  ],
  "totalRecords": 12,
  "resultInfo": {
    "totalRecords": 12,
    "facets": [],
    "diagnostics": []
  }
}

09:31:15 [] [lu] [] [mod-ncip] INFO  FolioNcipHelper      item.status.name
09:31:15 [] [lu] [] [mod-ncip] INFO  FolioNcipHelper      Using timeout: 30000
09:31:15 [] [lu] [] [mod-ncip] INFO  FolioNcipHelper      GET:
09:31:15 [] [lu] [] [mod-ncip] INFO  FolioNcipHelper      http://localhost:54452/configurations/entries?query=code%3D%3D%22item.status.name%22&limit=200
09:31:15 [] [lu] [] [mod-ncip] INFO  FolioNcipHelper      200
09:31:15 [] [lu] [] [mod-ncip] INFO  FolioNcipHelper      {
  "configs": [
    {
      "id": "ecb9cf87-adcb-4be7-9253-e8caf8828ee6",
      "module": "NCIP",
      "configName": "Relais",
      "code": "instance.type.name",
      "enabled": true,
      "value": "PALCI",
      "metadata": {
        "createdDate": "2020-03-06T20:24:55.251+0000",
        "createdByUserId": "99999999-9999-1999-8999-999999999901",
        "updatedDate": "2020-03-06T20:24:55.251+0000",
        "updatedByUserId": "99999999-9999-1999-8999-999999999901"
      }
    },
    {
      "id": "ccf38c47-2614-43fa-9da5-82aeb32b6e11",
      "module": "NCIP",
      "configName": "Relais",
      "code": "instance.source",
      "enabled": true,
      "value": "PALCI",
      "metadata": {
        "createdDate": "2020-03-06T20:24:55.279+0000",
        "createdByUserId": "99999999-9999-1999-8999-999999999901",
        "updatedDate": "2020-03-06T20:24:55.279+0000",
        "updatedByUserId": "99999999-9999-1999-8999-999999999901"
      }
    },
    {
      "id": "c41a901e-ce08-4125-acc5-a5ed234f2c5c",
      "module": "NCIP",
      "configName": "Relais",
      "code": "item.material.type.name",
      "enabled": true,
      "value": "PALCI",
      "metadata": {
        "createdDate": "2020-03-06T20:24:55.304+0000",
        "createdByUserId": "99999999-9999-1999-8999-999999999901",
        "updatedDate": "2020-03-06T20:24:55.304+0000",
        "updatedByUserId": "99999999-9999-1999-8999-999999999901"
      }
    },
    {
      "id": "14b4f295-e9d0-4578-aeed-e1df25ce1022",
      "module": "NCIP",
      "configName": "Relais",
      "code": "item.perm.loan.type.name",
      "enabled": true,
      "value": "PALCI",
      "metadata": {
        "createdDate": "2020-03-06T20:24:55.329+0000",
        "createdByUserId": "99999999-9999-1999-8999-999999999901",
        "updatedDate": "2020-03-06T20:24:55.329+0000",
        "updatedByUserId": "99999999-9999-1999-8999-999999999901"
      }
    },
    {
      "id": "17d6ae7f-db78-41d0-827b-37f4e8113696",
      "module": "NCIP",
      "configName": "Relais",
      "code": "item.status.name",
      "enabled": true,
      "value": "Available",
      "metadata": {
        "createdDate": "2020-03-06T20:24:55.353+0000",
        "createdByUserId": "99999999-9999-1999-8999-999999999901",
        "updatedDate": "2020-03-06T20:24:55.353+0000",
        "updatedByUserId": "99999999-9999-1999-8999-999999999901"
      }
    },
    {
      "id": "ab333eac-823a-45bc-b5d8-71b694b1bb62",
      "module": "NCIP",
      "configName": "Relais",
      "code": "item.perm.location.code",
      "enabled": true,
      "value": "PALCI_LEHIGH",
      "metadata": {
        "createdDate": "2020-03-06T20:24:55.380+0000",
        "createdByUserId": "99999999-9999-1999-8999-999999999901",
        "updatedDate": "2020-03-06T20:24:55.380+0000",
        "updatedByUserId": "99999999-9999-1999-8999-999999999901"
      }
    },
    {
      "id": "f5bb149a-8ace-49ce-a2f9-8d3461e58faf",
      "module": "NCIP",
      "configName": "Relais",
      "code": "holdings.perm.location.code",
      "enabled": true,
      "value": "PALCI_LEHIGH",
      "metadata": {
        "createdDate": "2020-03-06T20:24:55.401+0000",
        "createdByUserId": "99999999-9999-1999-8999-999999999901",
        "updatedDate": "2020-03-06T20:24:55.401+0000",
        "updatedByUserId": "99999999-9999-1999-8999-999999999901"
      }
    },
    {
      "id": "ca6f52e1-5b7d-4a63-82f3-3d9b4b965766",
      "module": "NCIP",
      "configName": "Relais",
      "code": "instance.custom.identifier.name",
      "enabled": true,
      "value": "PALCI Request ID",
      "metadata": {
        "createdDate": "2020-03-06T20:24:55.426+0000",
        "createdByUserId": "99999999-9999-1999-8999-999999999901",
        "updatedDate": "2020-03-06T20:24:55.426+0000",
        "updatedByUserId": "99999999-9999-1999-8999-999999999901"
      }
    },
    {
      "id": "f6435c0a-d640-4c3e-b5ea-0b6f857c74f0",
      "module": "NCIP",
      "configName": "Relais",
      "code": "checkout.service.point.code",
      "enabled": true,
      "value": "FAIRCHILD",
      "metadata": {
        "createdDate": "2020-03-06T20:24:55.456+0000",
        "createdByUserId": "99999999-9999-1999-8999-999999999901",
        "updatedDate": "2020-03-06T20:24:55.456+0000",
        "updatedByUserId": "99999999-9999-1999-8999-999999999901"
      }
    },
    {
      "id": "a07bc5a3-7e26-485d-a09a-e72ea4dbdbe3",
      "module": "NCIP",
      "configName": "Relais",
      "code": "checkin.service.point.code",
      "enabled": true,
      "value": "FAIRCHILD",
      "metadata": {
        "createdDate": "2020-03-06T20:24:55.479+0000",
        "createdByUserId": "99999999-9999-1999-8999-999999999901",
        "updatedDate": "2020-03-06T20:24:55.479+0000",
        "updatedByUserId": "99999999-9999-1999-8999-999999999901"
      }
    }
  ],
  "totalRecords": 12,
  "resultInfo": {
    "totalRecords": 12,
    "facets": [],
    "diagnostics": []
  }
}

09:31:15 [] [lu] [] [mod-ncip] INFO  FolioNcipHelper      item.perm.location.code
09:31:15 [] [lu] [] [mod-ncip] INFO  FolioNcipHelper      Using timeout: 30000
09:31:15 [] [lu] [] [mod-ncip] INFO  FolioNcipHelper      GET:
09:31:15 [] [lu] [] [mod-ncip] INFO  FolioNcipHelper      http://localhost:54452/configurations/entries?query=code%3D%3D%22item.perm.location.code%22&limit=200
09:31:15 [] [lu] [] [mod-ncip] INFO  FolioNcipHelper      200
09:31:15 [] [lu] [] [mod-ncip] INFO  FolioNcipHelper      {
  "configs": [
    {
      "id": "ecb9cf87-adcb-4be7-9253-e8caf8828ee6",
      "module": "NCIP",
      "configName": "Relais",
      "code": "instance.type.name",
      "enabled": true,
      "value": "PALCI",
      "metadata": {
        "createdDate": "2020-03-06T20:24:55.251+0000",
        "createdByUserId": "99999999-9999-1999-8999-999999999901",
        "updatedDate": "2020-03-06T20:24:55.251+0000",
        "updatedByUserId": "99999999-9999-1999-8999-999999999901"
      }
    },
    {
      "id": "ccf38c47-2614-43fa-9da5-82aeb32b6e11",
      "module": "NCIP",
      "configName": "Relais",
      "code": "instance.source",
      "enabled": true,
      "value": "PALCI",
      "metadata": {
        "createdDate": "2020-03-06T20:24:55.279+0000",
        "createdByUserId": "99999999-9999-1999-8999-999999999901",
        "updatedDate": "2020-03-06T20:24:55.279+0000",
        "updatedByUserId": "99999999-9999-1999-8999-999999999901"
      }
    },
    {
      "id": "c41a901e-ce08-4125-acc5-a5ed234f2c5c",
      "module": "NCIP",
      "configName": "Relais",
      "code": "item.material.type.name",
      "enabled": true,
      "value": "PALCI",
      "metadata": {
        "createdDate": "2020-03-06T20:24:55.304+0000",
        "createdByUserId": "99999999-9999-1999-8999-999999999901",
        "updatedDate": "2020-03-06T20:24:55.304+0000",
        "updatedByUserId": "99999999-9999-1999-8999-999999999901"
      }
    },
    {
      "id": "14b4f295-e9d0-4578-aeed-e1df25ce1022",
      "module": "NCIP",
      "configName": "Relais",
      "code": "item.perm.loan.type.name",
      "enabled": true,
      "value": "PALCI",
      "metadata": {
        "createdDate": "2020-03-06T20:24:55.329+0000",
        "createdByUserId": "99999999-9999-1999-8999-999999999901",
        "updatedDate": "2020-03-06T20:24:55.329+0000",
        "updatedByUserId": "99999999-9999-1999-8999-999999999901"
      }
    },
    {
      "id": "17d6ae7f-db78-41d0-827b-37f4e8113696",
      "module": "NCIP",
      "configName": "Relais",
      "code": "item.status.name",
      "enabled": true,
      "value": "Available",
      "metadata": {
        "createdDate": "2020-03-06T20:24:55.353+0000",
        "createdByUserId": "99999999-9999-1999-8999-999999999901",
        "updatedDate": "2020-03-06T20:24:55.353+0000",
        "updatedByUserId": "99999999-9999-1999-8999-999999999901"
      }
    },
    {
      "id": "ab333eac-823a-45bc-b5d8-71b694b1bb62",
      "module": "NCIP",
      "configName": "Relais",
      "code": "item.perm.location.code",
      "enabled": true,
      "value": "PALCI_LEHIGH",
      "metadata": {
        "createdDate": "2020-03-06T20:24:55.380+0000",
        "createdByUserId": "99999999-9999-1999-8999-999999999901",
        "updatedDate": "2020-03-06T20:24:55.380+0000",
        "updatedByUserId": "99999999-9999-1999-8999-999999999901"
      }
    },
    {
      "id": "f5bb149a-8ace-49ce-a2f9-8d3461e58faf",
      "module": "NCIP",
      "configName": "Relais",
      "code": "holdings.perm.location.code",
      "enabled": true,
      "value": "PALCI_LEHIGH",
      "metadata": {
        "createdDate": "2020-03-06T20:24:55.401+0000",
        "createdByUserId": "99999999-9999-1999-8999-999999999901",
        "updatedDate": "2020-03-06T20:24:55.401+0000",
        "updatedByUserId": "99999999-9999-1999-8999-999999999901"
      }
    },
    {
      "id": "ca6f52e1-5b7d-4a63-82f3-3d9b4b965766",
      "module": "NCIP",
      "configName": "Relais",
      "code": "instance.custom.identifier.name",
      "enabled": true,
      "value": "PALCI Request ID",
      "metadata": {
        "createdDate": "2020-03-06T20:24:55.426+0000",
        "createdByUserId": "99999999-9999-1999-8999-999999999901",
        "updatedDate": "2020-03-06T20:24:55.426+0000",
        "updatedByUserId": "99999999-9999-1999-8999-999999999901"
      }
    },
    {
      "id": "f6435c0a-d640-4c3e-b5ea-0b6f857c74f0",
      "module": "NCIP",
      "configName": "Relais",
      "code": "checkout.service.point.code",
      "enabled": true,
      "value": "FAIRCHILD",
      "metadata": {
        "createdDate": "2020-03-06T20:24:55.456+0000",
        "createdByUserId": "99999999-9999-1999-8999-999999999901",
        "updatedDate": "2020-03-06T20:24:55.456+0000",
        "updatedByUserId": "99999999-9999-1999-8999-999999999901"
      }
    },
    {
      "id": "a07bc5a3-7e26-485d-a09a-e72ea4dbdbe3",
      "module": "NCIP",
      "configName": "Relais",
      "code": "checkin.service.point.code",
      "enabled": true,
      "value": "FAIRCHILD",
      "metadata": {
        "createdDate": "2020-03-06T20:24:55.479+0000",
        "createdByUserId": "99999999-9999-1999-8999-999999999901",
        "updatedDate": "2020-03-06T20:24:55.479+0000",
        "updatedByUserId": "99999999-9999-1999-8999-999999999901"
      }
    }
  ],
  "totalRecords": 12,
  "resultInfo": {
    "totalRecords": 12,
    "facets": [],
    "diagnostics": []
  }
}

09:31:15 [] [lu] [] [mod-ncip] INFO  FolioNcipHelper      holdings.perm.location.code
09:31:15 [] [lu] [] [mod-ncip] INFO  FolioNcipHelper      Using timeout: 30000
09:31:15 [] [lu] [] [mod-ncip] INFO  FolioNcipHelper      GET:
09:31:15 [] [lu] [] [mod-ncip] INFO  FolioNcipHelper      http://localhost:54452/configurations/entries?query=code%3D%3D%22holdings.perm.location.code%22&limit=200
09:31:15 [] [lu] [] [mod-ncip] INFO  FolioNcipHelper      200
09:31:15 [] [lu] [] [mod-ncip] INFO  FolioNcipHelper      {
  "configs": [
    {
      "id": "ecb9cf87-adcb-4be7-9253-e8caf8828ee6",
      "module": "NCIP",
      "configName": "Relais",
      "code": "instance.type.name",
      "enabled": true,
      "value": "PALCI",
      "metadata": {
        "createdDate": "2020-03-06T20:24:55.251+0000",
        "createdByUserId": "99999999-9999-1999-8999-999999999901",
        "updatedDate": "2020-03-06T20:24:55.251+0000",
        "updatedByUserId": "99999999-9999-1999-8999-999999999901"
      }
    },
    {
      "id": "ccf38c47-2614-43fa-9da5-82aeb32b6e11",
      "module": "NCIP",
      "configName": "Relais",
      "code": "instance.source",
      "enabled": true,
      "value": "PALCI",
      "metadata": {
        "createdDate": "2020-03-06T20:24:55.279+0000",
        "createdByUserId": "99999999-9999-1999-8999-999999999901",
        "updatedDate": "2020-03-06T20:24:55.279+0000",
        "updatedByUserId": "99999999-9999-1999-8999-999999999901"
      }
    },
    {
      "id": "c41a901e-ce08-4125-acc5-a5ed234f2c5c",
      "module": "NCIP",
      "configName": "Relais",
      "code": "item.material.type.name",
      "enabled": true,
      "value": "PALCI",
      "metadata": {
        "createdDate": "2020-03-06T20:24:55.304+0000",
        "createdByUserId": "99999999-9999-1999-8999-999999999901",
        "updatedDate": "2020-03-06T20:24:55.304+0000",
        "updatedByUserId": "99999999-9999-1999-8999-999999999901"
      }
    },
    {
      "id": "14b4f295-e9d0-4578-aeed-e1df25ce1022",
      "module": "NCIP",
      "configName": "Relais",
      "code": "item.perm.loan.type.name",
      "enabled": true,
      "value": "PALCI",
      "metadata": {
        "createdDate": "2020-03-06T20:24:55.329+0000",
        "createdByUserId": "99999999-9999-1999-8999-999999999901",
        "updatedDate": "2020-03-06T20:24:55.329+0000",
        "updatedByUserId": "99999999-9999-1999-8999-999999999901"
      }
    },
    {
      "id": "17d6ae7f-db78-41d0-827b-37f4e8113696",
      "module": "NCIP",
      "configName": "Relais",
      "code": "item.status.name",
      "enabled": true,
      "value": "Available",
      "metadata": {
        "createdDate": "2020-03-06T20:24:55.353+0000",
        "createdByUserId": "99999999-9999-1999-8999-999999999901",
        "updatedDate": "2020-03-06T20:24:55.353+0000",
        "updatedByUserId": "99999999-9999-1999-8999-999999999901"
      }
    },
    {
      "id": "ab333eac-823a-45bc-b5d8-71b694b1bb62",
      "module": "NCIP",
      "configName": "Relais",
      "code": "item.perm.location.code",
      "enabled": true,
      "value": "PALCI_LEHIGH",
      "metadata": {
        "createdDate": "2020-03-06T20:24:55.380+0000",
        "createdByUserId": "99999999-9999-1999-8999-999999999901",
        "updatedDate": "2020-03-06T20:24:55.380+0000",
        "updatedByUserId": "99999999-9999-1999-8999-999999999901"
      }
    },
    {
      "id": "f5bb149a-8ace-49ce-a2f9-8d3461e58faf",
      "module": "NCIP",
      "configName": "Relais",
      "code": "holdings.perm.location.code",
      "enabled": true,
      "value": "PALCI_LEHIGH",
      "metadata": {
        "createdDate": "2020-03-06T20:24:55.401+0000",
        "createdByUserId": "99999999-9999-1999-8999-999999999901",
        "updatedDate": "2020-03-06T20:24:55.401+0000",
        "updatedByUserId": "99999999-9999-1999-8999-999999999901"
      }
    },
    {
      "id": "ca6f52e1-5b7d-4a63-82f3-3d9b4b965766",
      "module": "NCIP",
      "configName": "Relais",
      "code": "instance.custom.identifier.name",
      "enabled": true,
      "value": "PALCI Request ID",
      "metadata": {
        "createdDate": "2020-03-06T20:24:55.426+0000",
        "createdByUserId": "99999999-9999-1999-8999-999999999901",
        "updatedDate": "2020-03-06T20:24:55.426+0000",
        "updatedByUserId": "99999999-9999-1999-8999-999999999901"
      }
    },
    {
      "id": "f6435c0a-d640-4c3e-b5ea-0b6f857c74f0",
      "module": "NCIP",
      "configName": "Relais",
      "code": "checkout.service.point.code",
      "enabled": true,
      "value": "FAIRCHILD",
      "metadata": {
        "createdDate": "2020-03-06T20:24:55.456+0000",
        "createdByUserId": "99999999-9999-1999-8999-999999999901",
        "updatedDate": "2020-03-06T20:24:55.456+0000",
        "updatedByUserId": "99999999-9999-1999-8999-999999999901"
      }
    },
    {
      "id": "a07bc5a3-7e26-485d-a09a-e72ea4dbdbe3",
      "module": "NCIP",
      "configName": "Relais",
      "code": "checkin.service.point.code",
      "enabled": true,
      "value": "FAIRCHILD",
      "metadata": {
        "createdDate": "2020-03-06T20:24:55.479+0000",
        "createdByUserId": "99999999-9999-1999-8999-999999999901",
        "updatedDate": "2020-03-06T20:24:55.479+0000",
        "updatedByUserId": "99999999-9999-1999-8999-999999999901"
      }
    }
  ],
  "totalRecords": 12,
  "resultInfo": {
    "totalRecords": 12,
    "facets": [],
    "diagnostics": []
  }
}

09:31:15 [] [lu] [] [mod-ncip] INFO  FolioNcipHelper      instance.custom.identifier.name
09:31:15 [] [lu] [] [mod-ncip] INFO  FolioNcipHelper      Using timeout: 30000
09:31:15 [] [lu] [] [mod-ncip] INFO  FolioNcipHelper      GET:
09:31:15 [] [lu] [] [mod-ncip] INFO  FolioNcipHelper      http://localhost:54452/configurations/entries?query=code%3D%3D%22instance.custom.identifier.name%22&limit=200
09:31:15 [] [lu] [] [mod-ncip] INFO  FolioNcipHelper      200
09:31:15 [] [lu] [] [mod-ncip] INFO  FolioNcipHelper      {
  "configs": [
    {
      "id": "ecb9cf87-adcb-4be7-9253-e8caf8828ee6",
      "module": "NCIP",
      "configName": "Relais",
      "code": "instance.type.name",
      "enabled": true,
      "value": "PALCI",
      "metadata": {
        "createdDate": "2020-03-06T20:24:55.251+0000",
        "createdByUserId": "99999999-9999-1999-8999-999999999901",
        "updatedDate": "2020-03-06T20:24:55.251+0000",
        "updatedByUserId": "99999999-9999-1999-8999-999999999901"
      }
    },
    {
      "id": "ccf38c47-2614-43fa-9da5-82aeb32b6e11",
      "module": "NCIP",
      "configName": "Relais",
      "code": "instance.source",
      "enabled": true,
      "value": "PALCI",
      "metadata": {
        "createdDate": "2020-03-06T20:24:55.279+0000",
        "createdByUserId": "99999999-9999-1999-8999-999999999901",
        "updatedDate": "2020-03-06T20:24:55.279+0000",
        "updatedByUserId": "99999999-9999-1999-8999-999999999901"
      }
    },
    {
      "id": "c41a901e-ce08-4125-acc5-a5ed234f2c5c",
      "module": "NCIP",
      "configName": "Relais",
      "code": "item.material.type.name",
      "enabled": true,
      "value": "PALCI",
      "metadata": {
        "createdDate": "2020-03-06T20:24:55.304+0000",
        "createdByUserId": "99999999-9999-1999-8999-999999999901",
        "updatedDate": "2020-03-06T20:24:55.304+0000",
        "updatedByUserId": "99999999-9999-1999-8999-999999999901"
      }
    },
    {
      "id": "14b4f295-e9d0-4578-aeed-e1df25ce1022",
      "module": "NCIP",
      "configName": "Relais",
      "code": "item.perm.loan.type.name",
      "enabled": true,
      "value": "PALCI",
      "metadata": {
        "createdDate": "2020-03-06T20:24:55.329+0000",
        "createdByUserId": "99999999-9999-1999-8999-999999999901",
        "updatedDate": "2020-03-06T20:24:55.329+0000",
        "updatedByUserId": "99999999-9999-1999-8999-999999999901"
      }
    },
    {
      "id": "17d6ae7f-db78-41d0-827b-37f4e8113696",
      "module": "NCIP",
      "configName": "Relais",
      "code": "item.status.name",
      "enabled": true,
      "value": "Available",
      "metadata": {
        "createdDate": "2020-03-06T20:24:55.353+0000",
        "createdByUserId": "99999999-9999-1999-8999-999999999901",
        "updatedDate": "2020-03-06T20:24:55.353+0000",
        "updatedByUserId": "99999999-9999-1999-8999-999999999901"
      }
    },
    {
      "id": "ab333eac-823a-45bc-b5d8-71b694b1bb62",
      "module": "NCIP",
      "configName": "Relais",
      "code": "item.perm.location.code",
      "enabled": true,
      "value": "PALCI_LEHIGH",
      "metadata": {
        "createdDate": "2020-03-06T20:24:55.380+0000",
        "createdByUserId": "99999999-9999-1999-8999-999999999901",
        "updatedDate": "2020-03-06T20:24:55.380+0000",
        "updatedByUserId": "99999999-9999-1999-8999-999999999901"
      }
    },
    {
      "id": "f5bb149a-8ace-49ce-a2f9-8d3461e58faf",
      "module": "NCIP",
      "configName": "Relais",
      "code": "holdings.perm.location.code",
      "enabled": true,
      "value": "PALCI_LEHIGH",
      "metadata": {
        "createdDate": "2020-03-06T20:24:55.401+0000",
        "createdByUserId": "99999999-9999-1999-8999-999999999901",
        "updatedDate": "2020-03-06T20:24:55.401+0000",
        "updatedByUserId": "99999999-9999-1999-8999-999999999901"
      }
    },
    {
      "id": "ca6f52e1-5b7d-4a63-82f3-3d9b4b965766",
      "module": "NCIP",
      "configName": "Relais",
      "code": "instance.custom.identifier.name",
      "enabled": true,
      "value": "PALCI Request ID",
      "metadata": {
        "createdDate": "2020-03-06T20:24:55.426+0000",
        "createdByUserId": "99999999-9999-1999-8999-999999999901",
        "updatedDate": "2020-03-06T20:24:55.426+0000",
        "updatedByUserId": "99999999-9999-1999-8999-999999999901"
      }
    },
    {
      "id": "f6435c0a-d640-4c3e-b5ea-0b6f857c74f0",
      "module": "NCIP",
      "configName": "Relais",
      "code": "checkout.service.point.code",
      "enabled": true,
      "value": "FAIRCHILD",
      "metadata": {
        "createdDate": "2020-03-06T20:24:55.456+0000",
        "createdByUserId": "99999999-9999-1999-8999-999999999901",
        "updatedDate": "2020-03-06T20:24:55.456+0000",
        "updatedByUserId": "99999999-9999-1999-8999-999999999901"
      }
    },
    {
      "id": "a07bc5a3-7e26-485d-a09a-e72ea4dbdbe3",
      "module": "NCIP",
      "configName": "Relais",
      "code": "checkin.service.point.code",
      "enabled": true,
      "value": "FAIRCHILD",
      "metadata": {
        "createdDate": "2020-03-06T20:24:55.479+0000",
        "createdByUserId": "99999999-9999-1999-8999-999999999901",
        "updatedDate": "2020-03-06T20:24:55.479+0000",
        "updatedByUserId": "99999999-9999-1999-8999-999999999901"
      }
    }
  ],
  "totalRecords": 12,
  "resultInfo": {
    "totalRecords": 12,
    "facets": [],
    "diagnostics": []
  }
}

09:31:15 [] [lu] [] [mod-ncip] INFO  FolioNcipHelper      #check out
09:31:15 [] [lu] [] [mod-ncip] INFO  FolioNcipHelper      checkout.service.point.code
09:31:15 [] [lu] [] [mod-ncip] INFO  FolioNcipHelper      Using timeout: 30000
09:31:15 [] [lu] [] [mod-ncip] INFO  FolioNcipHelper      GET:
09:31:15 [] [lu] [] [mod-ncip] INFO  FolioNcipHelper      http://localhost:54452/configurations/entries?query=code%3D%3D%22checkout.service.point.code%22&limit=200
09:31:15 [] [lu] [] [mod-ncip] INFO  FolioNcipHelper      200
09:31:15 [] [lu] [] [mod-ncip] INFO  FolioNcipHelper      {
  "configs": [
    {
      "id": "ecb9cf87-adcb-4be7-9253-e8caf8828ee6",
      "module": "NCIP",
      "configName": "Relais",
      "code": "instance.type.name",
      "enabled": true,
      "value": "PALCI",
      "metadata": {
        "createdDate": "2020-03-06T20:24:55.251+0000",
        "createdByUserId": "99999999-9999-1999-8999-999999999901",
        "updatedDate": "2020-03-06T20:24:55.251+0000",
        "updatedByUserId": "99999999-9999-1999-8999-999999999901"
      }
    },
    {
      "id": "ccf38c47-2614-43fa-9da5-82aeb32b6e11",
      "module": "NCIP",
      "configName": "Relais",
      "code": "instance.source",
      "enabled": true,
      "value": "PALCI",
      "metadata": {
        "createdDate": "2020-03-06T20:24:55.279+0000",
        "createdByUserId": "99999999-9999-1999-8999-999999999901",
        "updatedDate": "2020-03-06T20:24:55.279+0000",
        "updatedByUserId": "99999999-9999-1999-8999-999999999901"
      }
    },
    {
      "id": "c41a901e-ce08-4125-acc5-a5ed234f2c5c",
      "module": "NCIP",
      "configName": "Relais",
      "code": "item.material.type.name",
      "enabled": true,
      "value": "PALCI",
      "metadata": {
        "createdDate": "2020-03-06T20:24:55.304+0000",
        "createdByUserId": "99999999-9999-1999-8999-999999999901",
        "updatedDate": "2020-03-06T20:24:55.304+0000",
        "updatedByUserId": "99999999-9999-1999-8999-999999999901"
      }
    },
    {
      "id": "14b4f295-e9d0-4578-aeed-e1df25ce1022",
      "module": "NCIP",
      "configName": "Relais",
      "code": "item.perm.loan.type.name",
      "enabled": true,
      "value": "PALCI",
      "metadata": {
        "createdDate": "2020-03-06T20:24:55.329+0000",
        "createdByUserId": "99999999-9999-1999-8999-999999999901",
        "updatedDate": "2020-03-06T20:24:55.329+0000",
        "updatedByUserId": "99999999-9999-1999-8999-999999999901"
      }
    },
    {
      "id": "17d6ae7f-db78-41d0-827b-37f4e8113696",
      "module": "NCIP",
      "configName": "Relais",
      "code": "item.status.name",
      "enabled": true,
      "value": "Available",
      "metadata": {
        "createdDate": "2020-03-06T20:24:55.353+0000",
        "createdByUserId": "99999999-9999-1999-8999-999999999901",
        "updatedDate": "2020-03-06T20:24:55.353+0000",
        "updatedByUserId": "99999999-9999-1999-8999-999999999901"
      }
    },
    {
      "id": "ab333eac-823a-45bc-b5d8-71b694b1bb62",
      "module": "NCIP",
      "configName": "Relais",
      "code": "item.perm.location.code",
      "enabled": true,
      "value": "PALCI_LEHIGH",
      "metadata": {
        "createdDate": "2020-03-06T20:24:55.380+0000",
        "createdByUserId": "99999999-9999-1999-8999-999999999901",
        "updatedDate": "2020-03-06T20:24:55.380+0000",
        "updatedByUserId": "99999999-9999-1999-8999-999999999901"
      }
    },
    {
      "id": "f5bb149a-8ace-49ce-a2f9-8d3461e58faf",
      "module": "NCIP",
      "configName": "Relais",
      "code": "holdings.perm.location.code",
      "enabled": true,
      "value": "PALCI_LEHIGH",
      "metadata": {
        "createdDate": "2020-03-06T20:24:55.401+0000",
        "createdByUserId": "99999999-9999-1999-8999-999999999901",
        "updatedDate": "2020-03-06T20:24:55.401+0000",
        "updatedByUserId": "99999999-9999-1999-8999-999999999901"
      }
    },
    {
      "id": "ca6f52e1-5b7d-4a63-82f3-3d9b4b965766",
      "module": "NCIP",
      "configName": "Relais",
      "code": "instance.custom.identifier.name",
      "enabled": true,
      "value": "PALCI Request ID",
      "metadata": {
        "createdDate": "2020-03-06T20:24:55.426+0000",
        "createdByUserId": "99999999-9999-1999-8999-999999999901",
        "updatedDate": "2020-03-06T20:24:55.426+0000",
        "updatedByUserId": "99999999-9999-1999-8999-999999999901"
      }
    },
    {
      "id": "f6435c0a-d640-4c3e-b5ea-0b6f857c74f0",
      "module": "NCIP",
      "configName": "Relais",
      "code": "checkout.service.point.code",
      "enabled": true,
      "value": "FAIRCHILD",
      "metadata": {
        "createdDate": "2020-03-06T20:24:55.456+0000",
        "createdByUserId": "99999999-9999-1999-8999-999999999901",
        "updatedDate": "2020-03-06T20:24:55.456+0000",
        "updatedByUserId": "99999999-9999-1999-8999-999999999901"
      }
    },
    {
      "id": "a07bc5a3-7e26-485d-a09a-e72ea4dbdbe3",
      "module": "NCIP",
      "configName": "Relais",
      "code": "checkin.service.point.code",
      "enabled": true,
      "value": "FAIRCHILD",
      "metadata": {
        "createdDate": "2020-03-06T20:24:55.479+0000",
        "createdByUserId": "99999999-9999-1999-8999-999999999901",
        "updatedDate": "2020-03-06T20:24:55.479+0000",
        "updatedByUserId": "99999999-9999-1999-8999-999999999901"
      }
    }
  ],
  "totalRecords": 12,
  "resultInfo": {
    "totalRecords": 12,
    "facets": [],
    "diagnostics": []
  }
}

09:31:15 [] [lu] [] [mod-ncip] INFO  FolioNcipHelper      #check in
09:31:15 [] [lu] [] [mod-ncip] INFO  FolioNcipHelper      checkin.service.point.code
09:31:15 [] [lu] [] [mod-ncip] INFO  FolioNcipHelper      Using timeout: 30000
09:31:15 [] [lu] [] [mod-ncip] INFO  FolioNcipHelper      GET:
09:31:15 [] [lu] [] [mod-ncip] INFO  FolioNcipHelper      http://localhost:54452/configurations/entries?query=code%3D%3D%22checkin.service.point.code%22&limit=200
09:31:15 [] [lu] [] [mod-ncip] INFO  FolioNcipHelper      200
09:31:15 [] [lu] [] [mod-ncip] INFO  FolioNcipHelper      {
  "configs": [
    {
      "id": "ecb9cf87-adcb-4be7-9253-e8caf8828ee6",
      "module": "NCIP",
      "configName": "Relais",
      "code": "instance.type.name",
      "enabled": true,
      "value": "PALCI",
      "metadata": {
        "createdDate": "2020-03-06T20:24:55.251+0000",
        "createdByUserId": "99999999-9999-1999-8999-999999999901",
        "updatedDate": "2020-03-06T20:24:55.251+0000",
        "updatedByUserId": "99999999-9999-1999-8999-999999999901"
      }
    },
    {
      "id": "ccf38c47-2614-43fa-9da5-82aeb32b6e11",
      "module": "NCIP",
      "configName": "Relais",
      "code": "instance.source",
      "enabled": true,
      "value": "PALCI",
      "metadata": {
        "createdDate": "2020-03-06T20:24:55.279+0000",
        "createdByUserId": "99999999-9999-1999-8999-999999999901",
        "updatedDate": "2020-03-06T20:24:55.279+0000",
        "updatedByUserId": "99999999-9999-1999-8999-999999999901"
      }
    },
    {
      "id": "c41a901e-ce08-4125-acc5-a5ed234f2c5c",
      "module": "NCIP",
      "configName": "Relais",
      "code": "item.material.type.name",
      "enabled": true,
      "value": "PALCI",
      "metadata": {
        "createdDate": "2020-03-06T20:24:55.304+0000",
        "createdByUserId": "99999999-9999-1999-8999-999999999901",
        "updatedDate": "2020-03-06T20:24:55.304+0000",
        "updatedByUserId": "99999999-9999-1999-8999-999999999901"
      }
    },
    {
      "id": "14b4f295-e9d0-4578-aeed-e1df25ce1022",
      "module": "NCIP",
      "configName": "Relais",
      "code": "item.perm.loan.type.name",
      "enabled": true,
      "value": "PALCI",
      "metadata": {
        "createdDate": "2020-03-06T20:24:55.329+0000",
        "createdByUserId": "99999999-9999-1999-8999-999999999901",
        "updatedDate": "2020-03-06T20:24:55.329+0000",
        "updatedByUserId": "99999999-9999-1999-8999-999999999901"
      }
    },
    {
      "id": "17d6ae7f-db78-41d0-827b-37f4e8113696",
      "module": "NCIP",
      "configName": "Relais",
      "code": "item.status.name",
      "enabled": true,
      "value": "Available",
      "metadata": {
        "createdDate": "2020-03-06T20:24:55.353+0000",
        "createdByUserId": "99999999-9999-1999-8999-999999999901",
        "updatedDate": "2020-03-06T20:24:55.353+0000",
        "updatedByUserId": "99999999-9999-1999-8999-999999999901"
      }
    },
    {
      "id": "ab333eac-823a-45bc-b5d8-71b694b1bb62",
      "module": "NCIP",
      "configName": "Relais",
      "code": "item.perm.location.code",
      "enabled": true,
      "value": "PALCI_LEHIGH",
      "metadata": {
        "createdDate": "2020-03-06T20:24:55.380+0000",
        "createdByUserId": "99999999-9999-1999-8999-999999999901",
        "updatedDate": "2020-03-06T20:24:55.380+0000",
        "updatedByUserId": "99999999-9999-1999-8999-999999999901"
      }
    },
    {
      "id": "f5bb149a-8ace-49ce-a2f9-8d3461e58faf",
      "module": "NCIP",
      "configName": "Relais",
      "code": "holdings.perm.location.code",
      "enabled": true,
      "value": "PALCI_LEHIGH",
      "metadata": {
        "createdDate": "2020-03-06T20:24:55.401+0000",
        "createdByUserId": "99999999-9999-1999-8999-999999999901",
        "updatedDate": "2020-03-06T20:24:55.401+0000",
        "updatedByUserId": "99999999-9999-1999-8999-999999999901"
      }
    },
    {
      "id": "ca6f52e1-5b7d-4a63-82f3-3d9b4b965766",
      "module": "NCIP",
      "configName": "Relais",
      "code": "instance.custom.identifier.name",
      "enabled": true,
      "value": "PALCI Request ID",
      "metadata": {
        "createdDate": "2020-03-06T20:24:55.426+0000",
        "createdByUserId": "99999999-9999-1999-8999-999999999901",
        "updatedDate": "2020-03-06T20:24:55.426+0000",
        "updatedByUserId": "99999999-9999-1999-8999-999999999901"
      }
    },
    {
      "id": "f6435c0a-d640-4c3e-b5ea-0b6f857c74f0",
      "module": "NCIP",
      "configName": "Relais",
      "code": "checkout.service.point.code",
      "enabled": true,
      "value": "FAIRCHILD",
      "metadata": {
        "createdDate": "2020-03-06T20:24:55.456+0000",
        "createdByUserId": "99999999-9999-1999-8999-999999999901",
        "updatedDate": "2020-03-06T20:24:55.456+0000",
        "updatedByUserId": "99999999-9999-1999-8999-999999999901"
      }
    },
    {
      "id": "a07bc5a3-7e26-485d-a09a-e72ea4dbdbe3",
      "module": "NCIP",
      "configName": "Relais",
      "code": "checkin.service.point.code",
      "enabled": true,
      "value": "FAIRCHILD",
      "metadata": {
        "createdDate": "2020-03-06T20:24:55.479+0000",
        "createdByUserId": "99999999-9999-1999-8999-999999999901",
        "updatedDate": "2020-03-06T20:24:55.479+0000",
        "updatedByUserId": "99999999-9999-1999-8999-999999999901"
      }
    }
  ],
  "totalRecords": 12,
  "resultInfo": {
    "totalRecords": 12,
    "facets": [],
    "diagnostics": []
  }
}

09:31:15 [] [lu] [] [mod-ncip] INFO  FolioNcipHelper      #lookup user
09:31:15 [] [lu] [] [mod-ncip] INFO  FolioNcipHelper      response.includes.physical.address=false
09:31:15 [] [lu] [] [mod-ncip] INFO  FolioNcipHelper      Using timeout: 30000
09:31:15 [] [lu] [] [mod-ncip] INFO  FolioNcipHelper      GET:
09:31:15 [] [lu] [] [mod-ncip] INFO  FolioNcipHelper      http://localhost:54452/configurations/entries?query=code%3D%3D%22response.includes.physical.address%22&limit=200
09:31:15 [] [lu] [] [mod-ncip] INFO  FolioNcipHelper      200
09:31:15 [] [lu] [] [mod-ncip] INFO  FolioNcipHelper      {
  "configs": [
    {
      "id": "ecb9cf87-adcb-4be7-9253-e8caf8828ee6",
      "module": "NCIP",
      "configName": "Relais",
      "code": "instance.type.name",
      "enabled": true,
      "value": "PALCI",
      "metadata": {
        "createdDate": "2020-03-06T20:24:55.251+0000",
        "createdByUserId": "99999999-9999-1999-8999-999999999901",
        "updatedDate": "2020-03-06T20:24:55.251+0000",
        "updatedByUserId": "99999999-9999-1999-8999-999999999901"
      }
    },
    {
      "id": "ccf38c47-2614-43fa-9da5-82aeb32b6e11",
      "module": "NCIP",
      "configName": "Relais",
      "code": "instance.source",
      "enabled": true,
      "value": "PALCI",
      "metadata": {
        "createdDate": "2020-03-06T20:24:55.279+0000",
        "createdByUserId": "99999999-9999-1999-8999-999999999901",
        "updatedDate": "2020-03-06T20:24:55.279+0000",
        "updatedByUserId": "99999999-9999-1999-8999-999999999901"
      }
    },
    {
      "id": "c41a901e-ce08-4125-acc5-a5ed234f2c5c",
      "module": "NCIP",
      "configName": "Relais",
      "code": "item.material.type.name",
      "enabled": true,
      "value": "PALCI",
      "metadata": {
        "createdDate": "2020-03-06T20:24:55.304+0000",
        "createdByUserId": "99999999-9999-1999-8999-999999999901",
        "updatedDate": "2020-03-06T20:24:55.304+0000",
        "updatedByUserId": "99999999-9999-1999-8999-999999999901"
      }
    },
    {
      "id": "14b4f295-e9d0-4578-aeed-e1df25ce1022",
      "module": "NCIP",
      "configName": "Relais",
      "code": "item.perm.loan.type.name",
      "enabled": true,
      "value": "PALCI",
      "metadata": {
        "createdDate": "2020-03-06T20:24:55.329+0000",
        "createdByUserId": "99999999-9999-1999-8999-999999999901",
        "updatedDate": "2020-03-06T20:24:55.329+0000",
        "updatedByUserId": "99999999-9999-1999-8999-999999999901"
      }
    },
    {
      "id": "17d6ae7f-db78-41d0-827b-37f4e8113696",
      "module": "NCIP",
      "configName": "Relais",
      "code": "item.status.name",
      "enabled": true,
      "value": "Available",
      "metadata": {
        "createdDate": "2020-03-06T20:24:55.353+0000",
        "createdByUserId": "99999999-9999-1999-8999-999999999901",
        "updatedDate": "2020-03-06T20:24:55.353+0000",
        "updatedByUserId": "99999999-9999-1999-8999-999999999901"
      }
    },
    {
      "id": "ab333eac-823a-45bc-b5d8-71b694b1bb62",
      "module": "NCIP",
      "configName": "Relais",
      "code": "item.perm.location.code",
      "enabled": true,
      "value": "PALCI_LEHIGH",
      "metadata": {
        "createdDate": "2020-03-06T20:24:55.380+0000",
        "createdByUserId": "99999999-9999-1999-8999-999999999901",
        "updatedDate": "2020-03-06T20:24:55.380+0000",
        "updatedByUserId": "99999999-9999-1999-8999-999999999901"
      }
    },
    {
      "id": "f5bb149a-8ace-49ce-a2f9-8d3461e58faf",
      "module": "NCIP",
      "configName": "Relais",
      "code": "holdings.perm.location.code",
      "enabled": true,
      "value": "PALCI_LEHIGH",
      "metadata": {
        "createdDate": "2020-03-06T20:24:55.401+0000",
        "createdByUserId": "99999999-9999-1999-8999-999999999901",
        "updatedDate": "2020-03-06T20:24:55.401+0000",
        "updatedByUserId": "99999999-9999-1999-8999-999999999901"
      }
    },
    {
      "id": "ca6f52e1-5b7d-4a63-82f3-3d9b4b965766",
      "module": "NCIP",
      "configName": "Relais",
      "code": "instance.custom.identifier.name",
      "enabled": true,
      "value": "PALCI Request ID",
      "metadata": {
        "createdDate": "2020-03-06T20:24:55.426+0000",
        "createdByUserId": "99999999-9999-1999-8999-999999999901",
        "updatedDate": "2020-03-06T20:24:55.426+0000",
        "updatedByUserId": "99999999-9999-1999-8999-999999999901"
      }
    },
    {
      "id": "f6435c0a-d640-4c3e-b5ea-0b6f857c74f0",
      "module": "NCIP",
      "configName": "Relais",
      "code": "checkout.service.point.code",
      "enabled": true,
      "value": "FAIRCHILD",
      "metadata": {
        "createdDate": "2020-03-06T20:24:55.456+0000",
        "createdByUserId": "99999999-9999-1999-8999-999999999901",
        "updatedDate": "2020-03-06T20:24:55.456+0000",
        "updatedByUserId": "99999999-9999-1999-8999-999999999901"
      }
    },
    {
      "id": "a07bc5a3-7e26-485d-a09a-e72ea4dbdbe3",
      "module": "NCIP",
      "configName": "Relais",
      "code": "checkin.service.point.code",
      "enabled": true,
      "value": "FAIRCHILD",
      "metadata": {
        "createdDate": "2020-03-06T20:24:55.479+0000",
        "createdByUserId": "99999999-9999-1999-8999-999999999901",
        "updatedDate": "2020-03-06T20:24:55.479+0000",
        "updatedByUserId": "99999999-9999-1999-8999-999999999901"
      }
    }
  ],
  "totalRecords": 12,
  "resultInfo": {
    "totalRecords": 12,
    "facets": [],
    "diagnostics": []
  }
}

09:31:15 [] [lu] [] [mod-ncip] INFO  FolioNcipHelper      user.priv.ok.status=ACTIVE
09:31:15 [] [lu] [] [mod-ncip] INFO  FolioNcipHelper      Using timeout: 30000
09:31:15 [] [lu] [] [mod-ncip] INFO  FolioNcipHelper      GET:
09:31:15 [] [lu] [] [mod-ncip] INFO  FolioNcipHelper      http://localhost:54452/configurations/entries?query=code%3D%3D%22user.priv.ok.status%22&limit=200
09:31:15 [] [lu] [] [mod-ncip] INFO  FolioNcipHelper      200
09:31:15 [] [lu] [] [mod-ncip] INFO  FolioNcipHelper      {
  "configs": [
    {
      "id": "ecb9cf87-adcb-4be7-9253-e8caf8828ee6",
      "module": "NCIP",
      "configName": "Relais",
      "code": "instance.type.name",
      "enabled": true,
      "value": "PALCI",
      "metadata": {
        "createdDate": "2020-03-06T20:24:55.251+0000",
        "createdByUserId": "99999999-9999-1999-8999-999999999901",
        "updatedDate": "2020-03-06T20:24:55.251+0000",
        "updatedByUserId": "99999999-9999-1999-8999-999999999901"
      }
    },
    {
      "id": "ccf38c47-2614-43fa-9da5-82aeb32b6e11",
      "module": "NCIP",
      "configName": "Relais",
      "code": "instance.source",
      "enabled": true,
      "value": "PALCI",
      "metadata": {
        "createdDate": "2020-03-06T20:24:55.279+0000",
        "createdByUserId": "99999999-9999-1999-8999-999999999901",
        "updatedDate": "2020-03-06T20:24:55.279+0000",
        "updatedByUserId": "99999999-9999-1999-8999-999999999901"
      }
    },
    {
      "id": "c41a901e-ce08-4125-acc5-a5ed234f2c5c",
      "module": "NCIP",
      "configName": "Relais",
      "code": "item.material.type.name",
      "enabled": true,
      "value": "PALCI",
      "metadata": {
        "createdDate": "2020-03-06T20:24:55.304+0000",
        "createdByUserId": "99999999-9999-1999-8999-999999999901",
        "updatedDate": "2020-03-06T20:24:55.304+0000",
        "updatedByUserId": "99999999-9999-1999-8999-999999999901"
      }
    },
    {
      "id": "14b4f295-e9d0-4578-aeed-e1df25ce1022",
      "module": "NCIP",
      "configName": "Relais",
      "code": "item.perm.loan.type.name",
      "enabled": true,
      "value": "PALCI",
      "metadata": {
        "createdDate": "2020-03-06T20:24:55.329+0000",
        "createdByUserId": "99999999-9999-1999-8999-999999999901",
        "updatedDate": "2020-03-06T20:24:55.329+0000",
        "updatedByUserId": "99999999-9999-1999-8999-999999999901"
      }
    },
    {
      "id": "17d6ae7f-db78-41d0-827b-37f4e8113696",
      "module": "NCIP",
      "configName": "Relais",
      "code": "item.status.name",
      "enabled": true,
      "value": "Available",
      "metadata": {
        "createdDate": "2020-03-06T20:24:55.353+0000",
        "createdByUserId": "99999999-9999-1999-8999-999999999901",
        "updatedDate": "2020-03-06T20:24:55.353+0000",
        "updatedByUserId": "99999999-9999-1999-8999-999999999901"
      }
    },
    {
      "id": "ab333eac-823a-45bc-b5d8-71b694b1bb62",
      "module": "NCIP",
      "configName": "Relais",
      "code": "item.perm.location.code",
      "enabled": true,
      "value": "PALCI_LEHIGH",
      "metadata": {
        "createdDate": "2020-03-06T20:24:55.380+0000",
        "createdByUserId": "99999999-9999-1999-8999-999999999901",
        "updatedDate": "2020-03-06T20:24:55.380+0000",
        "updatedByUserId": "99999999-9999-1999-8999-999999999901"
      }
    },
    {
      "id": "f5bb149a-8ace-49ce-a2f9-8d3461e58faf",
      "module": "NCIP",
      "configName": "Relais",
      "code": "holdings.perm.location.code",
      "enabled": true,
      "value": "PALCI_LEHIGH",
      "metadata": {
        "createdDate": "2020-03-06T20:24:55.401+0000",
        "createdByUserId": "99999999-9999-1999-8999-999999999901",
        "updatedDate": "2020-03-06T20:24:55.401+0000",
        "updatedByUserId": "99999999-9999-1999-8999-999999999901"
      }
    },
    {
      "id": "ca6f52e1-5b7d-4a63-82f3-3d9b4b965766",
      "module": "NCIP",
      "configName": "Relais",
      "code": "instance.custom.identifier.name",
      "enabled": true,
      "value": "PALCI Request ID",
      "metadata": {
        "createdDate": "2020-03-06T20:24:55.426+0000",
        "createdByUserId": "99999999-9999-1999-8999-999999999901",
        "updatedDate": "2020-03-06T20:24:55.426+0000",
        "updatedByUserId": "99999999-9999-1999-8999-999999999901"
      }
    },
    {
      "id": "f6435c0a-d640-4c3e-b5ea-0b6f857c74f0",
      "module": "NCIP",
      "configName": "Relais",
      "code": "checkout.service.point.code",
      "enabled": true,
      "value": "FAIRCHILD",
      "metadata": {
        "createdDate": "2020-03-06T20:24:55.456+0000",
        "createdByUserId": "99999999-9999-1999-8999-999999999901",
        "updatedDate": "2020-03-06T20:24:55.456+0000",
        "updatedByUserId": "99999999-9999-1999-8999-999999999901"
      }
    },
    {
      "id": "a07bc5a3-7e26-485d-a09a-e72ea4dbdbe3",
      "module": "NCIP",
      "configName": "Relais",
      "code": "checkin.service.point.code",
      "enabled": true,
      "value": "FAIRCHILD",
      "metadata": {
        "createdDate": "2020-03-06T20:24:55.479+0000",
        "createdByUserId": "99999999-9999-1999-8999-999999999901",
        "updatedDate": "2020-03-06T20:24:55.479+0000",
        "updatedByUserId": "99999999-9999-1999-8999-999999999901"
      }
    }
  ],
  "totalRecords": 12,
  "resultInfo": {
    "totalRecords": 12,
    "facets": [],
    "diagnostics": []
  }
}

09:31:15 [] [lu] [] [mod-ncip] INFO  FolioNcipHelper      user.priv.blocked.status=BLOCKED
09:31:15 [] [lu] [] [mod-ncip] INFO  FolioNcipHelper      Using timeout: 30000
09:31:15 [] [lu] [] [mod-ncip] INFO  FolioNcipHelper      GET:
09:31:15 [] [lu] [] [mod-ncip] INFO  FolioNcipHelper      http://localhost:54452/configurations/entries?query=code%3D%3D%22user.priv.blocked.status%22&limit=200
09:31:15 [] [lu] [] [mod-ncip] INFO  FolioNcipHelper      200
09:31:15 [] [lu] [] [mod-ncip] INFO  FolioNcipHelper      {
  "configs": [
    {
      "id": "ecb9cf87-adcb-4be7-9253-e8caf8828ee6",
      "module": "NCIP",
      "configName": "Relais",
      "code": "instance.type.name",
      "enabled": true,
      "value": "PALCI",
      "metadata": {
        "createdDate": "2020-03-06T20:24:55.251+0000",
        "createdByUserId": "99999999-9999-1999-8999-999999999901",
        "updatedDate": "2020-03-06T20:24:55.251+0000",
        "updatedByUserId": "99999999-9999-1999-8999-999999999901"
      }
    },
    {
      "id": "ccf38c47-2614-43fa-9da5-82aeb32b6e11",
      "module": "NCIP",
      "configName": "Relais",
      "code": "instance.source",
      "enabled": true,
      "value": "PALCI",
      "metadata": {
        "createdDate": "2020-03-06T20:24:55.279+0000",
        "createdByUserId": "99999999-9999-1999-8999-999999999901",
        "updatedDate": "2020-03-06T20:24:55.279+0000",
        "updatedByUserId": "99999999-9999-1999-8999-999999999901"
      }
    },
    {
      "id": "c41a901e-ce08-4125-acc5-a5ed234f2c5c",
      "module": "NCIP",
      "configName": "Relais",
      "code": "item.material.type.name",
      "enabled": true,
      "value": "PALCI",
      "metadata": {
        "createdDate": "2020-03-06T20:24:55.304+0000",
        "createdByUserId": "99999999-9999-1999-8999-999999999901",
        "updatedDate": "2020-03-06T20:24:55.304+0000",
        "updatedByUserId": "99999999-9999-1999-8999-999999999901"
      }
    },
    {
      "id": "14b4f295-e9d0-4578-aeed-e1df25ce1022",
      "module": "NCIP",
      "configName": "Relais",
      "code": "item.perm.loan.type.name",
      "enabled": true,
      "value": "PALCI",
      "metadata": {
        "createdDate": "2020-03-06T20:24:55.329+0000",
        "createdByUserId": "99999999-9999-1999-8999-999999999901",
        "updatedDate": "2020-03-06T20:24:55.329+0000",
        "updatedByUserId": "99999999-9999-1999-8999-999999999901"
      }
    },
    {
      "id": "17d6ae7f-db78-41d0-827b-37f4e8113696",
      "module": "NCIP",
      "configName": "Relais",
      "code": "item.status.name",
      "enabled": true,
      "value": "Available",
      "metadata": {
        "createdDate": "2020-03-06T20:24:55.353+0000",
        "createdByUserId": "99999999-9999-1999-8999-999999999901",
        "updatedDate": "2020-03-06T20:24:55.353+0000",
        "updatedByUserId": "99999999-9999-1999-8999-999999999901"
      }
    },
    {
      "id": "ab333eac-823a-45bc-b5d8-71b694b1bb62",
      "module": "NCIP",
      "configName": "Relais",
      "code": "item.perm.location.code",
      "enabled": true,
      "value": "PALCI_LEHIGH",
      "metadata": {
        "createdDate": "2020-03-06T20:24:55.380+0000",
        "createdByUserId": "99999999-9999-1999-8999-999999999901",
        "updatedDate": "2020-03-06T20:24:55.380+0000",
        "updatedByUserId": "99999999-9999-1999-8999-999999999901"
      }
    },
    {
      "id": "f5bb149a-8ace-49ce-a2f9-8d3461e58faf",
      "module": "NCIP",
      "configName": "Relais",
      "code": "holdings.perm.location.code",
      "enabled": true,
      "value": "PALCI_LEHIGH",
      "metadata": {
        "createdDate": "2020-03-06T20:24:55.401+0000",
        "createdByUserId": "99999999-9999-1999-8999-999999999901",
        "updatedDate": "2020-03-06T20:24:55.401+0000",
        "updatedByUserId": "99999999-9999-1999-8999-999999999901"
      }
    },
    {
      "id": "ca6f52e1-5b7d-4a63-82f3-3d9b4b965766",
      "module": "NCIP",
      "configName": "Relais",
      "code": "instance.custom.identifier.name",
      "enabled": true,
      "value": "PALCI Request ID",
      "metadata": {
        "createdDate": "2020-03-06T20:24:55.426+0000",
        "createdByUserId": "99999999-9999-1999-8999-999999999901",
        "updatedDate": "2020-03-06T20:24:55.426+0000",
        "updatedByUserId": "99999999-9999-1999-8999-999999999901"
      }
    },
    {
      "id": "f6435c0a-d640-4c3e-b5ea-0b6f857c74f0",
      "module": "NCIP",
      "configName": "Relais",
      "code": "checkout.service.point.code",
      "enabled": true,
      "value": "FAIRCHILD",
      "metadata": {
        "createdDate": "2020-03-06T20:24:55.456+0000",
        "createdByUserId": "99999999-9999-1999-8999-999999999901",
        "updatedDate": "2020-03-06T20:24:55.456+0000",
        "updatedByUserId": "99999999-9999-1999-8999-999999999901"
      }
    },
    {
      "id": "a07bc5a3-7e26-485d-a09a-e72ea4dbdbe3",
      "module": "NCIP",
      "configName": "Relais",
      "code": "checkin.service.point.code",
      "enabled": true,
      "value": "FAIRCHILD",
      "metadata": {
        "createdDate": "2020-03-06T20:24:55.479+0000",
        "createdByUserId": "99999999-9999-1999-8999-999999999901",
        "updatedDate": "2020-03-06T20:24:55.479+0000",
        "updatedByUserId": "99999999-9999-1999-8999-999999999901"
      }
    }
  ],
  "totalRecords": 12,
  "resultInfo": {
    "totalRecords": 12,
    "facets": [],
    "diagnostics": []
  }
}

09:31:15 [] [lu] [] [mod-ncip] INFO  FolioNcipHelper      =======> initializing address types
09:31:15 [] [lu] [] [mod-ncip] INFO  FolioNcipHelper      Using timeout: 30000
09:31:15 [] [lu] [] [mod-ncip] INFO  FolioNcipHelper      GET:
09:31:15 [] [lu] [] [mod-ncip] INFO  FolioNcipHelper      http://localhost:54452/addresstypes
09:31:15 [] [lu] [] [mod-ncip] INFO  FolioNcipHelper      404
09:31:15 [] [lu] [] [mod-ncip] INFO  FolioNcipHelper      <html><body><h1>Resource not found</h1></body></html>
09:31:15 [] [lu] [] [mod-ncip] FATAL FolioNcipHelper      callApiGet failed
09:31:15 [] [lu] [] [mod-ncip] FATAL FolioNcipHelper      http://localhost:54452/addresstypes
09:31:15 [] [lu] [] [mod-ncip] FATAL FolioNcipHelper      Unable to initialize address types.
09:31:15 [] [lu] [] [mod-ncip] FATAL FolioNcipHelper      
09:31:15 [] [lu] [] [mod-ncip] INFO  RemoteServiceManager Using timeout: 30000
09:31:15 [] [lu] [] [mod-ncip] INFO  RemoteServiceManager GET:
09:31:15 [] [lu] [] [mod-ncip] INFO  RemoteServiceManager http://localhost:54452/users?query=%28barcode%3D%3D%228377630%22%20or%20externalSystemId%3D%3D%228377630%22%20or%20username%3D%3D%228377630%22%29
09:31:15 [] [lu] [] [mod-ncip] INFO  RemoteServiceManager 200
09:31:15 [] [lu] [] [mod-ncip] INFO  RemoteServiceManager {
  "users" : [ {
    "username" : "myluid",
    "id" : "99999999-9999-9999-9999-999999999901",
    "barcode" : "8377630",
    "active" : true,
    "type" : "patron",
    "patronGroup" : "dac3aab4-7a86-422b-b5fc-6fbf7afd7aeb",
    "meta" : {
      "creation_date" : "2016-11-05T0723",
      "last_login_date" : ""
    },
    "proxyFor" : [ ],
    "personal" : {
      "lastName" : "Jane",
      "firstName" : "Doe",
      "email" : "mireille@kihn-dickinson.ki",
      "phone" : "594.555.1212",
      "addresses" : [ ]
    },
    "createdDate" : "2019-09-18T15:23:06.191+0000",
    "updatedDate" : "2019-09-18T15:23:06.191+0000"
  } ],
  "totalRecords" : 1,
  "resultInfo" : {
    "totalRecords" : 1,
    "facets" : [ ],
    "diagnostics" : [ ]
  }
}

09:31:15 [] [] [] [] INFO  RemoteServiceManager Using timeout: 30000
09:31:15 [] [] [] [] INFO  RemoteServiceManager Using timeout: 30000
09:31:15 [] [] [] [] INFO  RemoteServiceManager Using timeout: 30000
09:31:15 [] [] [] [] INFO  RemoteServiceManager Using timeout: 30000
09:31:15 [] [] [] [] INFO  RemoteServiceManager GET:
09:31:15 [] [] [] [] INFO  RemoteServiceManager http://localhost:54452/service-points-users?query=query=(userId%3D%3D%2299999999-9999-9999-9999-999999999901%22%29&limit=700
09:31:15 [] [] [] [] INFO  RemoteServiceManager 200
09:31:15 [] [] [] [] INFO  RemoteServiceManager {
  "servicepoints" : [ {
    "id" : "29faacf1-4ba4-42c7-8b2a-566b259e4641",
    "name" : "Fairchild Martindale",
    "code" : "FAIRCHILD",
    "discoveryDisplayName" : "Fairchild Martindale",
    "shelvingLagTime" : 10,
    "pickupLocation" : true,
    "holdShelfExpiryPeriod" : {
      "duration" : 5,
      "intervalId" : "Days"
    },
    "staffSlips" : [ ]
  } ],
  "totalRecords" : 1
}

09:31:15 [] [] [] [] INFO  RemoteServiceManager GET:
09:31:15 [] [] [] [] INFO  RemoteServiceManager http://localhost:54452/manualblocks?query=query=(userId%3D%3D%2299999999-9999-9999-9999-999999999901%22%29&limit=100
09:31:15 [] [] [] [] INFO  RemoteServiceManager 200
09:31:15 [] [] [] [] INFO  RemoteServiceManager {
  "manualblocks" : [ ],
  "totalRecords" : 0
}

09:31:15 [] [] [] [] INFO  RemoteServiceManager GET:
09:31:15 [] [] [] [] INFO  RemoteServiceManager http://localhost:54452/automated-patron-blocks/99999999-9999-9999-9999-999999999901
09:31:15 [] [] [] [] INFO  RemoteServiceManager 200
09:31:15 [] [] [] [] INFO  RemoteServiceManager {
  "automatedPatronBlocks" : [ ],
  "totalRecords" : 0
}

09:31:15 [] [] [] [] INFO  RemoteServiceManager GET:
09:31:15 [] [] [] [] INFO  RemoteServiceManager http://localhost:54452/groups/dac3aab4-7a86-422b-b5fc-6fbf7afd7aeb
09:31:15 [] [] [] [] INFO  RemoteServiceManager 200
09:31:15 [] [] [] [] INFO  RemoteServiceManager {
  "group" : "GRAD",
  "desc" : "GRAD",
  "id" : "dac3aab4-7a86-422b-b5fc-6fbf7afd7aeb"
}

09:31:15 [] [lu] [] [mod-ncip] INFO  RemoteServiceManager patron does not have a preferred service point assigned
The result is: <?xml version="1.0" encoding="UTF-8" standalone="yes"?><ns1:NCIPMessage xmlns:ns1="http://www.niso.org/2008/ncip" ns1:version="http://www.niso.org/schemas/ncip/v2_0/imp1/xsd/ncip_v2_0.xsd"><ns1:LookupUserResponse><ns1:UserId><ns1:AgencyId>Relais</ns1:AgencyId><ns1:UserIdentifierType>barcode</ns1:UserIdentifierType><ns1:UserIdentifierValue>8377630</ns1:UserIdentifierValue></ns1:UserId><ns1:UserOptionalFields><ns1:NameInformation><ns1:PersonalNameInformation><ns1:StructuredPersonalUserName><ns1:GivenName>Doe</ns1:GivenName><ns1:Surname>Jane</ns1:Surname></ns1:StructuredPersonalUserName><ns1:UnstructuredPersonalUserName>Doe Jane</ns1:UnstructuredPersonalUserName></ns1:PersonalNameInformation></ns1:NameInformation><ns1:UserAddressInformation><ns1:UserAddressRoleType>OTH</ns1:UserAddressRoleType><ns1:ElectronicAddress><ns1:ElectronicAddressType>electronic mail address</ns1:ElectronicAddressType><ns1:ElectronicAddressData>mireille@kihn-dickinson.ki</ns1:ElectronicAddressData></ns1:ElectronicAddress></ns1:UserAddressInformation><ns1:UserAddressInformation><ns1:UserAddressRoleType>OTH</ns1:UserAddressRoleType><ns1:ElectronicAddress><ns1:ElectronicAddressType>TEL</ns1:ElectronicAddressType><ns1:ElectronicAddressData>594.555.1212</ns1:ElectronicAddressData></ns1:ElectronicAddress></ns1:UserAddressInformation><ns1:UserPrivilege><ns1:AgencyId>Relais</ns1:AgencyId><ns1:AgencyUserPrivilegeType ns1:Scheme="">PROFILE</ns1:AgencyUserPrivilegeType><ns1:UserPrivilegeStatus><ns1:UserPrivilegeStatusType ns1:Scheme="">GRAD</ns1:UserPrivilegeStatusType></ns1:UserPrivilegeStatus><ns1:UserPrivilegeDescription>User Profile</ns1:UserPrivilegeDescription></ns1:UserPrivilege><ns1:UserPrivilege><ns1:AgencyId>Relais</ns1:AgencyId><ns1:AgencyUserPrivilegeType ns1:Scheme="">LIBRARY</ns1:AgencyUserPrivilegeType><ns1:UserPrivilegeStatus><ns1:UserPrivilegeStatusType ns1:Scheme=""/></ns1:UserPrivilegeStatus><ns1:UserPrivilegeDescription>User Library</ns1:UserPrivilegeDescription></ns1:UserPrivilege><ns1:UserPrivilege><ns1:AgencyId>Relais</ns1:AgencyId><ns1:AgencyUserPrivilegeType ns1:Scheme="">STATUS</ns1:AgencyUserPrivilegeType><ns1:UserPrivilegeStatus><ns1:UserPrivilegeStatusType ns1:Scheme="">ACTIVE</ns1:UserPrivilegeStatusType></ns1:UserPrivilegeStatus><ns1:UserPrivilegeDescription>User Status</ns1:UserPrivilegeDescription></ns1:UserPrivilege></ns1:UserOptionalFields></ns1:LookupUserResponse></ns1:NCIPMessage>
<ns1:NCIPMessage xmlns:ns1="http://www.niso.org/2008/ncip" ns1:version="http://www.niso.org/schemas/ncip/v2_0/imp1/xsd/ncip_v2_0.xsd">
  <ns1:LookupUserResponse>
    <ns1:UserId>
      <ns1:AgencyId>Relais</ns1:AgencyId>
      <ns1:UserIdentifierType>barcode</ns1:UserIdentifierType>
      <ns1:UserIdentifierValue>8377630</ns1:UserIdentifierValue>
    </ns1:UserId>
    <ns1:UserOptionalFields>
      <ns1:NameInformation>
        <ns1:PersonalNameInformation>
          <ns1:StructuredPersonalUserName>
            <ns1:GivenName>Doe</ns1:GivenName>
            <ns1:Surname>Jane</ns1:Surname>
          </ns1:StructuredPersonalUserName>
          <ns1:UnstructuredPersonalUserName>Doe Jane</ns1:UnstructuredPersonalUserName>
        </ns1:PersonalNameInformation>
      </ns1:NameInformation>
      <ns1:UserAddressInformation>
        <ns1:UserAddressRoleType>OTH</ns1:UserAddressRoleType>
        <ns1:ElectronicAddress>
          <ns1:ElectronicAddressType>electronic mail address</ns1:ElectronicAddressType>
          <ns1:ElectronicAddressData>mireille@kihn-dickinson.ki</ns1:ElectronicAddressData>
        </ns1:ElectronicAddress>
      </ns1:UserAddressInformation>
      <ns1:UserAddressInformation>
        <ns1:UserAddressRoleType>OTH</ns1:UserAddressRoleType>
        <ns1:ElectronicAddress>
          <ns1:ElectronicAddressType>TEL</ns1:ElectronicAddressType>
          <ns1:ElectronicAddressData>594.555.1212</ns1:ElectronicAddressData>
        </ns1:ElectronicAddress>
      </ns1:UserAddressInformation>
      <ns1:UserPrivilege>
        <ns1:AgencyId>Relais</ns1:AgencyId>
        <ns1:AgencyUserPrivilegeType ns1:Scheme="">PROFILE</ns1:AgencyUserPrivilegeType>
        <ns1:UserPrivilegeStatus>
          <ns1:UserPrivilegeStatusType ns1:Scheme="">GRAD</ns1:UserPrivilegeStatusType>
        </ns1:UserPrivilegeStatus>
        <ns1:UserPrivilegeDescription>User Profile</ns1:UserPrivilegeDescription>
      </ns1:UserPrivilege>
      <ns1:UserPrivilege>
        <ns1:AgencyId>Relais</ns1:AgencyId>
        <ns1:AgencyUserPrivilegeType ns1:Scheme="">LIBRARY</ns1:AgencyUserPrivilegeType>
        <ns1:UserPrivilegeStatus>
          <ns1:UserPrivilegeStatusType ns1:Scheme=""/>
        </ns1:UserPrivilegeStatus>
        <ns1:UserPrivilegeDescription>User Library</ns1:UserPrivilegeDescription>
      </ns1:UserPrivilege>
      <ns1:UserPrivilege>
        <ns1:AgencyId>Relais</ns1:AgencyId>
        <ns1:AgencyUserPrivilegeType ns1:Scheme="">STATUS</ns1:AgencyUserPrivilegeType>
        <ns1:UserPrivilegeStatus>
          <ns1:UserPrivilegeStatusType ns1:Scheme="">ACTIVE</ns1:UserPrivilegeStatusType>
        </ns1:UserPrivilegeStatus>
        <ns1:UserPrivilegeDescription>User Status</ns1:UserPrivilegeDescription>
      </ns1:UserPrivilege>
    </ns1:UserOptionalFields>
  </ns1:LookupUserResponse>
</ns1:NCIPMessage>
<ns1:NCIPMessage xmlns:ns1="http://www.niso.org/2008/ncip" ns1:version="http://www.niso.org/schemas/ncip/v2_0/imp1/xsd/ncip_v2_0.xsd">
  <ns1:LookupUserResponse>
    <ns1:UserId>
      <ns1:AgencyId>Relais</ns1:AgencyId>
      <ns1:UserIdentifierType>barcode</ns1:UserIdentifierType>
      <ns1:UserIdentifierValue>8377630</ns1:UserIdentifierValue>
    </ns1:UserId>
    <ns1:UserOptionalFields>
      <ns1:NameInformation>
        <ns1:PersonalNameInformation>
          <ns1:StructuredPersonalUserName>
            <ns1:GivenName>Doe</ns1:GivenName>
            <ns1:Surname>Jane</ns1:Surname>
          </ns1:StructuredPersonalUserName>
          <ns1:UnstructuredPersonalUserName>Doe Jane</ns1:UnstructuredPersonalUserName>
        </ns1:PersonalNameInformation>
      </ns1:NameInformation>
      <ns1:UserAddressInformation>
        <ns1:UserAddressRoleType>OTH</ns1:UserAddressRoleType>
        <ns1:ElectronicAddress>
          <ns1:ElectronicAddressType>electronic mail address</ns1:ElectronicAddressType>
          <ns1:ElectronicAddressData>mireille@kihn-dickinson.ki</ns1:ElectronicAddressData>
        </ns1:ElectronicAddress>
      </ns1:UserAddressInformation>
      <ns1:UserAddressInformation>
        <ns1:UserAddressRoleType>OTH</ns1:UserAddressRoleType>
        <ns1:ElectronicAddress>
          <ns1:ElectronicAddressType>TEL</ns1:ElectronicAddressType>
          <ns1:ElectronicAddressData>594.555.1212</ns1:ElectronicAddressData>
        </ns1:ElectronicAddress>
      </ns1:UserAddressInformation>
      <ns1:UserPrivilege>
        <ns1:AgencyId>Relais</ns1:AgencyId>
        <ns1:AgencyUserPrivilegeType ns1:Scheme="">PROFILE</ns1:AgencyUserPrivilegeType>
        <ns1:UserPrivilegeStatus>
          <ns1:UserPrivilegeStatusType ns1:Scheme="">GRAD</ns1:UserPrivilegeStatusType>
        </ns1:UserPrivilegeStatus>
        <ns1:UserPrivilegeDescription>User Profile</ns1:UserPrivilegeDescription>
      </ns1:UserPrivilege>
      <ns1:UserPrivilege>
        <ns1:AgencyId>Relais</ns1:AgencyId>
        <ns1:AgencyUserPrivilegeType ns1:Scheme="">LIBRARY</ns1:AgencyUserPrivilegeType>
        <ns1:UserPrivilegeStatus>
          <ns1:UserPrivilegeStatusType ns1:Scheme=""/>
        </ns1:UserPrivilegeStatus>
        <ns1:UserPrivilegeDescription>User Library</ns1:UserPrivilegeDescription>
      </ns1:UserPrivilege>
      <ns1:UserPrivilege>
        <ns1:AgencyId>Relais</ns1:AgencyId>
        <ns1:AgencyUserPrivilegeType ns1:Scheme="">STATUS</ns1:AgencyUserPrivilegeType>
        <ns1:UserPrivilegeStatus>
          <ns1:UserPrivilegeStatusType ns1:Scheme="">ACTIVE</ns1:UserPrivilegeStatusType>
        </ns1:UserPrivilegeStatus>
        <ns1:UserPrivilegeDescription>User Status</ns1:UserPrivilegeDescription>
      </ns1:UserPrivilege>
    </ns1:UserOptionalFields>
  </ns1:LookupUserResponse>
</ns1:NCIPMessage>
]]></system-out>
  </testcase>
  <testcase name="callLookupUserNotFound" classname="org.folio.ncip.LookupUser" time="3.144">
    <system-out><![CDATA[09:31:15 [] [lu] [] [mod-ncip] INFO  FolioNcipHelper      ncip process called...
09:31:15 [] [lu] [] [mod-ncip] INFO  FolioNcipHelper      ==========BODY===============
09:31:15 [] [lu] [] [mod-ncip] INFO  FolioNcipHelper      <?xml version="1.0" encoding="UTF-8"?>
<NCIPMessage version="http://www.niso.org/schemas/ncip/v2_0/ncip_v2_0.xsd"
   xmlns="http://www.niso.org/2008/ncip">
  <LookupUser>
  <InitiationHeader>
				<FromAgencyId>
					<AgencyId>Relais</AgencyId>
				</FromAgencyId>
				<ToAgencyId>
					<AgencyId>Lehigh University</AgencyId>
				</ToAgencyId>
   		  </InitiationHeader> 
    <UserId>
      <AgencyId>Relais</AgencyId>
      <UserIdentifierValue>5551212</UserIdentifierValue>
    </UserId>
    <UserElementType>Name Information</UserElementType>
    <UserElementType>User Address Information</UserElementType>
    <UserElementType>User Privilege</UserElementType>
    <UserElementType>User Id</UserElementType>
  </LookupUser>
</NCIPMessage>

09:31:15 [] [lu] [] [mod-ncip] INFO  FolioNcipHelper      Using timeout: 30000
09:31:15 [] [] [] [] ERROR ?                    Unhandled exception in router
java.lang.IllegalStateException: Response head already sent
	at io.vertx.core.http.impl.Http1xServerResponse.checkHeadWritten(Http1xServerResponse.java:687) ~[vertx-core-4.3.8.jar:4.3.8]
	at io.vertx.core.http.impl.Http1xServerResponse.setStatusCode(Http1xServerResponse.java:149) ~[vertx-core-4.3.8.jar:4.3.8]
	at org.folio.ncip.MockServer.serverResponse(MockServer.java:178) ~[test-classes/:?]
	at org.folio.ncip.MockServer.getNcipConfigs(MockServer.java:126) ~[test-classes/:?]
	at io.vertx.ext.web.impl.RouteState.handleContext(RouteState.java:1284) ~[vertx-web-4.3.8.jar:4.3.8]
	at io.vertx.ext.web.impl.RoutingContextImplBase.iterateNext(RoutingContextImplBase.java:177) ~[vertx-web-4.3.8.jar:4.3.8]
	at io.vertx.ext.web.impl.RoutingContextImpl.next(RoutingContextImpl.java:141) ~[vertx-web-4.3.8.jar:4.3.8]
	at io.vertx.ext.web.handler.impl.BodyHandlerImpl.handle(BodyHandlerImpl.java:96) ~[vertx-web-4.3.8.jar:4.3.8]
	at io.vertx.ext.web.handler.impl.BodyHandlerImpl.handle(BodyHandlerImpl.java:46) ~[vertx-web-4.3.8.jar:4.3.8]
	at io.vertx.ext.web.impl.RouteState.handleContext(RouteState.java:1284) ~[vertx-web-4.3.8.jar:4.3.8]
	at io.vertx.ext.web.impl.RoutingContextImplBase.iterateNext(RoutingContextImplBase.java:177) ~[vertx-web-4.3.8.jar:4.3.8]
	at io.vertx.ext.web.impl.RoutingContextImpl.next(RoutingContextImpl.java:141) ~[vertx-web-4.3.8.jar:4.3.8]
	at io.vertx.ext.web.impl.RouterImpl.handle(RouterImpl.java:68) ~[vertx-web-4.3.8.jar:4.3.8]
	at io.vertx.ext.web.impl.RouterImpl.handle(RouterImpl.java:37) ~[vertx-web-4.3.8.jar:4.3.8]
	at io.vertx.core.http.impl.Http1xServerRequestHandler.handle(Http1xServerRequestHandler.java:67) ~[vertx-core-4.3.8.jar:4.3.8]
	at io.vertx.core.http.impl.Http1xServerRequestHandler.handle(Http1xServerRequestHandler.java:30) ~[vertx-core-4.3.8.jar:4.3.8]
	at io.vertx.core.impl.EventLoopContext.emit(EventLoopContext.java:55) ~[vertx-core-4.3.8.jar:4.3.8]
	at io.vertx.core.impl.DuplicatedContext.emit(DuplicatedContext.java:158) ~[vertx-core-4.3.8.jar:4.3.8]
	at io.vertx.core.http.impl.Http1xServerConnection.handleMessage(Http1xServerConnection.java:145) ~[vertx-core-4.3.8.jar:4.3.8]
	at io.vertx.core.net.impl.ConnectionBase.read(ConnectionBase.java:157) ~[vertx-core-4.3.8.jar:4.3.8]
	at io.vertx.core.net.impl.VertxHandler.channelRead(VertxHandler.java:153) ~[vertx-core-4.3.8.jar:4.3.8]
	at io.netty.channel.AbstractChannelHandlerContext.invokeChannelRead(AbstractChannelHandlerContext.java:442) ~[netty-transport-4.1.87.Final.jar:4.1.87.Final]
	at io.netty.channel.AbstractChannelHandlerContext.invokeChannelRead(AbstractChannelHandlerContext.java:420) ~[netty-transport-4.1.87.Final.jar:4.1.87.Final]
	at io.netty.channel.AbstractChannelHandlerContext.fireChannelRead(AbstractChannelHandlerContext.java:412) ~[netty-transport-4.1.87.Final.jar:4.1.87.Final]
	at io.netty.channel.ChannelInboundHandlerAdapter.channelRead(ChannelInboundHandlerAdapter.java:93) ~[netty-transport-4.1.87.Final.jar:4.1.87.Final]
	at io.netty.handler.codec.http.websocketx.extensions.WebSocketServerExtensionHandler.channelRead(WebSocketServerExtensionHandler.java:99) ~[netty-codec-http-4.1.87.Final.jar:4.1.87.Final]
	at io.netty.channel.AbstractChannelHandlerContext.invokeChannelRead(AbstractChannelHandlerContext.java:442) ~[netty-transport-4.1.87.Final.jar:4.1.87.Final]
	at io.netty.channel.AbstractChannelHandlerContext.invokeChannelRead(AbstractChannelHandlerContext.java:420) ~[netty-transport-4.1.87.Final.jar:4.1.87.Final]
	at io.netty.channel.AbstractChannelHandlerContext.fireChannelRead(AbstractChannelHandlerContext.java:412) ~[netty-transport-4.1.87.Final.jar:4.1.87.Final]
	at io.vertx.core.http.impl.Http1xUpgradeToH2CHandler.channelRead(Http1xUpgradeToH2CHandler.java:120) ~[vertx-core-4.3.8.jar:4.3.8]
	at io.netty.channel.AbstractChannelHandlerContext.invokeChannelRead(AbstractChannelHandlerContext.java:444) ~[netty-transport-4.1.87.Final.jar:4.1.87.Final]
	at io.netty.channel.AbstractChannelHandlerContext.invokeChannelRead(AbstractChannelHandlerContext.java:420) ~[netty-transport-4.1.87.Final.jar:4.1.87.Final]
	at io.netty.channel.AbstractChannelHandlerContext.fireChannelRead(AbstractChannelHandlerContext.java:412) ~[netty-transport-4.1.87.Final.jar:4.1.87.Final]
	at io.netty.handler.codec.ByteToMessageDecoder.fireChannelRead(ByteToMessageDecoder.java:346) ~[netty-codec-4.1.87.Final.jar:4.1.87.Final]
	at io.netty.handler.codec.ByteToMessageDecoder.channelRead(ByteToMessageDecoder.java:318) ~[netty-codec-4.1.87.Final.jar:4.1.87.Final]
	at io.netty.channel.AbstractChannelHandlerContext.invokeChannelRead(AbstractChannelHandlerContext.java:444) ~[netty-transport-4.1.87.Final.jar:4.1.87.Final]
	at io.netty.channel.AbstractChannelHandlerContext.invokeChannelRead(AbstractChannelHandlerContext.java:420) ~[netty-transport-4.1.87.Final.jar:4.1.87.Final]
	at io.netty.channel.AbstractChannelHandlerContext.fireChannelRead(AbstractChannelHandlerContext.java:412) ~[netty-transport-4.1.87.Final.jar:4.1.87.Final]
	at io.vertx.core.http.impl.Http1xOrH2CHandler.end(Http1xOrH2CHandler.java:61) ~[vertx-core-4.3.8.jar:4.3.8]
	at io.vertx.core.http.impl.Http1xOrH2CHandler.channelRead(Http1xOrH2CHandler.java:38) ~[vertx-core-4.3.8.jar:4.3.8]
	at io.netty.channel.AbstractChannelHandlerContext.invokeChannelRead(AbstractChannelHandlerContext.java:444) ~[netty-transport-4.1.87.Final.jar:4.1.87.Final]
	at io.netty.channel.AbstractChannelHandlerContext.invokeChannelRead(AbstractChannelHandlerContext.java:420) ~[netty-transport-4.1.87.Final.jar:4.1.87.Final]
	at io.netty.channel.AbstractChannelHandlerContext.fireChannelRead(AbstractChannelHandlerContext.java:412) ~[netty-transport-4.1.87.Final.jar:4.1.87.Final]
	at io.netty.channel.DefaultChannelPipeline$HeadContext.channelRead(DefaultChannelPipeline.java:1410) ~[netty-transport-4.1.87.Final.jar:4.1.87.Final]
	at io.netty.channel.AbstractChannelHandlerContext.invokeChannelRead(AbstractChannelHandlerContext.java:440) ~[netty-transport-4.1.87.Final.jar:4.1.87.Final]
	at io.netty.channel.AbstractChannelHandlerContext.invokeChannelRead(AbstractChannelHandlerContext.java:420) ~[netty-transport-4.1.87.Final.jar:4.1.87.Final]
	at io.netty.channel.DefaultChannelPipeline.fireChannelRead(DefaultChannelPipeline.java:919) ~[netty-transport-4.1.87.Final.jar:4.1.87.Final]
	at io.netty.channel.nio.AbstractNioByteChannel$NioByteUnsafe.read(AbstractNioByteChannel.java:166) ~[netty-transport-4.1.87.Final.jar:4.1.87.Final]
	at io.netty.channel.nio.NioEventLoop.processSelectedKey(NioEventLoop.java:788) ~[netty-transport-4.1.87.Final.jar:4.1.87.Final]
	at io.netty.channel.nio.NioEventLoop.processSelectedKeysOptimized(NioEventLoop.java:724) ~[netty-transport-4.1.87.Final.jar:4.1.87.Final]
	at io.netty.channel.nio.NioEventLoop.processSelectedKeys(NioEventLoop.java:650) ~[netty-transport-4.1.87.Final.jar:4.1.87.Final]
	at io.netty.channel.nio.NioEventLoop.run(NioEventLoop.java:562) ~[netty-transport-4.1.87.Final.jar:4.1.87.Final]
	at io.netty.util.concurrent.SingleThreadEventExecutor$4.run(SingleThreadEventExecutor.java:997) ~[netty-common-4.1.87.Final.jar:4.1.87.Final]
	at io.netty.util.internal.ThreadExecutorMap$2.run(ThreadExecutorMap.java:74) ~[netty-common-4.1.87.Final.jar:4.1.87.Final]
	at io.netty.util.concurrent.FastThreadLocalRunnable.run(FastThreadLocalRunnable.java:30) ~[netty-common-4.1.87.Final.jar:4.1.87.Final]
	at java.lang.Thread.run(Thread.java:829) ~[?:?]
09:31:15 [] [lu] [] [mod-ncip] INFO  FolioNcipHelper      GET:
09:31:15 [] [lu] [] [mod-ncip] INFO  FolioNcipHelper      http://localhost:54452/configurations/entries?query=configName%3Dtoolkit&limit=200
09:31:15 [] [lu] [] [mod-ncip] INFO  FolioNcipHelper      200
09:31:15 [] [lu] [] [mod-ncip] INFO  FolioNcipHelper      {
  "configs": [],
  "totalRecords": 0,
  "resultInfo": {
    "totalRecords": 0,
    "facets": [],
    "diagnostics": []
  }
}

09:31:15 [] [lu] [] [mod-ncip] INFO  FolioNcipHelper      No toolkit configurations found.  Using defaults.  QUERY:http://localhost:54452/configurations/entries?query=configName%3Dtoolkit&limit=200
09:31:15 [] [lu] [] [mod-ncip] INFO  FolioNcipHelper      #accept item
09:31:15 [] [lu] [] [mod-ncip] INFO  FolioNcipHelper      instance.type.name
09:31:15 [] [lu] [] [mod-ncip] INFO  FolioNcipHelper      Using timeout: 30000
09:31:15 [] [lu] [] [mod-ncip] INFO  FolioNcipHelper      GET:
09:31:15 [] [lu] [] [mod-ncip] INFO  FolioNcipHelper      http://localhost:54452/configurations/entries?query=code%3D%3D%22instance.type.name%22&limit=200
09:31:15 [] [lu] [] [mod-ncip] INFO  FolioNcipHelper      200
09:31:15 [] [lu] [] [mod-ncip] INFO  FolioNcipHelper      {
  "configs": [
    {
      "id": "ecb9cf87-adcb-4be7-9253-e8caf8828ee6",
      "module": "NCIP",
      "configName": "Relais",
      "code": "instance.type.name",
      "enabled": true,
      "value": "PALCI",
      "metadata": {
        "createdDate": "2020-03-06T20:24:55.251+0000",
        "createdByUserId": "99999999-9999-1999-8999-999999999901",
        "updatedDate": "2020-03-06T20:24:55.251+0000",
        "updatedByUserId": "99999999-9999-1999-8999-999999999901"
      }
    },
    {
      "id": "ccf38c47-2614-43fa-9da5-82aeb32b6e11",
      "module": "NCIP",
      "configName": "Relais",
      "code": "instance.source",
      "enabled": true,
      "value": "PALCI",
      "metadata": {
        "createdDate": "2020-03-06T20:24:55.279+0000",
        "createdByUserId": "99999999-9999-1999-8999-999999999901",
        "updatedDate": "2020-03-06T20:24:55.279+0000",
        "updatedByUserId": "99999999-9999-1999-8999-999999999901"
      }
    },
    {
      "id": "c41a901e-ce08-4125-acc5-a5ed234f2c5c",
      "module": "NCIP",
      "configName": "Relais",
      "code": "item.material.type.name",
      "enabled": true,
      "value": "PALCI",
      "metadata": {
        "createdDate": "2020-03-06T20:24:55.304+0000",
        "createdByUserId": "99999999-9999-1999-8999-999999999901",
        "updatedDate": "2020-03-06T20:24:55.304+0000",
        "updatedByUserId": "99999999-9999-1999-8999-999999999901"
      }
    },
    {
      "id": "14b4f295-e9d0-4578-aeed-e1df25ce1022",
      "module": "NCIP",
      "configName": "Relais",
      "code": "item.perm.loan.type.name",
      "enabled": true,
      "value": "PALCI",
      "metadata": {
        "createdDate": "2020-03-06T20:24:55.329+0000",
        "createdByUserId": "99999999-9999-1999-8999-999999999901",
        "updatedDate": "2020-03-06T20:24:55.329+0000",
        "updatedByUserId": "99999999-9999-1999-8999-999999999901"
      }
    },
    {
      "id": "17d6ae7f-db78-41d0-827b-37f4e8113696",
      "module": "NCIP",
      "configName": "Relais",
      "code": "item.status.name",
      "enabled": true,
      "value": "Available",
      "metadata": {
        "createdDate": "2020-03-06T20:24:55.353+0000",
        "createdByUserId": "99999999-9999-1999-8999-999999999901",
        "updatedDate": "2020-03-06T20:24:55.353+0000",
        "updatedByUserId": "99999999-9999-1999-8999-999999999901"
      }
    },
    {
      "id": "ab333eac-823a-45bc-b5d8-71b694b1bb62",
      "module": "NCIP",
      "configName": "Relais",
      "code": "item.perm.location.code",
      "enabled": true,
      "value": "PALCI_LEHIGH",
      "metadata": {
        "createdDate": "2020-03-06T20:24:55.380+0000",
        "createdByUserId": "99999999-9999-1999-8999-999999999901",
        "updatedDate": "2020-03-06T20:24:55.380+0000",
        "updatedByUserId": "99999999-9999-1999-8999-999999999901"
      }
    },
    {
      "id": "f5bb149a-8ace-49ce-a2f9-8d3461e58faf",
      "module": "NCIP",
      "configName": "Relais",
      "code": "holdings.perm.location.code",
      "enabled": true,
      "value": "PALCI_LEHIGH",
      "metadata": {
        "createdDate": "2020-03-06T20:24:55.401+0000",
        "createdByUserId": "99999999-9999-1999-8999-999999999901",
        "updatedDate": "2020-03-06T20:24:55.401+0000",
        "updatedByUserId": "99999999-9999-1999-8999-999999999901"
      }
    },
    {
      "id": "ca6f52e1-5b7d-4a63-82f3-3d9b4b965766",
      "module": "NCIP",
      "configName": "Relais",
      "code": "instance.custom.identifier.name",
      "enabled": true,
      "value": "PALCI Request ID",
      "metadata": {
        "createdDate": "2020-03-06T20:24:55.426+0000",
        "createdByUserId": "99999999-9999-1999-8999-999999999901",
        "updatedDate": "2020-03-06T20:24:55.426+0000",
        "updatedByUserId": "99999999-9999-1999-8999-999999999901"
      }
    },
    {
      "id": "f6435c0a-d640-4c3e-b5ea-0b6f857c74f0",
      "module": "NCIP",
      "configName": "Relais",
      "code": "checkout.service.point.code",
      "enabled": true,
      "value": "FAIRCHILD",
      "metadata": {
        "createdDate": "2020-03-06T20:24:55.456+0000",
        "createdByUserId": "99999999-9999-1999-8999-999999999901",
        "updatedDate": "2020-03-06T20:24:55.456+0000",
        "updatedByUserId": "99999999-9999-1999-8999-999999999901"
      }
    },
    {
      "id": "a07bc5a3-7e26-485d-a09a-e72ea4dbdbe3",
      "module": "NCIP",
      "configName": "Relais",
      "code": "checkin.service.point.code",
      "enabled": true,
      "value": "FAIRCHILD",
      "metadata": {
        "createdDate": "2020-03-06T20:24:55.479+0000",
        "createdByUserId": "99999999-9999-1999-8999-999999999901",
        "updatedDate": "2020-03-06T20:24:55.479+0000",
        "updatedByUserId": "99999999-9999-1999-8999-999999999901"
      }
    }
  ],
  "totalRecords": 12,
  "resultInfo": {
    "totalRecords": 12,
    "facets": [],
    "diagnostics": []
  }
}

09:31:15 [] [lu] [] [mod-ncip] INFO  FolioNcipHelper      instance.source
09:31:15 [] [lu] [] [mod-ncip] INFO  FolioNcipHelper      Using timeout: 30000
09:31:15 [] [lu] [] [mod-ncip] INFO  FolioNcipHelper      GET:
09:31:15 [] [lu] [] [mod-ncip] INFO  FolioNcipHelper      http://localhost:54452/configurations/entries?query=code%3D%3D%22instance.source%22&limit=200
09:31:15 [] [lu] [] [mod-ncip] INFO  FolioNcipHelper      200
09:31:15 [] [lu] [] [mod-ncip] INFO  FolioNcipHelper      {
  "configs": [
    {
      "id": "ecb9cf87-adcb-4be7-9253-e8caf8828ee6",
      "module": "NCIP",
      "configName": "Relais",
      "code": "instance.type.name",
      "enabled": true,
      "value": "PALCI",
      "metadata": {
        "createdDate": "2020-03-06T20:24:55.251+0000",
        "createdByUserId": "99999999-9999-1999-8999-999999999901",
        "updatedDate": "2020-03-06T20:24:55.251+0000",
        "updatedByUserId": "99999999-9999-1999-8999-999999999901"
      }
    },
    {
      "id": "ccf38c47-2614-43fa-9da5-82aeb32b6e11",
      "module": "NCIP",
      "configName": "Relais",
      "code": "instance.source",
      "enabled": true,
      "value": "PALCI",
      "metadata": {
        "createdDate": "2020-03-06T20:24:55.279+0000",
        "createdByUserId": "99999999-9999-1999-8999-999999999901",
        "updatedDate": "2020-03-06T20:24:55.279+0000",
        "updatedByUserId": "99999999-9999-1999-8999-999999999901"
      }
    },
    {
      "id": "c41a901e-ce08-4125-acc5-a5ed234f2c5c",
      "module": "NCIP",
      "configName": "Relais",
      "code": "item.material.type.name",
      "enabled": true,
      "value": "PALCI",
      "metadata": {
        "createdDate": "2020-03-06T20:24:55.304+0000",
        "createdByUserId": "99999999-9999-1999-8999-999999999901",
        "updatedDate": "2020-03-06T20:24:55.304+0000",
        "updatedByUserId": "99999999-9999-1999-8999-999999999901"
      }
    },
    {
      "id": "14b4f295-e9d0-4578-aeed-e1df25ce1022",
      "module": "NCIP",
      "configName": "Relais",
      "code": "item.perm.loan.type.name",
      "enabled": true,
      "value": "PALCI",
      "metadata": {
        "createdDate": "2020-03-06T20:24:55.329+0000",
        "createdByUserId": "99999999-9999-1999-8999-999999999901",
        "updatedDate": "2020-03-06T20:24:55.329+0000",
        "updatedByUserId": "99999999-9999-1999-8999-999999999901"
      }
    },
    {
      "id": "17d6ae7f-db78-41d0-827b-37f4e8113696",
      "module": "NCIP",
      "configName": "Relais",
      "code": "item.status.name",
      "enabled": true,
      "value": "Available",
      "metadata": {
        "createdDate": "2020-03-06T20:24:55.353+0000",
        "createdByUserId": "99999999-9999-1999-8999-999999999901",
        "updatedDate": "2020-03-06T20:24:55.353+0000",
        "updatedByUserId": "99999999-9999-1999-8999-999999999901"
      }
    },
    {
      "id": "ab333eac-823a-45bc-b5d8-71b694b1bb62",
      "module": "NCIP",
      "configName": "Relais",
      "code": "item.perm.location.code",
      "enabled": true,
      "value": "PALCI_LEHIGH",
      "metadata": {
        "createdDate": "2020-03-06T20:24:55.380+0000",
        "createdByUserId": "99999999-9999-1999-8999-999999999901",
        "updatedDate": "2020-03-06T20:24:55.380+0000",
        "updatedByUserId": "99999999-9999-1999-8999-999999999901"
      }
    },
    {
      "id": "f5bb149a-8ace-49ce-a2f9-8d3461e58faf",
      "module": "NCIP",
      "configName": "Relais",
      "code": "holdings.perm.location.code",
      "enabled": true,
      "value": "PALCI_LEHIGH",
      "metadata": {
        "createdDate": "2020-03-06T20:24:55.401+0000",
        "createdByUserId": "99999999-9999-1999-8999-999999999901",
        "updatedDate": "2020-03-06T20:24:55.401+0000",
        "updatedByUserId": "99999999-9999-1999-8999-999999999901"
      }
    },
    {
      "id": "ca6f52e1-5b7d-4a63-82f3-3d9b4b965766",
      "module": "NCIP",
      "configName": "Relais",
      "code": "instance.custom.identifier.name",
      "enabled": true,
      "value": "PALCI Request ID",
      "metadata": {
        "createdDate": "2020-03-06T20:24:55.426+0000",
        "createdByUserId": "99999999-9999-1999-8999-999999999901",
        "updatedDate": "2020-03-06T20:24:55.426+0000",
        "updatedByUserId": "99999999-9999-1999-8999-999999999901"
      }
    },
    {
      "id": "f6435c0a-d640-4c3e-b5ea-0b6f857c74f0",
      "module": "NCIP",
      "configName": "Relais",
      "code": "checkout.service.point.code",
      "enabled": true,
      "value": "FAIRCHILD",
      "metadata": {
        "createdDate": "2020-03-06T20:24:55.456+0000",
        "createdByUserId": "99999999-9999-1999-8999-999999999901",
        "updatedDate": "2020-03-06T20:24:55.456+0000",
        "updatedByUserId": "99999999-9999-1999-8999-999999999901"
      }
    },
    {
      "id": "a07bc5a3-7e26-485d-a09a-e72ea4dbdbe3",
      "module": "NCIP",
      "configName": "Relais",
      "code": "checkin.service.point.code",
      "enabled": true,
      "value": "FAIRCHILD",
      "metadata": {
        "createdDate": "2020-03-06T20:24:55.479+0000",
        "createdByUserId": "99999999-9999-1999-8999-999999999901",
        "updatedDate": "2020-03-06T20:24:55.479+0000",
        "updatedByUserId": "99999999-9999-1999-8999-999999999901"
      }
    }
  ],
  "totalRecords": 12,
  "resultInfo": {
    "totalRecords": 12,
    "facets": [],
    "diagnostics": []
  }
}

09:31:15 [] [lu] [] [mod-ncip] INFO  FolioNcipHelper      holdings.source.name=FOLIO
09:31:15 [] [lu] [] [mod-ncip] INFO  FolioNcipHelper      Using timeout: 30000
09:31:15 [] [lu] [] [mod-ncip] INFO  FolioNcipHelper      GET:
09:31:15 [] [lu] [] [mod-ncip] INFO  FolioNcipHelper      http://localhost:54452/configurations/entries?query=code%3D%3D%22holdings.source.name%22&limit=200
09:31:15 [] [lu] [] [mod-ncip] INFO  FolioNcipHelper      200
09:31:15 [] [lu] [] [mod-ncip] INFO  FolioNcipHelper      {
  "configs": [
    {
      "id": "ecb9cf87-adcb-4be7-9253-e8caf8828ee6",
      "module": "NCIP",
      "configName": "Relais",
      "code": "instance.type.name",
      "enabled": true,
      "value": "PALCI",
      "metadata": {
        "createdDate": "2020-03-06T20:24:55.251+0000",
        "createdByUserId": "99999999-9999-1999-8999-999999999901",
        "updatedDate": "2020-03-06T20:24:55.251+0000",
        "updatedByUserId": "99999999-9999-1999-8999-999999999901"
      }
    },
    {
      "id": "ccf38c47-2614-43fa-9da5-82aeb32b6e11",
      "module": "NCIP",
      "configName": "Relais",
      "code": "instance.source",
      "enabled": true,
      "value": "PALCI",
      "metadata": {
        "createdDate": "2020-03-06T20:24:55.279+0000",
        "createdByUserId": "99999999-9999-1999-8999-999999999901",
        "updatedDate": "2020-03-06T20:24:55.279+0000",
        "updatedByUserId": "99999999-9999-1999-8999-999999999901"
      }
    },
    {
      "id": "c41a901e-ce08-4125-acc5-a5ed234f2c5c",
      "module": "NCIP",
      "configName": "Relais",
      "code": "item.material.type.name",
      "enabled": true,
      "value": "PALCI",
      "metadata": {
        "createdDate": "2020-03-06T20:24:55.304+0000",
        "createdByUserId": "99999999-9999-1999-8999-999999999901",
        "updatedDate": "2020-03-06T20:24:55.304+0000",
        "updatedByUserId": "99999999-9999-1999-8999-999999999901"
      }
    },
    {
      "id": "14b4f295-e9d0-4578-aeed-e1df25ce1022",
      "module": "NCIP",
      "configName": "Relais",
      "code": "item.perm.loan.type.name",
      "enabled": true,
      "value": "PALCI",
      "metadata": {
        "createdDate": "2020-03-06T20:24:55.329+0000",
        "createdByUserId": "99999999-9999-1999-8999-999999999901",
        "updatedDate": "2020-03-06T20:24:55.329+0000",
        "updatedByUserId": "99999999-9999-1999-8999-999999999901"
      }
    },
    {
      "id": "17d6ae7f-db78-41d0-827b-37f4e8113696",
      "module": "NCIP",
      "configName": "Relais",
      "code": "item.status.name",
      "enabled": true,
      "value": "Available",
      "metadata": {
        "createdDate": "2020-03-06T20:24:55.353+0000",
        "createdByUserId": "99999999-9999-1999-8999-999999999901",
        "updatedDate": "2020-03-06T20:24:55.353+0000",
        "updatedByUserId": "99999999-9999-1999-8999-999999999901"
      }
    },
    {
      "id": "ab333eac-823a-45bc-b5d8-71b694b1bb62",
      "module": "NCIP",
      "configName": "Relais",
      "code": "item.perm.location.code",
      "enabled": true,
      "value": "PALCI_LEHIGH",
      "metadata": {
        "createdDate": "2020-03-06T20:24:55.380+0000",
        "createdByUserId": "99999999-9999-1999-8999-999999999901",
        "updatedDate": "2020-03-06T20:24:55.380+0000",
        "updatedByUserId": "99999999-9999-1999-8999-999999999901"
      }
    },
    {
      "id": "f5bb149a-8ace-49ce-a2f9-8d3461e58faf",
      "module": "NCIP",
      "configName": "Relais",
      "code": "holdings.perm.location.code",
      "enabled": true,
      "value": "PALCI_LEHIGH",
      "metadata": {
        "createdDate": "2020-03-06T20:24:55.401+0000",
        "createdByUserId": "99999999-9999-1999-8999-999999999901",
        "updatedDate": "2020-03-06T20:24:55.401+0000",
        "updatedByUserId": "99999999-9999-1999-8999-999999999901"
      }
    },
    {
      "id": "ca6f52e1-5b7d-4a63-82f3-3d9b4b965766",
      "module": "NCIP",
      "configName": "Relais",
      "code": "instance.custom.identifier.name",
      "enabled": true,
      "value": "PALCI Request ID",
      "metadata": {
        "createdDate": "2020-03-06T20:24:55.426+0000",
        "createdByUserId": "99999999-9999-1999-8999-999999999901",
        "updatedDate": "2020-03-06T20:24:55.426+0000",
        "updatedByUserId": "99999999-9999-1999-8999-999999999901"
      }
    },
    {
      "id": "f6435c0a-d640-4c3e-b5ea-0b6f857c74f0",
      "module": "NCIP",
      "configName": "Relais",
      "code": "checkout.service.point.code",
      "enabled": true,
      "value": "FAIRCHILD",
      "metadata": {
        "createdDate": "2020-03-06T20:24:55.456+0000",
        "createdByUserId": "99999999-9999-1999-8999-999999999901",
        "updatedDate": "2020-03-06T20:24:55.456+0000",
        "updatedByUserId": "99999999-9999-1999-8999-999999999901"
      }
    },
    {
      "id": "a07bc5a3-7e26-485d-a09a-e72ea4dbdbe3",
      "module": "NCIP",
      "configName": "Relais",
      "code": "checkin.service.point.code",
      "enabled": true,
      "value": "FAIRCHILD",
      "metadata": {
        "createdDate": "2020-03-06T20:24:55.479+0000",
        "createdByUserId": "99999999-9999-1999-8999-999999999901",
        "updatedDate": "2020-03-06T20:24:55.479+0000",
        "updatedByUserId": "99999999-9999-1999-8999-999999999901"
      }
    }
  ],
  "totalRecords": 12,
  "resultInfo": {
    "totalRecords": 12,
    "facets": [],
    "diagnostics": []
  }
}

09:31:15 [] [lu] [] [mod-ncip] INFO  FolioNcipHelper      item.material.type.name
09:31:15 [] [lu] [] [mod-ncip] INFO  FolioNcipHelper      Using timeout: 30000
09:31:15 [] [lu] [] [mod-ncip] INFO  FolioNcipHelper      GET:
09:31:15 [] [lu] [] [mod-ncip] INFO  FolioNcipHelper      http://localhost:54452/configurations/entries?query=code%3D%3D%22item.material.type.name%22&limit=200
09:31:15 [] [lu] [] [mod-ncip] INFO  FolioNcipHelper      200
09:31:15 [] [lu] [] [mod-ncip] INFO  FolioNcipHelper      {
  "configs": [
    {
      "id": "ecb9cf87-adcb-4be7-9253-e8caf8828ee6",
      "module": "NCIP",
      "configName": "Relais",
      "code": "instance.type.name",
      "enabled": true,
      "value": "PALCI",
      "metadata": {
        "createdDate": "2020-03-06T20:24:55.251+0000",
        "createdByUserId": "99999999-9999-1999-8999-999999999901",
        "updatedDate": "2020-03-06T20:24:55.251+0000",
        "updatedByUserId": "99999999-9999-1999-8999-999999999901"
      }
    },
    {
      "id": "ccf38c47-2614-43fa-9da5-82aeb32b6e11",
      "module": "NCIP",
      "configName": "Relais",
      "code": "instance.source",
      "enabled": true,
      "value": "PALCI",
      "metadata": {
        "createdDate": "2020-03-06T20:24:55.279+0000",
        "createdByUserId": "99999999-9999-1999-8999-999999999901",
        "updatedDate": "2020-03-06T20:24:55.279+0000",
        "updatedByUserId": "99999999-9999-1999-8999-999999999901"
      }
    },
    {
      "id": "c41a901e-ce08-4125-acc5-a5ed234f2c5c",
      "module": "NCIP",
      "configName": "Relais",
      "code": "item.material.type.name",
      "enabled": true,
      "value": "PALCI",
      "metadata": {
        "createdDate": "2020-03-06T20:24:55.304+0000",
        "createdByUserId": "99999999-9999-1999-8999-999999999901",
        "updatedDate": "2020-03-06T20:24:55.304+0000",
        "updatedByUserId": "99999999-9999-1999-8999-999999999901"
      }
    },
    {
      "id": "14b4f295-e9d0-4578-aeed-e1df25ce1022",
      "module": "NCIP",
      "configName": "Relais",
      "code": "item.perm.loan.type.name",
      "enabled": true,
      "value": "PALCI",
      "metadata": {
        "createdDate": "2020-03-06T20:24:55.329+0000",
        "createdByUserId": "99999999-9999-1999-8999-999999999901",
        "updatedDate": "2020-03-06T20:24:55.329+0000",
        "updatedByUserId": "99999999-9999-1999-8999-999999999901"
      }
    },
    {
      "id": "17d6ae7f-db78-41d0-827b-37f4e8113696",
      "module": "NCIP",
      "configName": "Relais",
      "code": "item.status.name",
      "enabled": true,
      "value": "Available",
      "metadata": {
        "createdDate": "2020-03-06T20:24:55.353+0000",
        "createdByUserId": "99999999-9999-1999-8999-999999999901",
        "updatedDate": "2020-03-06T20:24:55.353+0000",
        "updatedByUserId": "99999999-9999-1999-8999-999999999901"
      }
    },
    {
      "id": "ab333eac-823a-45bc-b5d8-71b694b1bb62",
      "module": "NCIP",
      "configName": "Relais",
      "code": "item.perm.location.code",
      "enabled": true,
      "value": "PALCI_LEHIGH",
      "metadata": {
        "createdDate": "2020-03-06T20:24:55.380+0000",
        "createdByUserId": "99999999-9999-1999-8999-999999999901",
        "updatedDate": "2020-03-06T20:24:55.380+0000",
        "updatedByUserId": "99999999-9999-1999-8999-999999999901"
      }
    },
    {
      "id": "f5bb149a-8ace-49ce-a2f9-8d3461e58faf",
      "module": "NCIP",
      "configName": "Relais",
      "code": "holdings.perm.location.code",
      "enabled": true,
      "value": "PALCI_LEHIGH",
      "metadata": {
        "createdDate": "2020-03-06T20:24:55.401+0000",
        "createdByUserId": "99999999-9999-1999-8999-999999999901",
        "updatedDate": "2020-03-06T20:24:55.401+0000",
        "updatedByUserId": "99999999-9999-1999-8999-999999999901"
      }
    },
    {
      "id": "ca6f52e1-5b7d-4a63-82f3-3d9b4b965766",
      "module": "NCIP",
      "configName": "Relais",
      "code": "instance.custom.identifier.name",
      "enabled": true,
      "value": "PALCI Request ID",
      "metadata": {
        "createdDate": "2020-03-06T20:24:55.426+0000",
        "createdByUserId": "99999999-9999-1999-8999-999999999901",
        "updatedDate": "2020-03-06T20:24:55.426+0000",
        "updatedByUserId": "99999999-9999-1999-8999-999999999901"
      }
    },
    {
      "id": "f6435c0a-d640-4c3e-b5ea-0b6f857c74f0",
      "module": "NCIP",
      "configName": "Relais",
      "code": "checkout.service.point.code",
      "enabled": true,
      "value": "FAIRCHILD",
      "metadata": {
        "createdDate": "2020-03-06T20:24:55.456+0000",
        "createdByUserId": "99999999-9999-1999-8999-999999999901",
        "updatedDate": "2020-03-06T20:24:55.456+0000",
        "updatedByUserId": "99999999-9999-1999-8999-999999999901"
      }
    },
    {
      "id": "a07bc5a3-7e26-485d-a09a-e72ea4dbdbe3",
      "module": "NCIP",
      "configName": "Relais",
      "code": "checkin.service.point.code",
      "enabled": true,
      "value": "FAIRCHILD",
      "metadata": {
        "createdDate": "2020-03-06T20:24:55.479+0000",
        "createdByUserId": "99999999-9999-1999-8999-999999999901",
        "updatedDate": "2020-03-06T20:24:55.479+0000",
        "updatedByUserId": "99999999-9999-1999-8999-999999999901"
      }
    }
  ],
  "totalRecords": 12,
  "resultInfo": {
    "totalRecords": 12,
    "facets": [],
    "diagnostics": []
  }
}

09:31:15 [] [lu] [] [mod-ncip] INFO  FolioNcipHelper      item.perm.loan.type.name
09:31:15 [] [lu] [] [mod-ncip] INFO  FolioNcipHelper      Using timeout: 30000
09:31:15 [] [lu] [] [mod-ncip] INFO  FolioNcipHelper      GET:
09:31:15 [] [lu] [] [mod-ncip] INFO  FolioNcipHelper      http://localhost:54452/configurations/entries?query=code%3D%3D%22item.perm.loan.type.name%22&limit=200
09:31:15 [] [lu] [] [mod-ncip] INFO  FolioNcipHelper      200
09:31:15 [] [lu] [] [mod-ncip] INFO  FolioNcipHelper      {
  "configs": [
    {
      "id": "ecb9cf87-adcb-4be7-9253-e8caf8828ee6",
      "module": "NCIP",
      "configName": "Relais",
      "code": "instance.type.name",
      "enabled": true,
      "value": "PALCI",
      "metadata": {
        "createdDate": "2020-03-06T20:24:55.251+0000",
        "createdByUserId": "99999999-9999-1999-8999-999999999901",
        "updatedDate": "2020-03-06T20:24:55.251+0000",
        "updatedByUserId": "99999999-9999-1999-8999-999999999901"
      }
    },
    {
      "id": "ccf38c47-2614-43fa-9da5-82aeb32b6e11",
      "module": "NCIP",
      "configName": "Relais",
      "code": "instance.source",
      "enabled": true,
      "value": "PALCI",
      "metadata": {
        "createdDate": "2020-03-06T20:24:55.279+0000",
        "createdByUserId": "99999999-9999-1999-8999-999999999901",
        "updatedDate": "2020-03-06T20:24:55.279+0000",
        "updatedByUserId": "99999999-9999-1999-8999-999999999901"
      }
    },
    {
      "id": "c41a901e-ce08-4125-acc5-a5ed234f2c5c",
      "module": "NCIP",
      "configName": "Relais",
      "code": "item.material.type.name",
      "enabled": true,
      "value": "PALCI",
      "metadata": {
        "createdDate": "2020-03-06T20:24:55.304+0000",
        "createdByUserId": "99999999-9999-1999-8999-999999999901",
        "updatedDate": "2020-03-06T20:24:55.304+0000",
        "updatedByUserId": "99999999-9999-1999-8999-999999999901"
      }
    },
    {
      "id": "14b4f295-e9d0-4578-aeed-e1df25ce1022",
      "module": "NCIP",
      "configName": "Relais",
      "code": "item.perm.loan.type.name",
      "enabled": true,
      "value": "PALCI",
      "metadata": {
        "createdDate": "2020-03-06T20:24:55.329+0000",
        "createdByUserId": "99999999-9999-1999-8999-999999999901",
        "updatedDate": "2020-03-06T20:24:55.329+0000",
        "updatedByUserId": "99999999-9999-1999-8999-999999999901"
      }
    },
    {
      "id": "17d6ae7f-db78-41d0-827b-37f4e8113696",
      "module": "NCIP",
      "configName": "Relais",
      "code": "item.status.name",
      "enabled": true,
      "value": "Available",
      "metadata": {
        "createdDate": "2020-03-06T20:24:55.353+0000",
        "createdByUserId": "99999999-9999-1999-8999-999999999901",
        "updatedDate": "2020-03-06T20:24:55.353+0000",
        "updatedByUserId": "99999999-9999-1999-8999-999999999901"
      }
    },
    {
      "id": "ab333eac-823a-45bc-b5d8-71b694b1bb62",
      "module": "NCIP",
      "configName": "Relais",
      "code": "item.perm.location.code",
      "enabled": true,
      "value": "PALCI_LEHIGH",
      "metadata": {
        "createdDate": "2020-03-06T20:24:55.380+0000",
        "createdByUserId": "99999999-9999-1999-8999-999999999901",
        "updatedDate": "2020-03-06T20:24:55.380+0000",
        "updatedByUserId": "99999999-9999-1999-8999-999999999901"
      }
    },
    {
      "id": "f5bb149a-8ace-49ce-a2f9-8d3461e58faf",
      "module": "NCIP",
      "configName": "Relais",
      "code": "holdings.perm.location.code",
      "enabled": true,
      "value": "PALCI_LEHIGH",
      "metadata": {
        "createdDate": "2020-03-06T20:24:55.401+0000",
        "createdByUserId": "99999999-9999-1999-8999-999999999901",
        "updatedDate": "2020-03-06T20:24:55.401+0000",
        "updatedByUserId": "99999999-9999-1999-8999-999999999901"
      }
    },
    {
      "id": "ca6f52e1-5b7d-4a63-82f3-3d9b4b965766",
      "module": "NCIP",
      "configName": "Relais",
      "code": "instance.custom.identifier.name",
      "enabled": true,
      "value": "PALCI Request ID",
      "metadata": {
        "createdDate": "2020-03-06T20:24:55.426+0000",
        "createdByUserId": "99999999-9999-1999-8999-999999999901",
        "updatedDate": "2020-03-06T20:24:55.426+0000",
        "updatedByUserId": "99999999-9999-1999-8999-999999999901"
      }
    },
    {
      "id": "f6435c0a-d640-4c3e-b5ea-0b6f857c74f0",
      "module": "NCIP",
      "configName": "Relais",
      "code": "checkout.service.point.code",
      "enabled": true,
      "value": "FAIRCHILD",
      "metadata": {
        "createdDate": "2020-03-06T20:24:55.456+0000",
        "createdByUserId": "99999999-9999-1999-8999-999999999901",
        "updatedDate": "2020-03-06T20:24:55.456+0000",
        "updatedByUserId": "99999999-9999-1999-8999-999999999901"
      }
    },
    {
      "id": "a07bc5a3-7e26-485d-a09a-e72ea4dbdbe3",
      "module": "NCIP",
      "configName": "Relais",
      "code": "checkin.service.point.code",
      "enabled": true,
      "value": "FAIRCHILD",
      "metadata": {
        "createdDate": "2020-03-06T20:24:55.479+0000",
        "createdByUserId": "99999999-9999-1999-8999-999999999901",
        "updatedDate": "2020-03-06T20:24:55.479+0000",
        "updatedByUserId": "99999999-9999-1999-8999-999999999901"
      }
    }
  ],
  "totalRecords": 12,
  "resultInfo": {
    "totalRecords": 12,
    "facets": [],
    "diagnostics": []
  }
}

09:31:15 [] [lu] [] [mod-ncip] INFO  FolioNcipHelper      item.status.name
09:31:15 [] [lu] [] [mod-ncip] INFO  FolioNcipHelper      Using timeout: 30000
09:31:15 [] [lu] [] [mod-ncip] INFO  FolioNcipHelper      GET:
09:31:15 [] [lu] [] [mod-ncip] INFO  FolioNcipHelper      http://localhost:54452/configurations/entries?query=code%3D%3D%22item.status.name%22&limit=200
09:31:15 [] [lu] [] [mod-ncip] INFO  FolioNcipHelper      200
09:31:15 [] [lu] [] [mod-ncip] INFO  FolioNcipHelper      {
  "configs": [
    {
      "id": "ecb9cf87-adcb-4be7-9253-e8caf8828ee6",
      "module": "NCIP",
      "configName": "Relais",
      "code": "instance.type.name",
      "enabled": true,
      "value": "PALCI",
      "metadata": {
        "createdDate": "2020-03-06T20:24:55.251+0000",
        "createdByUserId": "99999999-9999-1999-8999-999999999901",
        "updatedDate": "2020-03-06T20:24:55.251+0000",
        "updatedByUserId": "99999999-9999-1999-8999-999999999901"
      }
    },
    {
      "id": "ccf38c47-2614-43fa-9da5-82aeb32b6e11",
      "module": "NCIP",
      "configName": "Relais",
      "code": "instance.source",
      "enabled": true,
      "value": "PALCI",
      "metadata": {
        "createdDate": "2020-03-06T20:24:55.279+0000",
        "createdByUserId": "99999999-9999-1999-8999-999999999901",
        "updatedDate": "2020-03-06T20:24:55.279+0000",
        "updatedByUserId": "99999999-9999-1999-8999-999999999901"
      }
    },
    {
      "id": "c41a901e-ce08-4125-acc5-a5ed234f2c5c",
      "module": "NCIP",
      "configName": "Relais",
      "code": "item.material.type.name",
      "enabled": true,
      "value": "PALCI",
      "metadata": {
        "createdDate": "2020-03-06T20:24:55.304+0000",
        "createdByUserId": "99999999-9999-1999-8999-999999999901",
        "updatedDate": "2020-03-06T20:24:55.304+0000",
        "updatedByUserId": "99999999-9999-1999-8999-999999999901"
      }
    },
    {
      "id": "14b4f295-e9d0-4578-aeed-e1df25ce1022",
      "module": "NCIP",
      "configName": "Relais",
      "code": "item.perm.loan.type.name",
      "enabled": true,
      "value": "PALCI",
      "metadata": {
        "createdDate": "2020-03-06T20:24:55.329+0000",
        "createdByUserId": "99999999-9999-1999-8999-999999999901",
        "updatedDate": "2020-03-06T20:24:55.329+0000",
        "updatedByUserId": "99999999-9999-1999-8999-999999999901"
      }
    },
    {
      "id": "17d6ae7f-db78-41d0-827b-37f4e8113696",
      "module": "NCIP",
      "configName": "Relais",
      "code": "item.status.name",
      "enabled": true,
      "value": "Available",
      "metadata": {
        "createdDate": "2020-03-06T20:24:55.353+0000",
        "createdByUserId": "99999999-9999-1999-8999-999999999901",
        "updatedDate": "2020-03-06T20:24:55.353+0000",
        "updatedByUserId": "99999999-9999-1999-8999-999999999901"
      }
    },
    {
      "id": "ab333eac-823a-45bc-b5d8-71b694b1bb62",
      "module": "NCIP",
      "configName": "Relais",
      "code": "item.perm.location.code",
      "enabled": true,
      "value": "PALCI_LEHIGH",
      "metadata": {
        "createdDate": "2020-03-06T20:24:55.380+0000",
        "createdByUserId": "99999999-9999-1999-8999-999999999901",
        "updatedDate": "2020-03-06T20:24:55.380+0000",
        "updatedByUserId": "99999999-9999-1999-8999-999999999901"
      }
    },
    {
      "id": "f5bb149a-8ace-49ce-a2f9-8d3461e58faf",
      "module": "NCIP",
      "configName": "Relais",
      "code": "holdings.perm.location.code",
      "enabled": true,
      "value": "PALCI_LEHIGH",
      "metadata": {
        "createdDate": "2020-03-06T20:24:55.401+0000",
        "createdByUserId": "99999999-9999-1999-8999-999999999901",
        "updatedDate": "2020-03-06T20:24:55.401+0000",
        "updatedByUserId": "99999999-9999-1999-8999-999999999901"
      }
    },
    {
      "id": "ca6f52e1-5b7d-4a63-82f3-3d9b4b965766",
      "module": "NCIP",
      "configName": "Relais",
      "code": "instance.custom.identifier.name",
      "enabled": true,
      "value": "PALCI Request ID",
      "metadata": {
        "createdDate": "2020-03-06T20:24:55.426+0000",
        "createdByUserId": "99999999-9999-1999-8999-999999999901",
        "updatedDate": "2020-03-06T20:24:55.426+0000",
        "updatedByUserId": "99999999-9999-1999-8999-999999999901"
      }
    },
    {
      "id": "f6435c0a-d640-4c3e-b5ea-0b6f857c74f0",
      "module": "NCIP",
      "configName": "Relais",
      "code": "checkout.service.point.code",
      "enabled": true,
      "value": "FAIRCHILD",
      "metadata": {
        "createdDate": "2020-03-06T20:24:55.456+0000",
        "createdByUserId": "99999999-9999-1999-8999-999999999901",
        "updatedDate": "2020-03-06T20:24:55.456+0000",
        "updatedByUserId": "99999999-9999-1999-8999-999999999901"
      }
    },
    {
      "id": "a07bc5a3-7e26-485d-a09a-e72ea4dbdbe3",
      "module": "NCIP",
      "configName": "Relais",
      "code": "checkin.service.point.code",
      "enabled": true,
      "value": "FAIRCHILD",
      "metadata": {
        "createdDate": "2020-03-06T20:24:55.479+0000",
        "createdByUserId": "99999999-9999-1999-8999-999999999901",
        "updatedDate": "2020-03-06T20:24:55.479+0000",
        "updatedByUserId": "99999999-9999-1999-8999-999999999901"
      }
    }
  ],
  "totalRecords": 12,
  "resultInfo": {
    "totalRecords": 12,
    "facets": [],
    "diagnostics": []
  }
}

09:31:15 [] [lu] [] [mod-ncip] INFO  FolioNcipHelper      item.perm.location.code
09:31:15 [] [lu] [] [mod-ncip] INFO  FolioNcipHelper      Using timeout: 30000
09:31:15 [] [lu] [] [mod-ncip] INFO  FolioNcipHelper      GET:
09:31:15 [] [lu] [] [mod-ncip] INFO  FolioNcipHelper      http://localhost:54452/configurations/entries?query=code%3D%3D%22item.perm.location.code%22&limit=200
09:31:15 [] [lu] [] [mod-ncip] INFO  FolioNcipHelper      200
09:31:15 [] [lu] [] [mod-ncip] INFO  FolioNcipHelper      {
  "configs": [
    {
      "id": "ecb9cf87-adcb-4be7-9253-e8caf8828ee6",
      "module": "NCIP",
      "configName": "Relais",
      "code": "instance.type.name",
      "enabled": true,
      "value": "PALCI",
      "metadata": {
        "createdDate": "2020-03-06T20:24:55.251+0000",
        "createdByUserId": "99999999-9999-1999-8999-999999999901",
        "updatedDate": "2020-03-06T20:24:55.251+0000",
        "updatedByUserId": "99999999-9999-1999-8999-999999999901"
      }
    },
    {
      "id": "ccf38c47-2614-43fa-9da5-82aeb32b6e11",
      "module": "NCIP",
      "configName": "Relais",
      "code": "instance.source",
      "enabled": true,
      "value": "PALCI",
      "metadata": {
        "createdDate": "2020-03-06T20:24:55.279+0000",
        "createdByUserId": "99999999-9999-1999-8999-999999999901",
        "updatedDate": "2020-03-06T20:24:55.279+0000",
        "updatedByUserId": "99999999-9999-1999-8999-999999999901"
      }
    },
    {
      "id": "c41a901e-ce08-4125-acc5-a5ed234f2c5c",
      "module": "NCIP",
      "configName": "Relais",
      "code": "item.material.type.name",
      "enabled": true,
      "value": "PALCI",
      "metadata": {
        "createdDate": "2020-03-06T20:24:55.304+0000",
        "createdByUserId": "99999999-9999-1999-8999-999999999901",
        "updatedDate": "2020-03-06T20:24:55.304+0000",
        "updatedByUserId": "99999999-9999-1999-8999-999999999901"
      }
    },
    {
      "id": "14b4f295-e9d0-4578-aeed-e1df25ce1022",
      "module": "NCIP",
      "configName": "Relais",
      "code": "item.perm.loan.type.name",
      "enabled": true,
      "value": "PALCI",
      "metadata": {
        "createdDate": "2020-03-06T20:24:55.329+0000",
        "createdByUserId": "99999999-9999-1999-8999-999999999901",
        "updatedDate": "2020-03-06T20:24:55.329+0000",
        "updatedByUserId": "99999999-9999-1999-8999-999999999901"
      }
    },
    {
      "id": "17d6ae7f-db78-41d0-827b-37f4e8113696",
      "module": "NCIP",
      "configName": "Relais",
      "code": "item.status.name",
      "enabled": true,
      "value": "Available",
      "metadata": {
        "createdDate": "2020-03-06T20:24:55.353+0000",
        "createdByUserId": "99999999-9999-1999-8999-999999999901",
        "updatedDate": "2020-03-06T20:24:55.353+0000",
        "updatedByUserId": "99999999-9999-1999-8999-999999999901"
      }
    },
    {
      "id": "ab333eac-823a-45bc-b5d8-71b694b1bb62",
      "module": "NCIP",
      "configName": "Relais",
      "code": "item.perm.location.code",
      "enabled": true,
      "value": "PALCI_LEHIGH",
      "metadata": {
        "createdDate": "2020-03-06T20:24:55.380+0000",
        "createdByUserId": "99999999-9999-1999-8999-999999999901",
        "updatedDate": "2020-03-06T20:24:55.380+0000",
        "updatedByUserId": "99999999-9999-1999-8999-999999999901"
      }
    },
    {
      "id": "f5bb149a-8ace-49ce-a2f9-8d3461e58faf",
      "module": "NCIP",
      "configName": "Relais",
      "code": "holdings.perm.location.code",
      "enabled": true,
      "value": "PALCI_LEHIGH",
      "metadata": {
        "createdDate": "2020-03-06T20:24:55.401+0000",
        "createdByUserId": "99999999-9999-1999-8999-999999999901",
        "updatedDate": "2020-03-06T20:24:55.401+0000",
        "updatedByUserId": "99999999-9999-1999-8999-999999999901"
      }
    },
    {
      "id": "ca6f52e1-5b7d-4a63-82f3-3d9b4b965766",
      "module": "NCIP",
      "configName": "Relais",
      "code": "instance.custom.identifier.name",
      "enabled": true,
      "value": "PALCI Request ID",
      "metadata": {
        "createdDate": "2020-03-06T20:24:55.426+0000",
        "createdByUserId": "99999999-9999-1999-8999-999999999901",
        "updatedDate": "2020-03-06T20:24:55.426+0000",
        "updatedByUserId": "99999999-9999-1999-8999-999999999901"
      }
    },
    {
      "id": "f6435c0a-d640-4c3e-b5ea-0b6f857c74f0",
      "module": "NCIP",
      "configName": "Relais",
      "code": "checkout.service.point.code",
      "enabled": true,
      "value": "FAIRCHILD",
      "metadata": {
        "createdDate": "2020-03-06T20:24:55.456+0000",
        "createdByUserId": "99999999-9999-1999-8999-999999999901",
        "updatedDate": "2020-03-06T20:24:55.456+0000",
        "updatedByUserId": "99999999-9999-1999-8999-999999999901"
      }
    },
    {
      "id": "a07bc5a3-7e26-485d-a09a-e72ea4dbdbe3",
      "module": "NCIP",
      "configName": "Relais",
      "code": "checkin.service.point.code",
      "enabled": true,
      "value": "FAIRCHILD",
      "metadata": {
        "createdDate": "2020-03-06T20:24:55.479+0000",
        "createdByUserId": "99999999-9999-1999-8999-999999999901",
        "updatedDate": "2020-03-06T20:24:55.479+0000",
        "updatedByUserId": "99999999-9999-1999-8999-999999999901"
      }
    }
  ],
  "totalRecords": 12,
  "resultInfo": {
    "totalRecords": 12,
    "facets": [],
    "diagnostics": []
  }
}

09:31:15 [] [lu] [] [mod-ncip] INFO  FolioNcipHelper      holdings.perm.location.code
09:31:15 [] [lu] [] [mod-ncip] INFO  FolioNcipHelper      Using timeout: 30000
09:31:15 [] [lu] [] [mod-ncip] INFO  FolioNcipHelper      GET:
09:31:15 [] [lu] [] [mod-ncip] INFO  FolioNcipHelper      http://localhost:54452/configurations/entries?query=code%3D%3D%22holdings.perm.location.code%22&limit=200
09:31:15 [] [lu] [] [mod-ncip] INFO  FolioNcipHelper      200
09:31:15 [] [lu] [] [mod-ncip] INFO  FolioNcipHelper      {
  "configs": [
    {
      "id": "ecb9cf87-adcb-4be7-9253-e8caf8828ee6",
      "module": "NCIP",
      "configName": "Relais",
      "code": "instance.type.name",
      "enabled": true,
      "value": "PALCI",
      "metadata": {
        "createdDate": "2020-03-06T20:24:55.251+0000",
        "createdByUserId": "99999999-9999-1999-8999-999999999901",
        "updatedDate": "2020-03-06T20:24:55.251+0000",
        "updatedByUserId": "99999999-9999-1999-8999-999999999901"
      }
    },
    {
      "id": "ccf38c47-2614-43fa-9da5-82aeb32b6e11",
      "module": "NCIP",
      "configName": "Relais",
      "code": "instance.source",
      "enabled": true,
      "value": "PALCI",
      "metadata": {
        "createdDate": "2020-03-06T20:24:55.279+0000",
        "createdByUserId": "99999999-9999-1999-8999-999999999901",
        "updatedDate": "2020-03-06T20:24:55.279+0000",
        "updatedByUserId": "99999999-9999-1999-8999-999999999901"
      }
    },
    {
      "id": "c41a901e-ce08-4125-acc5-a5ed234f2c5c",
      "module": "NCIP",
      "configName": "Relais",
      "code": "item.material.type.name",
      "enabled": true,
      "value": "PALCI",
      "metadata": {
        "createdDate": "2020-03-06T20:24:55.304+0000",
        "createdByUserId": "99999999-9999-1999-8999-999999999901",
        "updatedDate": "2020-03-06T20:24:55.304+0000",
        "updatedByUserId": "99999999-9999-1999-8999-999999999901"
      }
    },
    {
      "id": "14b4f295-e9d0-4578-aeed-e1df25ce1022",
      "module": "NCIP",
      "configName": "Relais",
      "code": "item.perm.loan.type.name",
      "enabled": true,
      "value": "PALCI",
      "metadata": {
        "createdDate": "2020-03-06T20:24:55.329+0000",
        "createdByUserId": "99999999-9999-1999-8999-999999999901",
        "updatedDate": "2020-03-06T20:24:55.329+0000",
        "updatedByUserId": "99999999-9999-1999-8999-999999999901"
      }
    },
    {
      "id": "17d6ae7f-db78-41d0-827b-37f4e8113696",
      "module": "NCIP",
      "configName": "Relais",
      "code": "item.status.name",
      "enabled": true,
      "value": "Available",
      "metadata": {
        "createdDate": "2020-03-06T20:24:55.353+0000",
        "createdByUserId": "99999999-9999-1999-8999-999999999901",
        "updatedDate": "2020-03-06T20:24:55.353+0000",
        "updatedByUserId": "99999999-9999-1999-8999-999999999901"
      }
    },
    {
      "id": "ab333eac-823a-45bc-b5d8-71b694b1bb62",
      "module": "NCIP",
      "configName": "Relais",
      "code": "item.perm.location.code",
      "enabled": true,
      "value": "PALCI_LEHIGH",
      "metadata": {
        "createdDate": "2020-03-06T20:24:55.380+0000",
        "createdByUserId": "99999999-9999-1999-8999-999999999901",
        "updatedDate": "2020-03-06T20:24:55.380+0000",
        "updatedByUserId": "99999999-9999-1999-8999-999999999901"
      }
    },
    {
      "id": "f5bb149a-8ace-49ce-a2f9-8d3461e58faf",
      "module": "NCIP",
      "configName": "Relais",
      "code": "holdings.perm.location.code",
      "enabled": true,
      "value": "PALCI_LEHIGH",
      "metadata": {
        "createdDate": "2020-03-06T20:24:55.401+0000",
        "createdByUserId": "99999999-9999-1999-8999-999999999901",
        "updatedDate": "2020-03-06T20:24:55.401+0000",
        "updatedByUserId": "99999999-9999-1999-8999-999999999901"
      }
    },
    {
      "id": "ca6f52e1-5b7d-4a63-82f3-3d9b4b965766",
      "module": "NCIP",
      "configName": "Relais",
      "code": "instance.custom.identifier.name",
      "enabled": true,
      "value": "PALCI Request ID",
      "metadata": {
        "createdDate": "2020-03-06T20:24:55.426+0000",
        "createdByUserId": "99999999-9999-1999-8999-999999999901",
        "updatedDate": "2020-03-06T20:24:55.426+0000",
        "updatedByUserId": "99999999-9999-1999-8999-999999999901"
      }
    },
    {
      "id": "f6435c0a-d640-4c3e-b5ea-0b6f857c74f0",
      "module": "NCIP",
      "configName": "Relais",
      "code": "checkout.service.point.code",
      "enabled": true,
      "value": "FAIRCHILD",
      "metadata": {
        "createdDate": "2020-03-06T20:24:55.456+0000",
        "createdByUserId": "99999999-9999-1999-8999-999999999901",
        "updatedDate": "2020-03-06T20:24:55.456+0000",
        "updatedByUserId": "99999999-9999-1999-8999-999999999901"
      }
    },
    {
      "id": "a07bc5a3-7e26-485d-a09a-e72ea4dbdbe3",
      "module": "NCIP",
      "configName": "Relais",
      "code": "checkin.service.point.code",
      "enabled": true,
      "value": "FAIRCHILD",
      "metadata": {
        "createdDate": "2020-03-06T20:24:55.479+0000",
        "createdByUserId": "99999999-9999-1999-8999-999999999901",
        "updatedDate": "2020-03-06T20:24:55.479+0000",
        "updatedByUserId": "99999999-9999-1999-8999-999999999901"
      }
    }
  ],
  "totalRecords": 12,
  "resultInfo": {
    "totalRecords": 12,
    "facets": [],
    "diagnostics": []
  }
}

09:31:15 [] [lu] [] [mod-ncip] INFO  FolioNcipHelper      instance.custom.identifier.name
09:31:15 [] [lu] [] [mod-ncip] INFO  FolioNcipHelper      Using timeout: 30000
09:31:15 [] [lu] [] [mod-ncip] INFO  FolioNcipHelper      GET:
09:31:15 [] [lu] [] [mod-ncip] INFO  FolioNcipHelper      http://localhost:54452/configurations/entries?query=code%3D%3D%22instance.custom.identifier.name%22&limit=200
09:31:15 [] [lu] [] [mod-ncip] INFO  FolioNcipHelper      200
09:31:15 [] [lu] [] [mod-ncip] INFO  FolioNcipHelper      {
  "configs": [
    {
      "id": "ecb9cf87-adcb-4be7-9253-e8caf8828ee6",
      "module": "NCIP",
      "configName": "Relais",
      "code": "instance.type.name",
      "enabled": true,
      "value": "PALCI",
      "metadata": {
        "createdDate": "2020-03-06T20:24:55.251+0000",
        "createdByUserId": "99999999-9999-1999-8999-999999999901",
        "updatedDate": "2020-03-06T20:24:55.251+0000",
        "updatedByUserId": "99999999-9999-1999-8999-999999999901"
      }
    },
    {
      "id": "ccf38c47-2614-43fa-9da5-82aeb32b6e11",
      "module": "NCIP",
      "configName": "Relais",
      "code": "instance.source",
      "enabled": true,
      "value": "PALCI",
      "metadata": {
        "createdDate": "2020-03-06T20:24:55.279+0000",
        "createdByUserId": "99999999-9999-1999-8999-999999999901",
        "updatedDate": "2020-03-06T20:24:55.279+0000",
        "updatedByUserId": "99999999-9999-1999-8999-999999999901"
      }
    },
    {
      "id": "c41a901e-ce08-4125-acc5-a5ed234f2c5c",
      "module": "NCIP",
      "configName": "Relais",
      "code": "item.material.type.name",
      "enabled": true,
      "value": "PALCI",
      "metadata": {
        "createdDate": "2020-03-06T20:24:55.304+0000",
        "createdByUserId": "99999999-9999-1999-8999-999999999901",
        "updatedDate": "2020-03-06T20:24:55.304+0000",
        "updatedByUserId": "99999999-9999-1999-8999-999999999901"
      }
    },
    {
      "id": "14b4f295-e9d0-4578-aeed-e1df25ce1022",
      "module": "NCIP",
      "configName": "Relais",
      "code": "item.perm.loan.type.name",
      "enabled": true,
      "value": "PALCI",
      "metadata": {
        "createdDate": "2020-03-06T20:24:55.329+0000",
        "createdByUserId": "99999999-9999-1999-8999-999999999901",
        "updatedDate": "2020-03-06T20:24:55.329+0000",
        "updatedByUserId": "99999999-9999-1999-8999-999999999901"
      }
    },
    {
      "id": "17d6ae7f-db78-41d0-827b-37f4e8113696",
      "module": "NCIP",
      "configName": "Relais",
      "code": "item.status.name",
      "enabled": true,
      "value": "Available",
      "metadata": {
        "createdDate": "2020-03-06T20:24:55.353+0000",
        "createdByUserId": "99999999-9999-1999-8999-999999999901",
        "updatedDate": "2020-03-06T20:24:55.353+0000",
        "updatedByUserId": "99999999-9999-1999-8999-999999999901"
      }
    },
    {
      "id": "ab333eac-823a-45bc-b5d8-71b694b1bb62",
      "module": "NCIP",
      "configName": "Relais",
      "code": "item.perm.location.code",
      "enabled": true,
      "value": "PALCI_LEHIGH",
      "metadata": {
        "createdDate": "2020-03-06T20:24:55.380+0000",
        "createdByUserId": "99999999-9999-1999-8999-999999999901",
        "updatedDate": "2020-03-06T20:24:55.380+0000",
        "updatedByUserId": "99999999-9999-1999-8999-999999999901"
      }
    },
    {
      "id": "f5bb149a-8ace-49ce-a2f9-8d3461e58faf",
      "module": "NCIP",
      "configName": "Relais",
      "code": "holdings.perm.location.code",
      "enabled": true,
      "value": "PALCI_LEHIGH",
      "metadata": {
        "createdDate": "2020-03-06T20:24:55.401+0000",
        "createdByUserId": "99999999-9999-1999-8999-999999999901",
        "updatedDate": "2020-03-06T20:24:55.401+0000",
        "updatedByUserId": "99999999-9999-1999-8999-999999999901"
      }
    },
    {
      "id": "ca6f52e1-5b7d-4a63-82f3-3d9b4b965766",
      "module": "NCIP",
      "configName": "Relais",
      "code": "instance.custom.identifier.name",
      "enabled": true,
      "value": "PALCI Request ID",
      "metadata": {
        "createdDate": "2020-03-06T20:24:55.426+0000",
        "createdByUserId": "99999999-9999-1999-8999-999999999901",
        "updatedDate": "2020-03-06T20:24:55.426+0000",
        "updatedByUserId": "99999999-9999-1999-8999-999999999901"
      }
    },
    {
      "id": "f6435c0a-d640-4c3e-b5ea-0b6f857c74f0",
      "module": "NCIP",
      "configName": "Relais",
      "code": "checkout.service.point.code",
      "enabled": true,
      "value": "FAIRCHILD",
      "metadata": {
        "createdDate": "2020-03-06T20:24:55.456+0000",
        "createdByUserId": "99999999-9999-1999-8999-999999999901",
        "updatedDate": "2020-03-06T20:24:55.456+0000",
        "updatedByUserId": "99999999-9999-1999-8999-999999999901"
      }
    },
    {
      "id": "a07bc5a3-7e26-485d-a09a-e72ea4dbdbe3",
      "module": "NCIP",
      "configName": "Relais",
      "code": "checkin.service.point.code",
      "enabled": true,
      "value": "FAIRCHILD",
      "metadata": {
        "createdDate": "2020-03-06T20:24:55.479+0000",
        "createdByUserId": "99999999-9999-1999-8999-999999999901",
        "updatedDate": "2020-03-06T20:24:55.479+0000",
        "updatedByUserId": "99999999-9999-1999-8999-999999999901"
      }
    }
  ],
  "totalRecords": 12,
  "resultInfo": {
    "totalRecords": 12,
    "facets": [],
    "diagnostics": []
  }
}

09:31:15 [] [lu] [] [mod-ncip] INFO  FolioNcipHelper      #check out
09:31:15 [] [lu] [] [mod-ncip] INFO  FolioNcipHelper      checkout.service.point.code
09:31:15 [] [lu] [] [mod-ncip] INFO  FolioNcipHelper      Using timeout: 30000
09:31:15 [] [lu] [] [mod-ncip] INFO  FolioNcipHelper      GET:
09:31:15 [] [lu] [] [mod-ncip] INFO  FolioNcipHelper      http://localhost:54452/configurations/entries?query=code%3D%3D%22checkout.service.point.code%22&limit=200
09:31:15 [] [lu] [] [mod-ncip] INFO  FolioNcipHelper      200
09:31:15 [] [lu] [] [mod-ncip] INFO  FolioNcipHelper      {
  "configs": [
    {
      "id": "ecb9cf87-adcb-4be7-9253-e8caf8828ee6",
      "module": "NCIP",
      "configName": "Relais",
      "code": "instance.type.name",
      "enabled": true,
      "value": "PALCI",
      "metadata": {
        "createdDate": "2020-03-06T20:24:55.251+0000",
        "createdByUserId": "99999999-9999-1999-8999-999999999901",
        "updatedDate": "2020-03-06T20:24:55.251+0000",
        "updatedByUserId": "99999999-9999-1999-8999-999999999901"
      }
    },
    {
      "id": "ccf38c47-2614-43fa-9da5-82aeb32b6e11",
      "module": "NCIP",
      "configName": "Relais",
      "code": "instance.source",
      "enabled": true,
      "value": "PALCI",
      "metadata": {
        "createdDate": "2020-03-06T20:24:55.279+0000",
        "createdByUserId": "99999999-9999-1999-8999-999999999901",
        "updatedDate": "2020-03-06T20:24:55.279+0000",
        "updatedByUserId": "99999999-9999-1999-8999-999999999901"
      }
    },
    {
      "id": "c41a901e-ce08-4125-acc5-a5ed234f2c5c",
      "module": "NCIP",
      "configName": "Relais",
      "code": "item.material.type.name",
      "enabled": true,
      "value": "PALCI",
      "metadata": {
        "createdDate": "2020-03-06T20:24:55.304+0000",
        "createdByUserId": "99999999-9999-1999-8999-999999999901",
        "updatedDate": "2020-03-06T20:24:55.304+0000",
        "updatedByUserId": "99999999-9999-1999-8999-999999999901"
      }
    },
    {
      "id": "14b4f295-e9d0-4578-aeed-e1df25ce1022",
      "module": "NCIP",
      "configName": "Relais",
      "code": "item.perm.loan.type.name",
      "enabled": true,
      "value": "PALCI",
      "metadata": {
        "createdDate": "2020-03-06T20:24:55.329+0000",
        "createdByUserId": "99999999-9999-1999-8999-999999999901",
        "updatedDate": "2020-03-06T20:24:55.329+0000",
        "updatedByUserId": "99999999-9999-1999-8999-999999999901"
      }
    },
    {
      "id": "17d6ae7f-db78-41d0-827b-37f4e8113696",
      "module": "NCIP",
      "configName": "Relais",
      "code": "item.status.name",
      "enabled": true,
      "value": "Available",
      "metadata": {
        "createdDate": "2020-03-06T20:24:55.353+0000",
        "createdByUserId": "99999999-9999-1999-8999-999999999901",
        "updatedDate": "2020-03-06T20:24:55.353+0000",
        "updatedByUserId": "99999999-9999-1999-8999-999999999901"
      }
    },
    {
      "id": "ab333eac-823a-45bc-b5d8-71b694b1bb62",
      "module": "NCIP",
      "configName": "Relais",
      "code": "item.perm.location.code",
      "enabled": true,
      "value": "PALCI_LEHIGH",
      "metadata": {
        "createdDate": "2020-03-06T20:24:55.380+0000",
        "createdByUserId": "99999999-9999-1999-8999-999999999901",
        "updatedDate": "2020-03-06T20:24:55.380+0000",
        "updatedByUserId": "99999999-9999-1999-8999-999999999901"
      }
    },
    {
      "id": "f5bb149a-8ace-49ce-a2f9-8d3461e58faf",
      "module": "NCIP",
      "configName": "Relais",
      "code": "holdings.perm.location.code",
      "enabled": true,
      "value": "PALCI_LEHIGH",
      "metadata": {
        "createdDate": "2020-03-06T20:24:55.401+0000",
        "createdByUserId": "99999999-9999-1999-8999-999999999901",
        "updatedDate": "2020-03-06T20:24:55.401+0000",
        "updatedByUserId": "99999999-9999-1999-8999-999999999901"
      }
    },
    {
      "id": "ca6f52e1-5b7d-4a63-82f3-3d9b4b965766",
      "module": "NCIP",
      "configName": "Relais",
      "code": "instance.custom.identifier.name",
      "enabled": true,
      "value": "PALCI Request ID",
      "metadata": {
        "createdDate": "2020-03-06T20:24:55.426+0000",
        "createdByUserId": "99999999-9999-1999-8999-999999999901",
        "updatedDate": "2020-03-06T20:24:55.426+0000",
        "updatedByUserId": "99999999-9999-1999-8999-999999999901"
      }
    },
    {
      "id": "f6435c0a-d640-4c3e-b5ea-0b6f857c74f0",
      "module": "NCIP",
      "configName": "Relais",
      "code": "checkout.service.point.code",
      "enabled": true,
      "value": "FAIRCHILD",
      "metadata": {
        "createdDate": "2020-03-06T20:24:55.456+0000",
        "createdByUserId": "99999999-9999-1999-8999-999999999901",
        "updatedDate": "2020-03-06T20:24:55.456+0000",
        "updatedByUserId": "99999999-9999-1999-8999-999999999901"
      }
    },
    {
      "id": "a07bc5a3-7e26-485d-a09a-e72ea4dbdbe3",
      "module": "NCIP",
      "configName": "Relais",
      "code": "checkin.service.point.code",
      "enabled": true,
      "value": "FAIRCHILD",
      "metadata": {
        "createdDate": "2020-03-06T20:24:55.479+0000",
        "createdByUserId": "99999999-9999-1999-8999-999999999901",
        "updatedDate": "2020-03-06T20:24:55.479+0000",
        "updatedByUserId": "99999999-9999-1999-8999-999999999901"
      }
    }
  ],
  "totalRecords": 12,
  "resultInfo": {
    "totalRecords": 12,
    "facets": [],
    "diagnostics": []
  }
}

09:31:15 [] [lu] [] [mod-ncip] INFO  FolioNcipHelper      #check in
09:31:15 [] [lu] [] [mod-ncip] INFO  FolioNcipHelper      checkin.service.point.code
09:31:15 [] [lu] [] [mod-ncip] INFO  FolioNcipHelper      Using timeout: 30000
09:31:15 [] [lu] [] [mod-ncip] INFO  FolioNcipHelper      GET:
09:31:15 [] [lu] [] [mod-ncip] INFO  FolioNcipHelper      http://localhost:54452/configurations/entries?query=code%3D%3D%22checkin.service.point.code%22&limit=200
09:31:15 [] [lu] [] [mod-ncip] INFO  FolioNcipHelper      200
09:31:15 [] [lu] [] [mod-ncip] INFO  FolioNcipHelper      {
  "configs": [
    {
      "id": "ecb9cf87-adcb-4be7-9253-e8caf8828ee6",
      "module": "NCIP",
      "configName": "Relais",
      "code": "instance.type.name",
      "enabled": true,
      "value": "PALCI",
      "metadata": {
        "createdDate": "2020-03-06T20:24:55.251+0000",
        "createdByUserId": "99999999-9999-1999-8999-999999999901",
        "updatedDate": "2020-03-06T20:24:55.251+0000",
        "updatedByUserId": "99999999-9999-1999-8999-999999999901"
      }
    },
    {
      "id": "ccf38c47-2614-43fa-9da5-82aeb32b6e11",
      "module": "NCIP",
      "configName": "Relais",
      "code": "instance.source",
      "enabled": true,
      "value": "PALCI",
      "metadata": {
        "createdDate": "2020-03-06T20:24:55.279+0000",
        "createdByUserId": "99999999-9999-1999-8999-999999999901",
        "updatedDate": "2020-03-06T20:24:55.279+0000",
        "updatedByUserId": "99999999-9999-1999-8999-999999999901"
      }
    },
    {
      "id": "c41a901e-ce08-4125-acc5-a5ed234f2c5c",
      "module": "NCIP",
      "configName": "Relais",
      "code": "item.material.type.name",
      "enabled": true,
      "value": "PALCI",
      "metadata": {
        "createdDate": "2020-03-06T20:24:55.304+0000",
        "createdByUserId": "99999999-9999-1999-8999-999999999901",
        "updatedDate": "2020-03-06T20:24:55.304+0000",
        "updatedByUserId": "99999999-9999-1999-8999-999999999901"
      }
    },
    {
      "id": "14b4f295-e9d0-4578-aeed-e1df25ce1022",
      "module": "NCIP",
      "configName": "Relais",
      "code": "item.perm.loan.type.name",
      "enabled": true,
      "value": "PALCI",
      "metadata": {
        "createdDate": "2020-03-06T20:24:55.329+0000",
        "createdByUserId": "99999999-9999-1999-8999-999999999901",
        "updatedDate": "2020-03-06T20:24:55.329+0000",
        "updatedByUserId": "99999999-9999-1999-8999-999999999901"
      }
    },
    {
      "id": "17d6ae7f-db78-41d0-827b-37f4e8113696",
      "module": "NCIP",
      "configName": "Relais",
      "code": "item.status.name",
      "enabled": true,
      "value": "Available",
      "metadata": {
        "createdDate": "2020-03-06T20:24:55.353+0000",
        "createdByUserId": "99999999-9999-1999-8999-999999999901",
        "updatedDate": "2020-03-06T20:24:55.353+0000",
        "updatedByUserId": "99999999-9999-1999-8999-999999999901"
      }
    },
    {
      "id": "ab333eac-823a-45bc-b5d8-71b694b1bb62",
      "module": "NCIP",
      "configName": "Relais",
      "code": "item.perm.location.code",
      "enabled": true,
      "value": "PALCI_LEHIGH",
      "metadata": {
        "createdDate": "2020-03-06T20:24:55.380+0000",
        "createdByUserId": "99999999-9999-1999-8999-999999999901",
        "updatedDate": "2020-03-06T20:24:55.380+0000",
        "updatedByUserId": "99999999-9999-1999-8999-999999999901"
      }
    },
    {
      "id": "f5bb149a-8ace-49ce-a2f9-8d3461e58faf",
      "module": "NCIP",
      "configName": "Relais",
      "code": "holdings.perm.location.code",
      "enabled": true,
      "value": "PALCI_LEHIGH",
      "metadata": {
        "createdDate": "2020-03-06T20:24:55.401+0000",
        "createdByUserId": "99999999-9999-1999-8999-999999999901",
        "updatedDate": "2020-03-06T20:24:55.401+0000",
        "updatedByUserId": "99999999-9999-1999-8999-999999999901"
      }
    },
    {
      "id": "ca6f52e1-5b7d-4a63-82f3-3d9b4b965766",
      "module": "NCIP",
      "configName": "Relais",
      "code": "instance.custom.identifier.name",
      "enabled": true,
      "value": "PALCI Request ID",
      "metadata": {
        "createdDate": "2020-03-06T20:24:55.426+0000",
        "createdByUserId": "99999999-9999-1999-8999-999999999901",
        "updatedDate": "2020-03-06T20:24:55.426+0000",
        "updatedByUserId": "99999999-9999-1999-8999-999999999901"
      }
    },
    {
      "id": "f6435c0a-d640-4c3e-b5ea-0b6f857c74f0",
      "module": "NCIP",
      "configName": "Relais",
      "code": "checkout.service.point.code",
      "enabled": true,
      "value": "FAIRCHILD",
      "metadata": {
        "createdDate": "2020-03-06T20:24:55.456+0000",
        "createdByUserId": "99999999-9999-1999-8999-999999999901",
        "updatedDate": "2020-03-06T20:24:55.456+0000",
        "updatedByUserId": "99999999-9999-1999-8999-999999999901"
      }
    },
    {
      "id": "a07bc5a3-7e26-485d-a09a-e72ea4dbdbe3",
      "module": "NCIP",
      "configName": "Relais",
      "code": "checkin.service.point.code",
      "enabled": true,
      "value": "FAIRCHILD",
      "metadata": {
        "createdDate": "2020-03-06T20:24:55.479+0000",
        "createdByUserId": "99999999-9999-1999-8999-999999999901",
        "updatedDate": "2020-03-06T20:24:55.479+0000",
        "updatedByUserId": "99999999-9999-1999-8999-999999999901"
      }
    }
  ],
  "totalRecords": 12,
  "resultInfo": {
    "totalRecords": 12,
    "facets": [],
    "diagnostics": []
  }
}

09:31:15 [] [lu] [] [mod-ncip] INFO  FolioNcipHelper      #lookup user
09:31:15 [] [lu] [] [mod-ncip] INFO  FolioNcipHelper      response.includes.physical.address=false
09:31:15 [] [lu] [] [mod-ncip] INFO  FolioNcipHelper      Using timeout: 30000
09:31:15 [] [lu] [] [mod-ncip] INFO  FolioNcipHelper      GET:
09:31:15 [] [lu] [] [mod-ncip] INFO  FolioNcipHelper      http://localhost:54452/configurations/entries?query=code%3D%3D%22response.includes.physical.address%22&limit=200
09:31:15 [] [lu] [] [mod-ncip] INFO  FolioNcipHelper      200
09:31:15 [] [lu] [] [mod-ncip] INFO  FolioNcipHelper      {
  "configs": [
    {
      "id": "ecb9cf87-adcb-4be7-9253-e8caf8828ee6",
      "module": "NCIP",
      "configName": "Relais",
      "code": "instance.type.name",
      "enabled": true,
      "value": "PALCI",
      "metadata": {
        "createdDate": "2020-03-06T20:24:55.251+0000",
        "createdByUserId": "99999999-9999-1999-8999-999999999901",
        "updatedDate": "2020-03-06T20:24:55.251+0000",
        "updatedByUserId": "99999999-9999-1999-8999-999999999901"
      }
    },
    {
      "id": "ccf38c47-2614-43fa-9da5-82aeb32b6e11",
      "module": "NCIP",
      "configName": "Relais",
      "code": "instance.source",
      "enabled": true,
      "value": "PALCI",
      "metadata": {
        "createdDate": "2020-03-06T20:24:55.279+0000",
        "createdByUserId": "99999999-9999-1999-8999-999999999901",
        "updatedDate": "2020-03-06T20:24:55.279+0000",
        "updatedByUserId": "99999999-9999-1999-8999-999999999901"
      }
    },
    {
      "id": "c41a901e-ce08-4125-acc5-a5ed234f2c5c",
      "module": "NCIP",
      "configName": "Relais",
      "code": "item.material.type.name",
      "enabled": true,
      "value": "PALCI",
      "metadata": {
        "createdDate": "2020-03-06T20:24:55.304+0000",
        "createdByUserId": "99999999-9999-1999-8999-999999999901",
        "updatedDate": "2020-03-06T20:24:55.304+0000",
        "updatedByUserId": "99999999-9999-1999-8999-999999999901"
      }
    },
    {
      "id": "14b4f295-e9d0-4578-aeed-e1df25ce1022",
      "module": "NCIP",
      "configName": "Relais",
      "code": "item.perm.loan.type.name",
      "enabled": true,
      "value": "PALCI",
      "metadata": {
        "createdDate": "2020-03-06T20:24:55.329+0000",
        "createdByUserId": "99999999-9999-1999-8999-999999999901",
        "updatedDate": "2020-03-06T20:24:55.329+0000",
        "updatedByUserId": "99999999-9999-1999-8999-999999999901"
      }
    },
    {
      "id": "17d6ae7f-db78-41d0-827b-37f4e8113696",
      "module": "NCIP",
      "configName": "Relais",
      "code": "item.status.name",
      "enabled": true,
      "value": "Available",
      "metadata": {
        "createdDate": "2020-03-06T20:24:55.353+0000",
        "createdByUserId": "99999999-9999-1999-8999-999999999901",
        "updatedDate": "2020-03-06T20:24:55.353+0000",
        "updatedByUserId": "99999999-9999-1999-8999-999999999901"
      }
    },
    {
      "id": "ab333eac-823a-45bc-b5d8-71b694b1bb62",
      "module": "NCIP",
      "configName": "Relais",
      "code": "item.perm.location.code",
      "enabled": true,
      "value": "PALCI_LEHIGH",
      "metadata": {
        "createdDate": "2020-03-06T20:24:55.380+0000",
        "createdByUserId": "99999999-9999-1999-8999-999999999901",
        "updatedDate": "2020-03-06T20:24:55.380+0000",
        "updatedByUserId": "99999999-9999-1999-8999-999999999901"
      }
    },
    {
      "id": "f5bb149a-8ace-49ce-a2f9-8d3461e58faf",
      "module": "NCIP",
      "configName": "Relais",
      "code": "holdings.perm.location.code",
      "enabled": true,
      "value": "PALCI_LEHIGH",
      "metadata": {
        "createdDate": "2020-03-06T20:24:55.401+0000",
        "createdByUserId": "99999999-9999-1999-8999-999999999901",
        "updatedDate": "2020-03-06T20:24:55.401+0000",
        "updatedByUserId": "99999999-9999-1999-8999-999999999901"
      }
    },
    {
      "id": "ca6f52e1-5b7d-4a63-82f3-3d9b4b965766",
      "module": "NCIP",
      "configName": "Relais",
      "code": "instance.custom.identifier.name",
      "enabled": true,
      "value": "PALCI Request ID",
      "metadata": {
        "createdDate": "2020-03-06T20:24:55.426+0000",
        "createdByUserId": "99999999-9999-1999-8999-999999999901",
        "updatedDate": "2020-03-06T20:24:55.426+0000",
        "updatedByUserId": "99999999-9999-1999-8999-999999999901"
      }
    },
    {
      "id": "f6435c0a-d640-4c3e-b5ea-0b6f857c74f0",
      "module": "NCIP",
      "configName": "Relais",
      "code": "checkout.service.point.code",
      "enabled": true,
      "value": "FAIRCHILD",
      "metadata": {
        "createdDate": "2020-03-06T20:24:55.456+0000",
        "createdByUserId": "99999999-9999-1999-8999-999999999901",
        "updatedDate": "2020-03-06T20:24:55.456+0000",
        "updatedByUserId": "99999999-9999-1999-8999-999999999901"
      }
    },
    {
      "id": "a07bc5a3-7e26-485d-a09a-e72ea4dbdbe3",
      "module": "NCIP",
      "configName": "Relais",
      "code": "checkin.service.point.code",
      "enabled": true,
      "value": "FAIRCHILD",
      "metadata": {
        "createdDate": "2020-03-06T20:24:55.479+0000",
        "createdByUserId": "99999999-9999-1999-8999-999999999901",
        "updatedDate": "2020-03-06T20:24:55.479+0000",
        "updatedByUserId": "99999999-9999-1999-8999-999999999901"
      }
    }
  ],
  "totalRecords": 12,
  "resultInfo": {
    "totalRecords": 12,
    "facets": [],
    "diagnostics": []
  }
}

09:31:15 [] [lu] [] [mod-ncip] INFO  FolioNcipHelper      user.priv.ok.status=ACTIVE
09:31:15 [] [lu] [] [mod-ncip] INFO  FolioNcipHelper      Using timeout: 30000
09:31:15 [] [lu] [] [mod-ncip] INFO  FolioNcipHelper      GET:
09:31:15 [] [lu] [] [mod-ncip] INFO  FolioNcipHelper      http://localhost:54452/configurations/entries?query=code%3D%3D%22user.priv.ok.status%22&limit=200
09:31:15 [] [lu] [] [mod-ncip] INFO  FolioNcipHelper      200
09:31:15 [] [lu] [] [mod-ncip] INFO  FolioNcipHelper      {
  "configs": [
    {
      "id": "ecb9cf87-adcb-4be7-9253-e8caf8828ee6",
      "module": "NCIP",
      "configName": "Relais",
      "code": "instance.type.name",
      "enabled": true,
      "value": "PALCI",
      "metadata": {
        "createdDate": "2020-03-06T20:24:55.251+0000",
        "createdByUserId": "99999999-9999-1999-8999-999999999901",
        "updatedDate": "2020-03-06T20:24:55.251+0000",
        "updatedByUserId": "99999999-9999-1999-8999-999999999901"
      }
    },
    {
      "id": "ccf38c47-2614-43fa-9da5-82aeb32b6e11",
      "module": "NCIP",
      "configName": "Relais",
      "code": "instance.source",
      "enabled": true,
      "value": "PALCI",
      "metadata": {
        "createdDate": "2020-03-06T20:24:55.279+0000",
        "createdByUserId": "99999999-9999-1999-8999-999999999901",
        "updatedDate": "2020-03-06T20:24:55.279+0000",
        "updatedByUserId": "99999999-9999-1999-8999-999999999901"
      }
    },
    {
      "id": "c41a901e-ce08-4125-acc5-a5ed234f2c5c",
      "module": "NCIP",
      "configName": "Relais",
      "code": "item.material.type.name",
      "enabled": true,
      "value": "PALCI",
      "metadata": {
        "createdDate": "2020-03-06T20:24:55.304+0000",
        "createdByUserId": "99999999-9999-1999-8999-999999999901",
        "updatedDate": "2020-03-06T20:24:55.304+0000",
        "updatedByUserId": "99999999-9999-1999-8999-999999999901"
      }
    },
    {
      "id": "14b4f295-e9d0-4578-aeed-e1df25ce1022",
      "module": "NCIP",
      "configName": "Relais",
      "code": "item.perm.loan.type.name",
      "enabled": true,
      "value": "PALCI",
      "metadata": {
        "createdDate": "2020-03-06T20:24:55.329+0000",
        "createdByUserId": "99999999-9999-1999-8999-999999999901",
        "updatedDate": "2020-03-06T20:24:55.329+0000",
        "updatedByUserId": "99999999-9999-1999-8999-999999999901"
      }
    },
    {
      "id": "17d6ae7f-db78-41d0-827b-37f4e8113696",
      "module": "NCIP",
      "configName": "Relais",
      "code": "item.status.name",
      "enabled": true,
      "value": "Available",
      "metadata": {
        "createdDate": "2020-03-06T20:24:55.353+0000",
        "createdByUserId": "99999999-9999-1999-8999-999999999901",
        "updatedDate": "2020-03-06T20:24:55.353+0000",
        "updatedByUserId": "99999999-9999-1999-8999-999999999901"
      }
    },
    {
      "id": "ab333eac-823a-45bc-b5d8-71b694b1bb62",
      "module": "NCIP",
      "configName": "Relais",
      "code": "item.perm.location.code",
      "enabled": true,
      "value": "PALCI_LEHIGH",
      "metadata": {
        "createdDate": "2020-03-06T20:24:55.380+0000",
        "createdByUserId": "99999999-9999-1999-8999-999999999901",
        "updatedDate": "2020-03-06T20:24:55.380+0000",
        "updatedByUserId": "99999999-9999-1999-8999-999999999901"
      }
    },
    {
      "id": "f5bb149a-8ace-49ce-a2f9-8d3461e58faf",
      "module": "NCIP",
      "configName": "Relais",
      "code": "holdings.perm.location.code",
      "enabled": true,
      "value": "PALCI_LEHIGH",
      "metadata": {
        "createdDate": "2020-03-06T20:24:55.401+0000",
        "createdByUserId": "99999999-9999-1999-8999-999999999901",
        "updatedDate": "2020-03-06T20:24:55.401+0000",
        "updatedByUserId": "99999999-9999-1999-8999-999999999901"
      }
    },
    {
      "id": "ca6f52e1-5b7d-4a63-82f3-3d9b4b965766",
      "module": "NCIP",
      "configName": "Relais",
      "code": "instance.custom.identifier.name",
      "enabled": true,
      "value": "PALCI Request ID",
      "metadata": {
        "createdDate": "2020-03-06T20:24:55.426+0000",
        "createdByUserId": "99999999-9999-1999-8999-999999999901",
        "updatedDate": "2020-03-06T20:24:55.426+0000",
        "updatedByUserId": "99999999-9999-1999-8999-999999999901"
      }
    },
    {
      "id": "f6435c0a-d640-4c3e-b5ea-0b6f857c74f0",
      "module": "NCIP",
      "configName": "Relais",
      "code": "checkout.service.point.code",
      "enabled": true,
      "value": "FAIRCHILD",
      "metadata": {
        "createdDate": "2020-03-06T20:24:55.456+0000",
        "createdByUserId": "99999999-9999-1999-8999-999999999901",
        "updatedDate": "2020-03-06T20:24:55.456+0000",
        "updatedByUserId": "99999999-9999-1999-8999-999999999901"
      }
    },
    {
      "id": "a07bc5a3-7e26-485d-a09a-e72ea4dbdbe3",
      "module": "NCIP",
      "configName": "Relais",
      "code": "checkin.service.point.code",
      "enabled": true,
      "value": "FAIRCHILD",
      "metadata": {
        "createdDate": "2020-03-06T20:24:55.479+0000",
        "createdByUserId": "99999999-9999-1999-8999-999999999901",
        "updatedDate": "2020-03-06T20:24:55.479+0000",
        "updatedByUserId": "99999999-9999-1999-8999-999999999901"
      }
    }
  ],
  "totalRecords": 12,
  "resultInfo": {
    "totalRecords": 12,
    "facets": [],
    "diagnostics": []
  }
}

09:31:15 [] [lu] [] [mod-ncip] INFO  FolioNcipHelper      user.priv.blocked.status=BLOCKED
09:31:15 [] [lu] [] [mod-ncip] INFO  FolioNcipHelper      Using timeout: 30000
09:31:15 [] [lu] [] [mod-ncip] INFO  FolioNcipHelper      GET:
09:31:15 [] [lu] [] [mod-ncip] INFO  FolioNcipHelper      http://localhost:54452/configurations/entries?query=code%3D%3D%22user.priv.blocked.status%22&limit=200
09:31:15 [] [lu] [] [mod-ncip] INFO  FolioNcipHelper      200
09:31:15 [] [lu] [] [mod-ncip] INFO  FolioNcipHelper      {
  "configs": [
    {
      "id": "ecb9cf87-adcb-4be7-9253-e8caf8828ee6",
      "module": "NCIP",
      "configName": "Relais",
      "code": "instance.type.name",
      "enabled": true,
      "value": "PALCI",
      "metadata": {
        "createdDate": "2020-03-06T20:24:55.251+0000",
        "createdByUserId": "99999999-9999-1999-8999-999999999901",
        "updatedDate": "2020-03-06T20:24:55.251+0000",
        "updatedByUserId": "99999999-9999-1999-8999-999999999901"
      }
    },
    {
      "id": "ccf38c47-2614-43fa-9da5-82aeb32b6e11",
      "module": "NCIP",
      "configName": "Relais",
      "code": "instance.source",
      "enabled": true,
      "value": "PALCI",
      "metadata": {
        "createdDate": "2020-03-06T20:24:55.279+0000",
        "createdByUserId": "99999999-9999-1999-8999-999999999901",
        "updatedDate": "2020-03-06T20:24:55.279+0000",
        "updatedByUserId": "99999999-9999-1999-8999-999999999901"
      }
    },
    {
      "id": "c41a901e-ce08-4125-acc5-a5ed234f2c5c",
      "module": "NCIP",
      "configName": "Relais",
      "code": "item.material.type.name",
      "enabled": true,
      "value": "PALCI",
      "metadata": {
        "createdDate": "2020-03-06T20:24:55.304+0000",
        "createdByUserId": "99999999-9999-1999-8999-999999999901",
        "updatedDate": "2020-03-06T20:24:55.304+0000",
        "updatedByUserId": "99999999-9999-1999-8999-999999999901"
      }
    },
    {
      "id": "14b4f295-e9d0-4578-aeed-e1df25ce1022",
      "module": "NCIP",
      "configName": "Relais",
      "code": "item.perm.loan.type.name",
      "enabled": true,
      "value": "PALCI",
      "metadata": {
        "createdDate": "2020-03-06T20:24:55.329+0000",
        "createdByUserId": "99999999-9999-1999-8999-999999999901",
        "updatedDate": "2020-03-06T20:24:55.329+0000",
        "updatedByUserId": "99999999-9999-1999-8999-999999999901"
      }
    },
    {
      "id": "17d6ae7f-db78-41d0-827b-37f4e8113696",
      "module": "NCIP",
      "configName": "Relais",
      "code": "item.status.name",
      "enabled": true,
      "value": "Available",
      "metadata": {
        "createdDate": "2020-03-06T20:24:55.353+0000",
        "createdByUserId": "99999999-9999-1999-8999-999999999901",
        "updatedDate": "2020-03-06T20:24:55.353+0000",
        "updatedByUserId": "99999999-9999-1999-8999-999999999901"
      }
    },
    {
      "id": "ab333eac-823a-45bc-b5d8-71b694b1bb62",
      "module": "NCIP",
      "configName": "Relais",
      "code": "item.perm.location.code",
      "enabled": true,
      "value": "PALCI_LEHIGH",
      "metadata": {
        "createdDate": "2020-03-06T20:24:55.380+0000",
        "createdByUserId": "99999999-9999-1999-8999-999999999901",
        "updatedDate": "2020-03-06T20:24:55.380+0000",
        "updatedByUserId": "99999999-9999-1999-8999-999999999901"
      }
    },
    {
      "id": "f5bb149a-8ace-49ce-a2f9-8d3461e58faf",
      "module": "NCIP",
      "configName": "Relais",
      "code": "holdings.perm.location.code",
      "enabled": true,
      "value": "PALCI_LEHIGH",
      "metadata": {
        "createdDate": "2020-03-06T20:24:55.401+0000",
        "createdByUserId": "99999999-9999-1999-8999-999999999901",
        "updatedDate": "2020-03-06T20:24:55.401+0000",
        "updatedByUserId": "99999999-9999-1999-8999-999999999901"
      }
    },
    {
      "id": "ca6f52e1-5b7d-4a63-82f3-3d9b4b965766",
      "module": "NCIP",
      "configName": "Relais",
      "code": "instance.custom.identifier.name",
      "enabled": true,
      "value": "PALCI Request ID",
      "metadata": {
        "createdDate": "2020-03-06T20:24:55.426+0000",
        "createdByUserId": "99999999-9999-1999-8999-999999999901",
        "updatedDate": "2020-03-06T20:24:55.426+0000",
        "updatedByUserId": "99999999-9999-1999-8999-999999999901"
      }
    },
    {
      "id": "f6435c0a-d640-4c3e-b5ea-0b6f857c74f0",
      "module": "NCIP",
      "configName": "Relais",
      "code": "checkout.service.point.code",
      "enabled": true,
      "value": "FAIRCHILD",
      "metadata": {
        "createdDate": "2020-03-06T20:24:55.456+0000",
        "createdByUserId": "99999999-9999-1999-8999-999999999901",
        "updatedDate": "2020-03-06T20:24:55.456+0000",
        "updatedByUserId": "99999999-9999-1999-8999-999999999901"
      }
    },
    {
      "id": "a07bc5a3-7e26-485d-a09a-e72ea4dbdbe3",
      "module": "NCIP",
      "configName": "Relais",
      "code": "checkin.service.point.code",
      "enabled": true,
      "value": "FAIRCHILD",
      "metadata": {
        "createdDate": "2020-03-06T20:24:55.479+0000",
        "createdByUserId": "99999999-9999-1999-8999-999999999901",
        "updatedDate": "2020-03-06T20:24:55.479+0000",
        "updatedByUserId": "99999999-9999-1999-8999-999999999901"
      }
    }
  ],
  "totalRecords": 12,
  "resultInfo": {
    "totalRecords": 12,
    "facets": [],
    "diagnostics": []
  }
}

09:31:15 [] [lu] [] [mod-ncip] INFO  FolioNcipHelper      =======> initializing address types
09:31:15 [] [lu] [] [mod-ncip] INFO  FolioNcipHelper      Using timeout: 30000
09:31:15 [] [lu] [] [mod-ncip] INFO  FolioNcipHelper      GET:
09:31:15 [] [lu] [] [mod-ncip] INFO  FolioNcipHelper      http://localhost:54452/addresstypes
09:31:15 [] [lu] [] [mod-ncip] INFO  FolioNcipHelper      404
09:31:15 [] [lu] [] [mod-ncip] INFO  FolioNcipHelper      <html><body><h1>Resource not found</h1></body></html>
09:31:15 [] [lu] [] [mod-ncip] FATAL FolioNcipHelper      callApiGet failed
09:31:15 [] [lu] [] [mod-ncip] FATAL FolioNcipHelper      http://localhost:54452/addresstypes
09:31:15 [] [lu] [] [mod-ncip] FATAL FolioNcipHelper      Unable to initialize address types.
09:31:15 [] [lu] [] [mod-ncip] FATAL FolioNcipHelper      
09:31:15 [] [lu] [] [mod-ncip] INFO  RemoteServiceManager Using timeout: 30000
09:31:15 [] [lu] [] [mod-ncip] INFO  RemoteServiceManager GET:
09:31:15 [] [lu] [] [mod-ncip] INFO  RemoteServiceManager http://localhost:54452/users?query=%28barcode%3D%3D%225551212%22%20or%20externalSystemId%3D%3D%225551212%22%20or%20username%3D%3D%225551212%22%29
09:31:15 [] [lu] [] [mod-ncip] INFO  RemoteServiceManager 200
09:31:15 [] [lu] [] [mod-ncip] INFO  RemoteServiceManager  {
  "users" : [ ],
  "totalRecords" : 0,
  "resultInfo" : {
    "totalRecords" : 0,
    "facets" : [ ],
    "diagnostics" : [ ]
  }
}

The result is: <?xml version="1.0" encoding="UTF-8" standalone="yes"?><ns1:NCIPMessage xmlns:ns1="http://www.niso.org/2008/ncip" ns1:version="http://www.niso.org/schemas/ncip/v2_0/imp1/xsd/ncip_v2_0.xsd"><ns1:LookupUserResponse><ns1:Problem><ns1:ProblemType></ns1:ProblemType><ns1:ProblemElement>Userid</ns1:ProblemElement><ns1:ProblemValue>Did not find a user with that id</ns1:ProblemValue></ns1:Problem></ns1:LookupUserResponse></ns1:NCIPMessage>
<ns1:NCIPMessage xmlns:ns1="http://www.niso.org/2008/ncip" ns1:version="http://www.niso.org/schemas/ncip/v2_0/imp1/xsd/ncip_v2_0.xsd">
  <ns1:LookupUserResponse>
    <ns1:Problem>
      <ns1:ProblemType/>
      <ns1:ProblemElement>Userid</ns1:ProblemElement>
      <ns1:ProblemValue>Did not find a user with that id</ns1:ProblemValue>
    </ns1:Problem>
  </ns1:LookupUserResponse>
</ns1:NCIPMessage>
<ns1:NCIPMessage xmlns:ns1="http://www.niso.org/2008/ncip" ns1:version="http://www.niso.org/schemas/ncip/v2_0/imp1/xsd/ncip_v2_0.xsd">
  <ns1:LookupUserResponse>
    <ns1:Problem>
      <ns1:ProblemType/>
      <ns1:ProblemElement>Userid</ns1:ProblemElement>
      <ns1:ProblemValue>Did not find a user with that id</ns1:ProblemValue>
    </ns1:Problem>
  </ns1:LookupUserResponse>
</ns1:NCIPMessage>
]]></system-out>
  </testcase>
  <testcase name="callLookupUserBlocked" classname="org.folio.ncip.LookupUser" time="3.524">
    <system-out><![CDATA[09:31:15 [] [lu] [] [mod-ncip] INFO  FolioNcipHelper      ncip process called...
09:31:15 [] [lu] [] [mod-ncip] INFO  FolioNcipHelper      ==========BODY===============
09:31:15 [] [lu] [] [mod-ncip] INFO  FolioNcipHelper      <?xml version="1.0" encoding="UTF-8"?>
<NCIPMessage version="http://www.niso.org/schemas/ncip/v2_0/ncip_v2_0.xsd"
   xmlns="http://www.niso.org/2008/ncip">
  <LookupUser>
  <InitiationHeader>
				<FromAgencyId>
					<AgencyId>Relais</AgencyId>
				</FromAgencyId>
				<ToAgencyId>
					<AgencyId>Lehigh University</AgencyId>
				</ToAgencyId>
   		  </InitiationHeader> 
    <UserId>
      <AgencyId>Relais</AgencyId>
      <UserIdentifierValue>5551213</UserIdentifierValue>
    </UserId>
    <UserElementType>Name Information</UserElementType>
    <UserElementType>User Address Information</UserElementType>
    <UserElementType>User Privilege</UserElementType>
    <UserElementType>User Id</UserElementType>
  </LookupUser>
</NCIPMessage>

09:31:15 [] [lu] [] [mod-ncip] INFO  FolioNcipHelper      Using timeout: 30000
09:31:15 [] [] [] [] ERROR ?                    Unhandled exception in router
java.lang.IllegalStateException: Response head already sent
	at io.vertx.core.http.impl.Http1xServerResponse.checkHeadWritten(Http1xServerResponse.java:687) ~[vertx-core-4.3.8.jar:4.3.8]
	at io.vertx.core.http.impl.Http1xServerResponse.setStatusCode(Http1xServerResponse.java:149) ~[vertx-core-4.3.8.jar:4.3.8]
	at org.folio.ncip.MockServer.serverResponse(MockServer.java:178) ~[test-classes/:?]
	at org.folio.ncip.MockServer.getNcipConfigs(MockServer.java:126) ~[test-classes/:?]
	at io.vertx.ext.web.impl.RouteState.handleContext(RouteState.java:1284) ~[vertx-web-4.3.8.jar:4.3.8]
	at io.vertx.ext.web.impl.RoutingContextImplBase.iterateNext(RoutingContextImplBase.java:177) ~[vertx-web-4.3.8.jar:4.3.8]
	at io.vertx.ext.web.impl.RoutingContextImpl.next(RoutingContextImpl.java:141) ~[vertx-web-4.3.8.jar:4.3.8]
	at io.vertx.ext.web.handler.impl.BodyHandlerImpl.handle(BodyHandlerImpl.java:96) ~[vertx-web-4.3.8.jar:4.3.8]
	at io.vertx.ext.web.handler.impl.BodyHandlerImpl.handle(BodyHandlerImpl.java:46) ~[vertx-web-4.3.8.jar:4.3.8]
	at io.vertx.ext.web.impl.RouteState.handleContext(RouteState.java:1284) ~[vertx-web-4.3.8.jar:4.3.8]
	at io.vertx.ext.web.impl.RoutingContextImplBase.iterateNext(RoutingContextImplBase.java:177) ~[vertx-web-4.3.8.jar:4.3.8]
	at io.vertx.ext.web.impl.RoutingContextImpl.next(RoutingContextImpl.java:141) ~[vertx-web-4.3.8.jar:4.3.8]
	at io.vertx.ext.web.impl.RouterImpl.handle(RouterImpl.java:68) ~[vertx-web-4.3.8.jar:4.3.8]
	at io.vertx.ext.web.impl.RouterImpl.handle(RouterImpl.java:37) ~[vertx-web-4.3.8.jar:4.3.8]
	at io.vertx.core.http.impl.Http1xServerRequestHandler.handle(Http1xServerRequestHandler.java:67) ~[vertx-core-4.3.8.jar:4.3.8]
	at io.vertx.core.http.impl.Http1xServerRequestHandler.handle(Http1xServerRequestHandler.java:30) ~[vertx-core-4.3.8.jar:4.3.8]
	at io.vertx.core.impl.EventLoopContext.emit(EventLoopContext.java:55) ~[vertx-core-4.3.8.jar:4.3.8]
	at io.vertx.core.impl.DuplicatedContext.emit(DuplicatedContext.java:158) ~[vertx-core-4.3.8.jar:4.3.8]
	at io.vertx.core.http.impl.Http1xServerConnection.handleMessage(Http1xServerConnection.java:145) ~[vertx-core-4.3.8.jar:4.3.8]
	at io.vertx.core.net.impl.ConnectionBase.read(ConnectionBase.java:157) ~[vertx-core-4.3.8.jar:4.3.8]
	at io.vertx.core.net.impl.VertxHandler.channelRead(VertxHandler.java:153) ~[vertx-core-4.3.8.jar:4.3.8]
	at io.netty.channel.AbstractChannelHandlerContext.invokeChannelRead(AbstractChannelHandlerContext.java:442) ~[netty-transport-4.1.87.Final.jar:4.1.87.Final]
	at io.netty.channel.AbstractChannelHandlerContext.invokeChannelRead(AbstractChannelHandlerContext.java:420) ~[netty-transport-4.1.87.Final.jar:4.1.87.Final]
	at io.netty.channel.AbstractChannelHandlerContext.fireChannelRead(AbstractChannelHandlerContext.java:412) ~[netty-transport-4.1.87.Final.jar:4.1.87.Final]
	at io.netty.channel.ChannelInboundHandlerAdapter.channelRead(ChannelInboundHandlerAdapter.java:93) ~[netty-transport-4.1.87.Final.jar:4.1.87.Final]
	at io.netty.handler.codec.http.websocketx.extensions.WebSocketServerExtensionHandler.channelRead(WebSocketServerExtensionHandler.java:99) ~[netty-codec-http-4.1.87.Final.jar:4.1.87.Final]
	at io.netty.channel.AbstractChannelHandlerContext.invokeChannelRead(AbstractChannelHandlerContext.java:442) ~[netty-transport-4.1.87.Final.jar:4.1.87.Final]
	at io.netty.channel.AbstractChannelHandlerContext.invokeChannelRead(AbstractChannelHandlerContext.java:420) ~[netty-transport-4.1.87.Final.jar:4.1.87.Final]
	at io.netty.channel.AbstractChannelHandlerContext.fireChannelRead(AbstractChannelHandlerContext.java:412) ~[netty-transport-4.1.87.Final.jar:4.1.87.Final]
	at io.vertx.core.http.impl.Http1xUpgradeToH2CHandler.channelRead(Http1xUpgradeToH2CHandler.java:120) ~[vertx-core-4.3.8.jar:4.3.8]
	at io.netty.channel.AbstractChannelHandlerContext.invokeChannelRead(AbstractChannelHandlerContext.java:444) ~[netty-transport-4.1.87.Final.jar:4.1.87.Final]
	at io.netty.channel.AbstractChannelHandlerContext.invokeChannelRead(AbstractChannelHandlerContext.java:420) ~[netty-transport-4.1.87.Final.jar:4.1.87.Final]
	at io.netty.channel.AbstractChannelHandlerContext.fireChannelRead(AbstractChannelHandlerContext.java:412) ~[netty-transport-4.1.87.Final.jar:4.1.87.Final]
	at io.netty.handler.codec.ByteToMessageDecoder.fireChannelRead(ByteToMessageDecoder.java:346) ~[netty-codec-4.1.87.Final.jar:4.1.87.Final]
	at io.netty.handler.codec.ByteToMessageDecoder.channelRead(ByteToMessageDecoder.java:318) ~[netty-codec-4.1.87.Final.jar:4.1.87.Final]
	at io.netty.channel.AbstractChannelHandlerContext.invokeChannelRead(AbstractChannelHandlerContext.java:444) ~[netty-transport-4.1.87.Final.jar:4.1.87.Final]
	at io.netty.channel.AbstractChannelHandlerContext.invokeChannelRead(AbstractChannelHandlerContext.java:420) ~[netty-transport-4.1.87.Final.jar:4.1.87.Final]
	at io.netty.channel.AbstractChannelHandlerContext.fireChannelRead(AbstractChannelHandlerContext.java:412) ~[netty-transport-4.1.87.Final.jar:4.1.87.Final]
	at io.vertx.core.http.impl.Http1xOrH2CHandler.end(Http1xOrH2CHandler.java:61) ~[vertx-core-4.3.8.jar:4.3.8]
	at io.vertx.core.http.impl.Http1xOrH2CHandler.channelRead(Http1xOrH2CHandler.java:38) ~[vertx-core-4.3.8.jar:4.3.8]
	at io.netty.channel.AbstractChannelHandlerContext.invokeChannelRead(AbstractChannelHandlerContext.java:444) ~[netty-transport-4.1.87.Final.jar:4.1.87.Final]
	at io.netty.channel.AbstractChannelHandlerContext.invokeChannelRead(AbstractChannelHandlerContext.java:420) ~[netty-transport-4.1.87.Final.jar:4.1.87.Final]
	at io.netty.channel.AbstractChannelHandlerContext.fireChannelRead(AbstractChannelHandlerContext.java:412) ~[netty-transport-4.1.87.Final.jar:4.1.87.Final]
	at io.netty.channel.DefaultChannelPipeline$HeadContext.channelRead(DefaultChannelPipeline.java:1410) ~[netty-transport-4.1.87.Final.jar:4.1.87.Final]
	at io.netty.channel.AbstractChannelHandlerContext.invokeChannelRead(AbstractChannelHandlerContext.java:440) ~[netty-transport-4.1.87.Final.jar:4.1.87.Final]
	at io.netty.channel.AbstractChannelHandlerContext.invokeChannelRead(AbstractChannelHandlerContext.java:420) ~[netty-transport-4.1.87.Final.jar:4.1.87.Final]
	at io.netty.channel.DefaultChannelPipeline.fireChannelRead(DefaultChannelPipeline.java:919) ~[netty-transport-4.1.87.Final.jar:4.1.87.Final]
	at io.netty.channel.nio.AbstractNioByteChannel$NioByteUnsafe.read(AbstractNioByteChannel.java:166) ~[netty-transport-4.1.87.Final.jar:4.1.87.Final]
	at io.netty.channel.nio.NioEventLoop.processSelectedKey(NioEventLoop.java:788) ~[netty-transport-4.1.87.Final.jar:4.1.87.Final]
	at io.netty.channel.nio.NioEventLoop.processSelectedKeysOptimized(NioEventLoop.java:724) ~[netty-transport-4.1.87.Final.jar:4.1.87.Final]
	at io.netty.channel.nio.NioEventLoop.processSelectedKeys(NioEventLoop.java:650) ~[netty-transport-4.1.87.Final.jar:4.1.87.Final]
	at io.netty.channel.nio.NioEventLoop.run(NioEventLoop.java:562) ~[netty-transport-4.1.87.Final.jar:4.1.87.Final]
	at io.netty.util.concurrent.SingleThreadEventExecutor$4.run(SingleThreadEventExecutor.java:997) ~[netty-common-4.1.87.Final.jar:4.1.87.Final]
	at io.netty.util.internal.ThreadExecutorMap$2.run(ThreadExecutorMap.java:74) ~[netty-common-4.1.87.Final.jar:4.1.87.Final]
	at io.netty.util.concurrent.FastThreadLocalRunnable.run(FastThreadLocalRunnable.java:30) ~[netty-common-4.1.87.Final.jar:4.1.87.Final]
	at java.lang.Thread.run(Thread.java:829) ~[?:?]
09:31:15 [] [lu] [] [mod-ncip] INFO  FolioNcipHelper      GET:
09:31:15 [] [lu] [] [mod-ncip] INFO  FolioNcipHelper      http://localhost:54452/configurations/entries?query=configName%3Dtoolkit&limit=200
09:31:15 [] [lu] [] [mod-ncip] INFO  FolioNcipHelper      200
09:31:15 [] [lu] [] [mod-ncip] INFO  FolioNcipHelper      {
  "configs": [],
  "totalRecords": 0,
  "resultInfo": {
    "totalRecords": 0,
    "facets": [],
    "diagnostics": []
  }
}

09:31:15 [] [lu] [] [mod-ncip] INFO  FolioNcipHelper      No toolkit configurations found.  Using defaults.  QUERY:http://localhost:54452/configurations/entries?query=configName%3Dtoolkit&limit=200
09:31:15 [] [lu] [] [mod-ncip] INFO  FolioNcipHelper      #accept item
09:31:15 [] [lu] [] [mod-ncip] INFO  FolioNcipHelper      instance.type.name
09:31:15 [] [lu] [] [mod-ncip] INFO  FolioNcipHelper      Using timeout: 30000
09:31:15 [] [lu] [] [mod-ncip] INFO  FolioNcipHelper      GET:
09:31:15 [] [lu] [] [mod-ncip] INFO  FolioNcipHelper      http://localhost:54452/configurations/entries?query=code%3D%3D%22instance.type.name%22&limit=200
09:31:15 [] [lu] [] [mod-ncip] INFO  FolioNcipHelper      200
09:31:15 [] [lu] [] [mod-ncip] INFO  FolioNcipHelper      {
  "configs": [
    {
      "id": "ecb9cf87-adcb-4be7-9253-e8caf8828ee6",
      "module": "NCIP",
      "configName": "Relais",
      "code": "instance.type.name",
      "enabled": true,
      "value": "PALCI",
      "metadata": {
        "createdDate": "2020-03-06T20:24:55.251+0000",
        "createdByUserId": "99999999-9999-1999-8999-999999999901",
        "updatedDate": "2020-03-06T20:24:55.251+0000",
        "updatedByUserId": "99999999-9999-1999-8999-999999999901"
      }
    },
    {
      "id": "ccf38c47-2614-43fa-9da5-82aeb32b6e11",
      "module": "NCIP",
      "configName": "Relais",
      "code": "instance.source",
      "enabled": true,
      "value": "PALCI",
      "metadata": {
        "createdDate": "2020-03-06T20:24:55.279+0000",
        "createdByUserId": "99999999-9999-1999-8999-999999999901",
        "updatedDate": "2020-03-06T20:24:55.279+0000",
        "updatedByUserId": "99999999-9999-1999-8999-999999999901"
      }
    },
    {
      "id": "c41a901e-ce08-4125-acc5-a5ed234f2c5c",
      "module": "NCIP",
      "configName": "Relais",
      "code": "item.material.type.name",
      "enabled": true,
      "value": "PALCI",
      "metadata": {
        "createdDate": "2020-03-06T20:24:55.304+0000",
        "createdByUserId": "99999999-9999-1999-8999-999999999901",
        "updatedDate": "2020-03-06T20:24:55.304+0000",
        "updatedByUserId": "99999999-9999-1999-8999-999999999901"
      }
    },
    {
      "id": "14b4f295-e9d0-4578-aeed-e1df25ce1022",
      "module": "NCIP",
      "configName": "Relais",
      "code": "item.perm.loan.type.name",
      "enabled": true,
      "value": "PALCI",
      "metadata": {
        "createdDate": "2020-03-06T20:24:55.329+0000",
        "createdByUserId": "99999999-9999-1999-8999-999999999901",
        "updatedDate": "2020-03-06T20:24:55.329+0000",
        "updatedByUserId": "99999999-9999-1999-8999-999999999901"
      }
    },
    {
      "id": "17d6ae7f-db78-41d0-827b-37f4e8113696",
      "module": "NCIP",
      "configName": "Relais",
      "code": "item.status.name",
      "enabled": true,
      "value": "Available",
      "metadata": {
        "createdDate": "2020-03-06T20:24:55.353+0000",
        "createdByUserId": "99999999-9999-1999-8999-999999999901",
        "updatedDate": "2020-03-06T20:24:55.353+0000",
        "updatedByUserId": "99999999-9999-1999-8999-999999999901"
      }
    },
    {
      "id": "ab333eac-823a-45bc-b5d8-71b694b1bb62",
      "module": "NCIP",
      "configName": "Relais",
      "code": "item.perm.location.code",
      "enabled": true,
      "value": "PALCI_LEHIGH",
      "metadata": {
        "createdDate": "2020-03-06T20:24:55.380+0000",
        "createdByUserId": "99999999-9999-1999-8999-999999999901",
        "updatedDate": "2020-03-06T20:24:55.380+0000",
        "updatedByUserId": "99999999-9999-1999-8999-999999999901"
      }
    },
    {
      "id": "f5bb149a-8ace-49ce-a2f9-8d3461e58faf",
      "module": "NCIP",
      "configName": "Relais",
      "code": "holdings.perm.location.code",
      "enabled": true,
      "value": "PALCI_LEHIGH",
      "metadata": {
        "createdDate": "2020-03-06T20:24:55.401+0000",
        "createdByUserId": "99999999-9999-1999-8999-999999999901",
        "updatedDate": "2020-03-06T20:24:55.401+0000",
        "updatedByUserId": "99999999-9999-1999-8999-999999999901"
      }
    },
    {
      "id": "ca6f52e1-5b7d-4a63-82f3-3d9b4b965766",
      "module": "NCIP",
      "configName": "Relais",
      "code": "instance.custom.identifier.name",
      "enabled": true,
      "value": "PALCI Request ID",
      "metadata": {
        "createdDate": "2020-03-06T20:24:55.426+0000",
        "createdByUserId": "99999999-9999-1999-8999-999999999901",
        "updatedDate": "2020-03-06T20:24:55.426+0000",
        "updatedByUserId": "99999999-9999-1999-8999-999999999901"
      }
    },
    {
      "id": "f6435c0a-d640-4c3e-b5ea-0b6f857c74f0",
      "module": "NCIP",
      "configName": "Relais",
      "code": "checkout.service.point.code",
      "enabled": true,
      "value": "FAIRCHILD",
      "metadata": {
        "createdDate": "2020-03-06T20:24:55.456+0000",
        "createdByUserId": "99999999-9999-1999-8999-999999999901",
        "updatedDate": "2020-03-06T20:24:55.456+0000",
        "updatedByUserId": "99999999-9999-1999-8999-999999999901"
      }
    },
    {
      "id": "a07bc5a3-7e26-485d-a09a-e72ea4dbdbe3",
      "module": "NCIP",
      "configName": "Relais",
      "code": "checkin.service.point.code",
      "enabled": true,
      "value": "FAIRCHILD",
      "metadata": {
        "createdDate": "2020-03-06T20:24:55.479+0000",
        "createdByUserId": "99999999-9999-1999-8999-999999999901",
        "updatedDate": "2020-03-06T20:24:55.479+0000",
        "updatedByUserId": "99999999-9999-1999-8999-999999999901"
      }
    }
  ],
  "totalRecords": 12,
  "resultInfo": {
    "totalRecords": 12,
    "facets": [],
    "diagnostics": []
  }
}

09:31:15 [] [lu] [] [mod-ncip] INFO  FolioNcipHelper      instance.source
09:31:15 [] [lu] [] [mod-ncip] INFO  FolioNcipHelper      Using timeout: 30000
09:31:15 [] [lu] [] [mod-ncip] INFO  FolioNcipHelper      GET:
09:31:15 [] [lu] [] [mod-ncip] INFO  FolioNcipHelper      http://localhost:54452/configurations/entries?query=code%3D%3D%22instance.source%22&limit=200
09:31:15 [] [lu] [] [mod-ncip] INFO  FolioNcipHelper      200
09:31:15 [] [lu] [] [mod-ncip] INFO  FolioNcipHelper      {
  "configs": [
    {
      "id": "ecb9cf87-adcb-4be7-9253-e8caf8828ee6",
      "module": "NCIP",
      "configName": "Relais",
      "code": "instance.type.name",
      "enabled": true,
      "value": "PALCI",
      "metadata": {
        "createdDate": "2020-03-06T20:24:55.251+0000",
        "createdByUserId": "99999999-9999-1999-8999-999999999901",
        "updatedDate": "2020-03-06T20:24:55.251+0000",
        "updatedByUserId": "99999999-9999-1999-8999-999999999901"
      }
    },
    {
      "id": "ccf38c47-2614-43fa-9da5-82aeb32b6e11",
      "module": "NCIP",
      "configName": "Relais",
      "code": "instance.source",
      "enabled": true,
      "value": "PALCI",
      "metadata": {
        "createdDate": "2020-03-06T20:24:55.279+0000",
        "createdByUserId": "99999999-9999-1999-8999-999999999901",
        "updatedDate": "2020-03-06T20:24:55.279+0000",
        "updatedByUserId": "99999999-9999-1999-8999-999999999901"
      }
    },
    {
      "id": "c41a901e-ce08-4125-acc5-a5ed234f2c5c",
      "module": "NCIP",
      "configName": "Relais",
      "code": "item.material.type.name",
      "enabled": true,
      "value": "PALCI",
      "metadata": {
        "createdDate": "2020-03-06T20:24:55.304+0000",
        "createdByUserId": "99999999-9999-1999-8999-999999999901",
        "updatedDate": "2020-03-06T20:24:55.304+0000",
        "updatedByUserId": "99999999-9999-1999-8999-999999999901"
      }
    },
    {
      "id": "14b4f295-e9d0-4578-aeed-e1df25ce1022",
      "module": "NCIP",
      "configName": "Relais",
      "code": "item.perm.loan.type.name",
      "enabled": true,
      "value": "PALCI",
      "metadata": {
        "createdDate": "2020-03-06T20:24:55.329+0000",
        "createdByUserId": "99999999-9999-1999-8999-999999999901",
        "updatedDate": "2020-03-06T20:24:55.329+0000",
        "updatedByUserId": "99999999-9999-1999-8999-999999999901"
      }
    },
    {
      "id": "17d6ae7f-db78-41d0-827b-37f4e8113696",
      "module": "NCIP",
      "configName": "Relais",
      "code": "item.status.name",
      "enabled": true,
      "value": "Available",
      "metadata": {
        "createdDate": "2020-03-06T20:24:55.353+0000",
        "createdByUserId": "99999999-9999-1999-8999-999999999901",
        "updatedDate": "2020-03-06T20:24:55.353+0000",
        "updatedByUserId": "99999999-9999-1999-8999-999999999901"
      }
    },
    {
      "id": "ab333eac-823a-45bc-b5d8-71b694b1bb62",
      "module": "NCIP",
      "configName": "Relais",
      "code": "item.perm.location.code",
      "enabled": true,
      "value": "PALCI_LEHIGH",
      "metadata": {
        "createdDate": "2020-03-06T20:24:55.380+0000",
        "createdByUserId": "99999999-9999-1999-8999-999999999901",
        "updatedDate": "2020-03-06T20:24:55.380+0000",
        "updatedByUserId": "99999999-9999-1999-8999-999999999901"
      }
    },
    {
      "id": "f5bb149a-8ace-49ce-a2f9-8d3461e58faf",
      "module": "NCIP",
      "configName": "Relais",
      "code": "holdings.perm.location.code",
      "enabled": true,
      "value": "PALCI_LEHIGH",
      "metadata": {
        "createdDate": "2020-03-06T20:24:55.401+0000",
        "createdByUserId": "99999999-9999-1999-8999-999999999901",
        "updatedDate": "2020-03-06T20:24:55.401+0000",
        "updatedByUserId": "99999999-9999-1999-8999-999999999901"
      }
    },
    {
      "id": "ca6f52e1-5b7d-4a63-82f3-3d9b4b965766",
      "module": "NCIP",
      "configName": "Relais",
      "code": "instance.custom.identifier.name",
      "enabled": true,
      "value": "PALCI Request ID",
      "metadata": {
        "createdDate": "2020-03-06T20:24:55.426+0000",
        "createdByUserId": "99999999-9999-1999-8999-999999999901",
        "updatedDate": "2020-03-06T20:24:55.426+0000",
        "updatedByUserId": "99999999-9999-1999-8999-999999999901"
      }
    },
    {
      "id": "f6435c0a-d640-4c3e-b5ea-0b6f857c74f0",
      "module": "NCIP",
      "configName": "Relais",
      "code": "checkout.service.point.code",
      "enabled": true,
      "value": "FAIRCHILD",
      "metadata": {
        "createdDate": "2020-03-06T20:24:55.456+0000",
        "createdByUserId": "99999999-9999-1999-8999-999999999901",
        "updatedDate": "2020-03-06T20:24:55.456+0000",
        "updatedByUserId": "99999999-9999-1999-8999-999999999901"
      }
    },
    {
      "id": "a07bc5a3-7e26-485d-a09a-e72ea4dbdbe3",
      "module": "NCIP",
      "configName": "Relais",
      "code": "checkin.service.point.code",
      "enabled": true,
      "value": "FAIRCHILD",
      "metadata": {
        "createdDate": "2020-03-06T20:24:55.479+0000",
        "createdByUserId": "99999999-9999-1999-8999-999999999901",
        "updatedDate": "2020-03-06T20:24:55.479+0000",
        "updatedByUserId": "99999999-9999-1999-8999-999999999901"
      }
    }
  ],
  "totalRecords": 12,
  "resultInfo": {
    "totalRecords": 12,
    "facets": [],
    "diagnostics": []
  }
}

09:31:15 [] [lu] [] [mod-ncip] INFO  FolioNcipHelper      holdings.source.name=FOLIO
09:31:15 [] [lu] [] [mod-ncip] INFO  FolioNcipHelper      Using timeout: 30000
09:31:15 [] [lu] [] [mod-ncip] INFO  FolioNcipHelper      GET:
09:31:15 [] [lu] [] [mod-ncip] INFO  FolioNcipHelper      http://localhost:54452/configurations/entries?query=code%3D%3D%22holdings.source.name%22&limit=200
09:31:15 [] [lu] [] [mod-ncip] INFO  FolioNcipHelper      200
09:31:15 [] [lu] [] [mod-ncip] INFO  FolioNcipHelper      {
  "configs": [
    {
      "id": "ecb9cf87-adcb-4be7-9253-e8caf8828ee6",
      "module": "NCIP",
      "configName": "Relais",
      "code": "instance.type.name",
      "enabled": true,
      "value": "PALCI",
      "metadata": {
        "createdDate": "2020-03-06T20:24:55.251+0000",
        "createdByUserId": "99999999-9999-1999-8999-999999999901",
        "updatedDate": "2020-03-06T20:24:55.251+0000",
        "updatedByUserId": "99999999-9999-1999-8999-999999999901"
      }
    },
    {
      "id": "ccf38c47-2614-43fa-9da5-82aeb32b6e11",
      "module": "NCIP",
      "configName": "Relais",
      "code": "instance.source",
      "enabled": true,
      "value": "PALCI",
      "metadata": {
        "createdDate": "2020-03-06T20:24:55.279+0000",
        "createdByUserId": "99999999-9999-1999-8999-999999999901",
        "updatedDate": "2020-03-06T20:24:55.279+0000",
        "updatedByUserId": "99999999-9999-1999-8999-999999999901"
      }
    },
    {
      "id": "c41a901e-ce08-4125-acc5-a5ed234f2c5c",
      "module": "NCIP",
      "configName": "Relais",
      "code": "item.material.type.name",
      "enabled": true,
      "value": "PALCI",
      "metadata": {
        "createdDate": "2020-03-06T20:24:55.304+0000",
        "createdByUserId": "99999999-9999-1999-8999-999999999901",
        "updatedDate": "2020-03-06T20:24:55.304+0000",
        "updatedByUserId": "99999999-9999-1999-8999-999999999901"
      }
    },
    {
      "id": "14b4f295-e9d0-4578-aeed-e1df25ce1022",
      "module": "NCIP",
      "configName": "Relais",
      "code": "item.perm.loan.type.name",
      "enabled": true,
      "value": "PALCI",
      "metadata": {
        "createdDate": "2020-03-06T20:24:55.329+0000",
        "createdByUserId": "99999999-9999-1999-8999-999999999901",
        "updatedDate": "2020-03-06T20:24:55.329+0000",
        "updatedByUserId": "99999999-9999-1999-8999-999999999901"
      }
    },
    {
      "id": "17d6ae7f-db78-41d0-827b-37f4e8113696",
      "module": "NCIP",
      "configName": "Relais",
      "code": "item.status.name",
      "enabled": true,
      "value": "Available",
      "metadata": {
        "createdDate": "2020-03-06T20:24:55.353+0000",
        "createdByUserId": "99999999-9999-1999-8999-999999999901",
        "updatedDate": "2020-03-06T20:24:55.353+0000",
        "updatedByUserId": "99999999-9999-1999-8999-999999999901"
      }
    },
    {
      "id": "ab333eac-823a-45bc-b5d8-71b694b1bb62",
      "module": "NCIP",
      "configName": "Relais",
      "code": "item.perm.location.code",
      "enabled": true,
      "value": "PALCI_LEHIGH",
      "metadata": {
        "createdDate": "2020-03-06T20:24:55.380+0000",
        "createdByUserId": "99999999-9999-1999-8999-999999999901",
        "updatedDate": "2020-03-06T20:24:55.380+0000",
        "updatedByUserId": "99999999-9999-1999-8999-999999999901"
      }
    },
    {
      "id": "f5bb149a-8ace-49ce-a2f9-8d3461e58faf",
      "module": "NCIP",
      "configName": "Relais",
      "code": "holdings.perm.location.code",
      "enabled": true,
      "value": "PALCI_LEHIGH",
      "metadata": {
        "createdDate": "2020-03-06T20:24:55.401+0000",
        "createdByUserId": "99999999-9999-1999-8999-999999999901",
        "updatedDate": "2020-03-06T20:24:55.401+0000",
        "updatedByUserId": "99999999-9999-1999-8999-999999999901"
      }
    },
    {
      "id": "ca6f52e1-5b7d-4a63-82f3-3d9b4b965766",
      "module": "NCIP",
      "configName": "Relais",
      "code": "instance.custom.identifier.name",
      "enabled": true,
      "value": "PALCI Request ID",
      "metadata": {
        "createdDate": "2020-03-06T20:24:55.426+0000",
        "createdByUserId": "99999999-9999-1999-8999-999999999901",
        "updatedDate": "2020-03-06T20:24:55.426+0000",
        "updatedByUserId": "99999999-9999-1999-8999-999999999901"
      }
    },
    {
      "id": "f6435c0a-d640-4c3e-b5ea-0b6f857c74f0",
      "module": "NCIP",
      "configName": "Relais",
      "code": "checkout.service.point.code",
      "enabled": true,
      "value": "FAIRCHILD",
      "metadata": {
        "createdDate": "2020-03-06T20:24:55.456+0000",
        "createdByUserId": "99999999-9999-1999-8999-999999999901",
        "updatedDate": "2020-03-06T20:24:55.456+0000",
        "updatedByUserId": "99999999-9999-1999-8999-999999999901"
      }
    },
    {
      "id": "a07bc5a3-7e26-485d-a09a-e72ea4dbdbe3",
      "module": "NCIP",
      "configName": "Relais",
      "code": "checkin.service.point.code",
      "enabled": true,
      "value": "FAIRCHILD",
      "metadata": {
        "createdDate": "2020-03-06T20:24:55.479+0000",
        "createdByUserId": "99999999-9999-1999-8999-999999999901",
        "updatedDate": "2020-03-06T20:24:55.479+0000",
        "updatedByUserId": "99999999-9999-1999-8999-999999999901"
      }
    }
  ],
  "totalRecords": 12,
  "resultInfo": {
    "totalRecords": 12,
    "facets": [],
    "diagnostics": []
  }
}

09:31:15 [] [lu] [] [mod-ncip] INFO  FolioNcipHelper      item.material.type.name
09:31:15 [] [lu] [] [mod-ncip] INFO  FolioNcipHelper      Using timeout: 30000
09:31:15 [] [lu] [] [mod-ncip] INFO  FolioNcipHelper      GET:
09:31:15 [] [lu] [] [mod-ncip] INFO  FolioNcipHelper      http://localhost:54452/configurations/entries?query=code%3D%3D%22item.material.type.name%22&limit=200
09:31:15 [] [lu] [] [mod-ncip] INFO  FolioNcipHelper      200
09:31:15 [] [lu] [] [mod-ncip] INFO  FolioNcipHelper      {
  "configs": [
    {
      "id": "ecb9cf87-adcb-4be7-9253-e8caf8828ee6",
      "module": "NCIP",
      "configName": "Relais",
      "code": "instance.type.name",
      "enabled": true,
      "value": "PALCI",
      "metadata": {
        "createdDate": "2020-03-06T20:24:55.251+0000",
        "createdByUserId": "99999999-9999-1999-8999-999999999901",
        "updatedDate": "2020-03-06T20:24:55.251+0000",
        "updatedByUserId": "99999999-9999-1999-8999-999999999901"
      }
    },
    {
      "id": "ccf38c47-2614-43fa-9da5-82aeb32b6e11",
      "module": "NCIP",
      "configName": "Relais",
      "code": "instance.source",
      "enabled": true,
      "value": "PALCI",
      "metadata": {
        "createdDate": "2020-03-06T20:24:55.279+0000",
        "createdByUserId": "99999999-9999-1999-8999-999999999901",
        "updatedDate": "2020-03-06T20:24:55.279+0000",
        "updatedByUserId": "99999999-9999-1999-8999-999999999901"
      }
    },
    {
      "id": "c41a901e-ce08-4125-acc5-a5ed234f2c5c",
      "module": "NCIP",
      "configName": "Relais",
      "code": "item.material.type.name",
      "enabled": true,
      "value": "PALCI",
      "metadata": {
        "createdDate": "2020-03-06T20:24:55.304+0000",
        "createdByUserId": "99999999-9999-1999-8999-999999999901",
        "updatedDate": "2020-03-06T20:24:55.304+0000",
        "updatedByUserId": "99999999-9999-1999-8999-999999999901"
      }
    },
    {
      "id": "14b4f295-e9d0-4578-aeed-e1df25ce1022",
      "module": "NCIP",
      "configName": "Relais",
      "code": "item.perm.loan.type.name",
      "enabled": true,
      "value": "PALCI",
      "metadata": {
        "createdDate": "2020-03-06T20:24:55.329+0000",
        "createdByUserId": "99999999-9999-1999-8999-999999999901",
        "updatedDate": "2020-03-06T20:24:55.329+0000",
        "updatedByUserId": "99999999-9999-1999-8999-999999999901"
      }
    },
    {
      "id": "17d6ae7f-db78-41d0-827b-37f4e8113696",
      "module": "NCIP",
      "configName": "Relais",
      "code": "item.status.name",
      "enabled": true,
      "value": "Available",
      "metadata": {
        "createdDate": "2020-03-06T20:24:55.353+0000",
        "createdByUserId": "99999999-9999-1999-8999-999999999901",
        "updatedDate": "2020-03-06T20:24:55.353+0000",
        "updatedByUserId": "99999999-9999-1999-8999-999999999901"
      }
    },
    {
      "id": "ab333eac-823a-45bc-b5d8-71b694b1bb62",
      "module": "NCIP",
      "configName": "Relais",
      "code": "item.perm.location.code",
      "enabled": true,
      "value": "PALCI_LEHIGH",
      "metadata": {
        "createdDate": "2020-03-06T20:24:55.380+0000",
        "createdByUserId": "99999999-9999-1999-8999-999999999901",
        "updatedDate": "2020-03-06T20:24:55.380+0000",
        "updatedByUserId": "99999999-9999-1999-8999-999999999901"
      }
    },
    {
      "id": "f5bb149a-8ace-49ce-a2f9-8d3461e58faf",
      "module": "NCIP",
      "configName": "Relais",
      "code": "holdings.perm.location.code",
      "enabled": true,
      "value": "PALCI_LEHIGH",
      "metadata": {
        "createdDate": "2020-03-06T20:24:55.401+0000",
        "createdByUserId": "99999999-9999-1999-8999-999999999901",
        "updatedDate": "2020-03-06T20:24:55.401+0000",
        "updatedByUserId": "99999999-9999-1999-8999-999999999901"
      }
    },
    {
      "id": "ca6f52e1-5b7d-4a63-82f3-3d9b4b965766",
      "module": "NCIP",
      "configName": "Relais",
      "code": "instance.custom.identifier.name",
      "enabled": true,
      "value": "PALCI Request ID",
      "metadata": {
        "createdDate": "2020-03-06T20:24:55.426+0000",
        "createdByUserId": "99999999-9999-1999-8999-999999999901",
        "updatedDate": "2020-03-06T20:24:55.426+0000",
        "updatedByUserId": "99999999-9999-1999-8999-999999999901"
      }
    },
    {
      "id": "f6435c0a-d640-4c3e-b5ea-0b6f857c74f0",
      "module": "NCIP",
      "configName": "Relais",
      "code": "checkout.service.point.code",
      "enabled": true,
      "value": "FAIRCHILD",
      "metadata": {
        "createdDate": "2020-03-06T20:24:55.456+0000",
        "createdByUserId": "99999999-9999-1999-8999-999999999901",
        "updatedDate": "2020-03-06T20:24:55.456+0000",
        "updatedByUserId": "99999999-9999-1999-8999-999999999901"
      }
    },
    {
      "id": "a07bc5a3-7e26-485d-a09a-e72ea4dbdbe3",
      "module": "NCIP",
      "configName": "Relais",
      "code": "checkin.service.point.code",
      "enabled": true,
      "value": "FAIRCHILD",
      "metadata": {
        "createdDate": "2020-03-06T20:24:55.479+0000",
        "createdByUserId": "99999999-9999-1999-8999-999999999901",
        "updatedDate": "2020-03-06T20:24:55.479+0000",
        "updatedByUserId": "99999999-9999-1999-8999-999999999901"
      }
    }
  ],
  "totalRecords": 12,
  "resultInfo": {
    "totalRecords": 12,
    "facets": [],
    "diagnostics": []
  }
}

09:31:15 [] [lu] [] [mod-ncip] INFO  FolioNcipHelper      item.perm.loan.type.name
09:31:15 [] [lu] [] [mod-ncip] INFO  FolioNcipHelper      Using timeout: 30000
09:31:15 [] [lu] [] [mod-ncip] INFO  FolioNcipHelper      GET:
09:31:15 [] [lu] [] [mod-ncip] INFO  FolioNcipHelper      http://localhost:54452/configurations/entries?query=code%3D%3D%22item.perm.loan.type.name%22&limit=200
09:31:15 [] [lu] [] [mod-ncip] INFO  FolioNcipHelper      200
09:31:15 [] [lu] [] [mod-ncip] INFO  FolioNcipHelper      {
  "configs": [
    {
      "id": "ecb9cf87-adcb-4be7-9253-e8caf8828ee6",
      "module": "NCIP",
      "configName": "Relais",
      "code": "instance.type.name",
      "enabled": true,
      "value": "PALCI",
      "metadata": {
        "createdDate": "2020-03-06T20:24:55.251+0000",
        "createdByUserId": "99999999-9999-1999-8999-999999999901",
        "updatedDate": "2020-03-06T20:24:55.251+0000",
        "updatedByUserId": "99999999-9999-1999-8999-999999999901"
      }
    },
    {
      "id": "ccf38c47-2614-43fa-9da5-82aeb32b6e11",
      "module": "NCIP",
      "configName": "Relais",
      "code": "instance.source",
      "enabled": true,
      "value": "PALCI",
      "metadata": {
        "createdDate": "2020-03-06T20:24:55.279+0000",
        "createdByUserId": "99999999-9999-1999-8999-999999999901",
        "updatedDate": "2020-03-06T20:24:55.279+0000",
        "updatedByUserId": "99999999-9999-1999-8999-999999999901"
      }
    },
    {
      "id": "c41a901e-ce08-4125-acc5-a5ed234f2c5c",
      "module": "NCIP",
      "configName": "Relais",
      "code": "item.material.type.name",
      "enabled": true,
      "value": "PALCI",
      "metadata": {
        "createdDate": "2020-03-06T20:24:55.304+0000",
        "createdByUserId": "99999999-9999-1999-8999-999999999901",
        "updatedDate": "2020-03-06T20:24:55.304+0000",
        "updatedByUserId": "99999999-9999-1999-8999-999999999901"
      }
    },
    {
      "id": "14b4f295-e9d0-4578-aeed-e1df25ce1022",
      "module": "NCIP",
      "configName": "Relais",
      "code": "item.perm.loan.type.name",
      "enabled": true,
      "value": "PALCI",
      "metadata": {
        "createdDate": "2020-03-06T20:24:55.329+0000",
        "createdByUserId": "99999999-9999-1999-8999-999999999901",
        "updatedDate": "2020-03-06T20:24:55.329+0000",
        "updatedByUserId": "99999999-9999-1999-8999-999999999901"
      }
    },
    {
      "id": "17d6ae7f-db78-41d0-827b-37f4e8113696",
      "module": "NCIP",
      "configName": "Relais",
      "code": "item.status.name",
      "enabled": true,
      "value": "Available",
      "metadata": {
        "createdDate": "2020-03-06T20:24:55.353+0000",
        "createdByUserId": "99999999-9999-1999-8999-999999999901",
        "updatedDate": "2020-03-06T20:24:55.353+0000",
        "updatedByUserId": "99999999-9999-1999-8999-999999999901"
      }
    },
    {
      "id": "ab333eac-823a-45bc-b5d8-71b694b1bb62",
      "module": "NCIP",
      "configName": "Relais",
      "code": "item.perm.location.code",
      "enabled": true,
      "value": "PALCI_LEHIGH",
      "metadata": {
        "createdDate": "2020-03-06T20:24:55.380+0000",
        "createdByUserId": "99999999-9999-1999-8999-999999999901",
        "updatedDate": "2020-03-06T20:24:55.380+0000",
        "updatedByUserId": "99999999-9999-1999-8999-999999999901"
      }
    },
    {
      "id": "f5bb149a-8ace-49ce-a2f9-8d3461e58faf",
      "module": "NCIP",
      "configName": "Relais",
      "code": "holdings.perm.location.code",
      "enabled": true,
      "value": "PALCI_LEHIGH",
      "metadata": {
        "createdDate": "2020-03-06T20:24:55.401+0000",
        "createdByUserId": "99999999-9999-1999-8999-999999999901",
        "updatedDate": "2020-03-06T20:24:55.401+0000",
        "updatedByUserId": "99999999-9999-1999-8999-999999999901"
      }
    },
    {
      "id": "ca6f52e1-5b7d-4a63-82f3-3d9b4b965766",
      "module": "NCIP",
      "configName": "Relais",
      "code": "instance.custom.identifier.name",
      "enabled": true,
      "value": "PALCI Request ID",
      "metadata": {
        "createdDate": "2020-03-06T20:24:55.426+0000",
        "createdByUserId": "99999999-9999-1999-8999-999999999901",
        "updatedDate": "2020-03-06T20:24:55.426+0000",
        "updatedByUserId": "99999999-9999-1999-8999-999999999901"
      }
    },
    {
      "id": "f6435c0a-d640-4c3e-b5ea-0b6f857c74f0",
      "module": "NCIP",
      "configName": "Relais",
      "code": "checkout.service.point.code",
      "enabled": true,
      "value": "FAIRCHILD",
      "metadata": {
        "createdDate": "2020-03-06T20:24:55.456+0000",
        "createdByUserId": "99999999-9999-1999-8999-999999999901",
        "updatedDate": "2020-03-06T20:24:55.456+0000",
        "updatedByUserId": "99999999-9999-1999-8999-999999999901"
      }
    },
    {
      "id": "a07bc5a3-7e26-485d-a09a-e72ea4dbdbe3",
      "module": "NCIP",
      "configName": "Relais",
      "code": "checkin.service.point.code",
      "enabled": true,
      "value": "FAIRCHILD",
      "metadata": {
        "createdDate": "2020-03-06T20:24:55.479+0000",
        "createdByUserId": "99999999-9999-1999-8999-999999999901",
        "updatedDate": "2020-03-06T20:24:55.479+0000",
        "updatedByUserId": "99999999-9999-1999-8999-999999999901"
      }
    }
  ],
  "totalRecords": 12,
  "resultInfo": {
    "totalRecords": 12,
    "facets": [],
    "diagnostics": []
  }
}

09:31:15 [] [lu] [] [mod-ncip] INFO  FolioNcipHelper      item.status.name
09:31:15 [] [lu] [] [mod-ncip] INFO  FolioNcipHelper      Using timeout: 30000
09:31:15 [] [lu] [] [mod-ncip] INFO  FolioNcipHelper      GET:
09:31:15 [] [lu] [] [mod-ncip] INFO  FolioNcipHelper      http://localhost:54452/configurations/entries?query=code%3D%3D%22item.status.name%22&limit=200
09:31:15 [] [lu] [] [mod-ncip] INFO  FolioNcipHelper      200
09:31:15 [] [lu] [] [mod-ncip] INFO  FolioNcipHelper      {
  "configs": [
    {
      "id": "ecb9cf87-adcb-4be7-9253-e8caf8828ee6",
      "module": "NCIP",
      "configName": "Relais",
      "code": "instance.type.name",
      "enabled": true,
      "value": "PALCI",
      "metadata": {
        "createdDate": "2020-03-06T20:24:55.251+0000",
        "createdByUserId": "99999999-9999-1999-8999-999999999901",
        "updatedDate": "2020-03-06T20:24:55.251+0000",
        "updatedByUserId": "99999999-9999-1999-8999-999999999901"
      }
    },
    {
      "id": "ccf38c47-2614-43fa-9da5-82aeb32b6e11",
      "module": "NCIP",
      "configName": "Relais",
      "code": "instance.source",
      "enabled": true,
      "value": "PALCI",
      "metadata": {
        "createdDate": "2020-03-06T20:24:55.279+0000",
        "createdByUserId": "99999999-9999-1999-8999-999999999901",
        "updatedDate": "2020-03-06T20:24:55.279+0000",
        "updatedByUserId": "99999999-9999-1999-8999-999999999901"
      }
    },
    {
      "id": "c41a901e-ce08-4125-acc5-a5ed234f2c5c",
      "module": "NCIP",
      "configName": "Relais",
      "code": "item.material.type.name",
      "enabled": true,
      "value": "PALCI",
      "metadata": {
        "createdDate": "2020-03-06T20:24:55.304+0000",
        "createdByUserId": "99999999-9999-1999-8999-999999999901",
        "updatedDate": "2020-03-06T20:24:55.304+0000",
        "updatedByUserId": "99999999-9999-1999-8999-999999999901"
      }
    },
    {
      "id": "14b4f295-e9d0-4578-aeed-e1df25ce1022",
      "module": "NCIP",
      "configName": "Relais",
      "code": "item.perm.loan.type.name",
      "enabled": true,
      "value": "PALCI",
      "metadata": {
        "createdDate": "2020-03-06T20:24:55.329+0000",
        "createdByUserId": "99999999-9999-1999-8999-999999999901",
        "updatedDate": "2020-03-06T20:24:55.329+0000",
        "updatedByUserId": "99999999-9999-1999-8999-999999999901"
      }
    },
    {
      "id": "17d6ae7f-db78-41d0-827b-37f4e8113696",
      "module": "NCIP",
      "configName": "Relais",
      "code": "item.status.name",
      "enabled": true,
      "value": "Available",
      "metadata": {
        "createdDate": "2020-03-06T20:24:55.353+0000",
        "createdByUserId": "99999999-9999-1999-8999-999999999901",
        "updatedDate": "2020-03-06T20:24:55.353+0000",
        "updatedByUserId": "99999999-9999-1999-8999-999999999901"
      }
    },
    {
      "id": "ab333eac-823a-45bc-b5d8-71b694b1bb62",
      "module": "NCIP",
      "configName": "Relais",
      "code": "item.perm.location.code",
      "enabled": true,
      "value": "PALCI_LEHIGH",
      "metadata": {
        "createdDate": "2020-03-06T20:24:55.380+0000",
        "createdByUserId": "99999999-9999-1999-8999-999999999901",
        "updatedDate": "2020-03-06T20:24:55.380+0000",
        "updatedByUserId": "99999999-9999-1999-8999-999999999901"
      }
    },
    {
      "id": "f5bb149a-8ace-49ce-a2f9-8d3461e58faf",
      "module": "NCIP",
      "configName": "Relais",
      "code": "holdings.perm.location.code",
      "enabled": true,
      "value": "PALCI_LEHIGH",
      "metadata": {
        "createdDate": "2020-03-06T20:24:55.401+0000",
        "createdByUserId": "99999999-9999-1999-8999-999999999901",
        "updatedDate": "2020-03-06T20:24:55.401+0000",
        "updatedByUserId": "99999999-9999-1999-8999-999999999901"
      }
    },
    {
      "id": "ca6f52e1-5b7d-4a63-82f3-3d9b4b965766",
      "module": "NCIP",
      "configName": "Relais",
      "code": "instance.custom.identifier.name",
      "enabled": true,
      "value": "PALCI Request ID",
      "metadata": {
        "createdDate": "2020-03-06T20:24:55.426+0000",
        "createdByUserId": "99999999-9999-1999-8999-999999999901",
        "updatedDate": "2020-03-06T20:24:55.426+0000",
        "updatedByUserId": "99999999-9999-1999-8999-999999999901"
      }
    },
    {
      "id": "f6435c0a-d640-4c3e-b5ea-0b6f857c74f0",
      "module": "NCIP",
      "configName": "Relais",
      "code": "checkout.service.point.code",
      "enabled": true,
      "value": "FAIRCHILD",
      "metadata": {
        "createdDate": "2020-03-06T20:24:55.456+0000",
        "createdByUserId": "99999999-9999-1999-8999-999999999901",
        "updatedDate": "2020-03-06T20:24:55.456+0000",
        "updatedByUserId": "99999999-9999-1999-8999-999999999901"
      }
    },
    {
      "id": "a07bc5a3-7e26-485d-a09a-e72ea4dbdbe3",
      "module": "NCIP",
      "configName": "Relais",
      "code": "checkin.service.point.code",
      "enabled": true,
      "value": "FAIRCHILD",
      "metadata": {
        "createdDate": "2020-03-06T20:24:55.479+0000",
        "createdByUserId": "99999999-9999-1999-8999-999999999901",
        "updatedDate": "2020-03-06T20:24:55.479+0000",
        "updatedByUserId": "99999999-9999-1999-8999-999999999901"
      }
    }
  ],
  "totalRecords": 12,
  "resultInfo": {
    "totalRecords": 12,
    "facets": [],
    "diagnostics": []
  }
}

09:31:15 [] [lu] [] [mod-ncip] INFO  FolioNcipHelper      item.perm.location.code
09:31:15 [] [lu] [] [mod-ncip] INFO  FolioNcipHelper      Using timeout: 30000
09:31:15 [] [lu] [] [mod-ncip] INFO  FolioNcipHelper      GET:
09:31:15 [] [lu] [] [mod-ncip] INFO  FolioNcipHelper      http://localhost:54452/configurations/entries?query=code%3D%3D%22item.perm.location.code%22&limit=200
09:31:15 [] [lu] [] [mod-ncip] INFO  FolioNcipHelper      200
09:31:15 [] [lu] [] [mod-ncip] INFO  FolioNcipHelper      {
  "configs": [
    {
      "id": "ecb9cf87-adcb-4be7-9253-e8caf8828ee6",
      "module": "NCIP",
      "configName": "Relais",
      "code": "instance.type.name",
      "enabled": true,
      "value": "PALCI",
      "metadata": {
        "createdDate": "2020-03-06T20:24:55.251+0000",
        "createdByUserId": "99999999-9999-1999-8999-999999999901",
        "updatedDate": "2020-03-06T20:24:55.251+0000",
        "updatedByUserId": "99999999-9999-1999-8999-999999999901"
      }
    },
    {
      "id": "ccf38c47-2614-43fa-9da5-82aeb32b6e11",
      "module": "NCIP",
      "configName": "Relais",
      "code": "instance.source",
      "enabled": true,
      "value": "PALCI",
      "metadata": {
        "createdDate": "2020-03-06T20:24:55.279+0000",
        "createdByUserId": "99999999-9999-1999-8999-999999999901",
        "updatedDate": "2020-03-06T20:24:55.279+0000",
        "updatedByUserId": "99999999-9999-1999-8999-999999999901"
      }
    },
    {
      "id": "c41a901e-ce08-4125-acc5-a5ed234f2c5c",
      "module": "NCIP",
      "configName": "Relais",
      "code": "item.material.type.name",
      "enabled": true,
      "value": "PALCI",
      "metadata": {
        "createdDate": "2020-03-06T20:24:55.304+0000",
        "createdByUserId": "99999999-9999-1999-8999-999999999901",
        "updatedDate": "2020-03-06T20:24:55.304+0000",
        "updatedByUserId": "99999999-9999-1999-8999-999999999901"
      }
    },
    {
      "id": "14b4f295-e9d0-4578-aeed-e1df25ce1022",
      "module": "NCIP",
      "configName": "Relais",
      "code": "item.perm.loan.type.name",
      "enabled": true,
      "value": "PALCI",
      "metadata": {
        "createdDate": "2020-03-06T20:24:55.329+0000",
        "createdByUserId": "99999999-9999-1999-8999-999999999901",
        "updatedDate": "2020-03-06T20:24:55.329+0000",
        "updatedByUserId": "99999999-9999-1999-8999-999999999901"
      }
    },
    {
      "id": "17d6ae7f-db78-41d0-827b-37f4e8113696",
      "module": "NCIP",
      "configName": "Relais",
      "code": "item.status.name",
      "enabled": true,
      "value": "Available",
      "metadata": {
        "createdDate": "2020-03-06T20:24:55.353+0000",
        "createdByUserId": "99999999-9999-1999-8999-999999999901",
        "updatedDate": "2020-03-06T20:24:55.353+0000",
        "updatedByUserId": "99999999-9999-1999-8999-999999999901"
      }
    },
    {
      "id": "ab333eac-823a-45bc-b5d8-71b694b1bb62",
      "module": "NCIP",
      "configName": "Relais",
      "code": "item.perm.location.code",
      "enabled": true,
      "value": "PALCI_LEHIGH",
      "metadata": {
        "createdDate": "2020-03-06T20:24:55.380+0000",
        "createdByUserId": "99999999-9999-1999-8999-999999999901",
        "updatedDate": "2020-03-06T20:24:55.380+0000",
        "updatedByUserId": "99999999-9999-1999-8999-999999999901"
      }
    },
    {
      "id": "f5bb149a-8ace-49ce-a2f9-8d3461e58faf",
      "module": "NCIP",
      "configName": "Relais",
      "code": "holdings.perm.location.code",
      "enabled": true,
      "value": "PALCI_LEHIGH",
      "metadata": {
        "createdDate": "2020-03-06T20:24:55.401+0000",
        "createdByUserId": "99999999-9999-1999-8999-999999999901",
        "updatedDate": "2020-03-06T20:24:55.401+0000",
        "updatedByUserId": "99999999-9999-1999-8999-999999999901"
      }
    },
    {
      "id": "ca6f52e1-5b7d-4a63-82f3-3d9b4b965766",
      "module": "NCIP",
      "configName": "Relais",
      "code": "instance.custom.identifier.name",
      "enabled": true,
      "value": "PALCI Request ID",
      "metadata": {
        "createdDate": "2020-03-06T20:24:55.426+0000",
        "createdByUserId": "99999999-9999-1999-8999-999999999901",
        "updatedDate": "2020-03-06T20:24:55.426+0000",
        "updatedByUserId": "99999999-9999-1999-8999-999999999901"
      }
    },
    {
      "id": "f6435c0a-d640-4c3e-b5ea-0b6f857c74f0",
      "module": "NCIP",
      "configName": "Relais",
      "code": "checkout.service.point.code",
      "enabled": true,
      "value": "FAIRCHILD",
      "metadata": {
        "createdDate": "2020-03-06T20:24:55.456+0000",
        "createdByUserId": "99999999-9999-1999-8999-999999999901",
        "updatedDate": "2020-03-06T20:24:55.456+0000",
        "updatedByUserId": "99999999-9999-1999-8999-999999999901"
      }
    },
    {
      "id": "a07bc5a3-7e26-485d-a09a-e72ea4dbdbe3",
      "module": "NCIP",
      "configName": "Relais",
      "code": "checkin.service.point.code",
      "enabled": true,
      "value": "FAIRCHILD",
      "metadata": {
        "createdDate": "2020-03-06T20:24:55.479+0000",
        "createdByUserId": "99999999-9999-1999-8999-999999999901",
        "updatedDate": "2020-03-06T20:24:55.479+0000",
        "updatedByUserId": "99999999-9999-1999-8999-999999999901"
      }
    }
  ],
  "totalRecords": 12,
  "resultInfo": {
    "totalRecords": 12,
    "facets": [],
    "diagnostics": []
  }
}

09:31:15 [] [lu] [] [mod-ncip] INFO  FolioNcipHelper      holdings.perm.location.code
09:31:15 [] [lu] [] [mod-ncip] INFO  FolioNcipHelper      Using timeout: 30000
09:31:15 [] [lu] [] [mod-ncip] INFO  FolioNcipHelper      GET:
09:31:15 [] [lu] [] [mod-ncip] INFO  FolioNcipHelper      http://localhost:54452/configurations/entries?query=code%3D%3D%22holdings.perm.location.code%22&limit=200
09:31:15 [] [lu] [] [mod-ncip] INFO  FolioNcipHelper      200
09:31:15 [] [lu] [] [mod-ncip] INFO  FolioNcipHelper      {
  "configs": [
    {
      "id": "ecb9cf87-adcb-4be7-9253-e8caf8828ee6",
      "module": "NCIP",
      "configName": "Relais",
      "code": "instance.type.name",
      "enabled": true,
      "value": "PALCI",
      "metadata": {
        "createdDate": "2020-03-06T20:24:55.251+0000",
        "createdByUserId": "99999999-9999-1999-8999-999999999901",
        "updatedDate": "2020-03-06T20:24:55.251+0000",
        "updatedByUserId": "99999999-9999-1999-8999-999999999901"
      }
    },
    {
      "id": "ccf38c47-2614-43fa-9da5-82aeb32b6e11",
      "module": "NCIP",
      "configName": "Relais",
      "code": "instance.source",
      "enabled": true,
      "value": "PALCI",
      "metadata": {
        "createdDate": "2020-03-06T20:24:55.279+0000",
        "createdByUserId": "99999999-9999-1999-8999-999999999901",
        "updatedDate": "2020-03-06T20:24:55.279+0000",
        "updatedByUserId": "99999999-9999-1999-8999-999999999901"
      }
    },
    {
      "id": "c41a901e-ce08-4125-acc5-a5ed234f2c5c",
      "module": "NCIP",
      "configName": "Relais",
      "code": "item.material.type.name",
      "enabled": true,
      "value": "PALCI",
      "metadata": {
        "createdDate": "2020-03-06T20:24:55.304+0000",
        "createdByUserId": "99999999-9999-1999-8999-999999999901",
        "updatedDate": "2020-03-06T20:24:55.304+0000",
        "updatedByUserId": "99999999-9999-1999-8999-999999999901"
      }
    },
    {
      "id": "14b4f295-e9d0-4578-aeed-e1df25ce1022",
      "module": "NCIP",
      "configName": "Relais",
      "code": "item.perm.loan.type.name",
      "enabled": true,
      "value": "PALCI",
      "metadata": {
        "createdDate": "2020-03-06T20:24:55.329+0000",
        "createdByUserId": "99999999-9999-1999-8999-999999999901",
        "updatedDate": "2020-03-06T20:24:55.329+0000",
        "updatedByUserId": "99999999-9999-1999-8999-999999999901"
      }
    },
    {
      "id": "17d6ae7f-db78-41d0-827b-37f4e8113696",
      "module": "NCIP",
      "configName": "Relais",
      "code": "item.status.name",
      "enabled": true,
      "value": "Available",
      "metadata": {
        "createdDate": "2020-03-06T20:24:55.353+0000",
        "createdByUserId": "99999999-9999-1999-8999-999999999901",
        "updatedDate": "2020-03-06T20:24:55.353+0000",
        "updatedByUserId": "99999999-9999-1999-8999-999999999901"
      }
    },
    {
      "id": "ab333eac-823a-45bc-b5d8-71b694b1bb62",
      "module": "NCIP",
      "configName": "Relais",
      "code": "item.perm.location.code",
      "enabled": true,
      "value": "PALCI_LEHIGH",
      "metadata": {
        "createdDate": "2020-03-06T20:24:55.380+0000",
        "createdByUserId": "99999999-9999-1999-8999-999999999901",
        "updatedDate": "2020-03-06T20:24:55.380+0000",
        "updatedByUserId": "99999999-9999-1999-8999-999999999901"
      }
    },
    {
      "id": "f5bb149a-8ace-49ce-a2f9-8d3461e58faf",
      "module": "NCIP",
      "configName": "Relais",
      "code": "holdings.perm.location.code",
      "enabled": true,
      "value": "PALCI_LEHIGH",
      "metadata": {
        "createdDate": "2020-03-06T20:24:55.401+0000",
        "createdByUserId": "99999999-9999-1999-8999-999999999901",
        "updatedDate": "2020-03-06T20:24:55.401+0000",
        "updatedByUserId": "99999999-9999-1999-8999-999999999901"
      }
    },
    {
      "id": "ca6f52e1-5b7d-4a63-82f3-3d9b4b965766",
      "module": "NCIP",
      "configName": "Relais",
      "code": "instance.custom.identifier.name",
      "enabled": true,
      "value": "PALCI Request ID",
      "metadata": {
        "createdDate": "2020-03-06T20:24:55.426+0000",
        "createdByUserId": "99999999-9999-1999-8999-999999999901",
        "updatedDate": "2020-03-06T20:24:55.426+0000",
        "updatedByUserId": "99999999-9999-1999-8999-999999999901"
      }
    },
    {
      "id": "f6435c0a-d640-4c3e-b5ea-0b6f857c74f0",
      "module": "NCIP",
      "configName": "Relais",
      "code": "checkout.service.point.code",
      "enabled": true,
      "value": "FAIRCHILD",
      "metadata": {
        "createdDate": "2020-03-06T20:24:55.456+0000",
        "createdByUserId": "99999999-9999-1999-8999-999999999901",
        "updatedDate": "2020-03-06T20:24:55.456+0000",
        "updatedByUserId": "99999999-9999-1999-8999-999999999901"
      }
    },
    {
      "id": "a07bc5a3-7e26-485d-a09a-e72ea4dbdbe3",
      "module": "NCIP",
      "configName": "Relais",
      "code": "checkin.service.point.code",
      "enabled": true,
      "value": "FAIRCHILD",
      "metadata": {
        "createdDate": "2020-03-06T20:24:55.479+0000",
        "createdByUserId": "99999999-9999-1999-8999-999999999901",
        "updatedDate": "2020-03-06T20:24:55.479+0000",
        "updatedByUserId": "99999999-9999-1999-8999-999999999901"
      }
    }
  ],
  "totalRecords": 12,
  "resultInfo": {
    "totalRecords": 12,
    "facets": [],
    "diagnostics": []
  }
}

09:31:15 [] [lu] [] [mod-ncip] INFO  FolioNcipHelper      instance.custom.identifier.name
09:31:15 [] [lu] [] [mod-ncip] INFO  FolioNcipHelper      Using timeout: 30000
09:31:15 [] [lu] [] [mod-ncip] INFO  FolioNcipHelper      GET:
09:31:15 [] [lu] [] [mod-ncip] INFO  FolioNcipHelper      http://localhost:54452/configurations/entries?query=code%3D%3D%22instance.custom.identifier.name%22&limit=200
09:31:15 [] [lu] [] [mod-ncip] INFO  FolioNcipHelper      200
09:31:15 [] [lu] [] [mod-ncip] INFO  FolioNcipHelper      {
  "configs": [
    {
      "id": "ecb9cf87-adcb-4be7-9253-e8caf8828ee6",
      "module": "NCIP",
      "configName": "Relais",
      "code": "instance.type.name",
      "enabled": true,
      "value": "PALCI",
      "metadata": {
        "createdDate": "2020-03-06T20:24:55.251+0000",
        "createdByUserId": "99999999-9999-1999-8999-999999999901",
        "updatedDate": "2020-03-06T20:24:55.251+0000",
        "updatedByUserId": "99999999-9999-1999-8999-999999999901"
      }
    },
    {
      "id": "ccf38c47-2614-43fa-9da5-82aeb32b6e11",
      "module": "NCIP",
      "configName": "Relais",
      "code": "instance.source",
      "enabled": true,
      "value": "PALCI",
      "metadata": {
        "createdDate": "2020-03-06T20:24:55.279+0000",
        "createdByUserId": "99999999-9999-1999-8999-999999999901",
        "updatedDate": "2020-03-06T20:24:55.279+0000",
        "updatedByUserId": "99999999-9999-1999-8999-999999999901"
      }
    },
    {
      "id": "c41a901e-ce08-4125-acc5-a5ed234f2c5c",
      "module": "NCIP",
      "configName": "Relais",
      "code": "item.material.type.name",
      "enabled": true,
      "value": "PALCI",
      "metadata": {
        "createdDate": "2020-03-06T20:24:55.304+0000",
        "createdByUserId": "99999999-9999-1999-8999-999999999901",
        "updatedDate": "2020-03-06T20:24:55.304+0000",
        "updatedByUserId": "99999999-9999-1999-8999-999999999901"
      }
    },
    {
      "id": "14b4f295-e9d0-4578-aeed-e1df25ce1022",
      "module": "NCIP",
      "configName": "Relais",
      "code": "item.perm.loan.type.name",
      "enabled": true,
      "value": "PALCI",
      "metadata": {
        "createdDate": "2020-03-06T20:24:55.329+0000",
        "createdByUserId": "99999999-9999-1999-8999-999999999901",
        "updatedDate": "2020-03-06T20:24:55.329+0000",
        "updatedByUserId": "99999999-9999-1999-8999-999999999901"
      }
    },
    {
      "id": "17d6ae7f-db78-41d0-827b-37f4e8113696",
      "module": "NCIP",
      "configName": "Relais",
      "code": "item.status.name",
      "enabled": true,
      "value": "Available",
      "metadata": {
        "createdDate": "2020-03-06T20:24:55.353+0000",
        "createdByUserId": "99999999-9999-1999-8999-999999999901",
        "updatedDate": "2020-03-06T20:24:55.353+0000",
        "updatedByUserId": "99999999-9999-1999-8999-999999999901"
      }
    },
    {
      "id": "ab333eac-823a-45bc-b5d8-71b694b1bb62",
      "module": "NCIP",
      "configName": "Relais",
      "code": "item.perm.location.code",
      "enabled": true,
      "value": "PALCI_LEHIGH",
      "metadata": {
        "createdDate": "2020-03-06T20:24:55.380+0000",
        "createdByUserId": "99999999-9999-1999-8999-999999999901",
        "updatedDate": "2020-03-06T20:24:55.380+0000",
        "updatedByUserId": "99999999-9999-1999-8999-999999999901"
      }
    },
    {
      "id": "f5bb149a-8ace-49ce-a2f9-8d3461e58faf",
      "module": "NCIP",
      "configName": "Relais",
      "code": "holdings.perm.location.code",
      "enabled": true,
      "value": "PALCI_LEHIGH",
      "metadata": {
        "createdDate": "2020-03-06T20:24:55.401+0000",
        "createdByUserId": "99999999-9999-1999-8999-999999999901",
        "updatedDate": "2020-03-06T20:24:55.401+0000",
        "updatedByUserId": "99999999-9999-1999-8999-999999999901"
      }
    },
    {
      "id": "ca6f52e1-5b7d-4a63-82f3-3d9b4b965766",
      "module": "NCIP",
      "configName": "Relais",
      "code": "instance.custom.identifier.name",
      "enabled": true,
      "value": "PALCI Request ID",
      "metadata": {
        "createdDate": "2020-03-06T20:24:55.426+0000",
        "createdByUserId": "99999999-9999-1999-8999-999999999901",
        "updatedDate": "2020-03-06T20:24:55.426+0000",
        "updatedByUserId": "99999999-9999-1999-8999-999999999901"
      }
    },
    {
      "id": "f6435c0a-d640-4c3e-b5ea-0b6f857c74f0",
      "module": "NCIP",
      "configName": "Relais",
      "code": "checkout.service.point.code",
      "enabled": true,
      "value": "FAIRCHILD",
      "metadata": {
        "createdDate": "2020-03-06T20:24:55.456+0000",
        "createdByUserId": "99999999-9999-1999-8999-999999999901",
        "updatedDate": "2020-03-06T20:24:55.456+0000",
        "updatedByUserId": "99999999-9999-1999-8999-999999999901"
      }
    },
    {
      "id": "a07bc5a3-7e26-485d-a09a-e72ea4dbdbe3",
      "module": "NCIP",
      "configName": "Relais",
      "code": "checkin.service.point.code",
      "enabled": true,
      "value": "FAIRCHILD",
      "metadata": {
        "createdDate": "2020-03-06T20:24:55.479+0000",
        "createdByUserId": "99999999-9999-1999-8999-999999999901",
        "updatedDate": "2020-03-06T20:24:55.479+0000",
        "updatedByUserId": "99999999-9999-1999-8999-999999999901"
      }
    }
  ],
  "totalRecords": 12,
  "resultInfo": {
    "totalRecords": 12,
    "facets": [],
    "diagnostics": []
  }
}

09:31:15 [] [lu] [] [mod-ncip] INFO  FolioNcipHelper      #check out
09:31:15 [] [lu] [] [mod-ncip] INFO  FolioNcipHelper      checkout.service.point.code
09:31:15 [] [lu] [] [mod-ncip] INFO  FolioNcipHelper      Using timeout: 30000
09:31:15 [] [lu] [] [mod-ncip] INFO  FolioNcipHelper      GET:
09:31:15 [] [lu] [] [mod-ncip] INFO  FolioNcipHelper      http://localhost:54452/configurations/entries?query=code%3D%3D%22checkout.service.point.code%22&limit=200
09:31:15 [] [lu] [] [mod-ncip] INFO  FolioNcipHelper      200
09:31:15 [] [lu] [] [mod-ncip] INFO  FolioNcipHelper      {
  "configs": [
    {
      "id": "ecb9cf87-adcb-4be7-9253-e8caf8828ee6",
      "module": "NCIP",
      "configName": "Relais",
      "code": "instance.type.name",
      "enabled": true,
      "value": "PALCI",
      "metadata": {
        "createdDate": "2020-03-06T20:24:55.251+0000",
        "createdByUserId": "99999999-9999-1999-8999-999999999901",
        "updatedDate": "2020-03-06T20:24:55.251+0000",
        "updatedByUserId": "99999999-9999-1999-8999-999999999901"
      }
    },
    {
      "id": "ccf38c47-2614-43fa-9da5-82aeb32b6e11",
      "module": "NCIP",
      "configName": "Relais",
      "code": "instance.source",
      "enabled": true,
      "value": "PALCI",
      "metadata": {
        "createdDate": "2020-03-06T20:24:55.279+0000",
        "createdByUserId": "99999999-9999-1999-8999-999999999901",
        "updatedDate": "2020-03-06T20:24:55.279+0000",
        "updatedByUserId": "99999999-9999-1999-8999-999999999901"
      }
    },
    {
      "id": "c41a901e-ce08-4125-acc5-a5ed234f2c5c",
      "module": "NCIP",
      "configName": "Relais",
      "code": "item.material.type.name",
      "enabled": true,
      "value": "PALCI",
      "metadata": {
        "createdDate": "2020-03-06T20:24:55.304+0000",
        "createdByUserId": "99999999-9999-1999-8999-999999999901",
        "updatedDate": "2020-03-06T20:24:55.304+0000",
        "updatedByUserId": "99999999-9999-1999-8999-999999999901"
      }
    },
    {
      "id": "14b4f295-e9d0-4578-aeed-e1df25ce1022",
      "module": "NCIP",
      "configName": "Relais",
      "code": "item.perm.loan.type.name",
      "enabled": true,
      "value": "PALCI",
      "metadata": {
        "createdDate": "2020-03-06T20:24:55.329+0000",
        "createdByUserId": "99999999-9999-1999-8999-999999999901",
        "updatedDate": "2020-03-06T20:24:55.329+0000",
        "updatedByUserId": "99999999-9999-1999-8999-999999999901"
      }
    },
    {
      "id": "17d6ae7f-db78-41d0-827b-37f4e8113696",
      "module": "NCIP",
      "configName": "Relais",
      "code": "item.status.name",
      "enabled": true,
      "value": "Available",
      "metadata": {
        "createdDate": "2020-03-06T20:24:55.353+0000",
        "createdByUserId": "99999999-9999-1999-8999-999999999901",
        "updatedDate": "2020-03-06T20:24:55.353+0000",
        "updatedByUserId": "99999999-9999-1999-8999-999999999901"
      }
    },
    {
      "id": "ab333eac-823a-45bc-b5d8-71b694b1bb62",
      "module": "NCIP",
      "configName": "Relais",
      "code": "item.perm.location.code",
      "enabled": true,
      "value": "PALCI_LEHIGH",
      "metadata": {
        "createdDate": "2020-03-06T20:24:55.380+0000",
        "createdByUserId": "99999999-9999-1999-8999-999999999901",
        "updatedDate": "2020-03-06T20:24:55.380+0000",
        "updatedByUserId": "99999999-9999-1999-8999-999999999901"
      }
    },
    {
      "id": "f5bb149a-8ace-49ce-a2f9-8d3461e58faf",
      "module": "NCIP",
      "configName": "Relais",
      "code": "holdings.perm.location.code",
      "enabled": true,
      "value": "PALCI_LEHIGH",
      "metadata": {
        "createdDate": "2020-03-06T20:24:55.401+0000",
        "createdByUserId": "99999999-9999-1999-8999-999999999901",
        "updatedDate": "2020-03-06T20:24:55.401+0000",
        "updatedByUserId": "99999999-9999-1999-8999-999999999901"
      }
    },
    {
      "id": "ca6f52e1-5b7d-4a63-82f3-3d9b4b965766",
      "module": "NCIP",
      "configName": "Relais",
      "code": "instance.custom.identifier.name",
      "enabled": true,
      "value": "PALCI Request ID",
      "metadata": {
        "createdDate": "2020-03-06T20:24:55.426+0000",
        "createdByUserId": "99999999-9999-1999-8999-999999999901",
        "updatedDate": "2020-03-06T20:24:55.426+0000",
        "updatedByUserId": "99999999-9999-1999-8999-999999999901"
      }
    },
    {
      "id": "f6435c0a-d640-4c3e-b5ea-0b6f857c74f0",
      "module": "NCIP",
      "configName": "Relais",
      "code": "checkout.service.point.code",
      "enabled": true,
      "value": "FAIRCHILD",
      "metadata": {
        "createdDate": "2020-03-06T20:24:55.456+0000",
        "createdByUserId": "99999999-9999-1999-8999-999999999901",
        "updatedDate": "2020-03-06T20:24:55.456+0000",
        "updatedByUserId": "99999999-9999-1999-8999-999999999901"
      }
    },
    {
      "id": "a07bc5a3-7e26-485d-a09a-e72ea4dbdbe3",
      "module": "NCIP",
      "configName": "Relais",
      "code": "checkin.service.point.code",
      "enabled": true,
      "value": "FAIRCHILD",
      "metadata": {
        "createdDate": "2020-03-06T20:24:55.479+0000",
        "createdByUserId": "99999999-9999-1999-8999-999999999901",
        "updatedDate": "2020-03-06T20:24:55.479+0000",
        "updatedByUserId": "99999999-9999-1999-8999-999999999901"
      }
    }
  ],
  "totalRecords": 12,
  "resultInfo": {
    "totalRecords": 12,
    "facets": [],
    "diagnostics": []
  }
}

09:31:15 [] [lu] [] [mod-ncip] INFO  FolioNcipHelper      #check in
09:31:15 [] [lu] [] [mod-ncip] INFO  FolioNcipHelper      checkin.service.point.code
09:31:15 [] [lu] [] [mod-ncip] INFO  FolioNcipHelper      Using timeout: 30000
09:31:15 [] [lu] [] [mod-ncip] INFO  FolioNcipHelper      GET:
09:31:15 [] [lu] [] [mod-ncip] INFO  FolioNcipHelper      http://localhost:54452/configurations/entries?query=code%3D%3D%22checkin.service.point.code%22&limit=200
09:31:15 [] [lu] [] [mod-ncip] INFO  FolioNcipHelper      200
09:31:15 [] [lu] [] [mod-ncip] INFO  FolioNcipHelper      {
  "configs": [
    {
      "id": "ecb9cf87-adcb-4be7-9253-e8caf8828ee6",
      "module": "NCIP",
      "configName": "Relais",
      "code": "instance.type.name",
      "enabled": true,
      "value": "PALCI",
      "metadata": {
        "createdDate": "2020-03-06T20:24:55.251+0000",
        "createdByUserId": "99999999-9999-1999-8999-999999999901",
        "updatedDate": "2020-03-06T20:24:55.251+0000",
        "updatedByUserId": "99999999-9999-1999-8999-999999999901"
      }
    },
    {
      "id": "ccf38c47-2614-43fa-9da5-82aeb32b6e11",
      "module": "NCIP",
      "configName": "Relais",
      "code": "instance.source",
      "enabled": true,
      "value": "PALCI",
      "metadata": {
        "createdDate": "2020-03-06T20:24:55.279+0000",
        "createdByUserId": "99999999-9999-1999-8999-999999999901",
        "updatedDate": "2020-03-06T20:24:55.279+0000",
        "updatedByUserId": "99999999-9999-1999-8999-999999999901"
      }
    },
    {
      "id": "c41a901e-ce08-4125-acc5-a5ed234f2c5c",
      "module": "NCIP",
      "configName": "Relais",
      "code": "item.material.type.name",
      "enabled": true,
      "value": "PALCI",
      "metadata": {
        "createdDate": "2020-03-06T20:24:55.304+0000",
        "createdByUserId": "99999999-9999-1999-8999-999999999901",
        "updatedDate": "2020-03-06T20:24:55.304+0000",
        "updatedByUserId": "99999999-9999-1999-8999-999999999901"
      }
    },
    {
      "id": "14b4f295-e9d0-4578-aeed-e1df25ce1022",
      "module": "NCIP",
      "configName": "Relais",
      "code": "item.perm.loan.type.name",
      "enabled": true,
      "value": "PALCI",
      "metadata": {
        "createdDate": "2020-03-06T20:24:55.329+0000",
        "createdByUserId": "99999999-9999-1999-8999-999999999901",
        "updatedDate": "2020-03-06T20:24:55.329+0000",
        "updatedByUserId": "99999999-9999-1999-8999-999999999901"
      }
    },
    {
      "id": "17d6ae7f-db78-41d0-827b-37f4e8113696",
      "module": "NCIP",
      "configName": "Relais",
      "code": "item.status.name",
      "enabled": true,
      "value": "Available",
      "metadata": {
        "createdDate": "2020-03-06T20:24:55.353+0000",
        "createdByUserId": "99999999-9999-1999-8999-999999999901",
        "updatedDate": "2020-03-06T20:24:55.353+0000",
        "updatedByUserId": "99999999-9999-1999-8999-999999999901"
      }
    },
    {
      "id": "ab333eac-823a-45bc-b5d8-71b694b1bb62",
      "module": "NCIP",
      "configName": "Relais",
      "code": "item.perm.location.code",
      "enabled": true,
      "value": "PALCI_LEHIGH",
      "metadata": {
        "createdDate": "2020-03-06T20:24:55.380+0000",
        "createdByUserId": "99999999-9999-1999-8999-999999999901",
        "updatedDate": "2020-03-06T20:24:55.380+0000",
        "updatedByUserId": "99999999-9999-1999-8999-999999999901"
      }
    },
    {
      "id": "f5bb149a-8ace-49ce-a2f9-8d3461e58faf",
      "module": "NCIP",
      "configName": "Relais",
      "code": "holdings.perm.location.code",
      "enabled": true,
      "value": "PALCI_LEHIGH",
      "metadata": {
        "createdDate": "2020-03-06T20:24:55.401+0000",
        "createdByUserId": "99999999-9999-1999-8999-999999999901",
        "updatedDate": "2020-03-06T20:24:55.401+0000",
        "updatedByUserId": "99999999-9999-1999-8999-999999999901"
      }
    },
    {
      "id": "ca6f52e1-5b7d-4a63-82f3-3d9b4b965766",
      "module": "NCIP",
      "configName": "Relais",
      "code": "instance.custom.identifier.name",
      "enabled": true,
      "value": "PALCI Request ID",
      "metadata": {
        "createdDate": "2020-03-06T20:24:55.426+0000",
        "createdByUserId": "99999999-9999-1999-8999-999999999901",
        "updatedDate": "2020-03-06T20:24:55.426+0000",
        "updatedByUserId": "99999999-9999-1999-8999-999999999901"
      }
    },
    {
      "id": "f6435c0a-d640-4c3e-b5ea-0b6f857c74f0",
      "module": "NCIP",
      "configName": "Relais",
      "code": "checkout.service.point.code",
      "enabled": true,
      "value": "FAIRCHILD",
      "metadata": {
        "createdDate": "2020-03-06T20:24:55.456+0000",
        "createdByUserId": "99999999-9999-1999-8999-999999999901",
        "updatedDate": "2020-03-06T20:24:55.456+0000",
        "updatedByUserId": "99999999-9999-1999-8999-999999999901"
      }
    },
    {
      "id": "a07bc5a3-7e26-485d-a09a-e72ea4dbdbe3",
      "module": "NCIP",
      "configName": "Relais",
      "code": "checkin.service.point.code",
      "enabled": true,
      "value": "FAIRCHILD",
      "metadata": {
        "createdDate": "2020-03-06T20:24:55.479+0000",
        "createdByUserId": "99999999-9999-1999-8999-999999999901",
        "updatedDate": "2020-03-06T20:24:55.479+0000",
        "updatedByUserId": "99999999-9999-1999-8999-999999999901"
      }
    }
  ],
  "totalRecords": 12,
  "resultInfo": {
    "totalRecords": 12,
    "facets": [],
    "diagnostics": []
  }
}

09:31:15 [] [lu] [] [mod-ncip] INFO  FolioNcipHelper      #lookup user
09:31:15 [] [lu] [] [mod-ncip] INFO  FolioNcipHelper      response.includes.physical.address=false
09:31:15 [] [lu] [] [mod-ncip] INFO  FolioNcipHelper      Using timeout: 30000
09:31:15 [] [lu] [] [mod-ncip] INFO  FolioNcipHelper      GET:
09:31:15 [] [lu] [] [mod-ncip] INFO  FolioNcipHelper      http://localhost:54452/configurations/entries?query=code%3D%3D%22response.includes.physical.address%22&limit=200
09:31:15 [] [lu] [] [mod-ncip] INFO  FolioNcipHelper      200
09:31:15 [] [lu] [] [mod-ncip] INFO  FolioNcipHelper      {
  "configs": [
    {
      "id": "ecb9cf87-adcb-4be7-9253-e8caf8828ee6",
      "module": "NCIP",
      "configName": "Relais",
      "code": "instance.type.name",
      "enabled": true,
      "value": "PALCI",
      "metadata": {
        "createdDate": "2020-03-06T20:24:55.251+0000",
        "createdByUserId": "99999999-9999-1999-8999-999999999901",
        "updatedDate": "2020-03-06T20:24:55.251+0000",
        "updatedByUserId": "99999999-9999-1999-8999-999999999901"
      }
    },
    {
      "id": "ccf38c47-2614-43fa-9da5-82aeb32b6e11",
      "module": "NCIP",
      "configName": "Relais",
      "code": "instance.source",
      "enabled": true,
      "value": "PALCI",
      "metadata": {
        "createdDate": "2020-03-06T20:24:55.279+0000",
        "createdByUserId": "99999999-9999-1999-8999-999999999901",
        "updatedDate": "2020-03-06T20:24:55.279+0000",
        "updatedByUserId": "99999999-9999-1999-8999-999999999901"
      }
    },
    {
      "id": "c41a901e-ce08-4125-acc5-a5ed234f2c5c",
      "module": "NCIP",
      "configName": "Relais",
      "code": "item.material.type.name",
      "enabled": true,
      "value": "PALCI",
      "metadata": {
        "createdDate": "2020-03-06T20:24:55.304+0000",
        "createdByUserId": "99999999-9999-1999-8999-999999999901",
        "updatedDate": "2020-03-06T20:24:55.304+0000",
        "updatedByUserId": "99999999-9999-1999-8999-999999999901"
      }
    },
    {
      "id": "14b4f295-e9d0-4578-aeed-e1df25ce1022",
      "module": "NCIP",
      "configName": "Relais",
      "code": "item.perm.loan.type.name",
      "enabled": true,
      "value": "PALCI",
      "metadata": {
        "createdDate": "2020-03-06T20:24:55.329+0000",
        "createdByUserId": "99999999-9999-1999-8999-999999999901",
        "updatedDate": "2020-03-06T20:24:55.329+0000",
        "updatedByUserId": "99999999-9999-1999-8999-999999999901"
      }
    },
    {
      "id": "17d6ae7f-db78-41d0-827b-37f4e8113696",
      "module": "NCIP",
      "configName": "Relais",
      "code": "item.status.name",
      "enabled": true,
      "value": "Available",
      "metadata": {
        "createdDate": "2020-03-06T20:24:55.353+0000",
        "createdByUserId": "99999999-9999-1999-8999-999999999901",
        "updatedDate": "2020-03-06T20:24:55.353+0000",
        "updatedByUserId": "99999999-9999-1999-8999-999999999901"
      }
    },
    {
      "id": "ab333eac-823a-45bc-b5d8-71b694b1bb62",
      "module": "NCIP",
      "configName": "Relais",
      "code": "item.perm.location.code",
      "enabled": true,
      "value": "PALCI_LEHIGH",
      "metadata": {
        "createdDate": "2020-03-06T20:24:55.380+0000",
        "createdByUserId": "99999999-9999-1999-8999-999999999901",
        "updatedDate": "2020-03-06T20:24:55.380+0000",
        "updatedByUserId": "99999999-9999-1999-8999-999999999901"
      }
    },
    {
      "id": "f5bb149a-8ace-49ce-a2f9-8d3461e58faf",
      "module": "NCIP",
      "configName": "Relais",
      "code": "holdings.perm.location.code",
      "enabled": true,
      "value": "PALCI_LEHIGH",
      "metadata": {
        "createdDate": "2020-03-06T20:24:55.401+0000",
        "createdByUserId": "99999999-9999-1999-8999-999999999901",
        "updatedDate": "2020-03-06T20:24:55.401+0000",
        "updatedByUserId": "99999999-9999-1999-8999-999999999901"
      }
    },
    {
      "id": "ca6f52e1-5b7d-4a63-82f3-3d9b4b965766",
      "module": "NCIP",
      "configName": "Relais",
      "code": "instance.custom.identifier.name",
      "enabled": true,
      "value": "PALCI Request ID",
      "metadata": {
        "createdDate": "2020-03-06T20:24:55.426+0000",
        "createdByUserId": "99999999-9999-1999-8999-999999999901",
        "updatedDate": "2020-03-06T20:24:55.426+0000",
        "updatedByUserId": "99999999-9999-1999-8999-999999999901"
      }
    },
    {
      "id": "f6435c0a-d640-4c3e-b5ea-0b6f857c74f0",
      "module": "NCIP",
      "configName": "Relais",
      "code": "checkout.service.point.code",
      "enabled": true,
      "value": "FAIRCHILD",
      "metadata": {
        "createdDate": "2020-03-06T20:24:55.456+0000",
        "createdByUserId": "99999999-9999-1999-8999-999999999901",
        "updatedDate": "2020-03-06T20:24:55.456+0000",
        "updatedByUserId": "99999999-9999-1999-8999-999999999901"
      }
    },
    {
      "id": "a07bc5a3-7e26-485d-a09a-e72ea4dbdbe3",
      "module": "NCIP",
      "configName": "Relais",
      "code": "checkin.service.point.code",
      "enabled": true,
      "value": "FAIRCHILD",
      "metadata": {
        "createdDate": "2020-03-06T20:24:55.479+0000",
        "createdByUserId": "99999999-9999-1999-8999-999999999901",
        "updatedDate": "2020-03-06T20:24:55.479+0000",
        "updatedByUserId": "99999999-9999-1999-8999-999999999901"
      }
    }
  ],
  "totalRecords": 12,
  "resultInfo": {
    "totalRecords": 12,
    "facets": [],
    "diagnostics": []
  }
}

09:31:15 [] [lu] [] [mod-ncip] INFO  FolioNcipHelper      user.priv.ok.status=ACTIVE
09:31:15 [] [lu] [] [mod-ncip] INFO  FolioNcipHelper      Using timeout: 30000
09:31:15 [] [lu] [] [mod-ncip] INFO  FolioNcipHelper      GET:
09:31:15 [] [lu] [] [mod-ncip] INFO  FolioNcipHelper      http://localhost:54452/configurations/entries?query=code%3D%3D%22user.priv.ok.status%22&limit=200
09:31:15 [] [lu] [] [mod-ncip] INFO  FolioNcipHelper      200
09:31:15 [] [lu] [] [mod-ncip] INFO  FolioNcipHelper      {
  "configs": [
    {
      "id": "ecb9cf87-adcb-4be7-9253-e8caf8828ee6",
      "module": "NCIP",
      "configName": "Relais",
      "code": "instance.type.name",
      "enabled": true,
      "value": "PALCI",
      "metadata": {
        "createdDate": "2020-03-06T20:24:55.251+0000",
        "createdByUserId": "99999999-9999-1999-8999-999999999901",
        "updatedDate": "2020-03-06T20:24:55.251+0000",
        "updatedByUserId": "99999999-9999-1999-8999-999999999901"
      }
    },
    {
      "id": "ccf38c47-2614-43fa-9da5-82aeb32b6e11",
      "module": "NCIP",
      "configName": "Relais",
      "code": "instance.source",
      "enabled": true,
      "value": "PALCI",
      "metadata": {
        "createdDate": "2020-03-06T20:24:55.279+0000",
        "createdByUserId": "99999999-9999-1999-8999-999999999901",
        "updatedDate": "2020-03-06T20:24:55.279+0000",
        "updatedByUserId": "99999999-9999-1999-8999-999999999901"
      }
    },
    {
      "id": "c41a901e-ce08-4125-acc5-a5ed234f2c5c",
      "module": "NCIP",
      "configName": "Relais",
      "code": "item.material.type.name",
      "enabled": true,
      "value": "PALCI",
      "metadata": {
        "createdDate": "2020-03-06T20:24:55.304+0000",
        "createdByUserId": "99999999-9999-1999-8999-999999999901",
        "updatedDate": "2020-03-06T20:24:55.304+0000",
        "updatedByUserId": "99999999-9999-1999-8999-999999999901"
      }
    },
    {
      "id": "14b4f295-e9d0-4578-aeed-e1df25ce1022",
      "module": "NCIP",
      "configName": "Relais",
      "code": "item.perm.loan.type.name",
      "enabled": true,
      "value": "PALCI",
      "metadata": {
        "createdDate": "2020-03-06T20:24:55.329+0000",
        "createdByUserId": "99999999-9999-1999-8999-999999999901",
        "updatedDate": "2020-03-06T20:24:55.329+0000",
        "updatedByUserId": "99999999-9999-1999-8999-999999999901"
      }
    },
    {
      "id": "17d6ae7f-db78-41d0-827b-37f4e8113696",
      "module": "NCIP",
      "configName": "Relais",
      "code": "item.status.name",
      "enabled": true,
      "value": "Available",
      "metadata": {
        "createdDate": "2020-03-06T20:24:55.353+0000",
        "createdByUserId": "99999999-9999-1999-8999-999999999901",
        "updatedDate": "2020-03-06T20:24:55.353+0000",
        "updatedByUserId": "99999999-9999-1999-8999-999999999901"
      }
    },
    {
      "id": "ab333eac-823a-45bc-b5d8-71b694b1bb62",
      "module": "NCIP",
      "configName": "Relais",
      "code": "item.perm.location.code",
      "enabled": true,
      "value": "PALCI_LEHIGH",
      "metadata": {
        "createdDate": "2020-03-06T20:24:55.380+0000",
        "createdByUserId": "99999999-9999-1999-8999-999999999901",
        "updatedDate": "2020-03-06T20:24:55.380+0000",
        "updatedByUserId": "99999999-9999-1999-8999-999999999901"
      }
    },
    {
      "id": "f5bb149a-8ace-49ce-a2f9-8d3461e58faf",
      "module": "NCIP",
      "configName": "Relais",
      "code": "holdings.perm.location.code",
      "enabled": true,
      "value": "PALCI_LEHIGH",
      "metadata": {
        "createdDate": "2020-03-06T20:24:55.401+0000",
        "createdByUserId": "99999999-9999-1999-8999-999999999901",
        "updatedDate": "2020-03-06T20:24:55.401+0000",
        "updatedByUserId": "99999999-9999-1999-8999-999999999901"
      }
    },
    {
      "id": "ca6f52e1-5b7d-4a63-82f3-3d9b4b965766",
      "module": "NCIP",
      "configName": "Relais",
      "code": "instance.custom.identifier.name",
      "enabled": true,
      "value": "PALCI Request ID",
      "metadata": {
        "createdDate": "2020-03-06T20:24:55.426+0000",
        "createdByUserId": "99999999-9999-1999-8999-999999999901",
        "updatedDate": "2020-03-06T20:24:55.426+0000",
        "updatedByUserId": "99999999-9999-1999-8999-999999999901"
      }
    },
    {
      "id": "f6435c0a-d640-4c3e-b5ea-0b6f857c74f0",
      "module": "NCIP",
      "configName": "Relais",
      "code": "checkout.service.point.code",
      "enabled": true,
      "value": "FAIRCHILD",
      "metadata": {
        "createdDate": "2020-03-06T20:24:55.456+0000",
        "createdByUserId": "99999999-9999-1999-8999-999999999901",
        "updatedDate": "2020-03-06T20:24:55.456+0000",
        "updatedByUserId": "99999999-9999-1999-8999-999999999901"
      }
    },
    {
      "id": "a07bc5a3-7e26-485d-a09a-e72ea4dbdbe3",
      "module": "NCIP",
      "configName": "Relais",
      "code": "checkin.service.point.code",
      "enabled": true,
      "value": "FAIRCHILD",
      "metadata": {
        "createdDate": "2020-03-06T20:24:55.479+0000",
        "createdByUserId": "99999999-9999-1999-8999-999999999901",
        "updatedDate": "2020-03-06T20:24:55.479+0000",
        "updatedByUserId": "99999999-9999-1999-8999-999999999901"
      }
    }
  ],
  "totalRecords": 12,
  "resultInfo": {
    "totalRecords": 12,
    "facets": [],
    "diagnostics": []
  }
}

09:31:15 [] [lu] [] [mod-ncip] INFO  FolioNcipHelper      user.priv.blocked.status=BLOCKED
09:31:15 [] [lu] [] [mod-ncip] INFO  FolioNcipHelper      Using timeout: 30000
09:31:15 [] [lu] [] [mod-ncip] INFO  FolioNcipHelper      GET:
09:31:15 [] [lu] [] [mod-ncip] INFO  FolioNcipHelper      http://localhost:54452/configurations/entries?query=code%3D%3D%22user.priv.blocked.status%22&limit=200
09:31:15 [] [lu] [] [mod-ncip] INFO  FolioNcipHelper      200
09:31:15 [] [lu] [] [mod-ncip] INFO  FolioNcipHelper      {
  "configs": [
    {
      "id": "ecb9cf87-adcb-4be7-9253-e8caf8828ee6",
      "module": "NCIP",
      "configName": "Relais",
      "code": "instance.type.name",
      "enabled": true,
      "value": "PALCI",
      "metadata": {
        "createdDate": "2020-03-06T20:24:55.251+0000",
        "createdByUserId": "99999999-9999-1999-8999-999999999901",
        "updatedDate": "2020-03-06T20:24:55.251+0000",
        "updatedByUserId": "99999999-9999-1999-8999-999999999901"
      }
    },
    {
      "id": "ccf38c47-2614-43fa-9da5-82aeb32b6e11",
      "module": "NCIP",
      "configName": "Relais",
      "code": "instance.source",
      "enabled": true,
      "value": "PALCI",
      "metadata": {
        "createdDate": "2020-03-06T20:24:55.279+0000",
        "createdByUserId": "99999999-9999-1999-8999-999999999901",
        "updatedDate": "2020-03-06T20:24:55.279+0000",
        "updatedByUserId": "99999999-9999-1999-8999-999999999901"
      }
    },
    {
      "id": "c41a901e-ce08-4125-acc5-a5ed234f2c5c",
      "module": "NCIP",
      "configName": "Relais",
      "code": "item.material.type.name",
      "enabled": true,
      "value": "PALCI",
      "metadata": {
        "createdDate": "2020-03-06T20:24:55.304+0000",
        "createdByUserId": "99999999-9999-1999-8999-999999999901",
        "updatedDate": "2020-03-06T20:24:55.304+0000",
        "updatedByUserId": "99999999-9999-1999-8999-999999999901"
      }
    },
    {
      "id": "14b4f295-e9d0-4578-aeed-e1df25ce1022",
      "module": "NCIP",
      "configName": "Relais",
      "code": "item.perm.loan.type.name",
      "enabled": true,
      "value": "PALCI",
      "metadata": {
        "createdDate": "2020-03-06T20:24:55.329+0000",
        "createdByUserId": "99999999-9999-1999-8999-999999999901",
        "updatedDate": "2020-03-06T20:24:55.329+0000",
        "updatedByUserId": "99999999-9999-1999-8999-999999999901"
      }
    },
    {
      "id": "17d6ae7f-db78-41d0-827b-37f4e8113696",
      "module": "NCIP",
      "configName": "Relais",
      "code": "item.status.name",
      "enabled": true,
      "value": "Available",
      "metadata": {
        "createdDate": "2020-03-06T20:24:55.353+0000",
        "createdByUserId": "99999999-9999-1999-8999-999999999901",
        "updatedDate": "2020-03-06T20:24:55.353+0000",
        "updatedByUserId": "99999999-9999-1999-8999-999999999901"
      }
    },
    {
      "id": "ab333eac-823a-45bc-b5d8-71b694b1bb62",
      "module": "NCIP",
      "configName": "Relais",
      "code": "item.perm.location.code",
      "enabled": true,
      "value": "PALCI_LEHIGH",
      "metadata": {
        "createdDate": "2020-03-06T20:24:55.380+0000",
        "createdByUserId": "99999999-9999-1999-8999-999999999901",
        "updatedDate": "2020-03-06T20:24:55.380+0000",
        "updatedByUserId": "99999999-9999-1999-8999-999999999901"
      }
    },
    {
      "id": "f5bb149a-8ace-49ce-a2f9-8d3461e58faf",
      "module": "NCIP",
      "configName": "Relais",
      "code": "holdings.perm.location.code",
      "enabled": true,
      "value": "PALCI_LEHIGH",
      "metadata": {
        "createdDate": "2020-03-06T20:24:55.401+0000",
        "createdByUserId": "99999999-9999-1999-8999-999999999901",
        "updatedDate": "2020-03-06T20:24:55.401+0000",
        "updatedByUserId": "99999999-9999-1999-8999-999999999901"
      }
    },
    {
      "id": "ca6f52e1-5b7d-4a63-82f3-3d9b4b965766",
      "module": "NCIP",
      "configName": "Relais",
      "code": "instance.custom.identifier.name",
      "enabled": true,
      "value": "PALCI Request ID",
      "metadata": {
        "createdDate": "2020-03-06T20:24:55.426+0000",
        "createdByUserId": "99999999-9999-1999-8999-999999999901",
        "updatedDate": "2020-03-06T20:24:55.426+0000",
        "updatedByUserId": "99999999-9999-1999-8999-999999999901"
      }
    },
    {
      "id": "f6435c0a-d640-4c3e-b5ea-0b6f857c74f0",
      "module": "NCIP",
      "configName": "Relais",
      "code": "checkout.service.point.code",
      "enabled": true,
      "value": "FAIRCHILD",
      "metadata": {
        "createdDate": "2020-03-06T20:24:55.456+0000",
        "createdByUserId": "99999999-9999-1999-8999-999999999901",
        "updatedDate": "2020-03-06T20:24:55.456+0000",
        "updatedByUserId": "99999999-9999-1999-8999-999999999901"
      }
    },
    {
      "id": "a07bc5a3-7e26-485d-a09a-e72ea4dbdbe3",
      "module": "NCIP",
      "configName": "Relais",
      "code": "checkin.service.point.code",
      "enabled": true,
      "value": "FAIRCHILD",
      "metadata": {
        "createdDate": "2020-03-06T20:24:55.479+0000",
        "createdByUserId": "99999999-9999-1999-8999-999999999901",
        "updatedDate": "2020-03-06T20:24:55.479+0000",
        "updatedByUserId": "99999999-9999-1999-8999-999999999901"
      }
    }
  ],
  "totalRecords": 12,
  "resultInfo": {
    "totalRecords": 12,
    "facets": [],
    "diagnostics": []
  }
}

09:31:15 [] [lu] [] [mod-ncip] INFO  FolioNcipHelper      =======> initializing address types
09:31:15 [] [lu] [] [mod-ncip] INFO  FolioNcipHelper      Using timeout: 30000
09:31:15 [] [lu] [] [mod-ncip] INFO  FolioNcipHelper      GET:
09:31:15 [] [lu] [] [mod-ncip] INFO  FolioNcipHelper      http://localhost:54452/addresstypes
09:31:15 [] [lu] [] [mod-ncip] INFO  FolioNcipHelper      404
09:31:15 [] [lu] [] [mod-ncip] INFO  FolioNcipHelper      <html><body><h1>Resource not found</h1></body></html>
09:31:15 [] [lu] [] [mod-ncip] FATAL FolioNcipHelper      callApiGet failed
09:31:15 [] [lu] [] [mod-ncip] FATAL FolioNcipHelper      http://localhost:54452/addresstypes
09:31:15 [] [lu] [] [mod-ncip] FATAL FolioNcipHelper      Unable to initialize address types.
09:31:15 [] [lu] [] [mod-ncip] FATAL FolioNcipHelper      
09:31:15 [] [lu] [] [mod-ncip] INFO  RemoteServiceManager Using timeout: 30000
09:31:15 [] [lu] [] [mod-ncip] INFO  RemoteServiceManager GET:
09:31:15 [] [lu] [] [mod-ncip] INFO  RemoteServiceManager http://localhost:54452/users?query=%28barcode%3D%3D%225551213%22%20or%20externalSystemId%3D%3D%225551213%22%20or%20username%3D%3D%225551213%22%29
09:31:15 [] [lu] [] [mod-ncip] INFO  RemoteServiceManager 200
09:31:15 [] [lu] [] [mod-ncip] INFO  RemoteServiceManager {
  "users" : [ {
    "username" : "myluid",
    "id" : "99999999-9999-1999-8999-999999999902",
    "barcode" : "5551213",
    "active" : true,
    "type" : "patron",
    "patronGroup" : "dac3aab4-7a86-422b-b5fc-6fbf7afd7aeb",
    "meta" : {
      "creation_date" : "2016-11-05T0723",
      "last_login_date" : ""
    },
    "proxyFor" : [ ],
    "personal" : {
      "lastName" : "Jane",
      "firstName" : "Doe",
      "email" : "mireille@kihn-dickinson.ki",
      "phone" : "594.555.1212",
      "addresses" : [ ]
    },
    "createdDate" : "2019-09-18T15:23:06.191+0000",
    "updatedDate" : "2019-09-18T15:23:06.191+0000"
  } ],
  "totalRecords" : 1,
  "resultInfo" : {
    "totalRecords" : 1,
    "facets" : [ ],
    "diagnostics" : [ ]
  }
}

09:31:15 [] [] [] [] INFO  RemoteServiceManager Using timeout: 30000
09:31:15 [] [] [] [] INFO  RemoteServiceManager Using timeout: 30000
09:31:15 [] [] [] [] INFO  RemoteServiceManager Using timeout: 30000
09:31:15 [] [] [] [] INFO  RemoteServiceManager Using timeout: 30000
09:31:15 [] [] [] [] INFO  RemoteServiceManager GET:
09:31:15 [] [] [] [] INFO  RemoteServiceManager http://localhost:54452/service-points-users?query=query=(userId%3D%3D%2299999999-9999-1999-8999-999999999902%22%29&limit=700
09:31:15 [] [] [] [] INFO  RemoteServiceManager 200
09:31:15 [] [] [] [] INFO  RemoteServiceManager {
  "servicepoints" : [ {
    "id" : "29faacf1-4ba4-42c7-8b2a-566b259e4641",
    "name" : "Fairchild Martindale",
    "code" : "FAIRCHILD",
    "discoveryDisplayName" : "Fairchild Martindale",
    "shelvingLagTime" : 10,
    "pickupLocation" : true,
    "holdShelfExpiryPeriod" : {
      "duration" : 5,
      "intervalId" : "Days"
    },
    "staffSlips" : [ ]
  } ],
  "totalRecords" : 1
}

09:31:15 [] [] [] [] INFO  RemoteServiceManager GET:
09:31:15 [] [] [] [] INFO  RemoteServiceManager http://localhost:54452/manualblocks?query=query=(userId%3D%3D%2299999999-9999-1999-8999-999999999902%22%29&limit=100
09:31:15 [] [] [] [] INFO  RemoteServiceManager 200
09:31:15 [] [] [] [] INFO  RemoteServiceManager  {
  "manualblocks" : [ {
    "type" : "Manual",
    "desc" : "test block",
    "borrowing" : true,
    "renewals" : true,
    "requests" : true,
    "userId" : "99999999-9999-1999-8999-999999999902",
    "metadata" : {
      "createdDate" : "2019-10-09T14:04:27.695+0000",
      "createdByUserId" : "99999999-9999-1999-8999-999999999901",
      "updatedDate" : "2019-10-09T14:04:27.695+0000",
      "updatedByUserId" : "99999999-9999-1999-8999-999999999901"
    },
    "id" : "1c176c69-206c-4e9b-9bd7-79e583766ff1"
  } ],
  "totalRecords" : 1
}

09:31:15 [] [] [] [] INFO  RemoteServiceManager GET:
09:31:15 [] [] [] [] INFO  RemoteServiceManager http://localhost:54452/groups/dac3aab4-7a86-422b-b5fc-6fbf7afd7aeb
09:31:15 [] [] [] [] INFO  RemoteServiceManager 200
09:31:15 [] [] [] [] INFO  RemoteServiceManager {
  "group" : "GRAD",
  "desc" : "GRAD",
  "id" : "dac3aab4-7a86-422b-b5fc-6fbf7afd7aeb"
}

09:31:15 [] [] [] [] INFO  RemoteServiceManager GET:
09:31:15 [] [] [] [] INFO  RemoteServiceManager http://localhost:54452/automated-patron-blocks/99999999-9999-1999-8999-999999999902
09:31:15 [] [] [] [] INFO  RemoteServiceManager 200
09:31:15 [] [] [] [] INFO  RemoteServiceManager {
  "automatedPatronBlocks" : [ ],
  "totalRecords" : 0
}

09:31:15 [] [lu] [] [mod-ncip] INFO  RemoteServiceManager patron does not have a preferred service point assigned
The result is: <?xml version="1.0" encoding="UTF-8" standalone="yes"?><ns1:NCIPMessage xmlns:ns1="http://www.niso.org/2008/ncip" ns1:version="http://www.niso.org/schemas/ncip/v2_0/imp1/xsd/ncip_v2_0.xsd"><ns1:LookupUserResponse><ns1:UserId><ns1:AgencyId>Relais</ns1:AgencyId><ns1:UserIdentifierType>barcode</ns1:UserIdentifierType><ns1:UserIdentifierValue>5551213</ns1:UserIdentifierValue></ns1:UserId><ns1:UserOptionalFields><ns1:NameInformation><ns1:PersonalNameInformation><ns1:StructuredPersonalUserName><ns1:GivenName>Doe</ns1:GivenName><ns1:Surname>Jane</ns1:Surname></ns1:StructuredPersonalUserName><ns1:UnstructuredPersonalUserName>Doe Jane</ns1:UnstructuredPersonalUserName></ns1:PersonalNameInformation></ns1:NameInformation><ns1:UserAddressInformation><ns1:UserAddressRoleType>OTH</ns1:UserAddressRoleType><ns1:ElectronicAddress><ns1:ElectronicAddressType>electronic mail address</ns1:ElectronicAddressType><ns1:ElectronicAddressData>mireille@kihn-dickinson.ki</ns1:ElectronicAddressData></ns1:ElectronicAddress></ns1:UserAddressInformation><ns1:UserAddressInformation><ns1:UserAddressRoleType>OTH</ns1:UserAddressRoleType><ns1:ElectronicAddress><ns1:ElectronicAddressType>TEL</ns1:ElectronicAddressType><ns1:ElectronicAddressData>594.555.1212</ns1:ElectronicAddressData></ns1:ElectronicAddress></ns1:UserAddressInformation><ns1:UserPrivilege><ns1:AgencyId>Relais</ns1:AgencyId><ns1:AgencyUserPrivilegeType ns1:Scheme="">PROFILE</ns1:AgencyUserPrivilegeType><ns1:UserPrivilegeStatus><ns1:UserPrivilegeStatusType ns1:Scheme="">GRAD</ns1:UserPrivilegeStatusType></ns1:UserPrivilegeStatus><ns1:UserPrivilegeDescription>User Profile</ns1:UserPrivilegeDescription></ns1:UserPrivilege><ns1:UserPrivilege><ns1:AgencyId>Relais</ns1:AgencyId><ns1:AgencyUserPrivilegeType ns1:Scheme="">LIBRARY</ns1:AgencyUserPrivilegeType><ns1:UserPrivilegeStatus><ns1:UserPrivilegeStatusType ns1:Scheme=""/></ns1:UserPrivilegeStatus><ns1:UserPrivilegeDescription>User Library</ns1:UserPrivilegeDescription></ns1:UserPrivilege><ns1:UserPrivilege><ns1:AgencyId>Relais</ns1:AgencyId><ns1:AgencyUserPrivilegeType ns1:Scheme="">STATUS</ns1:AgencyUserPrivilegeType><ns1:UserPrivilegeStatus><ns1:UserPrivilegeStatusType ns1:Scheme="">BLOCKED</ns1:UserPrivilegeStatusType></ns1:UserPrivilegeStatus><ns1:UserPrivilegeDescription>User Status</ns1:UserPrivilegeDescription></ns1:UserPrivilege></ns1:UserOptionalFields></ns1:LookupUserResponse></ns1:NCIPMessage>
<ns1:NCIPMessage xmlns:ns1="http://www.niso.org/2008/ncip" ns1:version="http://www.niso.org/schemas/ncip/v2_0/imp1/xsd/ncip_v2_0.xsd">
  <ns1:LookupUserResponse>
    <ns1:UserId>
      <ns1:AgencyId>Relais</ns1:AgencyId>
      <ns1:UserIdentifierType>barcode</ns1:UserIdentifierType>
      <ns1:UserIdentifierValue>5551213</ns1:UserIdentifierValue>
    </ns1:UserId>
    <ns1:UserOptionalFields>
      <ns1:NameInformation>
        <ns1:PersonalNameInformation>
          <ns1:StructuredPersonalUserName>
            <ns1:GivenName>Doe</ns1:GivenName>
            <ns1:Surname>Jane</ns1:Surname>
          </ns1:StructuredPersonalUserName>
          <ns1:UnstructuredPersonalUserName>Doe Jane</ns1:UnstructuredPersonalUserName>
        </ns1:PersonalNameInformation>
      </ns1:NameInformation>
      <ns1:UserAddressInformation>
        <ns1:UserAddressRoleType>OTH</ns1:UserAddressRoleType>
        <ns1:ElectronicAddress>
          <ns1:ElectronicAddressType>electronic mail address</ns1:ElectronicAddressType>
          <ns1:ElectronicAddressData>mireille@kihn-dickinson.ki</ns1:ElectronicAddressData>
        </ns1:ElectronicAddress>
      </ns1:UserAddressInformation>
      <ns1:UserAddressInformation>
        <ns1:UserAddressRoleType>OTH</ns1:UserAddressRoleType>
        <ns1:ElectronicAddress>
          <ns1:ElectronicAddressType>TEL</ns1:ElectronicAddressType>
          <ns1:ElectronicAddressData>594.555.1212</ns1:ElectronicAddressData>
        </ns1:ElectronicAddress>
      </ns1:UserAddressInformation>
      <ns1:UserPrivilege>
        <ns1:AgencyId>Relais</ns1:AgencyId>
        <ns1:AgencyUserPrivilegeType ns1:Scheme="">PROFILE</ns1:AgencyUserPrivilegeType>
        <ns1:UserPrivilegeStatus>
          <ns1:UserPrivilegeStatusType ns1:Scheme="">GRAD</ns1:UserPrivilegeStatusType>
        </ns1:UserPrivilegeStatus>
        <ns1:UserPrivilegeDescription>User Profile</ns1:UserPrivilegeDescription>
      </ns1:UserPrivilege>
      <ns1:UserPrivilege>
        <ns1:AgencyId>Relais</ns1:AgencyId>
        <ns1:AgencyUserPrivilegeType ns1:Scheme="">LIBRARY</ns1:AgencyUserPrivilegeType>
        <ns1:UserPrivilegeStatus>
          <ns1:UserPrivilegeStatusType ns1:Scheme=""/>
        </ns1:UserPrivilegeStatus>
        <ns1:UserPrivilegeDescription>User Library</ns1:UserPrivilegeDescription>
      </ns1:UserPrivilege>
      <ns1:UserPrivilege>
        <ns1:AgencyId>Relais</ns1:AgencyId>
        <ns1:AgencyUserPrivilegeType ns1:Scheme="">STATUS</ns1:AgencyUserPrivilegeType>
        <ns1:UserPrivilegeStatus>
          <ns1:UserPrivilegeStatusType ns1:Scheme="">BLOCKED</ns1:UserPrivilegeStatusType>
        </ns1:UserPrivilegeStatus>
        <ns1:UserPrivilegeDescription>User Status</ns1:UserPrivilegeDescription>
      </ns1:UserPrivilege>
    </ns1:UserOptionalFields>
  </ns1:LookupUserResponse>
</ns1:NCIPMessage>
<ns1:NCIPMessage xmlns:ns1="http://www.niso.org/2008/ncip" ns1:version="http://www.niso.org/schemas/ncip/v2_0/imp1/xsd/ncip_v2_0.xsd">
  <ns1:LookupUserResponse>
    <ns1:UserId>
      <ns1:AgencyId>Relais</ns1:AgencyId>
      <ns1:UserIdentifierType>barcode</ns1:UserIdentifierType>
      <ns1:UserIdentifierValue>5551213</ns1:UserIdentifierValue>
    </ns1:UserId>
    <ns1:UserOptionalFields>
      <ns1:NameInformation>
        <ns1:PersonalNameInformation>
          <ns1:StructuredPersonalUserName>
            <ns1:GivenName>Doe</ns1:GivenName>
            <ns1:Surname>Jane</ns1:Surname>
          </ns1:StructuredPersonalUserName>
          <ns1:UnstructuredPersonalUserName>Doe Jane</ns1:UnstructuredPersonalUserName>
        </ns1:PersonalNameInformation>
      </ns1:NameInformation>
      <ns1:UserAddressInformation>
        <ns1:UserAddressRoleType>OTH</ns1:UserAddressRoleType>
        <ns1:ElectronicAddress>
          <ns1:ElectronicAddressType>electronic mail address</ns1:ElectronicAddressType>
          <ns1:ElectronicAddressData>mireille@kihn-dickinson.ki</ns1:ElectronicAddressData>
        </ns1:ElectronicAddress>
      </ns1:UserAddressInformation>
      <ns1:UserAddressInformation>
        <ns1:UserAddressRoleType>OTH</ns1:UserAddressRoleType>
        <ns1:ElectronicAddress>
          <ns1:ElectronicAddressType>TEL</ns1:ElectronicAddressType>
          <ns1:ElectronicAddressData>594.555.1212</ns1:ElectronicAddressData>
        </ns1:ElectronicAddress>
      </ns1:UserAddressInformation>
      <ns1:UserPrivilege>
        <ns1:AgencyId>Relais</ns1:AgencyId>
        <ns1:AgencyUserPrivilegeType ns1:Scheme="">PROFILE</ns1:AgencyUserPrivilegeType>
        <ns1:UserPrivilegeStatus>
          <ns1:UserPrivilegeStatusType ns1:Scheme="">GRAD</ns1:UserPrivilegeStatusType>
        </ns1:UserPrivilegeStatus>
        <ns1:UserPrivilegeDescription>User Profile</ns1:UserPrivilegeDescription>
      </ns1:UserPrivilege>
      <ns1:UserPrivilege>
        <ns1:AgencyId>Relais</ns1:AgencyId>
        <ns1:AgencyUserPrivilegeType ns1:Scheme="">LIBRARY</ns1:AgencyUserPrivilegeType>
        <ns1:UserPrivilegeStatus>
          <ns1:UserPrivilegeStatusType ns1:Scheme=""/>
        </ns1:UserPrivilegeStatus>
        <ns1:UserPrivilegeDescription>User Library</ns1:UserPrivilegeDescription>
      </ns1:UserPrivilege>
      <ns1:UserPrivilege>
        <ns1:AgencyId>Relais</ns1:AgencyId>
        <ns1:AgencyUserPrivilegeType ns1:Scheme="">STATUS</ns1:AgencyUserPrivilegeType>
        <ns1:UserPrivilegeStatus>
          <ns1:UserPrivilegeStatusType ns1:Scheme="">BLOCKED</ns1:UserPrivilegeStatusType>
        </ns1:UserPrivilegeStatus>
        <ns1:UserPrivilegeDescription>User Status</ns1:UserPrivilegeDescription>
      </ns1:UserPrivilege>
    </ns1:UserOptionalFields>
  </ns1:LookupUserResponse>
</ns1:NCIPMessage>
]]></system-out>
  </testcase>
</testsuite>