<?xml version="1.0" encoding="UTF-8"?>
<testsuite xmlns:xsi="http://www.w3.org/2001/XMLSchema-instance" xsi:noNamespaceSchemaLocation="https://maven.apache.org/surefire/maven-surefire-plugin/xsd/surefire-test-report-3.0.xsd" version="3.0" name="org.folio.ncip.services.AcceptItemServiceTests" time="0.003" tests="1" errors="0" skipped="0" failures="0">
  <properties>
    <property name="sun.desktop" value="windows"/>
    <property name="DozerTranslatorConfiguration.MappingFiles" value="ilsdiv1_0_bc_mappings.xml"/>
    <property name="awt.toolkit" value="sun.awt.windows.WToolkit"/>
    <property name="java.specification.version" value="11"/>
    <property name="AcceptItemService.class" value="org.folio.ncip.services.FolioAcceptItemService"/>
    <property name="sun.cpu.isalist" value="amd64"/>
    <property name="CoreConfiguration.AddedSVPClassesAllowNullScheme" value="org.extensiblecatalog.ncip.v2.service.RequestedActionType"/>
    <property name="sun.jnu.encoding" value="Cp1252"/>
    <property name="java.class.path" value="C:\Michelle\releases\ncip-03-02-23\mod-ncip\target\test-classes;C:\Michelle\releases\ncip-03-02-23\mod-ncip\target\classes;C:\Users\MSuranofsky\.m2\repository\org\apache\httpcomponents\httpclient\4.5.13\httpclient-4.5.13.jar;C:\Users\MSuranofsky\.m2\repository\org\apache\httpcomponents\httpcore\4.4.13\httpcore-4.4.13.jar;C:\Users\MSuranofsky\.m2\repository\commons-logging\commons-logging\1.2\commons-logging-1.2.jar;C:\Users\MSuranofsky\.m2\repository\commons-codec\commons-codec\1.11\commons-codec-1.11.jar;C:\Users\MSuranofsky\.m2\repository\net\sf\dozer\dozer\5.3.2\dozer-5.3.2.jar;C:\Users\MSuranofsky\.m2\repository\com\sun\xml\bind\jaxb-impl\2.3.1\jaxb-impl-2.3.1.jar;C:\Users\MSuranofsky\.m2\repository\org\extensiblecatalog\ncip\v2\binding-jar\3.0.0\binding-jar-3.0.0.jar;C:\Users\MSuranofsky\.m2\repository\com\sun\xml\bind\jaxb-xjc\2.3.0\jaxb-xjc-2.3.0.jar;C:\Users\MSuranofsky\.m2\repository\commons-beanutils\commons-beanutils\1.9.4\commons-beanutils-1.9.4.jar;C:\Users\MSuranofsky\.m2\repository\commons-collections\commons-collections\3.2.2\commons-collections-3.2.2.jar;C:\Users\MSuranofsky\.m2\repository\com\sun\xml\bind\jaxb-core\2.3.0.1\jaxb-core-2.3.0.1.jar;C:\Users\MSuranofsky\.m2\repository\javax\xml\bind\jaxb-api\2.3.1\jaxb-api-2.3.1.jar;C:\Users\MSuranofsky\.m2\repository\javax\activation\javax.activation-api\1.2.0\javax.activation-api-1.2.0.jar;C:\Users\MSuranofsky\.m2\repository\org\apache\xmlbeans\xmlbeans\3.1.0\xmlbeans-3.1.0.jar;C:\Users\MSuranofsky\.m2\repository\ch\qos\reload4j\reload4j\1.2.22\reload4j-1.2.22.jar;C:\Users\MSuranofsky\.m2\repository\jakarta\xml\bind\jakarta.xml.bind-api\3.0.0\jakarta.xml.bind-api-3.0.0.jar;C:\Users\MSuranofsky\.m2\repository\com\sun\activation\jakarta.activation\2.0.0\jakarta.activation-2.0.0.jar;C:\Users\MSuranofsky\.m2\repository\org\eclipse\persistence\org.eclipse.persistence.moxy\3.0.0\org.eclipse.persistence.moxy-3.0.0.jar;C:\Users\MSuranofsky\.m2\repository\org\eclipse\persistence\org.eclipse.persistence.asm\3.0.0\org.eclipse.persistence.asm-3.0.0.jar;C:\Users\MSuranofsky\.m2\repository\org\eclipse\persistence\org.eclipse.persistence.core\3.0.0\org.eclipse.persistence.core-3.0.0.jar;C:\Users\MSuranofsky\.m2\repository\com\sun\mail\jakarta.mail\2.0.0\jakarta.mail-2.0.0.jar;C:\Users\MSuranofsky\.m2\repository\org\extensiblecatalog\ncip\v2\binding-ilsdiv1_0_bc\3.0.0\binding-ilsdiv1_0_bc-3.0.0.jar;C:\Users\MSuranofsky\.m2\repository\org\extensiblecatalog\ncip\v2\binding-ncipv2_01\3.0.0\binding-ncipv2_01-3.0.0.jar;C:\Users\MSuranofsky\.m2\repository\javax\activation\activation\1.1.1\activation-1.1.1.jar;C:\Users\MSuranofsky\.m2\repository\org\extensiblecatalog\ncip\v2\binding-ilsdiv1_0\3.0.0\binding-ilsdiv1_0-3.0.0.jar;C:\Users\MSuranofsky\.m2\repository\org\extensiblecatalog\ncip\v2\binding-ncipv2_02\3.0.0\binding-ncipv2_02-3.0.0.jar;C:\Users\MSuranofsky\.m2\repository\org\extensiblecatalog\ncip\v2\binding-wclv1_0\3.0.0\binding-wclv1_0-3.0.0.jar;C:\Users\MSuranofsky\.m2\repository\org\extensiblecatalog\ncip\v2\common\3.0.0\common-3.0.0.jar;C:\Users\MSuranofsky\.m2\repository\javax\servlet\servlet-api\2.5\servlet-api-2.5.jar;C:\Users\MSuranofsky\.m2\repository\org\springframework\spring-aop\5.3.22\spring-aop-5.3.22.jar;C:\Users\MSuranofsky\.m2\repository\org\springframework\spring-beans\5.3.22\spring-beans-5.3.22.jar;C:\Users\MSuranofsky\.m2\repository\org\springframework\spring-context\5.3.22\spring-context-5.3.22.jar;C:\Users\MSuranofsky\.m2\repository\org\springframework\spring-expression\5.3.22\spring-expression-5.3.22.jar;C:\Users\MSuranofsky\.m2\repository\org\springframework\spring-context-support\5.3.22\spring-context-support-5.3.22.jar;C:\Users\MSuranofsky\.m2\repository\org\springframework\spring-core\5.3.22\spring-core-5.3.22.jar;C:\Users\MSuranofsky\.m2\repository\org\springframework\spring-jcl\5.3.22\spring-jcl-5.3.22.jar;C:\Users\MSuranofsky\.m2\repository\org\springframework\spring-test\5.3.22\spring-test-5.3.22.jar;C:\Users\MSuranofsky\.m2\repository\org\springframework\spring-tx\5.3.22\spring-tx-5.3.22.jar;C:\Users\MSuranofsky\.m2\repository\org\springframework\spring-web\5.3.22\spring-web-5.3.22.jar;C:\Users\MSuranofsky\.m2\repository\org\springframework\spring-webmvc\5.3.22\spring-webmvc-5.3.22.jar;C:\Users\MSuranofsky\.m2\repository\org\springframework\spring-agent\2.5.6\spring-agent-2.5.6.jar;C:\Users\MSuranofsky\.m2\repository\org\springframework\spring-aspects\5.3.22\spring-aspects-5.3.22.jar;C:\Users\MSuranofsky\.m2\repository\org\aspectj\aspectjweaver\1.9.7\aspectjweaver-1.9.7.jar;C:\Users\MSuranofsky\.m2\repository\org\extensiblecatalog\ncip\v2\service\3.0.0\service-3.0.0.jar;C:\Users\MSuranofsky\.m2\repository\commons-lang\commons-lang\2.6\commons-lang-2.6.jar;C:\Users\MSuranofsky\.m2\repository\io\vertx\vertx-web\4.3.8\vertx-web-4.3.8.jar;C:\Users\MSuranofsky\.m2\repository\io\vertx\vertx-web-common\4.3.8\vertx-web-common-4.3.8.jar;C:\Users\MSuranofsky\.m2\repository\io\vertx\vertx-auth-common\4.3.8\vertx-auth-common-4.3.8.jar;C:\Users\MSuranofsky\.m2\repository\io\vertx\vertx-bridge-common\4.3.8\vertx-bridge-common-4.3.8.jar;C:\Users\MSuranofsky\.m2\repository\io\vertx\vertx-core\4.3.8\vertx-core-4.3.8.jar;C:\Users\MSuranofsky\.m2\repository\io\netty\netty-common\4.1.87.Final\netty-common-4.1.87.Final.jar;C:\Users\MSuranofsky\.m2\repository\io\netty\netty-buffer\4.1.87.Final\netty-buffer-4.1.87.Final.jar;C:\Users\MSuranofsky\.m2\repository\io\netty\netty-transport\4.1.87.Final\netty-transport-4.1.87.Final.jar;C:\Users\MSuranofsky\.m2\repository\io\netty\netty-handler\4.1.87.Final\netty-handler-4.1.87.Final.jar;C:\Users\MSuranofsky\.m2\repository\io\netty\netty-transport-native-unix-common\4.1.87.Final\netty-transport-native-unix-common-4.1.87.Final.jar;C:\Users\MSuranofsky\.m2\repository\io\netty\netty-codec\4.1.87.Final\netty-codec-4.1.87.Final.jar;C:\Users\MSuranofsky\.m2\repository\io\netty\netty-handler-proxy\4.1.87.Final\netty-handler-proxy-4.1.87.Final.jar;C:\Users\MSuranofsky\.m2\repository\io\netty\netty-codec-socks\4.1.87.Final\netty-codec-socks-4.1.87.Final.jar;C:\Users\MSuranofsky\.m2\repository\io\netty\netty-codec-http\4.1.87.Final\netty-codec-http-4.1.87.Final.jar;C:\Users\MSuranofsky\.m2\repository\io\netty\netty-codec-http2\4.1.87.Final\netty-codec-http2-4.1.87.Final.jar;C:\Users\MSuranofsky\.m2\repository\io\netty\netty-resolver\4.1.87.Final\netty-resolver-4.1.87.Final.jar;C:\Users\MSuranofsky\.m2\repository\io\netty\netty-resolver-dns\4.1.87.Final\netty-resolver-dns-4.1.87.Final.jar;C:\Users\MSuranofsky\.m2\repository\io\netty\netty-codec-dns\4.1.87.Final\netty-codec-dns-4.1.87.Final.jar;C:\Users\MSuranofsky\.m2\repository\com\fasterxml\jackson\core\jackson-core\2.14.0\jackson-core-2.14.0.jar;C:\Users\MSuranofsky\.m2\repository\javax\ws\rs\javax.ws.rs-api\2.0.1\javax.ws.rs-api-2.0.1.jar;C:\Users\MSuranofsky\.m2\repository\com\googlecode\json-simple\json-simple\1.1.1\json-simple-1.1.1.jar;C:\Users\MSuranofsky\.m2\repository\org\slf4j\slf4j-api\1.7.36\slf4j-api-1.7.36.jar;C:\Users\MSuranofsky\.m2\repository\org\apache\logging\log4j\log4j-slf4j-impl\2.19.0\log4j-slf4j-impl-2.19.0.jar;C:\Users\MSuranofsky\.m2\repository\org\apache\logging\log4j\log4j-api\2.19.0\log4j-api-2.19.0.jar;C:\Users\MSuranofsky\.m2\repository\org\apache\logging\log4j\log4j-core\2.19.0\log4j-core-2.19.0.jar;C:\Users\MSuranofsky\.m2\repository\org\slf4j\jcl-over-slf4j\1.7.36\jcl-over-slf4j-1.7.36.jar;C:\Users\MSuranofsky\.m2\repository\org\folio\util\35.0.6\util-35.0.6.jar;C:\Users\MSuranofsky\.m2\repository\org\folio\okapi\okapi-common\5.0.0\okapi-common-5.0.0.jar;C:\Users\MSuranofsky\.m2\repository\org\hamcrest\hamcrest-core\1.3\hamcrest-core-1.3.jar;C:\Users\MSuranofsky\.m2\repository\org\mockito\mockito-core\3.1.0\mockito-core-3.1.0.jar;C:\Users\MSuranofsky\.m2\repository\net\bytebuddy\byte-buddy\1.9.10\byte-buddy-1.9.10.jar;C:\Users\MSuranofsky\.m2\repository\net\bytebuddy\byte-buddy-agent\1.9.10\byte-buddy-agent-1.9.10.jar;C:\Users\MSuranofsky\.m2\repository\org\objenesis\objenesis\2.6\objenesis-2.6.jar;C:\Users\MSuranofsky\.m2\repository\junit\junit\4.13.2\junit-4.13.2.jar;C:\Users\MSuranofsky\.m2\repository\io\vertx\vertx-unit\4.3.8\vertx-unit-4.3.8.jar;C:\Users\MSuranofsky\.m2\repository\io\rest-assured\rest-assured\4.4.0\rest-assured-4.4.0.jar;C:\Users\MSuranofsky\.m2\repository\org\codehaus\groovy\groovy\3.0.8\groovy-3.0.8.jar;C:\Users\MSuranofsky\.m2\repository\org\codehaus\groovy\groovy-xml\3.0.8\groovy-xml-3.0.8.jar;C:\Users\MSuranofsky\.m2\repository\org\apache\httpcomponents\httpmime\4.5.13\httpmime-4.5.13.jar;C:\Users\MSuranofsky\.m2\repository\org\hamcrest\hamcrest\2.1\hamcrest-2.1.jar;C:\Users\MSuranofsky\.m2\repository\org\ccil\cowan\tagsoup\tagsoup\1.2.1\tagsoup-1.2.1.jar;C:\Users\MSuranofsky\.m2\repository\io\rest-assured\json-path\4.4.0\json-path-4.4.0.jar;C:\Users\MSuranofsky\.m2\repository\org\codehaus\groovy\groovy-json\3.0.8\groovy-json-3.0.8.jar;C:\Users\MSuranofsky\.m2\repository\io\rest-assured\rest-assured-common\4.4.0\rest-assured-common-4.4.0.jar;C:\Users\MSuranofsky\.m2\repository\io\rest-assured\xml-path\4.4.0\xml-path-4.4.0.jar;C:\Users\MSuranofsky\.m2\repository\com\jayway\restassured\xml-path\2.9.0\xml-path-2.9.0.jar;C:\Users\MSuranofsky\.m2\repository\com\jayway\restassured\rest-assured-common\2.9.0\rest-assured-common-2.9.0.jar;C:\Users\MSuranofsky\.m2\repository\org\apache\commons\commons-lang3\3.3.2\commons-lang3-3.3.2.jar;"/>
    <property name="NCIPServiceValidatorConfiguration.AddDefaultNamespaceURI" value="true"/>
    <property name="java.vm.vendor" value="AdoptOpenJDK"/>
    <property name="sun.arch.data.model" value="64"/>
    <property name="user.variant" value=""/>
    <property name="java.vendor.url" value="https://adoptopenjdk.net/"/>
    <property name="user.timezone" value="America/New_York"/>
    <property name="java.vm.specification.version" value="11"/>
    <property name="os.name" value="Windows 10"/>
    <property name="sun.java.launcher" value="SUN_STANDARD"/>
    <property name="user.country" value="US"/>
    <property name="sun.boot.library.path" value="C:\Program Files\AdoptOpenJDK\jdk-11.0.11.9-hotspot\bin"/>
    <property name="sun.java.command" value="C:\Users\MSuranofsky\AppData\Local\Temp\1\surefire15945561497997903453\surefirebooter9375553931115287020.jar C:\Users\MSuranofsky\AppData\Local\Temp\1\surefire15945561497997903453 2023-03-02T09-31-01_563-jvmRun1 surefire13927244251553126806tmp surefire_06334003345173148414tmp"/>
    <property name="jdk.debug" value="release"/>
    <property name="surefire.test.class.path" value="C:\Michelle\releases\ncip-03-02-23\mod-ncip\target\test-classes;C:\Michelle\releases\ncip-03-02-23\mod-ncip\target\classes;C:\Users\MSuranofsky\.m2\repository\org\apache\httpcomponents\httpclient\4.5.13\httpclient-4.5.13.jar;C:\Users\MSuranofsky\.m2\repository\org\apache\httpcomponents\httpcore\4.4.13\httpcore-4.4.13.jar;C:\Users\MSuranofsky\.m2\repository\commons-logging\commons-logging\1.2\commons-logging-1.2.jar;C:\Users\MSuranofsky\.m2\repository\commons-codec\commons-codec\1.11\commons-codec-1.11.jar;C:\Users\MSuranofsky\.m2\repository\net\sf\dozer\dozer\5.3.2\dozer-5.3.2.jar;C:\Users\MSuranofsky\.m2\repository\com\sun\xml\bind\jaxb-impl\2.3.1\jaxb-impl-2.3.1.jar;C:\Users\MSuranofsky\.m2\repository\org\extensiblecatalog\ncip\v2\binding-jar\3.0.0\binding-jar-3.0.0.jar;C:\Users\MSuranofsky\.m2\repository\com\sun\xml\bind\jaxb-xjc\2.3.0\jaxb-xjc-2.3.0.jar;C:\Users\MSuranofsky\.m2\repository\commons-beanutils\commons-beanutils\1.9.4\commons-beanutils-1.9.4.jar;C:\Users\MSuranofsky\.m2\repository\commons-collections\commons-collections\3.2.2\commons-collections-3.2.2.jar;C:\Users\MSuranofsky\.m2\repository\com\sun\xml\bind\jaxb-core\2.3.0.1\jaxb-core-2.3.0.1.jar;C:\Users\MSuranofsky\.m2\repository\javax\xml\bind\jaxb-api\2.3.1\jaxb-api-2.3.1.jar;C:\Users\MSuranofsky\.m2\repository\javax\activation\javax.activation-api\1.2.0\javax.activation-api-1.2.0.jar;C:\Users\MSuranofsky\.m2\repository\org\apache\xmlbeans\xmlbeans\3.1.0\xmlbeans-3.1.0.jar;C:\Users\MSuranofsky\.m2\repository\ch\qos\reload4j\reload4j\1.2.22\reload4j-1.2.22.jar;C:\Users\MSuranofsky\.m2\repository\jakarta\xml\bind\jakarta.xml.bind-api\3.0.0\jakarta.xml.bind-api-3.0.0.jar;C:\Users\MSuranofsky\.m2\repository\com\sun\activation\jakarta.activation\2.0.0\jakarta.activation-2.0.0.jar;C:\Users\MSuranofsky\.m2\repository\org\eclipse\persistence\org.eclipse.persistence.moxy\3.0.0\org.eclipse.persistence.moxy-3.0.0.jar;C:\Users\MSuranofsky\.m2\repository\org\eclipse\persistence\org.eclipse.persistence.asm\3.0.0\org.eclipse.persistence.asm-3.0.0.jar;C:\Users\MSuranofsky\.m2\repository\org\eclipse\persistence\org.eclipse.persistence.core\3.0.0\org.eclipse.persistence.core-3.0.0.jar;C:\Users\MSuranofsky\.m2\repository\com\sun\mail\jakarta.mail\2.0.0\jakarta.mail-2.0.0.jar;C:\Users\MSuranofsky\.m2\repository\org\extensiblecatalog\ncip\v2\binding-ilsdiv1_0_bc\3.0.0\binding-ilsdiv1_0_bc-3.0.0.jar;C:\Users\MSuranofsky\.m2\repository\org\extensiblecatalog\ncip\v2\binding-ncipv2_01\3.0.0\binding-ncipv2_01-3.0.0.jar;C:\Users\MSuranofsky\.m2\repository\javax\activation\activation\1.1.1\activation-1.1.1.jar;C:\Users\MSuranofsky\.m2\repository\org\extensiblecatalog\ncip\v2\binding-ilsdiv1_0\3.0.0\binding-ilsdiv1_0-3.0.0.jar;C:\Users\MSuranofsky\.m2\repository\org\extensiblecatalog\ncip\v2\binding-ncipv2_02\3.0.0\binding-ncipv2_02-3.0.0.jar;C:\Users\MSuranofsky\.m2\repository\org\extensiblecatalog\ncip\v2\binding-wclv1_0\3.0.0\binding-wclv1_0-3.0.0.jar;C:\Users\MSuranofsky\.m2\repository\org\extensiblecatalog\ncip\v2\common\3.0.0\common-3.0.0.jar;C:\Users\MSuranofsky\.m2\repository\javax\servlet\servlet-api\2.5\servlet-api-2.5.jar;C:\Users\MSuranofsky\.m2\repository\org\springframework\spring-aop\5.3.22\spring-aop-5.3.22.jar;C:\Users\MSuranofsky\.m2\repository\org\springframework\spring-beans\5.3.22\spring-beans-5.3.22.jar;C:\Users\MSuranofsky\.m2\repository\org\springframework\spring-context\5.3.22\spring-context-5.3.22.jar;C:\Users\MSuranofsky\.m2\repository\org\springframework\spring-expression\5.3.22\spring-expression-5.3.22.jar;C:\Users\MSuranofsky\.m2\repository\org\springframework\spring-context-support\5.3.22\spring-context-support-5.3.22.jar;C:\Users\MSuranofsky\.m2\repository\org\springframework\spring-core\5.3.22\spring-core-5.3.22.jar;C:\Users\MSuranofsky\.m2\repository\org\springframework\spring-jcl\5.3.22\spring-jcl-5.3.22.jar;C:\Users\MSuranofsky\.m2\repository\org\springframework\spring-test\5.3.22\spring-test-5.3.22.jar;C:\Users\MSuranofsky\.m2\repository\org\springframework\spring-tx\5.3.22\spring-tx-5.3.22.jar;C:\Users\MSuranofsky\.m2\repository\org\springframework\spring-web\5.3.22\spring-web-5.3.22.jar;C:\Users\MSuranofsky\.m2\repository\org\springframework\spring-webmvc\5.3.22\spring-webmvc-5.3.22.jar;C:\Users\MSuranofsky\.m2\repository\org\springframework\spring-agent\2.5.6\spring-agent-2.5.6.jar;C:\Users\MSuranofsky\.m2\repository\org\springframework\spring-aspects\5.3.22\spring-aspects-5.3.22.jar;C:\Users\MSuranofsky\.m2\repository\org\aspectj\aspectjweaver\1.9.7\aspectjweaver-1.9.7.jar;C:\Users\MSuranofsky\.m2\repository\org\extensiblecatalog\ncip\v2\service\3.0.0\service-3.0.0.jar;C:\Users\MSuranofsky\.m2\repository\commons-lang\commons-lang\2.6\commons-lang-2.6.jar;C:\Users\MSuranofsky\.m2\repository\io\vertx\vertx-web\4.3.8\vertx-web-4.3.8.jar;C:\Users\MSuranofsky\.m2\repository\io\vertx\vertx-web-common\4.3.8\vertx-web-common-4.3.8.jar;C:\Users\MSuranofsky\.m2\repository\io\vertx\vertx-auth-common\4.3.8\vertx-auth-common-4.3.8.jar;C:\Users\MSuranofsky\.m2\repository\io\vertx\vertx-bridge-common\4.3.8\vertx-bridge-common-4.3.8.jar;C:\Users\MSuranofsky\.m2\repository\io\vertx\vertx-core\4.3.8\vertx-core-4.3.8.jar;C:\Users\MSuranofsky\.m2\repository\io\netty\netty-common\4.1.87.Final\netty-common-4.1.87.Final.jar;C:\Users\MSuranofsky\.m2\repository\io\netty\netty-buffer\4.1.87.Final\netty-buffer-4.1.87.Final.jar;C:\Users\MSuranofsky\.m2\repository\io\netty\netty-transport\4.1.87.Final\netty-transport-4.1.87.Final.jar;C:\Users\MSuranofsky\.m2\repository\io\netty\netty-handler\4.1.87.Final\netty-handler-4.1.87.Final.jar;C:\Users\MSuranofsky\.m2\repository\io\netty\netty-transport-native-unix-common\4.1.87.Final\netty-transport-native-unix-common-4.1.87.Final.jar;C:\Users\MSuranofsky\.m2\repository\io\netty\netty-codec\4.1.87.Final\netty-codec-4.1.87.Final.jar;C:\Users\MSuranofsky\.m2\repository\io\netty\netty-handler-proxy\4.1.87.Final\netty-handler-proxy-4.1.87.Final.jar;C:\Users\MSuranofsky\.m2\repository\io\netty\netty-codec-socks\4.1.87.Final\netty-codec-socks-4.1.87.Final.jar;C:\Users\MSuranofsky\.m2\repository\io\netty\netty-codec-http\4.1.87.Final\netty-codec-http-4.1.87.Final.jar;C:\Users\MSuranofsky\.m2\repository\io\netty\netty-codec-http2\4.1.87.Final\netty-codec-http2-4.1.87.Final.jar;C:\Users\MSuranofsky\.m2\repository\io\netty\netty-resolver\4.1.87.Final\netty-resolver-4.1.87.Final.jar;C:\Users\MSuranofsky\.m2\repository\io\netty\netty-resolver-dns\4.1.87.Final\netty-resolver-dns-4.1.87.Final.jar;C:\Users\MSuranofsky\.m2\repository\io\netty\netty-codec-dns\4.1.87.Final\netty-codec-dns-4.1.87.Final.jar;C:\Users\MSuranofsky\.m2\repository\com\fasterxml\jackson\core\jackson-core\2.14.0\jackson-core-2.14.0.jar;C:\Users\MSuranofsky\.m2\repository\javax\ws\rs\javax.ws.rs-api\2.0.1\javax.ws.rs-api-2.0.1.jar;C:\Users\MSuranofsky\.m2\repository\com\googlecode\json-simple\json-simple\1.1.1\json-simple-1.1.1.jar;C:\Users\MSuranofsky\.m2\repository\org\slf4j\slf4j-api\1.7.36\slf4j-api-1.7.36.jar;C:\Users\MSuranofsky\.m2\repository\org\apache\logging\log4j\log4j-slf4j-impl\2.19.0\log4j-slf4j-impl-2.19.0.jar;C:\Users\MSuranofsky\.m2\repository\org\apache\logging\log4j\log4j-api\2.19.0\log4j-api-2.19.0.jar;C:\Users\MSuranofsky\.m2\repository\org\apache\logging\log4j\log4j-core\2.19.0\log4j-core-2.19.0.jar;C:\Users\MSuranofsky\.m2\repository\org\slf4j\jcl-over-slf4j\1.7.36\jcl-over-slf4j-1.7.36.jar;C:\Users\MSuranofsky\.m2\repository\org\folio\util\35.0.6\util-35.0.6.jar;C:\Users\MSuranofsky\.m2\repository\org\folio\okapi\okapi-common\5.0.0\okapi-common-5.0.0.jar;C:\Users\MSuranofsky\.m2\repository\org\hamcrest\hamcrest-core\1.3\hamcrest-core-1.3.jar;C:\Users\MSuranofsky\.m2\repository\org\mockito\mockito-core\3.1.0\mockito-core-3.1.0.jar;C:\Users\MSuranofsky\.m2\repository\net\bytebuddy\byte-buddy\1.9.10\byte-buddy-1.9.10.jar;C:\Users\MSuranofsky\.m2\repository\net\bytebuddy\byte-buddy-agent\1.9.10\byte-buddy-agent-1.9.10.jar;C:\Users\MSuranofsky\.m2\repository\org\objenesis\objenesis\2.6\objenesis-2.6.jar;C:\Users\MSuranofsky\.m2\repository\junit\junit\4.13.2\junit-4.13.2.jar;C:\Users\MSuranofsky\.m2\repository\io\vertx\vertx-unit\4.3.8\vertx-unit-4.3.8.jar;C:\Users\MSuranofsky\.m2\repository\io\rest-assured\rest-assured\4.4.0\rest-assured-4.4.0.jar;C:\Users\MSuranofsky\.m2\repository\org\codehaus\groovy\groovy\3.0.8\groovy-3.0.8.jar;C:\Users\MSuranofsky\.m2\repository\org\codehaus\groovy\groovy-xml\3.0.8\groovy-xml-3.0.8.jar;C:\Users\MSuranofsky\.m2\repository\org\apache\httpcomponents\httpmime\4.5.13\httpmime-4.5.13.jar;C:\Users\MSuranofsky\.m2\repository\org\hamcrest\hamcrest\2.1\hamcrest-2.1.jar;C:\Users\MSuranofsky\.m2\repository\org\ccil\cowan\tagsoup\tagsoup\1.2.1\tagsoup-1.2.1.jar;C:\Users\MSuranofsky\.m2\repository\io\rest-assured\json-path\4.4.0\json-path-4.4.0.jar;C:\Users\MSuranofsky\.m2\repository\org\codehaus\groovy\groovy-json\3.0.8\groovy-json-3.0.8.jar;C:\Users\MSuranofsky\.m2\repository\io\rest-assured\rest-assured-common\4.4.0\rest-assured-common-4.4.0.jar;C:\Users\MSuranofsky\.m2\repository\io\rest-assured\xml-path\4.4.0\xml-path-4.4.0.jar;C:\Users\MSuranofsky\.m2\repository\com\jayway\restassured\xml-path\2.9.0\xml-path-2.9.0.jar;C:\Users\MSuranofsky\.m2\repository\com\jayway\restassured\rest-assured-common\2.9.0\rest-assured-common-2.9.0.jar;C:\Users\MSuranofsky\.m2\repository\org\apache\commons\commons-lang3\3.3.2\commons-lang3-3.3.2.jar;"/>
    <property name="sun.cpu.endian" value="little"/>
    <property name="user.home" value="C:\Users\MSuranofsky"/>
    <property name="user.language" value="en"/>
    <property name="java.specification.vendor" value="Oracle Corporation"/>
    <property name="RemoteServiceManager.Class" value="org.folio.ncip.FolioRemoteServiceManager"/>
    <property name="java.version.date" value="2021-04-20"/>
    <property name="java.home" value="C:\Program Files\AdoptOpenJDK\jdk-11.0.11.9-hotspot"/>
    <property name="file.separator" value="\"/>
    <property name="basedir" value="C:\Michelle\releases\ncip-03-02-23\mod-ncip"/>
    <property name="java.vm.compressedOopsMode" value="Zero based"/>
    <property name="line.separator" value="&#10;"/>
    <property name="CheckInItemService.class" value="org.folio.ncip.services.FolioCheckInItemService"/>
    <property name="java.specification.name" value="Java Platform API Specification"/>
    <property name="java.vm.specification.vendor" value="Oracle Corporation"/>
    <property name="java.awt.graphicsenv" value="sun.awt.Win32GraphicsEnvironment"/>
    <property name="NCIPServiceValidatorConfiguration.SupportedSchemaURLs" value="ncip_v2_01_ils-di_bc_extensions.xsd"/>
    <property name="surefire.real.class.path" value="C:\Users\MSuranofsky\AppData\Local\Temp\1\surefire15945561497997903453\surefirebooter9375553931115287020.jar"/>
    <property name="ToolkitConfiguration.PropertiesFileTitle" value="ExamplesMain"/>
    <property name="user.script" value=""/>
    <property name="sun.management.compiler" value="HotSpot 64-Bit Tiered Compilers"/>
    <property name="java.runtime.version" value="11.0.11+9"/>
    <property name="user.name" value="MSuranofsky"/>
    <property name="path.separator" value=";"/>
    <property name="os.version" value="10.0"/>
    <property name="java.runtime.name" value="OpenJDK Runtime Environment"/>
    <property name="TranslatorConfiguration.ClassName" value="org.extensiblecatalog.ncip.v2.binding.ilsdiv1_0_bc.jaxb.dozer.ILSDIv1_0_bc_JAXBDozerTranslator"/>
    <property name="file.encoding" value="Cp1252"/>
    <property name="CheckOutItemService.class" value="org.folio.ncip.services.FolioCheckOutItemService"/>
    <property name="java.vm.name" value="OpenJDK 64-Bit Server VM"/>
    <property name="java.vendor.version" value="AdoptOpenJDK-11.0.11+9"/>
    <property name="ToolkitConfiguration.AppName" value="FolioNcipResponder"/>
    <property name="localRepository" value="C:\Users\MSuranofsky\.m2\repository"/>
    <property name="java.vendor.url.bug" value="https://github.com/AdoptOpenJDK/openjdk-support/issues"/>
    <property name="java.io.tmpdir" value="C:\Users\MSURAN~1\AppData\Local\Temp\1\"/>
    <property name="java.version" value="11.0.11"/>
    <property name="user.dir" value="C:\Michelle\releases\ncip-03-02-23\mod-ncip"/>
    <property name="os.arch" value="amd64"/>
    <property name="TranslatorConfiguration.LogMessages" value="true"/>
    <property name="java.vm.specification.name" value="Java Virtual Machine Specification"/>
    <property name="java.awt.printerjob" value="sun.awt.windows.WPrinterJob"/>
    <property name="sun.os.patch.level" value=""/>
    <property name="java.library.path" value="C:\Program Files\AdoptOpenJDK\jdk-11.0.11.9-hotspot\bin;C:\WINDOWS\Sun\Java\bin;C:\WINDOWS\system32;C:\WINDOWS;C:\Program Files\Python39\Scripts\;C:\Program Files\Python39\;C:\Windows;C:\Windows\System32\Wbem;C:\Program Files\YAZ\bin;C:\Program Files\apache-maven-3.8.1\bin;C:\Windows\System32\OpenSSH;C:\Program Files\010 Editor;C:\ProgramData\ComposerSetup\bin;C:\WINDOWS\system32\config\systemprofile\AppData\Local\Microsoft\WindowsApps;C:\WINDOWS\system32\config\systemprofile\AppData\Roaming\npm;C:\Program Files (x86)\Adaptiva\AdaptivaClient\bin\x32;C:\Program Files (x86)\Adaptiva\AdaptivaClient\bin\x64;C:\Program Files\PuTTY\;C:\Program Files\Docker\Docker\resources\bin;C:\Program Files\Git\cmd;C:\Program Files\Git\mingw64\bin;C:\Program Files\Git\usr\bin;C:\Program Files\nodejs\;C:\Users\MSuranofsky\AppData\Local\Microsoft\WindowsApps;C:\Program Files\PostgreSQL\10\bin;C:\Users\MSuranofsky\AppData\Roaming\npm;C:\Users\MSuranofsky\AppData\Local\Yarn\bin;C:\Users\MSuranofsky\AppData\Local\GitHubDesktop\bin;C:\xampp\php;C:\Users\MSuranofsky\AppData\Roaming\Composer\vendor\bin;C:\Program Files\AdoptOpenJDK\jdk-11.0.11.9-hotspot\bin;;."/>
    <property name="java.vm.info" value="mixed mode"/>
    <property name="java.vendor" value="AdoptOpenJDK"/>
    <property name="java.vm.version" value="11.0.11+9"/>
    <property name="NCIPServiceValidatorConfiguration.ValidateMessagesAgainstSchema" value="false"/>
    <property name="NCIP2TranslatorConfiguration.SchemaURLsToPackageMap" value="ncip_v2_01.xsd=org.extensiblecatalog.ncip.v2.binding.ilsdiv1_0_bc.jaxb.elements,ncip_v2_01_ils-di_bc_extensions.xsd=org.extensiblecatalog.ncip.v2.binding.ilsdiv1_0_bc.jaxb.elements"/>
    <property name="sun.io.unicode.encoding" value="UnicodeLittle"/>
    <property name="LookupUserService.class" value="org.folio.ncip.services.FolioLookupUserService"/>
    <property name="NCIPServiceValidatorConfiguration.SchemaURLs" value=""/>
    <property name="java.class.version" value="55.0"/>
  </properties>
  <testcase name="testValidatePickupLocation" classname="org.folio.ncip.services.AcceptItemServiceTests" time="0"/>
</testsuite>